
===========================================================================
report_checks -unconstrained
===========================================================================
======================= nom_ss_100C_1v60 Corner ===================================

Startpoint: host_output_addr[1] (input port clocked by clock)
Endpoint: host_output_data[0] (output port clocked by clock)
Path Group: clock
Path Type: max

Fanout         Cap        Slew       Delay        Time   Description
---------------------------------------------------------------------------------------------
                      0.150000    0.000000    0.000000   clock clock (rise edge)
                                  0.000000    0.000000   clock network delay (ideal)
                                 10.000000   10.000000 ^ input external delay
    67    0.197345    1.417275    0.990746   10.990746 ^ host_output_addr[1] (in)
                                                         host_output_addr[1] (net)
                      1.417275    0.000000   10.990746 ^ _0826_/A_N (sky130_fd_sc_hd__and2b_2)
    52    0.119701    0.535029    1.206092   12.196838 v _0826_/X (sky130_fd_sc_hd__and2b_2)
                                                         _0588_ (net)
                      0.535029    0.000000   12.196838 v _0834_/A2 (sky130_fd_sc_hd__a221o_2)
     1    0.002258    0.086926    0.882236   13.079074 v _0834_/X (sky130_fd_sc_hd__a221o_2)
                                                         _0596_ (net)
                      0.086926    0.000000   13.079074 v _0835_/B1 (sky130_fd_sc_hd__a21o_2)
     1    0.001404    0.051504    0.328058   13.407133 v _0835_/X (sky130_fd_sc_hd__a21o_2)
                                                         _0597_ (net)
                      0.051504    0.000000   13.407133 v _0836_/C (sky130_fd_sc_hd__and3_2)
     1    0.002208    0.069546    0.413348   13.820481 v _0836_/X (sky130_fd_sc_hd__and3_2)
                                                         _0598_ (net)
                      0.069546    0.000000   13.820481 v _0842_/C1 (sky130_fd_sc_hd__a211o_2)
     1    0.033442    0.218732    0.677035   14.497517 v _0842_/X (sky130_fd_sc_hd__a211o_2)
                                                         host_output_data[0] (net)
                      0.218732    0.000000   14.497517 v host_output_data[0] (out)
                                             14.497517   data arrival time

                      0.150000   50.000000   50.000000   clock clock (rise edge)
                                  0.000000   50.000000   clock network delay (ideal)
                                 -0.250000   49.749996   clock uncertainty
                                  0.000000   49.749996   clock reconvergence pessimism
                                -10.000000   39.749996   output external delay
                                             39.749996   data required time
---------------------------------------------------------------------------------------------
                                             39.749996   data required time
                                            -14.497517   data arrival time
---------------------------------------------------------------------------------------------
                                             25.252480   slack (MET)




===========================================================================
report_checks --slack_max -0.01
============================================================================
======================= nom_ss_100C_1v60 Corner ===================================

No paths found.


===========================================================================
 report_check_types -max_slew -max_cap -max_fanout -violators
============================================================================
======================= nom_ss_100C_1v60 Corner ===================================

max slew

Pin                                        Limit        Slew       Slack
------------------------------------------------------------------------
_1087_/Y                                0.750000    2.206856   -1.456856 (VIOLATED)
_1089_/B                                0.750000    2.206856   -1.456856 (VIOLATED)
_1090_/A2                               0.750000    2.206856   -1.456856 (VIOLATED)
_1091_/A2                               0.750000    2.206856   -1.456856 (VIOLATED)
_1092_/A2                               0.750000    2.206856   -1.456856 (VIOLATED)
_1093_/A2                               0.750000    2.206856   -1.456856 (VIOLATED)
_1094_/A2                               0.750000    2.206856   -1.456856 (VIOLATED)
_1095_/A2                               0.750000    2.206856   -1.456856 (VIOLATED)
_1096_/A2                               0.750000    2.206856   -1.456856 (VIOLATED)
_1097_/A2                               0.750000    2.206856   -1.456856 (VIOLATED)
_1098_/A2                               0.750000    2.206856   -1.456856 (VIOLATED)
_1099_/A2                               0.750000    2.206856   -1.456856 (VIOLATED)
_1100_/A2                               0.750000    2.206856   -1.456856 (VIOLATED)
_1101_/A2                               0.750000    2.206856   -1.456856 (VIOLATED)
_1102_/A2                               0.750000    2.206856   -1.456856 (VIOLATED)
_1103_/A2                               0.750000    2.206856   -1.456856 (VIOLATED)
_1104_/A2                               0.750000    2.206856   -1.456856 (VIOLATED)
_1105_/A2                               0.750000    2.206856   -1.456856 (VIOLATED)
_1106_/A2                               0.750000    2.206856   -1.456856 (VIOLATED)
_1107_/A2                               0.750000    2.206856   -1.456856 (VIOLATED)
_1108_/A2                               0.750000    2.206856   -1.456856 (VIOLATED)
_1109_/A2                               0.750000    2.206856   -1.456856 (VIOLATED)
_1110_/A2                               0.750000    2.206856   -1.456856 (VIOLATED)
_1111_/A2                               0.750000    2.206856   -1.456856 (VIOLATED)
_1112_/A2                               0.750000    2.206856   -1.456856 (VIOLATED)
_1113_/A2                               0.750000    2.206856   -1.456856 (VIOLATED)
_1114_/A2                               0.750000    2.206856   -1.456856 (VIOLATED)
_1115_/A2                               0.750000    2.206856   -1.456856 (VIOLATED)
_1116_/A2                               0.750000    2.206856   -1.456856 (VIOLATED)
_1117_/A2                               0.750000    2.206856   -1.456856 (VIOLATED)
_1118_/A2                               0.750000    2.206856   -1.456856 (VIOLATED)
_1119_/A2                               0.750000    2.206856   -1.456856 (VIOLATED)
_1120_/A2                               0.750000    2.206856   -1.456856 (VIOLATED)
_1121_/A2                               0.750000    2.206856   -1.456856 (VIOLATED)
_1462_/Y                                0.750000    2.205982   -1.455982 (VIOLATED)
_1463_/B                                0.750000    2.205982   -1.455982 (VIOLATED)
_1464_/A2                               0.750000    2.205982   -1.455982 (VIOLATED)
_1465_/A2                               0.750000    2.205982   -1.455982 (VIOLATED)
_1466_/A2                               0.750000    2.205982   -1.455982 (VIOLATED)
_1467_/A2                               0.750000    2.205982   -1.455982 (VIOLATED)
_1468_/A2                               0.750000    2.205982   -1.455982 (VIOLATED)
_1469_/A2                               0.750000    2.205982   -1.455982 (VIOLATED)
_1470_/A2                               0.750000    2.205982   -1.455982 (VIOLATED)
_1471_/A2                               0.750000    2.205982   -1.455982 (VIOLATED)
_1472_/A2                               0.750000    2.205982   -1.455982 (VIOLATED)
_1473_/A2                               0.750000    2.205982   -1.455982 (VIOLATED)
_1474_/A2                               0.750000    2.205982   -1.455982 (VIOLATED)
_1475_/A2                               0.750000    2.205982   -1.455982 (VIOLATED)
_1476_/A2                               0.750000    2.205982   -1.455982 (VIOLATED)
_1477_/A2                               0.750000    2.205982   -1.455982 (VIOLATED)
_1478_/A2                               0.750000    2.205982   -1.455982 (VIOLATED)
_1479_/A2                               0.750000    2.205982   -1.455982 (VIOLATED)
_1480_/A2                               0.750000    2.205982   -1.455982 (VIOLATED)
_1481_/A2                               0.750000    2.205982   -1.455982 (VIOLATED)
_1482_/A2                               0.750000    2.205982   -1.455982 (VIOLATED)
_1483_/A2                               0.750000    2.205982   -1.455982 (VIOLATED)
_1484_/A2                               0.750000    2.205982   -1.455982 (VIOLATED)
_1485_/A2                               0.750000    2.205982   -1.455982 (VIOLATED)
_1486_/A2                               0.750000    2.205982   -1.455982 (VIOLATED)
_1487_/A2                               0.750000    2.205982   -1.455982 (VIOLATED)
_1488_/A2                               0.750000    2.205982   -1.455982 (VIOLATED)
_1489_/A2                               0.750000    2.205982   -1.455982 (VIOLATED)
_1490_/A2                               0.750000    2.205982   -1.455982 (VIOLATED)
_1491_/A2                               0.750000    2.205982   -1.455982 (VIOLATED)
_1492_/A2                               0.750000    2.205982   -1.455982 (VIOLATED)
_1493_/A2                               0.750000    2.205982   -1.455982 (VIOLATED)
_1494_/A2                               0.750000    2.205982   -1.455982 (VIOLATED)
_1495_/A2                               0.750000    2.205982   -1.455982 (VIOLATED)
_1244_/Y                                0.750000    2.186365   -1.436365 (VIOLATED)
_1245_/B                                0.750000    2.186365   -1.436365 (VIOLATED)
_1246_/A2                               0.750000    2.186365   -1.436365 (VIOLATED)
_1247_/B                                0.750000    2.186365   -1.436365 (VIOLATED)
_1248_/A2                               0.750000    2.186365   -1.436365 (VIOLATED)
_1249_/B                                0.750000    2.186365   -1.436365 (VIOLATED)
_1250_/A2                               0.750000    2.186365   -1.436365 (VIOLATED)
_1251_/B                                0.750000    2.186365   -1.436365 (VIOLATED)
_1252_/A2                               0.750000    2.186365   -1.436365 (VIOLATED)
_1253_/B                                0.750000    2.186365   -1.436365 (VIOLATED)
_1254_/A2                               0.750000    2.186365   -1.436365 (VIOLATED)
_1255_/B                                0.750000    2.186365   -1.436365 (VIOLATED)
_1256_/A2                               0.750000    2.186365   -1.436365 (VIOLATED)
_1257_/B                                0.750000    2.186365   -1.436365 (VIOLATED)
_1258_/A2                               0.750000    2.186365   -1.436365 (VIOLATED)
_1259_/B                                0.750000    2.186365   -1.436365 (VIOLATED)
_1260_/A2                               0.750000    2.186365   -1.436365 (VIOLATED)
_1261_/B                                0.750000    2.186365   -1.436365 (VIOLATED)
_1262_/A2                               0.750000    2.186365   -1.436365 (VIOLATED)
_1263_/B                                0.750000    2.186365   -1.436365 (VIOLATED)
_1264_/A2                               0.750000    2.186365   -1.436365 (VIOLATED)
_1265_/B                                0.750000    2.186365   -1.436365 (VIOLATED)
_1266_/A2                               0.750000    2.186365   -1.436365 (VIOLATED)
_1267_/B                                0.750000    2.186365   -1.436365 (VIOLATED)
_1268_/A2                               0.750000    2.186365   -1.436365 (VIOLATED)
_1269_/B                                0.750000    2.186365   -1.436365 (VIOLATED)
_1270_/A2                               0.750000    2.186365   -1.436365 (VIOLATED)
_1271_/B                                0.750000    2.186365   -1.436365 (VIOLATED)
_1272_/A2                               0.750000    2.186365   -1.436365 (VIOLATED)
_1273_/B                                0.750000    2.186365   -1.436365 (VIOLATED)
_1274_/A2                               0.750000    2.186365   -1.436365 (VIOLATED)
_1275_/B                                0.750000    2.186365   -1.436365 (VIOLATED)
_1276_/A2                               0.750000    2.186365   -1.436365 (VIOLATED)
_1277_/B                                0.750000    2.186365   -1.436365 (VIOLATED)
_1278_/A2                               0.750000    2.186365   -1.436365 (VIOLATED)
_1279_/B                                0.750000    2.186365   -1.436365 (VIOLATED)
_1280_/A2                               0.750000    2.186365   -1.436365 (VIOLATED)
_1281_/B                                0.750000    2.186365   -1.436365 (VIOLATED)
_1282_/A2                               0.750000    2.186365   -1.436365 (VIOLATED)
_1283_/B                                0.750000    2.186365   -1.436365 (VIOLATED)
_1284_/A2                               0.750000    2.186365   -1.436365 (VIOLATED)
_1285_/B                                0.750000    2.186365   -1.436365 (VIOLATED)
_1286_/A2                               0.750000    2.186365   -1.436365 (VIOLATED)
_1287_/B                                0.750000    2.186365   -1.436365 (VIOLATED)
_1288_/A2                               0.750000    2.186365   -1.436365 (VIOLATED)
_1289_/B                                0.750000    2.186365   -1.436365 (VIOLATED)
_1290_/A2                               0.750000    2.186365   -1.436365 (VIOLATED)
_1291_/B                                0.750000    2.186365   -1.436365 (VIOLATED)
_1292_/A2                               0.750000    2.186365   -1.436365 (VIOLATED)
_1293_/B                                0.750000    2.186365   -1.436365 (VIOLATED)
_1294_/A2                               0.750000    2.186365   -1.436365 (VIOLATED)
_1295_/B                                0.750000    2.186365   -1.436365 (VIOLATED)
_1296_/A2                               0.750000    2.186365   -1.436365 (VIOLATED)
_1297_/B                                0.750000    2.186365   -1.436365 (VIOLATED)
_1298_/A2                               0.750000    2.186365   -1.436365 (VIOLATED)
_1299_/B                                0.750000    2.186365   -1.436365 (VIOLATED)
_1300_/A2                               0.750000    2.186365   -1.436365 (VIOLATED)
_1301_/B                                0.750000    2.186365   -1.436365 (VIOLATED)
_1302_/A2                               0.750000    2.186365   -1.436365 (VIOLATED)
_1303_/B                                0.750000    2.186365   -1.436365 (VIOLATED)
_1304_/A2                               0.750000    2.186365   -1.436365 (VIOLATED)
_1305_/B                                0.750000    2.186365   -1.436365 (VIOLATED)
_1306_/A2                               0.750000    2.186365   -1.436365 (VIOLATED)
_1307_/B                                0.750000    2.186365   -1.436365 (VIOLATED)
_1308_/A2                               0.750000    2.186365   -1.436365 (VIOLATED)
_0825_/Y                                0.750000    2.144230   -1.394230 (VIOLATED)
_0828_/A2                               0.750000    2.144230   -1.394230 (VIOLATED)
_0835_/A2                               0.750000    2.144230   -1.394230 (VIOLATED)
_0845_/A2                               0.750000    2.144230   -1.394230 (VIOLATED)
_0850_/A2                               0.750000    2.144230   -1.394230 (VIOLATED)
_0856_/A2                               0.750000    2.144230   -1.394230 (VIOLATED)
_0859_/A2                               0.750000    2.144230   -1.394230 (VIOLATED)
_0863_/A2                               0.750000    2.144230   -1.394230 (VIOLATED)
_0866_/A2                               0.750000    2.144230   -1.394230 (VIOLATED)
_0872_/A2                               0.750000    2.144230   -1.394230 (VIOLATED)
_0876_/A2                               0.750000    2.144230   -1.394230 (VIOLATED)
_0878_/A2                               0.750000    2.144230   -1.394230 (VIOLATED)
_0883_/A2                               0.750000    2.144230   -1.394230 (VIOLATED)
_0885_/A2                               0.750000    2.144230   -1.394230 (VIOLATED)
_0889_/A2                               0.750000    2.144230   -1.394230 (VIOLATED)
_0892_/A2                               0.750000    2.144230   -1.394230 (VIOLATED)
_0897_/A2                               0.750000    2.144230   -1.394230 (VIOLATED)
_0899_/A2                               0.750000    2.144230   -1.394230 (VIOLATED)
_0905_/A2                               0.750000    2.144230   -1.394230 (VIOLATED)
_0908_/A2                               0.750000    2.144230   -1.394230 (VIOLATED)
_0911_/A2                               0.750000    2.144230   -1.394230 (VIOLATED)
_0917_/A2                               0.750000    2.144230   -1.394230 (VIOLATED)
_0921_/A2                               0.750000    2.144230   -1.394230 (VIOLATED)
_0923_/A2                               0.750000    2.144230   -1.394230 (VIOLATED)
_0928_/A2                               0.750000    2.144230   -1.394230 (VIOLATED)
_0932_/A2                               0.750000    2.144230   -1.394230 (VIOLATED)
_0935_/A2                               0.750000    2.144230   -1.394230 (VIOLATED)
_0941_/A2                               0.750000    2.144230   -1.394230 (VIOLATED)
_0945_/A2                               0.750000    2.144230   -1.394230 (VIOLATED)
_0949_/A2                               0.750000    2.144230   -1.394230 (VIOLATED)
_0952_/A2                               0.750000    2.144230   -1.394230 (VIOLATED)
_0956_/A2                               0.750000    2.144230   -1.394230 (VIOLATED)
_0959_/A2                               0.750000    2.144230   -1.394230 (VIOLATED)
_0963_/A2                               0.750000    2.144230   -1.394230 (VIOLATED)
_0966_/A2                               0.750000    2.144230   -1.394230 (VIOLATED)
_0970_/A2                               0.750000    2.144230   -1.394230 (VIOLATED)
_0973_/A2                               0.750000    2.144230   -1.394230 (VIOLATED)
_0978_/A2                               0.750000    2.144230   -1.394230 (VIOLATED)
_0980_/A2                               0.750000    2.144230   -1.394230 (VIOLATED)
_0985_/A2                               0.750000    2.144230   -1.394230 (VIOLATED)
_0991_/A2                               0.750000    2.144230   -1.394230 (VIOLATED)
_0995_/A2                               0.750000    2.144230   -1.394230 (VIOLATED)
_0997_/A2                               0.750000    2.144230   -1.394230 (VIOLATED)
_1002_/A2                               0.750000    2.144230   -1.394230 (VIOLATED)
_1007_/A2                               0.750000    2.144230   -1.394230 (VIOLATED)
_1012_/A2                               0.750000    2.144230   -1.394230 (VIOLATED)
_1014_/A2                               0.750000    2.144230   -1.394230 (VIOLATED)
_1019_/A2                               0.750000    2.144230   -1.394230 (VIOLATED)
_1021_/A2                               0.750000    2.144230   -1.394230 (VIOLATED)
_1026_/A2                               0.750000    2.144230   -1.394230 (VIOLATED)
_1030_/A2                               0.750000    2.144230   -1.394230 (VIOLATED)
_1033_/A2                               0.750000    2.144230   -1.394230 (VIOLATED)
_0832_/Y                                0.750000    1.621164   -0.871164 (VIOLATED)
_0836_/B                                0.750000    1.621164   -0.871164 (VIOLATED)
_0841_/A_N                              0.750000    1.621164   -0.871164 (VIOLATED)
_0847_/C1                               0.750000    1.621164   -0.871164 (VIOLATED)
_0854_/A1                               0.750000    1.621164   -0.871164 (VIOLATED)
_0861_/A1                               0.750000    1.621164   -0.871164 (VIOLATED)
_0868_/A1                               0.750000    1.621164   -0.871164 (VIOLATED)
_0873_/C1                               0.750000    1.621164   -0.871164 (VIOLATED)
_0880_/A                                0.750000    1.621164   -0.871164 (VIOLATED)
_0887_/A                                0.750000    1.621164   -0.871164 (VIOLATED)
_0894_/A                                0.750000    1.621164   -0.871164 (VIOLATED)
_0901_/A                                0.750000    1.621164   -0.871164 (VIOLATED)
_0906_/C1                               0.750000    1.621164   -0.871164 (VIOLATED)
_0913_/A                                0.750000    1.621164   -0.871164 (VIOLATED)
_0918_/C1                               0.750000    1.621164   -0.871164 (VIOLATED)
_0925_/A                                0.750000    1.621164   -0.871164 (VIOLATED)
_0930_/C1                               0.750000    1.621164   -0.871164 (VIOLATED)
_0937_/A                                0.750000    1.621164   -0.871164 (VIOLATED)
_0942_/C1                               0.750000    1.621164   -0.871164 (VIOLATED)
_0947_/C1                               0.750000    1.621164   -0.871164 (VIOLATED)
_0954_/A                                0.750000    1.621164   -0.871164 (VIOLATED)
_0961_/A                                0.750000    1.621164   -0.871164 (VIOLATED)
_0968_/A                                0.750000    1.621164   -0.871164 (VIOLATED)
_0975_/A                                0.750000    1.621164   -0.871164 (VIOLATED)
_0982_/A                                0.750000    1.621164   -0.871164 (VIOLATED)
_0987_/C1                               0.750000    1.621164   -0.871164 (VIOLATED)
_0992_/C1                               0.750000    1.621164   -0.871164 (VIOLATED)
_0999_/A                                0.750000    1.621164   -0.871164 (VIOLATED)
_1004_/C1                               0.750000    1.621164   -0.871164 (VIOLATED)
_1009_/C1                               0.750000    1.621164   -0.871164 (VIOLATED)
_1016_/A                                0.750000    1.621164   -0.871164 (VIOLATED)
_1023_/A                                0.750000    1.621164   -0.871164 (VIOLATED)
_1028_/C1                               0.750000    1.621164   -0.871164 (VIOLATED)
_1035_/A                                0.750000    1.621164   -0.871164 (VIOLATED)
host_output_addr[0]                     0.750000    1.596345   -0.846345 (VIOLATED)
_0824_/S                                0.750000    1.596345   -0.846345 (VIOLATED)
_0825_/A                                0.750000    1.596345   -0.846345 (VIOLATED)
_0826_/B                                0.750000    1.596345   -0.846345 (VIOLATED)
_0833_/S                                0.750000    1.596345   -0.846345 (VIOLATED)
_0838_/A                                0.750000    1.596345   -0.846345 (VIOLATED)
_0843_/S                                0.750000    1.596345   -0.846345 (VIOLATED)
_0846_/S1                               0.750000    1.596345   -0.846345 (VIOLATED)
_0849_/S                                0.750000    1.596345   -0.846345 (VIOLATED)
_0852_/S0                               0.750000    1.596345   -0.846345 (VIOLATED)
_0855_/S                                0.750000    1.596345   -0.846345 (VIOLATED)
_0858_/S                                0.750000    1.596345   -0.846345 (VIOLATED)
_0862_/S                                0.750000    1.596345   -0.846345 (VIOLATED)
_0865_/S                                0.750000    1.596345   -0.846345 (VIOLATED)
_0869_/S1                               0.750000    1.596345   -0.846345 (VIOLATED)
_0870_/S                                0.750000    1.596345   -0.846345 (VIOLATED)
_0874_/S                                0.750000    1.596345   -0.846345 (VIOLATED)
_0877_/S                                0.750000    1.596345   -0.846345 (VIOLATED)
_0881_/S                                0.750000    1.596345   -0.846345 (VIOLATED)
_0884_/S                                0.750000    1.596345   -0.846345 (VIOLATED)
_0888_/S                                0.750000    1.596345   -0.846345 (VIOLATED)
_0891_/S                                0.750000    1.596345   -0.846345 (VIOLATED)
_0895_/S                                0.750000    1.596345   -0.846345 (VIOLATED)
_0898_/S                                0.750000    1.596345   -0.846345 (VIOLATED)
_0902_/S1                               0.750000    1.596345   -0.846345 (VIOLATED)
_0903_/S                                0.750000    1.596345   -0.846345 (VIOLATED)
_0907_/S                                0.750000    1.596345   -0.846345 (VIOLATED)
_0910_/S                                0.750000    1.596345   -0.846345 (VIOLATED)
_0914_/S1                               0.750000    1.596345   -0.846345 (VIOLATED)
_0915_/S                                0.750000    1.596345   -0.846345 (VIOLATED)
_0919_/S                                0.750000    1.596345   -0.846345 (VIOLATED)
_0922_/S                                0.750000    1.596345   -0.846345 (VIOLATED)
_0926_/S1                               0.750000    1.596345   -0.846345 (VIOLATED)
_0927_/S                                0.750000    1.596345   -0.846345 (VIOLATED)
_0931_/S                                0.750000    1.596345   -0.846345 (VIOLATED)
_0934_/S                                0.750000    1.596345   -0.846345 (VIOLATED)
_0938_/S1                               0.750000    1.596345   -0.846345 (VIOLATED)
_0939_/S                                0.750000    1.596345   -0.846345 (VIOLATED)
_0943_/S1                               0.750000    1.596345   -0.846345 (VIOLATED)
_0944_/S                                0.750000    1.596345   -0.846345 (VIOLATED)
_0948_/S                                0.750000    1.596345   -0.846345 (VIOLATED)
_0951_/S                                0.750000    1.596345   -0.846345 (VIOLATED)
_0955_/S                                0.750000    1.596345   -0.846345 (VIOLATED)
_0958_/S                                0.750000    1.596345   -0.846345 (VIOLATED)
_0962_/S                                0.750000    1.596345   -0.846345 (VIOLATED)
_0965_/S                                0.750000    1.596345   -0.846345 (VIOLATED)
_0969_/S                                0.750000    1.596345   -0.846345 (VIOLATED)
_0972_/S                                0.750000    1.596345   -0.846345 (VIOLATED)
_0976_/S                                0.750000    1.596345   -0.846345 (VIOLATED)
_0979_/S                                0.750000    1.596345   -0.846345 (VIOLATED)
_0983_/S1                               0.750000    1.596345   -0.846345 (VIOLATED)
_0984_/S                                0.750000    1.596345   -0.846345 (VIOLATED)
_0988_/S1                               0.750000    1.596345   -0.846345 (VIOLATED)
_0989_/S                                0.750000    1.596345   -0.846345 (VIOLATED)
_0993_/S                                0.750000    1.596345   -0.846345 (VIOLATED)
_0996_/S                                0.750000    1.596345   -0.846345 (VIOLATED)
_1000_/S1                               0.750000    1.596345   -0.846345 (VIOLATED)
_1001_/S                                0.750000    1.596345   -0.846345 (VIOLATED)
_1005_/S1                               0.750000    1.596345   -0.846345 (VIOLATED)
_1006_/S                                0.750000    1.596345   -0.846345 (VIOLATED)
_1010_/S                                0.750000    1.596345   -0.846345 (VIOLATED)
_1013_/S                                0.750000    1.596345   -0.846345 (VIOLATED)
_1017_/S                                0.750000    1.596345   -0.846345 (VIOLATED)
_1020_/S                                0.750000    1.596345   -0.846345 (VIOLATED)
_1024_/S1                               0.750000    1.596345   -0.846345 (VIOLATED)
_1025_/S                                0.750000    1.596345   -0.846345 (VIOLATED)
_1029_/S                                0.750000    1.596345   -0.846345 (VIOLATED)
_1032_/S                                0.750000    1.596345   -0.846345 (VIOLATED)
host_output_addr[1]                     0.750000    1.417275   -0.667275 (VIOLATED)
_0825_/B                                0.750000    1.417275   -0.667275 (VIOLATED)
_0826_/A_N                              0.750000    1.417275   -0.667275 (VIOLATED)
_0829_/A1                               0.750000    1.417275   -0.667275 (VIOLATED)
_0834_/B2                               0.750000    1.417275   -0.667275 (VIOLATED)
_0838_/B                                0.750000    1.417275   -0.667275 (VIOLATED)
_0844_/A                                0.750000    1.417275   -0.667275 (VIOLATED)
_0846_/S0                               0.750000    1.417275   -0.667275 (VIOLATED)
_0851_/A1                               0.750000    1.417275   -0.667275 (VIOLATED)
_0852_/S1                               0.750000    1.417275   -0.667275 (VIOLATED)
_0857_/A1                               0.750000    1.417275   -0.667275 (VIOLATED)
_0859_/B2                               0.750000    1.417275   -0.667275 (VIOLATED)
_0864_/A1                               0.750000    1.417275   -0.667275 (VIOLATED)
_0866_/B2                               0.750000    1.417275   -0.667275 (VIOLATED)
_0869_/S0                               0.750000    1.417275   -0.667275 (VIOLATED)
_0871_/A                                0.750000    1.417275   -0.667275 (VIOLATED)
_0875_/B2                               0.750000    1.417275   -0.667275 (VIOLATED)
_0879_/A1                               0.750000    1.417275   -0.667275 (VIOLATED)
_0882_/B2                               0.750000    1.417275   -0.667275 (VIOLATED)
_0886_/A1                               0.750000    1.417275   -0.667275 (VIOLATED)
_0889_/B2                               0.750000    1.417275   -0.667275 (VIOLATED)
_0893_/A1                               0.750000    1.417275   -0.667275 (VIOLATED)
_0896_/B2                               0.750000    1.417275   -0.667275 (VIOLATED)
_0900_/A1                               0.750000    1.417275   -0.667275 (VIOLATED)
_0902_/S0                               0.750000    1.417275   -0.667275 (VIOLATED)
_0904_/A                                0.750000    1.417275   -0.667275 (VIOLATED)
_0908_/B2                               0.750000    1.417275   -0.667275 (VIOLATED)
_0912_/A1                               0.750000    1.417275   -0.667275 (VIOLATED)
_0914_/S0                               0.750000    1.417275   -0.667275 (VIOLATED)
_0916_/A                                0.750000    1.417275   -0.667275 (VIOLATED)
_0920_/B2                               0.750000    1.417275   -0.667275 (VIOLATED)
_0924_/A1                               0.750000    1.417275   -0.667275 (VIOLATED)
_0926_/S0                               0.750000    1.417275   -0.667275 (VIOLATED)
_0929_/A1                               0.750000    1.417275   -0.667275 (VIOLATED)
_0932_/B2                               0.750000    1.417275   -0.667275 (VIOLATED)
_0936_/A1                               0.750000    1.417275   -0.667275 (VIOLATED)
_0938_/S0                               0.750000    1.417275   -0.667275 (VIOLATED)
_0940_/A                                0.750000    1.417275   -0.667275 (VIOLATED)
_0943_/S0                               0.750000    1.417275   -0.667275 (VIOLATED)
_0946_/A1                               0.750000    1.417275   -0.667275 (VIOLATED)
_0949_/B2                               0.750000    1.417275   -0.667275 (VIOLATED)
_0953_/A1                               0.750000    1.417275   -0.667275 (VIOLATED)
_0956_/B2                               0.750000    1.417275   -0.667275 (VIOLATED)
_0960_/A1                               0.750000    1.417275   -0.667275 (VIOLATED)
_0963_/B2                               0.750000    1.417275   -0.667275 (VIOLATED)
_0967_/A1                               0.750000    1.417275   -0.667275 (VIOLATED)
_0970_/B2                               0.750000    1.417275   -0.667275 (VIOLATED)
_0974_/A1                               0.750000    1.417275   -0.667275 (VIOLATED)
_0977_/B2                               0.750000    1.417275   -0.667275 (VIOLATED)
_0981_/A1                               0.750000    1.417275   -0.667275 (VIOLATED)
_0983_/S0                               0.750000    1.417275   -0.667275 (VIOLATED)
_0986_/A1                               0.750000    1.417275   -0.667275 (VIOLATED)
_0988_/S0                               0.750000    1.417275   -0.667275 (VIOLATED)
_0990_/A                                0.750000    1.417275   -0.667275 (VIOLATED)
_0994_/B2                               0.750000    1.417275   -0.667275 (VIOLATED)
_0998_/A1                               0.750000    1.417275   -0.667275 (VIOLATED)
_1000_/S0                               0.750000    1.417275   -0.667275 (VIOLATED)
_1003_/A1                               0.750000    1.417275   -0.667275 (VIOLATED)
_1005_/S0                               0.750000    1.417275   -0.667275 (VIOLATED)
_1008_/A1                               0.750000    1.417275   -0.667275 (VIOLATED)
_1011_/B2                               0.750000    1.417275   -0.667275 (VIOLATED)
_1015_/A1                               0.750000    1.417275   -0.667275 (VIOLATED)
_1018_/B2                               0.750000    1.417275   -0.667275 (VIOLATED)
_1022_/A1                               0.750000    1.417275   -0.667275 (VIOLATED)
_1024_/S0                               0.750000    1.417275   -0.667275 (VIOLATED)
_1027_/A1                               0.750000    1.417275   -0.667275 (VIOLATED)
_1030_/B2                               0.750000    1.417275   -0.667275 (VIOLATED)
_1034_/A1                               0.750000    1.417275   -0.667275 (VIOLATED)
_1053_/Y                                0.750000    1.379756   -0.629757 (VIOLATED)
_1054_/B1                               0.750000    1.379756   -0.629757 (VIOLATED)
_1055_/B1                               0.750000    1.379756   -0.629757 (VIOLATED)
_1056_/B1                               0.750000    1.379756   -0.629757 (VIOLATED)
_1057_/B1                               0.750000    1.379756   -0.629757 (VIOLATED)
_1058_/B1                               0.750000    1.379756   -0.629757 (VIOLATED)
_1059_/B1                               0.750000    1.379756   -0.629757 (VIOLATED)
_1060_/B1                               0.750000    1.379756   -0.629757 (VIOLATED)
_1061_/B1                               0.750000    1.379756   -0.629757 (VIOLATED)
_1062_/B1                               0.750000    1.379756   -0.629757 (VIOLATED)
_1063_/B1                               0.750000    1.379756   -0.629757 (VIOLATED)
_1064_/B1                               0.750000    1.379756   -0.629757 (VIOLATED)
_1065_/B1                               0.750000    1.379756   -0.629757 (VIOLATED)
_1066_/B1                               0.750000    1.379756   -0.629757 (VIOLATED)
_1067_/B1                               0.750000    1.379756   -0.629757 (VIOLATED)
_1068_/B1                               0.750000    1.379756   -0.629757 (VIOLATED)
_1069_/B1                               0.750000    1.379756   -0.629757 (VIOLATED)
_1070_/B1                               0.750000    1.379756   -0.629757 (VIOLATED)
_1071_/B1                               0.750000    1.379756   -0.629757 (VIOLATED)
_1072_/B1                               0.750000    1.379756   -0.629757 (VIOLATED)
_1073_/B1                               0.750000    1.379756   -0.629757 (VIOLATED)
_1074_/B1                               0.750000    1.379756   -0.629757 (VIOLATED)
_1075_/B1                               0.750000    1.379756   -0.629757 (VIOLATED)
_1076_/B1                               0.750000    1.379756   -0.629757 (VIOLATED)
_1077_/B1                               0.750000    1.379756   -0.629757 (VIOLATED)
_1078_/B1                               0.750000    1.379756   -0.629757 (VIOLATED)
_1079_/B1                               0.750000    1.379756   -0.629757 (VIOLATED)
_1080_/B1                               0.750000    1.379756   -0.629757 (VIOLATED)
_1081_/B1                               0.750000    1.379756   -0.629757 (VIOLATED)
_1082_/B1                               0.750000    1.379756   -0.629757 (VIOLATED)
_1083_/B1                               0.750000    1.379756   -0.629757 (VIOLATED)
_1084_/B1                               0.750000    1.379756   -0.629757 (VIOLATED)
_1085_/B1                               0.750000    1.379756   -0.629757 (VIOLATED)
_1089_/Y                                0.750000    1.379756   -0.629757 (VIOLATED)
_1090_/B1                               0.750000    1.379756   -0.629757 (VIOLATED)
_1091_/B1                               0.750000    1.379756   -0.629757 (VIOLATED)
_1092_/B1                               0.750000    1.379756   -0.629757 (VIOLATED)
_1093_/B1                               0.750000    1.379756   -0.629757 (VIOLATED)
_1094_/B1                               0.750000    1.379756   -0.629757 (VIOLATED)
_1095_/B1                               0.750000    1.379756   -0.629757 (VIOLATED)
_1096_/B1                               0.750000    1.379756   -0.629757 (VIOLATED)
_1097_/B1                               0.750000    1.379756   -0.629757 (VIOLATED)
_1098_/B1                               0.750000    1.379756   -0.629757 (VIOLATED)
_1099_/B1                               0.750000    1.379756   -0.629757 (VIOLATED)
_1100_/B1                               0.750000    1.379756   -0.629757 (VIOLATED)
_1101_/B1                               0.750000    1.379756   -0.629757 (VIOLATED)
_1102_/B1                               0.750000    1.379756   -0.629757 (VIOLATED)
_1103_/B1                               0.750000    1.379756   -0.629757 (VIOLATED)
_1104_/B1                               0.750000    1.379756   -0.629757 (VIOLATED)
_1105_/B1                               0.750000    1.379756   -0.629757 (VIOLATED)
_1106_/B1                               0.750000    1.379756   -0.629757 (VIOLATED)
_1107_/B1                               0.750000    1.379756   -0.629757 (VIOLATED)
_1108_/B1                               0.750000    1.379756   -0.629757 (VIOLATED)
_1109_/B1                               0.750000    1.379756   -0.629757 (VIOLATED)
_1110_/B1                               0.750000    1.379756   -0.629757 (VIOLATED)
_1111_/B1                               0.750000    1.379756   -0.629757 (VIOLATED)
_1112_/B1                               0.750000    1.379756   -0.629757 (VIOLATED)
_1113_/B1                               0.750000    1.379756   -0.629757 (VIOLATED)
_1114_/B1                               0.750000    1.379756   -0.629757 (VIOLATED)
_1115_/B1                               0.750000    1.379756   -0.629757 (VIOLATED)
_1116_/B1                               0.750000    1.379756   -0.629757 (VIOLATED)
_1117_/B1                               0.750000    1.379756   -0.629757 (VIOLATED)
_1118_/B1                               0.750000    1.379756   -0.629757 (VIOLATED)
_1119_/B1                               0.750000    1.379756   -0.629757 (VIOLATED)
_1120_/B1                               0.750000    1.379756   -0.629757 (VIOLATED)
_1121_/B1                               0.750000    1.379756   -0.629757 (VIOLATED)
_1463_/Y                                0.750000    1.379756   -0.629757 (VIOLATED)
_1464_/B1                               0.750000    1.379756   -0.629757 (VIOLATED)
_1465_/B1                               0.750000    1.379756   -0.629757 (VIOLATED)
_1466_/B1                               0.750000    1.379756   -0.629757 (VIOLATED)
_1467_/B1                               0.750000    1.379756   -0.629757 (VIOLATED)
_1468_/B1                               0.750000    1.379756   -0.629757 (VIOLATED)
_1469_/B1                               0.750000    1.379756   -0.629757 (VIOLATED)
_1470_/B1                               0.750000    1.379756   -0.629757 (VIOLATED)
_1471_/B1                               0.750000    1.379756   -0.629757 (VIOLATED)
_1472_/B1                               0.750000    1.379756   -0.629757 (VIOLATED)
_1473_/B1                               0.750000    1.379756   -0.629757 (VIOLATED)
_1474_/B1                               0.750000    1.379756   -0.629757 (VIOLATED)
_1475_/B1                               0.750000    1.379756   -0.629757 (VIOLATED)
_1476_/B1                               0.750000    1.379756   -0.629757 (VIOLATED)
_1477_/B1                               0.750000    1.379756   -0.629757 (VIOLATED)
_1478_/B1                               0.750000    1.379756   -0.629757 (VIOLATED)
_1479_/B1                               0.750000    1.379756   -0.629757 (VIOLATED)
_1480_/B1                               0.750000    1.379756   -0.629757 (VIOLATED)
_1481_/B1                               0.750000    1.379756   -0.629757 (VIOLATED)
_1482_/B1                               0.750000    1.379756   -0.629757 (VIOLATED)
_1483_/B1                               0.750000    1.379756   -0.629757 (VIOLATED)
_1484_/B1                               0.750000    1.379756   -0.629757 (VIOLATED)
_1485_/B1                               0.750000    1.379756   -0.629757 (VIOLATED)
_1486_/B1                               0.750000    1.379756   -0.629757 (VIOLATED)
_1487_/B1                               0.750000    1.379756   -0.629757 (VIOLATED)
_1488_/B1                               0.750000    1.379756   -0.629757 (VIOLATED)
_1489_/B1                               0.750000    1.379756   -0.629757 (VIOLATED)
_1490_/B1                               0.750000    1.379756   -0.629757 (VIOLATED)
_1491_/B1                               0.750000    1.379756   -0.629757 (VIOLATED)
_1492_/B1                               0.750000    1.379756   -0.629757 (VIOLATED)
_1493_/B1                               0.750000    1.379756   -0.629757 (VIOLATED)
_1494_/B1                               0.750000    1.379756   -0.629757 (VIOLATED)
_1495_/B1                               0.750000    1.379756   -0.629757 (VIOLATED)
_1124_/Y                                0.750000    1.353482   -0.603482 (VIOLATED)
_1125_/B1                               0.750000    1.353482   -0.603482 (VIOLATED)
_1126_/B1                               0.750000    1.353482   -0.603482 (VIOLATED)
_1127_/B1                               0.750000    1.353482   -0.603482 (VIOLATED)
_1128_/B1                               0.750000    1.353482   -0.603482 (VIOLATED)
_1129_/B1                               0.750000    1.353482   -0.603482 (VIOLATED)
_1130_/B1                               0.750000    1.353482   -0.603482 (VIOLATED)
_1131_/B1                               0.750000    1.353482   -0.603482 (VIOLATED)
_1132_/B1                               0.750000    1.353482   -0.603482 (VIOLATED)
_1133_/B1                               0.750000    1.353482   -0.603482 (VIOLATED)
_1134_/B1                               0.750000    1.353482   -0.603482 (VIOLATED)
_1135_/B1                               0.750000    1.353482   -0.603482 (VIOLATED)
_1137_/A2                               0.750000    1.353482   -0.603482 (VIOLATED)
_1139_/A2                               0.750000    1.353482   -0.603482 (VIOLATED)
_1141_/A2                               0.750000    1.353482   -0.603482 (VIOLATED)
_1143_/A2                               0.750000    1.353482   -0.603482 (VIOLATED)
_1145_/A2                               0.750000    1.353482   -0.603482 (VIOLATED)
_1147_/A2                               0.750000    1.353482   -0.603482 (VIOLATED)
_1149_/A2                               0.750000    1.353482   -0.603482 (VIOLATED)
_1151_/A2                               0.750000    1.353482   -0.603482 (VIOLATED)
_1153_/A2                               0.750000    1.353482   -0.603482 (VIOLATED)
_1155_/A2                               0.750000    1.353482   -0.603482 (VIOLATED)
_1157_/A2                               0.750000    1.353482   -0.603482 (VIOLATED)
_1159_/A2                               0.750000    1.353482   -0.603482 (VIOLATED)
_1161_/A2                               0.750000    1.353482   -0.603482 (VIOLATED)
_1163_/A2                               0.750000    1.353482   -0.603482 (VIOLATED)
_1165_/A2                               0.750000    1.353482   -0.603482 (VIOLATED)
_1167_/A2                               0.750000    1.353482   -0.603482 (VIOLATED)
_1169_/A2                               0.750000    1.353482   -0.603482 (VIOLATED)
_1171_/A2                               0.750000    1.353482   -0.603482 (VIOLATED)
_1173_/A2                               0.750000    1.353482   -0.603482 (VIOLATED)
_1175_/A2                               0.750000    1.353482   -0.603482 (VIOLATED)
_1177_/A2                               0.750000    1.353482   -0.603482 (VIOLATED)
_1179_/X                                0.750000    1.053883   -0.303883 (VIOLATED)
_1180_/B                                0.750000    1.053883   -0.303883 (VIOLATED)
_1181_/A2                               0.750000    1.053883   -0.303883 (VIOLATED)
_1182_/B                                0.750000    1.053883   -0.303883 (VIOLATED)
_1183_/A2                               0.750000    1.053883   -0.303883 (VIOLATED)
_1184_/B                                0.750000    1.053883   -0.303883 (VIOLATED)
_1185_/A2                               0.750000    1.053883   -0.303883 (VIOLATED)
_1186_/B                                0.750000    1.053883   -0.303883 (VIOLATED)
_1187_/A2                               0.750000    1.053883   -0.303883 (VIOLATED)
_1188_/B                                0.750000    1.053883   -0.303883 (VIOLATED)
_1189_/A2                               0.750000    1.053883   -0.303883 (VIOLATED)
_1190_/B                                0.750000    1.053883   -0.303883 (VIOLATED)
_1191_/A2                               0.750000    1.053883   -0.303883 (VIOLATED)
_1192_/B                                0.750000    1.053883   -0.303883 (VIOLATED)
_1193_/A2                               0.750000    1.053883   -0.303883 (VIOLATED)
_1194_/B                                0.750000    1.053883   -0.303883 (VIOLATED)
_1195_/A2                               0.750000    1.053883   -0.303883 (VIOLATED)
_1196_/B                                0.750000    1.053883   -0.303883 (VIOLATED)
_1197_/A2                               0.750000    1.053883   -0.303883 (VIOLATED)
_1198_/B                                0.750000    1.053883   -0.303883 (VIOLATED)
_1199_/A2                               0.750000    1.053883   -0.303883 (VIOLATED)
_1200_/B                                0.750000    1.053883   -0.303883 (VIOLATED)
_1201_/A2                               0.750000    1.053883   -0.303883 (VIOLATED)
_1202_/B                                0.750000    1.053883   -0.303883 (VIOLATED)
_1203_/A2                               0.750000    1.053883   -0.303883 (VIOLATED)
_1204_/B                                0.750000    1.053883   -0.303883 (VIOLATED)
_1205_/A2                               0.750000    1.053883   -0.303883 (VIOLATED)
_1206_/B                                0.750000    1.053883   -0.303883 (VIOLATED)
_1207_/A2                               0.750000    1.053883   -0.303883 (VIOLATED)
_1208_/B                                0.750000    1.053883   -0.303883 (VIOLATED)
_1209_/A2                               0.750000    1.053883   -0.303883 (VIOLATED)
_1210_/B                                0.750000    1.053883   -0.303883 (VIOLATED)
_1211_/A2                               0.750000    1.053883   -0.303883 (VIOLATED)
_1212_/B                                0.750000    1.053883   -0.303883 (VIOLATED)
_1213_/A2                               0.750000    1.053883   -0.303883 (VIOLATED)
_1214_/B                                0.750000    1.053883   -0.303883 (VIOLATED)
_1215_/A2                               0.750000    1.053883   -0.303883 (VIOLATED)
_1216_/B                                0.750000    1.053883   -0.303883 (VIOLATED)
_1217_/A2                               0.750000    1.053883   -0.303883 (VIOLATED)
_1218_/B                                0.750000    1.053883   -0.303883 (VIOLATED)
_1219_/A2                               0.750000    1.053883   -0.303883 (VIOLATED)
_1220_/B                                0.750000    1.053883   -0.303883 (VIOLATED)
_1221_/A2                               0.750000    1.053883   -0.303883 (VIOLATED)
_1222_/B                                0.750000    1.053883   -0.303883 (VIOLATED)
_1223_/A2                               0.750000    1.053883   -0.303883 (VIOLATED)
_1224_/B                                0.750000    1.053883   -0.303883 (VIOLATED)
_1225_/A2                               0.750000    1.053883   -0.303883 (VIOLATED)
_1226_/B                                0.750000    1.053883   -0.303883 (VIOLATED)
_1227_/A2                               0.750000    1.053883   -0.303883 (VIOLATED)
_1228_/B                                0.750000    1.053883   -0.303883 (VIOLATED)
_1229_/A2                               0.750000    1.053883   -0.303883 (VIOLATED)
_1230_/B                                0.750000    1.053883   -0.303883 (VIOLATED)
_1231_/A2                               0.750000    1.053883   -0.303883 (VIOLATED)
_1232_/B                                0.750000    1.053883   -0.303883 (VIOLATED)
_1233_/A2                               0.750000    1.053883   -0.303883 (VIOLATED)
_1234_/B                                0.750000    1.053883   -0.303883 (VIOLATED)
_1235_/A2                               0.750000    1.053883   -0.303883 (VIOLATED)
_1236_/B                                0.750000    1.053883   -0.303883 (VIOLATED)
_1237_/A2                               0.750000    1.053883   -0.303883 (VIOLATED)
_1238_/B                                0.750000    1.053883   -0.303883 (VIOLATED)
_1239_/A2                               0.750000    1.053883   -0.303883 (VIOLATED)
_1240_/B                                0.750000    1.053883   -0.303883 (VIOLATED)
_1241_/A2                               0.750000    1.053883   -0.303883 (VIOLATED)
_1242_/B                                0.750000    1.053883   -0.303883 (VIOLATED)
_1243_/A2                               0.750000    1.053883   -0.303883 (VIOLATED)
_0826_/X                                0.750000    1.012772   -0.262772 (VIOLATED)
_0827_/A                                0.750000    1.012772   -0.262772 (VIOLATED)
_0828_/B1                               0.750000    1.012772   -0.262772 (VIOLATED)
_0834_/A2                               0.750000    1.012772   -0.262772 (VIOLATED)
_0845_/B1                               0.750000    1.012772   -0.262772 (VIOLATED)
_0850_/B1                               0.750000    1.012772   -0.262772 (VIOLATED)
_0856_/B1                               0.750000    1.012772   -0.262772 (VIOLATED)
_0860_/A2                               0.750000    1.012772   -0.262772 (VIOLATED)
_0863_/B1                               0.750000    1.012772   -0.262772 (VIOLATED)
_0867_/A2                               0.750000    1.012772   -0.262772 (VIOLATED)
_0872_/B1                               0.750000    1.012772   -0.262772 (VIOLATED)
_0875_/A2                               0.750000    1.012772   -0.262772 (VIOLATED)
_0878_/B1                               0.750000    1.012772   -0.262772 (VIOLATED)
_0882_/A2                               0.750000    1.012772   -0.262772 (VIOLATED)
_0885_/B1                               0.750000    1.012772   -0.262772 (VIOLATED)
_0890_/A2                               0.750000    1.012772   -0.262772 (VIOLATED)
_0892_/B1                               0.750000    1.012772   -0.262772 (VIOLATED)
_0896_/A2                               0.750000    1.012772   -0.262772 (VIOLATED)
_0899_/B1                               0.750000    1.012772   -0.262772 (VIOLATED)
_0905_/B1                               0.750000    1.012772   -0.262772 (VIOLATED)
_0909_/A2                               0.750000    1.012772   -0.262772 (VIOLATED)
_0911_/B1                               0.750000    1.012772   -0.262772 (VIOLATED)
_0917_/B1                               0.750000    1.012772   -0.262772 (VIOLATED)
_0920_/A2                               0.750000    1.012772   -0.262772 (VIOLATED)
_0923_/B1                               0.750000    1.012772   -0.262772 (VIOLATED)
_0928_/B1                               0.750000    1.012772   -0.262772 (VIOLATED)
_0933_/A2                               0.750000    1.012772   -0.262772 (VIOLATED)
_0935_/B1                               0.750000    1.012772   -0.262772 (VIOLATED)
_0941_/B1                               0.750000    1.012772   -0.262772 (VIOLATED)
_0945_/B1                               0.750000    1.012772   -0.262772 (VIOLATED)
_0950_/A2                               0.750000    1.012772   -0.262772 (VIOLATED)
_0952_/B1                               0.750000    1.012772   -0.262772 (VIOLATED)
_0957_/A2                               0.750000    1.012772   -0.262772 (VIOLATED)
_0959_/B1                               0.750000    1.012772   -0.262772 (VIOLATED)
_0964_/A2                               0.750000    1.012772   -0.262772 (VIOLATED)
_0966_/B1                               0.750000    1.012772   -0.262772 (VIOLATED)
_0971_/A2                               0.750000    1.012772   -0.262772 (VIOLATED)
_0973_/B1                               0.750000    1.012772   -0.262772 (VIOLATED)
_0977_/A2                               0.750000    1.012772   -0.262772 (VIOLATED)
_0980_/B1                               0.750000    1.012772   -0.262772 (VIOLATED)
_0985_/B1                               0.750000    1.012772   -0.262772 (VIOLATED)
_0991_/B1                               0.750000    1.012772   -0.262772 (VIOLATED)
_0994_/A2                               0.750000    1.012772   -0.262772 (VIOLATED)
_0997_/B1                               0.750000    1.012772   -0.262772 (VIOLATED)
_1002_/B1                               0.750000    1.012772   -0.262772 (VIOLATED)
_1007_/B1                               0.750000    1.012772   -0.262772 (VIOLATED)
_1011_/A2                               0.750000    1.012772   -0.262772 (VIOLATED)
_1014_/B1                               0.750000    1.012772   -0.262772 (VIOLATED)
_1018_/A2                               0.750000    1.012772   -0.262772 (VIOLATED)
_1021_/B1                               0.750000    1.012772   -0.262772 (VIOLATED)
_1026_/B1                               0.750000    1.012772   -0.262772 (VIOLATED)
_1031_/A2                               0.750000    1.012772   -0.262772 (VIOLATED)
_1033_/B1                               0.750000    1.012772   -0.262772 (VIOLATED)
_1335_/X                                0.750000    0.893927   -0.143927 (VIOLATED)
_1348_/B                                0.750000    0.893927   -0.143927 (VIOLATED)
_1350_/A1                               0.750000    0.893927   -0.143927 (VIOLATED)
_1352_/A1                               0.750000    0.893927   -0.143927 (VIOLATED)
_1353_/B                                0.750000    0.893927   -0.143927 (VIOLATED)
_1357_/A1_N                             0.750000    0.893927   -0.143927 (VIOLATED)
_1359_/A1                               0.750000    0.893927   -0.143927 (VIOLATED)
_1360_/B                                0.750000    0.893927   -0.143927 (VIOLATED)
_1365_/A                                0.750000    0.893927   -0.143927 (VIOLATED)
_1370_/A2                               0.750000    0.893927   -0.143927 (VIOLATED)
_1371_/C                                0.750000    0.893927   -0.143927 (VIOLATED)
_1375_/A1_N                             0.750000    0.893927   -0.143927 (VIOLATED)
_1377_/A1                               0.750000    0.893927   -0.143927 (VIOLATED)
_1379_/A                                0.750000    0.893927   -0.143927 (VIOLATED)
_1383_/A1_N                             0.750000    0.893927   -0.143927 (VIOLATED)
_1385_/A1                               0.750000    0.893927   -0.143927 (VIOLATED)
_1386_/B                                0.750000    0.893927   -0.143927 (VIOLATED)
_1390_/A1_N                             0.750000    0.893927   -0.143927 (VIOLATED)
_1392_/A1                               0.750000    0.893927   -0.143927 (VIOLATED)
_1395_/A                                0.750000    0.893927   -0.143927 (VIOLATED)
_1399_/A1                               0.750000    0.893927   -0.143927 (VIOLATED)
_1400_/B                                0.750000    0.893927   -0.143927 (VIOLATED)
_1405_/A1_N                             0.750000    0.893927   -0.143927 (VIOLATED)
_1407_/A1                               0.750000    0.893927   -0.143927 (VIOLATED)
_1408_/B                                0.750000    0.893927   -0.143927 (VIOLATED)
_1412_/A1_N                             0.750000    0.893927   -0.143927 (VIOLATED)
_1414_/A1                               0.750000    0.893927   -0.143927 (VIOLATED)
_1416_/A1                               0.750000    0.893927   -0.143927 (VIOLATED)
_1418_/A1                               0.750000    0.893927   -0.143927 (VIOLATED)
_1420_/A                                0.750000    0.893927   -0.143927 (VIOLATED)
_1425_/A1_N                             0.750000    0.893927   -0.143927 (VIOLATED)
_1427_/A1                               0.750000    0.893927   -0.143927 (VIOLATED)
_1429_/A                                0.750000    0.893927   -0.143927 (VIOLATED)
_1433_/B                                0.750000    0.893927   -0.143927 (VIOLATED)
_1439_/A3                               0.750000    0.893927   -0.143927 (VIOLATED)
_1442_/A                                0.750000    0.893927   -0.143927 (VIOLATED)
_1447_/A1_N                             0.750000    0.893927   -0.143927 (VIOLATED)
_1449_/A1                               0.750000    0.893927   -0.143927 (VIOLATED)
_1450_/B                                0.750000    0.893927   -0.143927 (VIOLATED)
_1458_/B1                               0.750000    0.893927   -0.143927 (VIOLATED)
_1496_/X                                0.750000    0.867123   -0.117123 (VIOLATED)
_1497_/B                                0.750000    0.867123   -0.117123 (VIOLATED)
_1501_/S                                0.750000    0.867123   -0.117123 (VIOLATED)
_1506_/S                                0.750000    0.867123   -0.117123 (VIOLATED)
_1511_/S                                0.750000    0.867123   -0.117123 (VIOLATED)
_1516_/S                                0.750000    0.867123   -0.117123 (VIOLATED)
_1521_/S                                0.750000    0.867123   -0.117123 (VIOLATED)
_1526_/S                                0.750000    0.867123   -0.117123 (VIOLATED)
_1531_/S                                0.750000    0.867123   -0.117123 (VIOLATED)
_1536_/S                                0.750000    0.867123   -0.117123 (VIOLATED)
_1541_/S                                0.750000    0.867123   -0.117123 (VIOLATED)
_1546_/S                                0.750000    0.867123   -0.117123 (VIOLATED)
_1551_/S                                0.750000    0.867123   -0.117123 (VIOLATED)
_1556_/S                                0.750000    0.867123   -0.117123 (VIOLATED)
_1561_/S                                0.750000    0.867123   -0.117123 (VIOLATED)
_1566_/S                                0.750000    0.867123   -0.117123 (VIOLATED)
_1571_/S                                0.750000    0.867123   -0.117123 (VIOLATED)
_1576_/S                                0.750000    0.867123   -0.117123 (VIOLATED)
_1581_/S                                0.750000    0.867123   -0.117123 (VIOLATED)
_1586_/S                                0.750000    0.867123   -0.117123 (VIOLATED)
_1591_/S                                0.750000    0.867123   -0.117123 (VIOLATED)
_1596_/S                                0.750000    0.867123   -0.117123 (VIOLATED)
_1601_/S                                0.750000    0.867123   -0.117123 (VIOLATED)
_1606_/S                                0.750000    0.867123   -0.117123 (VIOLATED)
_1611_/S                                0.750000    0.867123   -0.117123 (VIOLATED)
_1616_/S                                0.750000    0.867123   -0.117123 (VIOLATED)
_1621_/S                                0.750000    0.867123   -0.117123 (VIOLATED)
_1626_/S                                0.750000    0.867123   -0.117123 (VIOLATED)
_1631_/S                                0.750000    0.867123   -0.117123 (VIOLATED)
_1636_/S                                0.750000    0.867123   -0.117123 (VIOLATED)
_1641_/S                                0.750000    0.867123   -0.117123 (VIOLATED)
_1646_/S                                0.750000    0.867123   -0.117123 (VIOLATED)
_1651_/S                                0.750000    0.867123   -0.117123 (VIOLATED)
_1656_/S                                0.750000    0.867123   -0.117123 (VIOLATED)
reset                                   0.750000    0.865735   -0.115735 (VIOLATED)
_0822_/A                                0.750000    0.865735   -0.115735 (VIOLATED)
_1037_/B                                0.750000    0.865735   -0.115735 (VIOLATED)
_1041_/A                                0.750000    0.865735   -0.115735 (VIOLATED)
_1049_/A                                0.750000    0.865735   -0.115735 (VIOLATED)
_1053_/A                                0.750000    0.865735   -0.115735 (VIOLATED)
_1089_/A                                0.750000    0.865735   -0.115735 (VIOLATED)
_1122_/B1                               0.750000    0.865735   -0.115735 (VIOLATED)
_1180_/A                                0.750000    0.865735   -0.115735 (VIOLATED)
_1182_/A                                0.750000    0.865735   -0.115735 (VIOLATED)
_1184_/A                                0.750000    0.865735   -0.115735 (VIOLATED)
_1186_/A                                0.750000    0.865735   -0.115735 (VIOLATED)
_1188_/A                                0.750000    0.865735   -0.115735 (VIOLATED)
_1190_/A                                0.750000    0.865735   -0.115735 (VIOLATED)
_1192_/A                                0.750000    0.865735   -0.115735 (VIOLATED)
_1194_/A                                0.750000    0.865735   -0.115735 (VIOLATED)
_1196_/A                                0.750000    0.865735   -0.115735 (VIOLATED)
_1198_/A                                0.750000    0.865735   -0.115735 (VIOLATED)
_1200_/A                                0.750000    0.865735   -0.115735 (VIOLATED)
_1202_/A                                0.750000    0.865735   -0.115735 (VIOLATED)
_1204_/A                                0.750000    0.865735   -0.115735 (VIOLATED)
_1206_/A                                0.750000    0.865735   -0.115735 (VIOLATED)
_1208_/A                                0.750000    0.865735   -0.115735 (VIOLATED)
_1210_/A                                0.750000    0.865735   -0.115735 (VIOLATED)
_1212_/A                                0.750000    0.865735   -0.115735 (VIOLATED)
_1214_/A                                0.750000    0.865735   -0.115735 (VIOLATED)
_1216_/A                                0.750000    0.865735   -0.115735 (VIOLATED)
_1218_/A                                0.750000    0.865735   -0.115735 (VIOLATED)
_1220_/A                                0.750000    0.865735   -0.115735 (VIOLATED)
_1222_/A                                0.750000    0.865735   -0.115735 (VIOLATED)
_1224_/A                                0.750000    0.865735   -0.115735 (VIOLATED)
_1226_/A                                0.750000    0.865735   -0.115735 (VIOLATED)
_1228_/A                                0.750000    0.865735   -0.115735 (VIOLATED)
_1230_/A                                0.750000    0.865735   -0.115735 (VIOLATED)
_1232_/A                                0.750000    0.865735   -0.115735 (VIOLATED)
_1234_/A                                0.750000    0.865735   -0.115735 (VIOLATED)
_1236_/A                                0.750000    0.865735   -0.115735 (VIOLATED)
_1238_/A                                0.750000    0.865735   -0.115735 (VIOLATED)
_1240_/A                                0.750000    0.865735   -0.115735 (VIOLATED)
_1242_/A                                0.750000    0.865735   -0.115735 (VIOLATED)
_1245_/A                                0.750000    0.865735   -0.115735 (VIOLATED)
_1247_/A                                0.750000    0.865735   -0.115735 (VIOLATED)
_1249_/A                                0.750000    0.865735   -0.115735 (VIOLATED)
_1251_/A                                0.750000    0.865735   -0.115735 (VIOLATED)
_1253_/A                                0.750000    0.865735   -0.115735 (VIOLATED)
_1255_/A                                0.750000    0.865735   -0.115735 (VIOLATED)
_1257_/A                                0.750000    0.865735   -0.115735 (VIOLATED)
_1259_/A                                0.750000    0.865735   -0.115735 (VIOLATED)
_1261_/A                                0.750000    0.865735   -0.115735 (VIOLATED)
_1263_/A                                0.750000    0.865735   -0.115735 (VIOLATED)
_1265_/A                                0.750000    0.865735   -0.115735 (VIOLATED)
_1267_/A                                0.750000    0.865735   -0.115735 (VIOLATED)
_1269_/A                                0.750000    0.865735   -0.115735 (VIOLATED)
_1271_/A                                0.750000    0.865735   -0.115735 (VIOLATED)
_1273_/A                                0.750000    0.865735   -0.115735 (VIOLATED)
_1275_/A                                0.750000    0.865735   -0.115735 (VIOLATED)
_1277_/A                                0.750000    0.865735   -0.115735 (VIOLATED)
_1279_/A                                0.750000    0.865735   -0.115735 (VIOLATED)
_1281_/A                                0.750000    0.865735   -0.115735 (VIOLATED)
_1283_/A                                0.750000    0.865735   -0.115735 (VIOLATED)
_1285_/A                                0.750000    0.865735   -0.115735 (VIOLATED)
_1287_/A                                0.750000    0.865735   -0.115735 (VIOLATED)
_1289_/A                                0.750000    0.865735   -0.115735 (VIOLATED)
_1291_/A                                0.750000    0.865735   -0.115735 (VIOLATED)
_1293_/A                                0.750000    0.865735   -0.115735 (VIOLATED)
_1295_/A                                0.750000    0.865735   -0.115735 (VIOLATED)
_1297_/A                                0.750000    0.865735   -0.115735 (VIOLATED)
_1299_/A                                0.750000    0.865735   -0.115735 (VIOLATED)
_1301_/A                                0.750000    0.865735   -0.115735 (VIOLATED)
_1303_/A                                0.750000    0.865735   -0.115735 (VIOLATED)
_1305_/A                                0.750000    0.865735   -0.115735 (VIOLATED)
_1307_/A                                0.750000    0.865735   -0.115735 (VIOLATED)
_1309_/B1                               0.750000    0.865735   -0.115735 (VIOLATED)
_1463_/A                                0.750000    0.865735   -0.115735 (VIOLATED)
_0823_/Y                                0.750000    0.803587   -0.053588 (VIOLATED)
_1136_/A2                               0.750000    0.803587   -0.053588 (VIOLATED)
_1138_/A2                               0.750000    0.803587   -0.053588 (VIOLATED)
_1140_/A2                               0.750000    0.803587   -0.053588 (VIOLATED)
_1142_/A2                               0.750000    0.803587   -0.053588 (VIOLATED)
_1144_/A2                               0.750000    0.803587   -0.053588 (VIOLATED)
_1146_/A2                               0.750000    0.803587   -0.053588 (VIOLATED)
_1148_/A2                               0.750000    0.803587   -0.053588 (VIOLATED)
_1150_/A2                               0.750000    0.803587   -0.053588 (VIOLATED)
_1152_/A2                               0.750000    0.803587   -0.053588 (VIOLATED)
_1154_/A2                               0.750000    0.803587   -0.053588 (VIOLATED)
_1156_/A2                               0.750000    0.803587   -0.053588 (VIOLATED)
_1158_/A2                               0.750000    0.803587   -0.053588 (VIOLATED)
_1160_/A2                               0.750000    0.803587   -0.053588 (VIOLATED)
_1162_/A2                               0.750000    0.803587   -0.053588 (VIOLATED)
_1164_/A2                               0.750000    0.803587   -0.053588 (VIOLATED)
_1166_/A2                               0.750000    0.803587   -0.053588 (VIOLATED)
_1168_/A2                               0.750000    0.803587   -0.053588 (VIOLATED)
_1170_/A2                               0.750000    0.803587   -0.053588 (VIOLATED)
_1172_/A2                               0.750000    0.803587   -0.053588 (VIOLATED)
_1174_/A2                               0.750000    0.803587   -0.053588 (VIOLATED)
_1176_/A2                               0.750000    0.803587   -0.053588 (VIOLATED)
_1336_/A0                               0.750000    0.803587   -0.053588 (VIOLATED)
_1341_/A1                               0.750000    0.803587   -0.053588 (VIOLATED)
_1344_/A1                               0.750000    0.803587   -0.053588 (VIOLATED)
_1347_/A                                0.750000    0.803587   -0.053588 (VIOLATED)
_1461_/A2                               0.750000    0.803587   -0.053588 (VIOLATED)
_1500_/A                                0.750000    0.803587   -0.053588 (VIOLATED)
_1505_/A                                0.750000    0.803587   -0.053588 (VIOLATED)
_1510_/A                                0.750000    0.803587   -0.053588 (VIOLATED)
_1515_/A                                0.750000    0.803587   -0.053588 (VIOLATED)
_1520_/A                                0.750000    0.803587   -0.053588 (VIOLATED)
_1525_/A                                0.750000    0.803587   -0.053588 (VIOLATED)
_1530_/A                                0.750000    0.803587   -0.053588 (VIOLATED)
_1535_/A                                0.750000    0.803587   -0.053588 (VIOLATED)
_1540_/A                                0.750000    0.803587   -0.053588 (VIOLATED)
_1545_/A                                0.750000    0.803587   -0.053588 (VIOLATED)
_1550_/A                                0.750000    0.803587   -0.053588 (VIOLATED)
_1555_/A                                0.750000    0.803587   -0.053588 (VIOLATED)
_1560_/A                                0.750000    0.803587   -0.053588 (VIOLATED)
_1565_/A                                0.750000    0.803587   -0.053588 (VIOLATED)
_1570_/A                                0.750000    0.803587   -0.053588 (VIOLATED)
_1575_/A                                0.750000    0.803587   -0.053588 (VIOLATED)
_1580_/A                                0.750000    0.803587   -0.053588 (VIOLATED)
_1585_/A                                0.750000    0.803587   -0.053588 (VIOLATED)
_1590_/A                                0.750000    0.803587   -0.053588 (VIOLATED)
_1595_/A                                0.750000    0.803587   -0.053588 (VIOLATED)
_1600_/A                                0.750000    0.803587   -0.053588 (VIOLATED)
_1605_/A                                0.750000    0.803587   -0.053588 (VIOLATED)
_1610_/A                                0.750000    0.803587   -0.053588 (VIOLATED)
_1615_/A                                0.750000    0.803587   -0.053588 (VIOLATED)
_1620_/A                                0.750000    0.803587   -0.053588 (VIOLATED)
_1625_/A                                0.750000    0.803587   -0.053588 (VIOLATED)
_1630_/A                                0.750000    0.803587   -0.053588 (VIOLATED)
_1635_/A                                0.750000    0.803587   -0.053588 (VIOLATED)
_1640_/A                                0.750000    0.803587   -0.053588 (VIOLATED)
_1645_/A                                0.750000    0.803587   -0.053588 (VIOLATED)
_1650_/A                                0.750000    0.803587   -0.053588 (VIOLATED)
_1655_/A                                0.750000    0.803587   -0.053588 (VIOLATED)
_1818_/D                                0.750000    0.803587   -0.053588 (VIOLATED)

max fanout

Pin                                   Limit Fanout  Slack
---------------------------------------------------------
reset                                     8     73    -65 (VIOLATED)
host_output_addr[0]                       8     67    -59 (VIOLATED)
host_output_addr[1]                       8     67    -59 (VIOLATED)
_1179_/X                                  8     64    -56 (VIOLATED)
_1244_/Y                                  8     64    -56 (VIOLATED)
_0823_/Y                                  8     59    -51 (VIOLATED)
_0826_/X                                  8     52    -44 (VIOLATED)
_0825_/Y                                  8     51    -43 (VIOLATED)
_1335_/X                                  8     39    -31 (VIOLATED)
host_output_addr[2]                       8     34    -26 (VIOLATED)
_0832_/Y                                  8     33    -25 (VIOLATED)
_1048_/X                                  8     33    -25 (VIOLATED)
_1087_/Y                                  8     33    -25 (VIOLATED)
_1123_/X                                  8     33    -25 (VIOLATED)
_1462_/Y                                  8     33    -25 (VIOLATED)
_1496_/X                                  8     33    -25 (VIOLATED)
_0818_/Y                                  8     32    -24 (VIOLATED)
_1053_/Y                                  8     32    -24 (VIOLATED)
_1089_/Y                                  8     32    -24 (VIOLATED)
_1124_/Y                                  8     32    -24 (VIOLATED)
_1463_/Y                                  8     32    -24 (VIOLATED)
_1497_/X                                  8     32    -24 (VIOLATED)
_1332_/X                                  8     29    -21 (VIOLATED)
_1348_/Y                                  8     23    -15 (VIOLATED)
_1828_/Q                                  8     12     -4 (VIOLATED)
host_input_addr[1]                        8     11     -3 (VIOLATED)
host_input_addr[2]                        8     11     -3 (VIOLATED)
_1364_/X                                  8     10     -2 (VIOLATED)
_1309_/Y                                  8      9        (VIOLATED)

max capacitance

Pin                                        Limit         Cap       Slack
------------------------------------------------------------------------
_1244_/Y                                0.086070    0.128768   -0.042698 (VIOLATED)
_0825_/Y                                0.086070    0.126174   -0.040104 (VIOLATED)
_1087_/Y                                0.054942    0.084938   -0.029996 (VIOLATED)
_1462_/Y                                0.054942    0.084938   -0.029996 (VIOLATED)
host_output_addr[0]                     0.200000    0.222641   -0.022641 (VIOLATED)
_0832_/Y                                0.054942    0.061112   -0.006170 (VIOLATED)



===========================================================================
report_parasitic_annotation -report_unannotated
============================================================================
Found 1180 unannotated drivers.
 clock
 host_input_addr[0]
 host_input_addr[10]
 host_input_addr[11]
 host_input_addr[12]
 host_input_addr[13]
 host_input_addr[14]
 host_input_addr[15]
 host_input_addr[16]
 host_input_addr[17]
 host_input_addr[18]
 host_input_addr[19]
 host_input_addr[1]
 host_input_addr[20]
 host_input_addr[2]
 host_input_addr[3]
 host_input_addr[4]
 host_input_addr[5]
 host_input_addr[6]
 host_input_addr[7]
 host_input_addr[8]
 host_input_addr[9]
 host_input_data[0]
 host_input_data[10]
 host_input_data[11]
 host_input_data[12]
 host_input_data[13]
 host_input_data[14]
 host_input_data[15]
 host_input_data[16]
 host_input_data[17]
 host_input_data[18]
 host_input_data[19]
 host_input_data[1]
 host_input_data[20]
 host_input_data[21]
 host_input_data[22]
 host_input_data[23]
 host_input_data[24]
 host_input_data[25]
 host_input_data[26]
 host_input_data[27]
 host_input_data[28]
 host_input_data[29]
 host_input_data[2]
 host_input_data[30]
 host_input_data[31]
 host_input_data[3]
 host_input_data[4]
 host_input_data[5]
 host_input_data[6]
 host_input_data[7]
 host_input_data[8]
 host_input_data[9]
 host_input_we
 host_output_addr[0]
 host_output_addr[10]
 host_output_addr[1]
 host_output_addr[2]
 host_output_addr[3]
 host_output_addr[4]
 host_output_addr[5]
 host_output_addr[6]
 host_output_addr[7]
 host_output_addr[8]
 host_output_addr[9]
 reset
 start
 _0813_/Y
 _0814_/Y
 _0815_/Y
 _0816_/Y
 _0817_/Y
 _0818_/Y
 _0819_/X
 _0820_/Y
 _0821_/X
 _0822_/X
 _0823_/Y
 _0824_/X
 _0825_/Y
 _0826_/X
 _0827_/Y
 _0828_/X
 _0829_/X
 _0830_/X
 _0831_/X
 _0832_/Y
 _0833_/X
 _0834_/X
 _0835_/X
 _0836_/X
 _0837_/X
 _0838_/X
 _0839_/Y
 _0840_/Y
 _0841_/X
 _0842_/X
 _0843_/X
 _0844_/X
 _0845_/X
 _0846_/X
 _0847_/X
 _0848_/X
 _0849_/X
 _0850_/X
 _0851_/X
 _0852_/X
 _0853_/X
 _0854_/X
 _0855_/X
 _0856_/X
 _0857_/X
 _0858_/X
 _0859_/X
 _0860_/X
 _0861_/X
 _0862_/X
 _0863_/X
 _0864_/X
 _0865_/X
 _0866_/X
 _0867_/X
 _0868_/X
 _0869_/X
 _0870_/X
 _0871_/X
 _0872_/X
 _0873_/X
 _0874_/X
 _0875_/X
 _0876_/X
 _0877_/X
 _0878_/X
 _0879_/X
 _0880_/X
 _0881_/X
 _0882_/X
 _0883_/X
 _0884_/X
 _0885_/X
 _0886_/X
 _0887_/X
 _0888_/X
 _0889_/X
 _0890_/X
 _0891_/X
 _0892_/X
 _0893_/X
 _0894_/X
 _0895_/X
 _0896_/X
 _0897_/X
 _0898_/X
 _0899_/X
 _0900_/X
 _0901_/X
 _0902_/X
 _0903_/X
 _0904_/X
 _0905_/X
 _0906_/X
 _0907_/X
 _0908_/X
 _0909_/X
 _0910_/X
 _0911_/X
 _0912_/X
 _0913_/X
 _0914_/X
 _0915_/X
 _0916_/X
 _0917_/X
 _0918_/X
 _0919_/X
 _0920_/X
 _0921_/X
 _0922_/X
 _0923_/X
 _0924_/X
 _0925_/X
 _0926_/X
 _0927_/X
 _0928_/X
 _0929_/X
 _0930_/X
 _0931_/X
 _0932_/X
 _0933_/X
 _0934_/X
 _0935_/X
 _0936_/X
 _0937_/X
 _0938_/X
 _0939_/X
 _0940_/X
 _0941_/X
 _0942_/X
 _0943_/X
 _0944_/X
 _0945_/X
 _0946_/X
 _0947_/X
 _0948_/X
 _0949_/X
 _0950_/X
 _0951_/X
 _0952_/X
 _0953_/X
 _0954_/X
 _0955_/X
 _0956_/X
 _0957_/X
 _0958_/X
 _0959_/X
 _0960_/X
 _0961_/X
 _0962_/X
 _0963_/X
 _0964_/X
 _0965_/X
 _0966_/X
 _0967_/X
 _0968_/X
 _0969_/X
 _0970_/X
 _0971_/X
 _0972_/X
 _0973_/X
 _0974_/X
 _0975_/X
 _0976_/X
 _0977_/X
 _0978_/X
 _0979_/X
 _0980_/X
 _0981_/X
 _0982_/X
 _0983_/X
 _0984_/X
 _0985_/X
 _0986_/X
 _0987_/X
 _0988_/X
 _0989_/X
 _0990_/X
 _0991_/X
 _0992_/X
 _0993_/X
 _0994_/X
 _0995_/X
 _0996_/X
 _0997_/X
 _0998_/X
 _0999_/X
 _1000_/X
 _1001_/X
 _1002_/X
 _1003_/X
 _1004_/X
 _1005_/X
 _1006_/X
 _1007_/X
 _1008_/X
 _1009_/X
 _1010_/X
 _1011_/X
 _1012_/X
 _1013_/X
 _1014_/X
 _1015_/X
 _1016_/X
 _1017_/X
 _1018_/X
 _1019_/X
 _1020_/X
 _1021_/X
 _1022_/X
 _1023_/X
 _1024_/X
 _1025_/X
 _1026_/X
 _1027_/X
 _1028_/X
 _1029_/X
 _1030_/X
 _1031_/X
 _1032_/X
 _1033_/X
 _1034_/X
 _1035_/X
 _1036_/X
 _1037_/X
 _1038_/X
 _1039_/X
 _1040_/X
 _1041_/X
 _1042_/Y
 _1043_/X
 _1044_/X
 _1045_/X
 _1046_/Y
 _1047_/X
 _1048_/X
 _1049_/X
 _1050_/X
 _1051_/X
 _1052_/X
 _1053_/Y
 _1054_/X
 _1055_/X
 _1056_/X
 _1057_/X
 _1058_/X
 _1059_/X
 _1060_/X
 _1061_/X
 _1062_/X
 _1063_/X
 _1064_/X
 _1065_/X
 _1066_/X
 _1067_/X
 _1068_/X
 _1069_/X
 _1070_/X
 _1071_/X
 _1072_/X
 _1073_/X
 _1074_/X
 _1075_/X
 _1076_/X
 _1077_/X
 _1078_/X
 _1079_/X
 _1080_/X
 _1081_/X
 _1082_/X
 _1083_/X
 _1084_/X
 _1085_/X
 _1086_/Y
 _1087_/Y
 _1088_/X
 _1089_/Y
 _1090_/X
 _1091_/X
 _1092_/X
 _1093_/X
 _1094_/X
 _1095_/X
 _1096_/X
 _1097_/X
 _1098_/X
 _1099_/X
 _1100_/X
 _1101_/X
 _1102_/X
 _1103_/X
 _1104_/X
 _1105_/X
 _1106_/X
 _1107_/X
 _1108_/X
 _1109_/X
 _1110_/X
 _1111_/X
 _1112_/X
 _1113_/X
 _1114_/X
 _1115_/X
 _1116_/X
 _1117_/X
 _1118_/X
 _1119_/X
 _1120_/X
 _1121_/X
 _1122_/X
 _1123_/X
 _1124_/Y
 _1125_/X
 _1126_/X
 _1127_/X
 _1128_/X
 _1129_/X
 _1130_/X
 _1131_/X
 _1132_/X
 _1133_/X
 _1134_/X
 _1135_/X
 _1136_/X
 _1137_/X
 _1138_/X
 _1139_/X
 _1140_/X
 _1141_/X
 _1142_/X
 _1143_/X
 _1144_/X
 _1145_/X
 _1146_/X
 _1147_/X
 _1148_/X
 _1149_/X
 _1150_/X
 _1151_/X
 _1152_/X
 _1153_/X
 _1154_/X
 _1155_/X
 _1156_/X
 _1157_/X
 _1158_/X
 _1159_/X
 _1160_/X
 _1161_/X
 _1162_/X
 _1163_/X
 _1164_/X
 _1165_/X
 _1166_/X
 _1167_/X
 _1168_/X
 _1169_/X
 _1170_/X
 _1171_/X
 _1172_/X
 _1173_/X
 _1174_/X
 _1175_/X
 _1176_/X
 _1177_/X
 _1178_/Y
 _1179_/X
 _1180_/X
 _1181_/X
 _1182_/X
 _1183_/X
 _1184_/X
 _1185_/X
 _1186_/X
 _1187_/X
 _1188_/X
 _1189_/X
 _1190_/X
 _1191_/X
 _1192_/X
 _1193_/X
 _1194_/X
 _1195_/X
 _1196_/X
 _1197_/X
 _1198_/X
 _1199_/X
 _1200_/X
 _1201_/X
 _1202_/X
 _1203_/X
 _1204_/X
 _1205_/X
 _1206_/X
 _1207_/X
 _1208_/X
 _1209_/X
 _1210_/X
 _1211_/X
 _1212_/X
 _1213_/X
 _1214_/X
 _1215_/X
 _1216_/X
 _1217_/X
 _1218_/X
 _1219_/X
 _1220_/X
 _1221_/X
 _1222_/X
 _1223_/X
 _1224_/X
 _1225_/X
 _1226_/X
 _1227_/X
 _1228_/X
 _1229_/X
 _1230_/X
 _1231_/X
 _1232_/X
 _1233_/X
 _1234_/X
 _1235_/X
 _1236_/X
 _1237_/X
 _1238_/X
 _1239_/X
 _1240_/X
 _1241_/X
 _1242_/X
 _1243_/X
 _1244_/Y
 _1245_/X
 _1246_/X
 _1247_/X
 _1248_/X
 _1249_/X
 _1250_/X
 _1251_/X
 _1252_/X
 _1253_/X
 _1254_/X
 _1255_/X
 _1256_/X
 _1257_/X
 _1258_/X
 _1259_/X
 _1260_/X
 _1261_/X
 _1262_/X
 _1263_/X
 _1264_/X
 _1265_/X
 _1266_/X
 _1267_/X
 _1268_/X
 _1269_/X
 _1270_/X
 _1271_/X
 _1272_/X
 _1273_/X
 _1274_/X
 _1275_/X
 _1276_/X
 _1277_/X
 _1278_/X
 _1279_/X
 _1280_/X
 _1281_/X
 _1282_/X
 _1283_/X
 _1284_/X
 _1285_/X
 _1286_/X
 _1287_/X
 _1288_/X
 _1289_/X
 _1290_/X
 _1291_/X
 _1292_/X
 _1293_/X
 _1294_/X
 _1295_/X
 _1296_/X
 _1297_/X
 _1298_/X
 _1299_/X
 _1300_/X
 _1301_/X
 _1302_/X
 _1303_/X
 _1304_/X
 _1305_/X
 _1306_/X
 _1307_/X
 _1308_/X
 _1309_/Y
 _1310_/Y
 _1311_/X
 _1312_/X
 _1313_/X
 _1314_/X
 _1315_/Y
 _1316_/X
 _1317_/X
 _1318_/X
 _1319_/X
 _1320_/Y
 _1321_/Y
 _1322_/Y
 _1323_/X
 _1324_/X
 _1325_/X
 _1326_/Y
 _1327_/Y
 _1328_/X
 _1329_/X
 _1330_/X
 _1331_/Y
 _1332_/X
 _1333_/X
 _1334_/Y
 _1335_/X
 _1336_/X
 _1337_/X
 _1338_/Y
 _1339_/X
 _1340_/X
 _1341_/X
 _1342_/X
 _1343_/Y
 _1344_/X
 _1345_/X
 _1346_/Y
 _1347_/Y
 _1348_/Y
 _1349_/X
 _1350_/Y
 _1351_/X
 _1352_/Y
 _1353_/X
 _1354_/Y
 _1355_/X
 _1356_/X
 _1357_/X
 _1358_/X
 _1359_/Y
 _1360_/X
 _1361_/Y
 _1362_/X
 _1363_/X
 _1364_/X
 _1365_/Y
 _1366_/X
 _1367_/X
 _1368_/Y
 _1369_/X
 _1370_/Y
 _1371_/X
 _1372_/Y
 _1373_/X
 _1374_/X
 _1375_/X
 _1376_/X
 _1377_/Y
 _1378_/X
 _1379_/X
 _1380_/Y
 _1381_/X
 _1382_/X
 _1383_/X
 _1384_/X
 _1385_/Y
 _1386_/X
 _1387_/Y
 _1388_/X
 _1389_/X
 _1390_/X
 _1391_/X
 _1392_/X
 _1393_/X
 _1394_/X
 _1395_/Y
 _1396_/X
 _1397_/X
 _1398_/X
 _1399_/Y
 _1400_/X
 _1401_/X
 _1402_/X
 _1403_/X
 _1404_/X
 _1405_/X
 _1406_/X
 _1407_/Y
 _1408_/X
 _1409_/Y
 _1410_/X
 _1411_/X
 _1412_/X
 _1413_/X
 _1414_/Y
 _1415_/X
 _1416_/Y
 _1417_/X
 _1418_/Y
 _1419_/X
 _1420_/X
 _1421_/Y
 _1422_/X
 _1423_/X
 _1424_/X
 _1425_/X
 _1426_/X
 _1427_/Y
 _1428_/X
 _1429_/Y
 _1430_/X
 _1431_/X
 _1432_/X
 _1433_/X
 _1434_/Y
 _1435_/X
 _1436_/Y
 _1437_/X
 _1438_/X
 _1439_/X
 _1440_/X
 _1441_/Y
 _1442_/X
 _1443_/X
 _1444_/X
 _1445_/X
 _1446_/X
 _1447_/X
 _1448_/X
 _1449_/Y
 _1450_/X
 _1451_/Y
 _1452_/X
 _1453_/Y
 _1454_/X
 _1455_/X
 _1456_/Y
 _1457_/X
 _1458_/Y
 _1459_/X
 _1460_/X
 _1461_/X
 _1462_/Y
 _1463_/Y
 _1464_/X
 _1465_/X
 _1466_/X
 _1467_/X
 _1468_/X
 _1469_/X
 _1470_/X
 _1471_/X
 _1472_/X
 _1473_/X
 _1474_/X
 _1475_/X
 _1476_/X
 _1477_/X
 _1478_/X
 _1479_/X
 _1480_/X
 _1481_/X
 _1482_/X
 _1483_/X
 _1484_/X
 _1485_/X
 _1486_/X
 _1487_/X
 _1488_/X
 _1489_/X
 _1490_/X
 _1491_/X
 _1492_/X
 _1493_/X
 _1494_/X
 _1495_/X
 _1496_/X
 _1497_/X
 _1498_/Y
 _1499_/X
 _1500_/X
 _1501_/X
 _1502_/X
 _1503_/Y
 _1504_/X
 _1505_/X
 _1506_/X
 _1507_/X
 _1508_/Y
 _1509_/X
 _1510_/X
 _1511_/X
 _1512_/X
 _1513_/Y
 _1514_/X
 _1515_/X
 _1516_/X
 _1517_/X
 _1518_/Y
 _1519_/X
 _1520_/X
 _1521_/X
 _1522_/X
 _1523_/Y
 _1524_/X
 _1525_/X
 _1526_/X
 _1527_/X
 _1528_/Y
 _1529_/X
 _1530_/X
 _1531_/X
 _1532_/X
 _1533_/Y
 _1534_/X
 _1535_/X
 _1536_/X
 _1537_/X
 _1538_/Y
 _1539_/X
 _1540_/X
 _1541_/X
 _1542_/X
 _1543_/Y
 _1544_/X
 _1545_/X
 _1546_/X
 _1547_/X
 _1548_/Y
 _1549_/X
 _1550_/X
 _1551_/X
 _1552_/X
 _1553_/Y
 _1554_/X
 _1555_/X
 _1556_/X
 _1557_/X
 _1558_/Y
 _1559_/X
 _1560_/X
 _1561_/X
 _1562_/X
 _1563_/Y
 _1564_/X
 _1565_/X
 _1566_/X
 _1567_/X
 _1568_/Y
 _1569_/X
 _1570_/X
 _1571_/X
 _1572_/X
 _1573_/Y
 _1574_/X
 _1575_/X
 _1576_/X
 _1577_/X
 _1578_/Y
 _1579_/X
 _1580_/X
 _1581_/X
 _1582_/X
 _1583_/Y
 _1584_/X
 _1585_/X
 _1586_/X
 _1587_/X
 _1588_/Y
 _1589_/X
 _1590_/X
 _1591_/X
 _1592_/X
 _1593_/Y
 _1594_/X
 _1595_/X
 _1596_/X
 _1597_/X
 _1598_/Y
 _1599_/X
 _1600_/X
 _1601_/X
 _1602_/X
 _1603_/Y
 _1604_/X
 _1605_/X
 _1606_/X
 _1607_/X
 _1608_/Y
 _1609_/X
 _1610_/X
 _1611_/X
 _1612_/X
 _1613_/Y
 _1614_/X
 _1615_/X
 _1616_/X
 _1617_/X
 _1618_/Y
 _1619_/X
 _1620_/X
 _1621_/X
 _1622_/X
 _1623_/Y
 _1624_/X
 _1625_/X
 _1626_/X
 _1627_/X
 _1628_/Y
 _1629_/X
 _1630_/X
 _1631_/X
 _1632_/X
 _1633_/Y
 _1634_/X
 _1635_/X
 _1636_/X
 _1637_/X
 _1638_/Y
 _1639_/X
 _1640_/X
 _1641_/X
 _1642_/X
 _1643_/Y
 _1644_/X
 _1645_/X
 _1646_/X
 _1647_/X
 _1648_/Y
 _1649_/X
 _1650_/X
 _1651_/X
 _1652_/X
 _1653_/Y
 _1654_/X
 _1655_/X
 _1656_/X
 _1657_/X
 _1658_/Q
 _1659_/Q
 _1660_/Q
 _1661_/Q
 _1662_/Q
 _1663_/Q
 _1664_/Q
 _1665_/Q
 _1666_/Q
 _1667_/Q
 _1668_/Q
 _1669_/Q
 _1670_/Q
 _1671_/Q
 _1672_/Q
 _1673_/Q
 _1674_/Q
 _1675_/Q
 _1676_/Q
 _1677_/Q
 _1678_/Q
 _1679_/Q
 _1680_/Q
 _1681_/Q
 _1682_/Q
 _1683_/Q
 _1684_/Q
 _1685_/Q
 _1686_/Q
 _1687_/Q
 _1688_/Q
 _1689_/Q
 _1690_/Q
 _1691_/Q
 _1692_/Q
 _1693_/Q
 _1694_/Q
 _1695_/Q
 _1696_/Q
 _1697_/Q
 _1698_/Q
 _1699_/Q
 _1700_/Q
 _1701_/Q
 _1702_/Q
 _1703_/Q
 _1704_/Q
 _1705_/Q
 _1706_/Q
 _1707_/Q
 _1708_/Q
 _1709_/Q
 _1710_/Q
 _1711_/Q
 _1712_/Q
 _1713_/Q
 _1714_/Q
 _1715_/Q
 _1716_/Q
 _1717_/Q
 _1718_/Q
 _1719_/Q
 _1720_/Q
 _1721_/Q
 _1722_/Q
 _1723_/Q
 _1724_/Q
 _1725_/Q
 _1726_/Q
 _1727_/Q
 _1728_/Q
 _1729_/Q
 _1730_/Q
 _1731_/Q
 _1732_/Q
 _1733_/Q
 _1734_/Q
 _1735_/Q
 _1736_/Q
 _1737_/Q
 _1738_/Q
 _1739_/Q
 _1740_/Q
 _1741_/Q
 _1742_/Q
 _1743_/Q
 _1744_/Q
 _1745_/Q
 _1746_/Q
 _1747_/Q
 _1748_/Q
 _1749_/Q
 _1750_/Q
 _1751_/Q
 _1752_/Q
 _1753_/Q
 _1754_/Q
 _1755_/Q
 _1756_/Q
 _1757_/Q
 _1758_/Q
 _1759_/Q
 _1760_/Q
 _1761_/Q
 _1762_/Q
 _1763_/Q
 _1764_/Q
 _1765_/Q
 _1766_/Q
 _1767_/Q
 _1768_/Q
 _1769_/Q
 _1770_/Q
 _1771_/Q
 _1772_/Q
 _1773_/Q
 _1774_/Q
 _1775_/Q
 _1776_/Q
 _1777_/Q
 _1778_/Q
 _1779_/Q
 _1780_/Q
 _1781_/Q
 _1782_/Q
 _1783_/Q
 _1784_/Q
 _1785_/Q
 _1786_/Q
 _1787_/Q
 _1788_/Q
 _1789_/Q
 _1790_/Q
 _1791_/Q
 _1792_/Q
 _1793_/Q
 _1794_/Q
 _1795_/Q
 _1796_/Q
 _1797_/Q
 _1798_/Q
 _1799_/Q
 _1800_/Q
 _1801_/Q
 _1802_/Q
 _1803_/Q
 _1804_/Q
 _1805_/Q
 _1806_/Q
 _1807_/Q
 _1808_/Q
 _1809_/Q
 _1810_/Q
 _1811_/Q
 _1812_/Q
 _1813_/Q
 _1814_/Q
 _1815_/Q
 _1816_/Q
 _1817_/Q
 _1818_/Q
 _1819_/Q
 _1820_/Q
 _1821_/Q
 _1822_/Q
 _1823_/Q
 _1824_/Q
 _1825_/Q
 _1826_/Q
 _1827_/Q
 _1828_/Q
 _1829_/Q
 _1830_/Q
 _1831_/Q
 _1832_/Q
 _1833_/Q
 _1834_/Q
 _1835_/Q
 _1836_/Q
 _1837_/Q
 _1838_/Q
 _1839_/Q
 _1840_/Q
 _1841_/Q
 _1842_/Q
 _1843_/Q
 _1844_/Q
 _1845_/Q
 _1846_/Q
 _1847_/Q
 _1848_/Q
 _1849_/Q
 _1850_/Q
 _1851_/Q
 _1852_/Q
 _1853_/Q
 _1854_/Q
 _1855_/Q
 _1856_/Q
 _1857_/Q
 _1858_/Q
 _1859_/Q
 _1860_/Q
 _1861_/Q
 _1862_/Q
 _1863_/Q
 _1864_/Q
 _1865_/Q
 _1866_/Q
 _1867_/Q
 _1868_/Q
 _1869_/Q
 _1870_/Q
 _1871_/Q
 _1872_/Q
 _1873_/Q
 _1874_/Q
 _1875_/Q
 _1876_/Q
 _1877_/Q
 _1878_/Q
 _1879_/Q
 _1880_/Q
 _1881_/Q
 _1882_/Q
 _1883_/Q
 _1884_/Q
 _1885_/Q
 _1886_/Q
 _1887_/Q
 _1888_/Q
 _1889_/Q
 _1890_/Q
 _1891_/Q
 _1892_/Q
 _1893_/Q
 _1894_/Q
 _1895_/Q
 _1896_/Q
 _1897_/Q
 _1898_/Q
 _1899_/Q
 _1900_/Q
 _1901_/Q
 _1902_/Q
 _1903_/Q
 _1904_/Q
 _1905_/Q
 _1906_/Q
 _1907_/Q
 _1908_/Q
 _1909_/Q
 _1910_/Q
 _1911_/Q
 _1912_/Q
 _1913_/Q
 _1914_/Q
 _1915_/Q
 _1916_/Q
 _1917_/Q
 _1918_/Q
 _1919_/Q
 _1920_/Q
 _1921_/Q
 _1922_/Q
 _1923_/Q
 _1924_/Q
Found 0 partially unannotated drivers.

===========================================================================
max slew violation count 813
max fanout violation count 29
max cap violation count 6
============================================================================

===========================================================================
check_setup -verbose -unconstrained_endpoints -multiple_clock -no_clock -no_input_delay -loops -generated_clocks
===========================================================================
