                                                                        Cells by Master                                                                         
┏━━━━━━━━━━━━━━━━━━━━━━━━━━━━━━━━━━━━━━━━━━━━━━━━━━━━━━━━━━━━━━━━━━━━━━━━━━━━━━━━━━━━━━━━━━━━━━━━━━━━━━━━━━━━━━━━━━━━━━━━━━━━━━━━━━┳━━━━━━━━━━━━━━━━━━━━━━━━━━━┓
┃ Cell                                                                                                                             ┃ Count                     ┃
┡━━━━━━━━━━━━━━━━━━━━━━━━━━━━━━━━━━━━━━━━━━━━━━━━━━━━━━━━━━━━━━━━━━━━━━━━━━━━━━━━━━━━━━━━━━━━━━━━━━━━━━━━━━━━━━━━━━━━━━━━━━━━━━━━━━╇━━━━━━━━━━━━━━━━━━━━━━━━━━━┩
│ sky130_ef_sc_hd__decap_12                                                                                                        │ 1116                      │
│ sky130_fd_sc_hd__a211o_1                                                                                                         │ 1                         │
│ sky130_fd_sc_hd__a21bo_1                                                                                                         │ 66                        │
│ sky130_fd_sc_hd__a21boi_1                                                                                                        │ 4                         │
│ sky130_fd_sc_hd__a21o_1                                                                                                          │ 112                       │
│ sky130_fd_sc_hd__a21oi_1                                                                                                         │ 15                        │
│ sky130_fd_sc_hd__a21oi_4                                                                                                         │ 1                         │
│ sky130_fd_sc_hd__a221o_1                                                                                                         │ 52                        │
│ sky130_fd_sc_hd__a22o_1                                                                                                          │ 151                       │
│ sky130_fd_sc_hd__a31o_1                                                                                                          │ 2                         │
│ sky130_fd_sc_hd__a31o_2                                                                                                          │ 1                         │
│ sky130_fd_sc_hd__a31oi_1                                                                                                         │ 1                         │
│ sky130_fd_sc_hd__a32o_1                                                                                                          │ 4                         │
│ sky130_fd_sc_hd__a41o_1                                                                                                          │ 1                         │
│ sky130_fd_sc_hd__and2_1                                                                                                          │ 11                        │
│ sky130_fd_sc_hd__and2b_1                                                                                                         │ 2                         │
│ sky130_fd_sc_hd__and3_1                                                                                                          │ 74                        │
│ sky130_fd_sc_hd__and3b_1                                                                                                         │ 3                         │
│ sky130_fd_sc_hd__and4_1                                                                                                          │ 10                        │
│ sky130_fd_sc_hd__and4_2                                                                                                          │ 2                         │
│ sky130_fd_sc_hd__and4b_1                                                                                                         │ 3                         │
│ sky130_fd_sc_hd__and4bb_1                                                                                                        │ 1                         │
│ sky130_fd_sc_hd__buf_1                                                                                                           │ 22                        │
│ sky130_fd_sc_hd__buf_2                                                                                                           │ 107                       │
│ sky130_fd_sc_hd__bufinv_16                                                                                                       │ 2                         │
│ sky130_fd_sc_hd__clkbuf_1                                                                                                        │ 17                        │
│ sky130_fd_sc_hd__clkbuf_16                                                                                                       │ 5                         │
│ sky130_fd_sc_hd__clkbuf_2                                                                                                        │ 67                        │
│ sky130_fd_sc_hd__clkbuf_4                                                                                                        │ 58                        │
│ sky130_fd_sc_hd__clkbuf_8                                                                                                        │ 35                        │
│ sky130_fd_sc_hd__clkinv_2                                                                                                        │ 5                         │
│ sky130_fd_sc_hd__clkinvlp_4                                                                                                      │ 6                         │
│ sky130_fd_sc_hd__decap_3                                                                                                         │ 366                       │
│ sky130_fd_sc_hd__decap_4                                                                                                         │ 276                       │
│ sky130_fd_sc_hd__decap_6                                                                                                         │ 298                       │
│ sky130_fd_sc_hd__decap_8                                                                                                         │ 292                       │
│ sky130_fd_sc_hd__dfxtp_1                                                                                                         │ 267                       │
│ sky130_fd_sc_hd__diode_2                                                                                                         │ 7                         │
│ sky130_fd_sc_hd__dlygate4sd3_1                                                                                                   │ 167                       │
│ sky130_fd_sc_hd__dlymetal6s2s_1                                                                                                  │ 9                         │
│ sky130_fd_sc_hd__fill_1                                                                                                          │ 609                       │
│ sky130_fd_sc_hd__fill_2                                                                                                          │ 241                       │
│ sky130_fd_sc_hd__inv_2                                                                                                           │ 9                         │
│ sky130_fd_sc_hd__inv_6                                                                                                           │ 4                         │
│ sky130_fd_sc_hd__inv_8                                                                                                           │ 2                         │
│ sky130_fd_sc_hd__mux2_1                                                                                                          │ 84                        │
│ sky130_fd_sc_hd__mux4_1                                                                                                          │ 13                        │
│ sky130_fd_sc_hd__nand2_1                                                                                                         │ 38                        │
│ sky130_fd_sc_hd__nand3_1                                                                                                         │ 3                         │
│ sky130_fd_sc_hd__nand4_1                                                                                                         │ 2                         │
│ sky130_fd_sc_hd__nor2_1                                                                                                          │ 16                        │
│ sky130_fd_sc_hd__nor3_1                                                                                                          │ 5                         │
│ sky130_fd_sc_hd__nor3b_1                                                                                                         │ 2                         │
│ sky130_fd_sc_hd__o211a_1                                                                                                         │ 9                         │
│ sky130_fd_sc_hd__o21a_1                                                                                                          │ 3                         │
│ sky130_fd_sc_hd__o21ai_1                                                                                                         │ 3                         │
│ sky130_fd_sc_hd__o21ba_1                                                                                                         │ 1                         │
│ sky130_fd_sc_hd__o21bai_1                                                                                                        │ 2                         │
│ sky130_fd_sc_hd__o221a_1                                                                                                         │ 6                         │
│ sky130_fd_sc_hd__o22a_1                                                                                                          │ 1                         │
│ sky130_fd_sc_hd__o2bb2a_1                                                                                                        │ 8                         │
│ sky130_fd_sc_hd__o311a_1                                                                                                         │ 1                         │
│ sky130_fd_sc_hd__o32a_1                                                                                                          │ 1                         │
│ sky130_fd_sc_hd__or2_1                                                                                                           │ 39                        │
│ sky130_fd_sc_hd__or3_1                                                                                                           │ 5                         │
│ sky130_fd_sc_hd__or3b_1                                                                                                          │ 67                        │
│ sky130_fd_sc_hd__or4_1                                                                                                           │ 5                         │
│ sky130_fd_sc_hd__or4_2                                                                                                           │ 2                         │
│ sky130_fd_sc_hd__or4b_1                                                                                                          │ 1                         │
│ sky130_fd_sc_hd__or4b_4                                                                                                          │ 1                         │
│ sky130_fd_sc_hd__tapvpwrvgnd_1                                                                                                   │ 624                       │
│ sky130_fd_sc_hd__xnor2_1                                                                                                         │ 1                         │
└──────────────────────────────────────────────────────────────────────────────────────────────────────────────────────────────────┴───────────────────────────┘
