
 /----------------------------------------------------------------------------\
 |  yosys -- Yosys Open SYnthesis Suite                                       |
 |  Copyright (C) 2012 - 2024  Claire Xenia Wolf <claire@yosyshq.com>         |
 |  Distributed under an ISC-like license, type "license" to see terms        |
 \----------------------------------------------------------------------------/
 Yosys 0.46 (git sha1 e97731b9dda91fa5fa53ed87df7c34163ba59a41, clang++ 17.0.6 -fPIC -O3)
Loaded SDC plugin

1. Executing Verilog-2005 frontend: /home/george-sleen/Documents/projects/sailbot-hackathon/asic-flow/runs/RUN_2026-03-21_16-46-51/tmp/97f2267fc2ba4fbfb7675feea3ca6a21.bb.v
Parsing SystemVerilog input from `/home/george-sleen/Documents/projects/sailbot-hackathon/asic-flow/runs/RUN_2026-03-21_16-46-51/tmp/97f2267fc2ba4fbfb7675feea3ca6a21.bb.v' to AST representation.
Generating RTLIL representation for module `\sky130_ef_sc_hd__decap_12'.
Generating RTLIL representation for module `\sky130_ef_sc_hd__fill_12'.
Generating RTLIL representation for module `\sky130_ef_sc_hd__fill_4'.
Generating RTLIL representation for module `\sky130_ef_sc_hd__fill_8'.
Generating RTLIL representation for module `\sky130_fd_sc_hd__a2111o_1'.
Generating RTLIL representation for module `\sky130_fd_sc_hd__a2111o_2'.
Generating RTLIL representation for module `\sky130_fd_sc_hd__a2111o_4'.
Generating RTLIL representation for module `\sky130_fd_sc_hd__a2111oi_0'.
Generating RTLIL representation for module `\sky130_fd_sc_hd__a2111oi_1'.
Generating RTLIL representation for module `\sky130_fd_sc_hd__a2111oi_2'.
Generating RTLIL representation for module `\sky130_fd_sc_hd__a2111oi_4'.
Generating RTLIL representation for module `\sky130_fd_sc_hd__a211o_1'.
Generating RTLIL representation for module `\sky130_fd_sc_hd__a211o_2'.
Generating RTLIL representation for module `\sky130_fd_sc_hd__a211o_4'.
Generating RTLIL representation for module `\sky130_fd_sc_hd__a211oi_1'.
Generating RTLIL representation for module `\sky130_fd_sc_hd__a211oi_2'.
Generating RTLIL representation for module `\sky130_fd_sc_hd__a211oi_4'.
Generating RTLIL representation for module `\sky130_fd_sc_hd__a21bo_1'.
Generating RTLIL representation for module `\sky130_fd_sc_hd__a21bo_2'.
Generating RTLIL representation for module `\sky130_fd_sc_hd__a21bo_4'.
Generating RTLIL representation for module `\sky130_fd_sc_hd__a21boi_0'.
Generating RTLIL representation for module `\sky130_fd_sc_hd__a21boi_1'.
Generating RTLIL representation for module `\sky130_fd_sc_hd__a21boi_2'.
Generating RTLIL representation for module `\sky130_fd_sc_hd__a21boi_4'.
Generating RTLIL representation for module `\sky130_fd_sc_hd__a21o_1'.
Generating RTLIL representation for module `\sky130_fd_sc_hd__a21o_2'.
Generating RTLIL representation for module `\sky130_fd_sc_hd__a21o_4'.
Generating RTLIL representation for module `\sky130_fd_sc_hd__a21oi_1'.
Generating RTLIL representation for module `\sky130_fd_sc_hd__a21oi_2'.
Generating RTLIL representation for module `\sky130_fd_sc_hd__a21oi_4'.
Generating RTLIL representation for module `\sky130_fd_sc_hd__a221o_1'.
Generating RTLIL representation for module `\sky130_fd_sc_hd__a221o_2'.
Generating RTLIL representation for module `\sky130_fd_sc_hd__a221o_4'.
Generating RTLIL representation for module `\sky130_fd_sc_hd__a221oi_1'.
Generating RTLIL representation for module `\sky130_fd_sc_hd__a221oi_2'.
Generating RTLIL representation for module `\sky130_fd_sc_hd__a221oi_4'.
Generating RTLIL representation for module `\sky130_fd_sc_hd__a222oi_1'.
Generating RTLIL representation for module `\sky130_fd_sc_hd__a22o_1'.
Generating RTLIL representation for module `\sky130_fd_sc_hd__a22o_2'.
Generating RTLIL representation for module `\sky130_fd_sc_hd__a22o_4'.
Generating RTLIL representation for module `\sky130_fd_sc_hd__a22oi_1'.
Generating RTLIL representation for module `\sky130_fd_sc_hd__a22oi_2'.
Generating RTLIL representation for module `\sky130_fd_sc_hd__a22oi_4'.
Generating RTLIL representation for module `\sky130_fd_sc_hd__a2bb2o_1'.
Generating RTLIL representation for module `\sky130_fd_sc_hd__a2bb2o_2'.
Generating RTLIL representation for module `\sky130_fd_sc_hd__a2bb2o_4'.
Generating RTLIL representation for module `\sky130_fd_sc_hd__a2bb2oi_1'.
Generating RTLIL representation for module `\sky130_fd_sc_hd__a2bb2oi_2'.
Generating RTLIL representation for module `\sky130_fd_sc_hd__a2bb2oi_4'.
Generating RTLIL representation for module `\sky130_fd_sc_hd__a311o_1'.
Generating RTLIL representation for module `\sky130_fd_sc_hd__a311o_2'.
Generating RTLIL representation for module `\sky130_fd_sc_hd__a311o_4'.
Generating RTLIL representation for module `\sky130_fd_sc_hd__a311oi_1'.
Generating RTLIL representation for module `\sky130_fd_sc_hd__a311oi_2'.
Generating RTLIL representation for module `\sky130_fd_sc_hd__a311oi_4'.
Generating RTLIL representation for module `\sky130_fd_sc_hd__a31o_1'.
Generating RTLIL representation for module `\sky130_fd_sc_hd__a31o_2'.
Generating RTLIL representation for module `\sky130_fd_sc_hd__a31o_4'.
Generating RTLIL representation for module `\sky130_fd_sc_hd__a31oi_1'.
Generating RTLIL representation for module `\sky130_fd_sc_hd__a31oi_2'.
Generating RTLIL representation for module `\sky130_fd_sc_hd__a31oi_4'.
Generating RTLIL representation for module `\sky130_fd_sc_hd__a32o_1'.
Generating RTLIL representation for module `\sky130_fd_sc_hd__a32o_2'.
Generating RTLIL representation for module `\sky130_fd_sc_hd__a32o_4'.
Generating RTLIL representation for module `\sky130_fd_sc_hd__a32oi_1'.
Generating RTLIL representation for module `\sky130_fd_sc_hd__a32oi_2'.
Generating RTLIL representation for module `\sky130_fd_sc_hd__a32oi_4'.
Generating RTLIL representation for module `\sky130_fd_sc_hd__a41o_1'.
Generating RTLIL representation for module `\sky130_fd_sc_hd__a41o_2'.
Generating RTLIL representation for module `\sky130_fd_sc_hd__a41o_4'.
Generating RTLIL representation for module `\sky130_fd_sc_hd__a41oi_1'.
Generating RTLIL representation for module `\sky130_fd_sc_hd__a41oi_2'.
Generating RTLIL representation for module `\sky130_fd_sc_hd__a41oi_4'.
Generating RTLIL representation for module `\sky130_fd_sc_hd__and2_0'.
Generating RTLIL representation for module `\sky130_fd_sc_hd__and2_1'.
Generating RTLIL representation for module `\sky130_fd_sc_hd__and2_2'.
Generating RTLIL representation for module `\sky130_fd_sc_hd__and2_4'.
Generating RTLIL representation for module `\sky130_fd_sc_hd__and2b_1'.
Generating RTLIL representation for module `\sky130_fd_sc_hd__and2b_2'.
Generating RTLIL representation for module `\sky130_fd_sc_hd__and2b_4'.
Generating RTLIL representation for module `\sky130_fd_sc_hd__and3_1'.
Generating RTLIL representation for module `\sky130_fd_sc_hd__and3_2'.
Generating RTLIL representation for module `\sky130_fd_sc_hd__and3_4'.
Generating RTLIL representation for module `\sky130_fd_sc_hd__and3b_1'.
Generating RTLIL representation for module `\sky130_fd_sc_hd__and3b_2'.
Generating RTLIL representation for module `\sky130_fd_sc_hd__and3b_4'.
Generating RTLIL representation for module `\sky130_fd_sc_hd__and4_1'.
Generating RTLIL representation for module `\sky130_fd_sc_hd__and4_2'.
Generating RTLIL representation for module `\sky130_fd_sc_hd__and4_4'.
Generating RTLIL representation for module `\sky130_fd_sc_hd__and4b_1'.
Generating RTLIL representation for module `\sky130_fd_sc_hd__and4b_2'.
Generating RTLIL representation for module `\sky130_fd_sc_hd__and4b_4'.
Generating RTLIL representation for module `\sky130_fd_sc_hd__and4bb_1'.
Generating RTLIL representation for module `\sky130_fd_sc_hd__and4bb_2'.
Generating RTLIL representation for module `\sky130_fd_sc_hd__and4bb_4'.
Generating RTLIL representation for module `\sky130_fd_sc_hd__buf_1'.
Generating RTLIL representation for module `\sky130_fd_sc_hd__buf_12'.
Generating RTLIL representation for module `\sky130_fd_sc_hd__buf_16'.
Generating RTLIL representation for module `\sky130_fd_sc_hd__buf_2'.
Generating RTLIL representation for module `\sky130_fd_sc_hd__buf_4'.
Generating RTLIL representation for module `\sky130_fd_sc_hd__buf_6'.
Generating RTLIL representation for module `\sky130_fd_sc_hd__buf_8'.
Generating RTLIL representation for module `\sky130_fd_sc_hd__bufbuf_16'.
Generating RTLIL representation for module `\sky130_fd_sc_hd__bufbuf_8'.
Generating RTLIL representation for module `\sky130_fd_sc_hd__bufinv_16'.
Generating RTLIL representation for module `\sky130_fd_sc_hd__bufinv_8'.
Generating RTLIL representation for module `\sky130_fd_sc_hd__clkbuf_1'.
Generating RTLIL representation for module `\sky130_fd_sc_hd__clkbuf_16'.
Generating RTLIL representation for module `\sky130_fd_sc_hd__clkbuf_2'.
Generating RTLIL representation for module `\sky130_fd_sc_hd__clkbuf_4'.
Generating RTLIL representation for module `\sky130_fd_sc_hd__clkbuf_8'.
Generating RTLIL representation for module `\sky130_fd_sc_hd__clkdlybuf4s15_1'.
Generating RTLIL representation for module `\sky130_fd_sc_hd__clkdlybuf4s15_2'.
Generating RTLIL representation for module `\sky130_fd_sc_hd__clkdlybuf4s18_1'.
Generating RTLIL representation for module `\sky130_fd_sc_hd__clkdlybuf4s18_2'.
Generating RTLIL representation for module `\sky130_fd_sc_hd__clkdlybuf4s25_1'.
Generating RTLIL representation for module `\sky130_fd_sc_hd__clkdlybuf4s25_2'.
Generating RTLIL representation for module `\sky130_fd_sc_hd__clkdlybuf4s50_1'.
Generating RTLIL representation for module `\sky130_fd_sc_hd__clkdlybuf4s50_2'.
Generating RTLIL representation for module `\sky130_fd_sc_hd__clkinv_1'.
Generating RTLIL representation for module `\sky130_fd_sc_hd__clkinv_16'.
Generating RTLIL representation for module `\sky130_fd_sc_hd__clkinv_2'.
Generating RTLIL representation for module `\sky130_fd_sc_hd__clkinv_4'.
Generating RTLIL representation for module `\sky130_fd_sc_hd__clkinv_8'.
Generating RTLIL representation for module `\sky130_fd_sc_hd__clkinvlp_2'.
Generating RTLIL representation for module `\sky130_fd_sc_hd__clkinvlp_4'.
Generating RTLIL representation for module `\sky130_fd_sc_hd__conb_1'.
Generating RTLIL representation for module `\sky130_fd_sc_hd__decap_12'.
Generating RTLIL representation for module `\sky130_fd_sc_hd__decap_3'.
Generating RTLIL representation for module `\sky130_fd_sc_hd__decap_4'.
Generating RTLIL representation for module `\sky130_fd_sc_hd__decap_6'.
Generating RTLIL representation for module `\sky130_fd_sc_hd__decap_8'.
Generating RTLIL representation for module `\sky130_fd_sc_hd__dfbbn_1'.
Generating RTLIL representation for module `\sky130_fd_sc_hd__dfbbn_2'.
Generating RTLIL representation for module `\sky130_fd_sc_hd__dfbbp_1'.
Generating RTLIL representation for module `\sky130_fd_sc_hd__dfrbp_1'.
Generating RTLIL representation for module `\sky130_fd_sc_hd__dfrbp_2'.
Generating RTLIL representation for module `\sky130_fd_sc_hd__dfrtn_1'.
Generating RTLIL representation for module `\sky130_fd_sc_hd__dfrtp_1'.
Generating RTLIL representation for module `\sky130_fd_sc_hd__dfrtp_2'.
Generating RTLIL representation for module `\sky130_fd_sc_hd__dfrtp_4'.
Generating RTLIL representation for module `\sky130_fd_sc_hd__dfsbp_1'.
Generating RTLIL representation for module `\sky130_fd_sc_hd__dfsbp_2'.
Generating RTLIL representation for module `\sky130_fd_sc_hd__dfstp_1'.
Generating RTLIL representation for module `\sky130_fd_sc_hd__dfstp_2'.
Generating RTLIL representation for module `\sky130_fd_sc_hd__dfstp_4'.
Generating RTLIL representation for module `\sky130_fd_sc_hd__dfxbp_1'.
Generating RTLIL representation for module `\sky130_fd_sc_hd__dfxbp_2'.
Generating RTLIL representation for module `\sky130_fd_sc_hd__dfxtp_1'.
Generating RTLIL representation for module `\sky130_fd_sc_hd__dfxtp_2'.
Generating RTLIL representation for module `\sky130_fd_sc_hd__dfxtp_4'.
Generating RTLIL representation for module `\sky130_fd_sc_hd__diode_2'.
Generating RTLIL representation for module `\sky130_fd_sc_hd__dlclkp_1'.
Generating RTLIL representation for module `\sky130_fd_sc_hd__dlclkp_2'.
Generating RTLIL representation for module `\sky130_fd_sc_hd__dlclkp_4'.
Generating RTLIL representation for module `\sky130_fd_sc_hd__dlrbn_1'.
Generating RTLIL representation for module `\sky130_fd_sc_hd__dlrbn_2'.
Generating RTLIL representation for module `\sky130_fd_sc_hd__dlrbp_1'.
Generating RTLIL representation for module `\sky130_fd_sc_hd__dlrbp_2'.
Generating RTLIL representation for module `\sky130_fd_sc_hd__dlrtn_1'.
Generating RTLIL representation for module `\sky130_fd_sc_hd__dlrtn_2'.
Generating RTLIL representation for module `\sky130_fd_sc_hd__dlrtn_4'.
Generating RTLIL representation for module `\sky130_fd_sc_hd__dlrtp_1'.
Generating RTLIL representation for module `\sky130_fd_sc_hd__dlrtp_2'.
Generating RTLIL representation for module `\sky130_fd_sc_hd__dlrtp_4'.
Generating RTLIL representation for module `\sky130_fd_sc_hd__dlxbn_1'.
Generating RTLIL representation for module `\sky130_fd_sc_hd__dlxbn_2'.
Generating RTLIL representation for module `\sky130_fd_sc_hd__dlxbp_1'.
Generating RTLIL representation for module `\sky130_fd_sc_hd__dlxtn_1'.
Generating RTLIL representation for module `\sky130_fd_sc_hd__dlxtn_2'.
Generating RTLIL representation for module `\sky130_fd_sc_hd__dlxtn_4'.
Generating RTLIL representation for module `\sky130_fd_sc_hd__dlxtp_1'.
Generating RTLIL representation for module `\sky130_fd_sc_hd__dlygate4sd1_1'.
Generating RTLIL representation for module `\sky130_fd_sc_hd__dlygate4sd2_1'.
Generating RTLIL representation for module `\sky130_fd_sc_hd__dlygate4sd3_1'.
Generating RTLIL representation for module `\sky130_fd_sc_hd__dlymetal6s2s_1'.
Generating RTLIL representation for module `\sky130_fd_sc_hd__dlymetal6s4s_1'.
Generating RTLIL representation for module `\sky130_fd_sc_hd__dlymetal6s6s_1'.
Generating RTLIL representation for module `\sky130_fd_sc_hd__ebufn_1'.
Generating RTLIL representation for module `\sky130_fd_sc_hd__ebufn_2'.
Generating RTLIL representation for module `\sky130_fd_sc_hd__ebufn_4'.
Generating RTLIL representation for module `\sky130_fd_sc_hd__ebufn_8'.
Generating RTLIL representation for module `\sky130_fd_sc_hd__edfxbp_1'.
Generating RTLIL representation for module `\sky130_fd_sc_hd__edfxtp_1'.
Generating RTLIL representation for module `\sky130_fd_sc_hd__einvn_0'.
Generating RTLIL representation for module `\sky130_fd_sc_hd__einvn_1'.
Generating RTLIL representation for module `\sky130_fd_sc_hd__einvn_2'.
Generating RTLIL representation for module `\sky130_fd_sc_hd__einvn_4'.
Generating RTLIL representation for module `\sky130_fd_sc_hd__einvn_8'.
Generating RTLIL representation for module `\sky130_fd_sc_hd__einvp_1'.
Generating RTLIL representation for module `\sky130_fd_sc_hd__einvp_2'.
Generating RTLIL representation for module `\sky130_fd_sc_hd__einvp_4'.
Generating RTLIL representation for module `\sky130_fd_sc_hd__einvp_8'.
Generating RTLIL representation for module `\sky130_fd_sc_hd__fa_1'.
Generating RTLIL representation for module `\sky130_fd_sc_hd__fa_2'.
Generating RTLIL representation for module `\sky130_fd_sc_hd__fa_4'.
Generating RTLIL representation for module `\sky130_fd_sc_hd__fah_1'.
Generating RTLIL representation for module `\sky130_fd_sc_hd__fahcin_1'.
Generating RTLIL representation for module `\sky130_fd_sc_hd__fahcon_1'.
Generating RTLIL representation for module `\sky130_fd_sc_hd__fill_1'.
Generating RTLIL representation for module `\sky130_fd_sc_hd__fill_2'.
Generating RTLIL representation for module `\sky130_fd_sc_hd__fill_4'.
Generating RTLIL representation for module `\sky130_fd_sc_hd__fill_8'.
Generating RTLIL representation for module `\sky130_fd_sc_hd__ha_1'.
Generating RTLIL representation for module `\sky130_fd_sc_hd__ha_2'.
Generating RTLIL representation for module `\sky130_fd_sc_hd__ha_4'.
Generating RTLIL representation for module `\sky130_fd_sc_hd__inv_1'.
Generating RTLIL representation for module `\sky130_fd_sc_hd__inv_12'.
Generating RTLIL representation for module `\sky130_fd_sc_hd__inv_16'.
Generating RTLIL representation for module `\sky130_fd_sc_hd__inv_2'.
Generating RTLIL representation for module `\sky130_fd_sc_hd__inv_4'.
Generating RTLIL representation for module `\sky130_fd_sc_hd__inv_6'.
Generating RTLIL representation for module `\sky130_fd_sc_hd__inv_8'.
Generating RTLIL representation for module `\sky130_fd_sc_hd__lpflow_bleeder_1'.
Generating RTLIL representation for module `\sky130_fd_sc_hd__lpflow_clkbufkapwr_1'.
Generating RTLIL representation for module `\sky130_fd_sc_hd__lpflow_clkbufkapwr_16'.
Generating RTLIL representation for module `\sky130_fd_sc_hd__lpflow_clkbufkapwr_2'.
Generating RTLIL representation for module `\sky130_fd_sc_hd__lpflow_clkbufkapwr_4'.
Generating RTLIL representation for module `\sky130_fd_sc_hd__lpflow_clkbufkapwr_8'.
Generating RTLIL representation for module `\sky130_fd_sc_hd__lpflow_clkinvkapwr_1'.
Generating RTLIL representation for module `\sky130_fd_sc_hd__lpflow_clkinvkapwr_16'.
Generating RTLIL representation for module `\sky130_fd_sc_hd__lpflow_clkinvkapwr_2'.
Generating RTLIL representation for module `\sky130_fd_sc_hd__lpflow_clkinvkapwr_4'.
Generating RTLIL representation for module `\sky130_fd_sc_hd__lpflow_clkinvkapwr_8'.
Generating RTLIL representation for module `\sky130_fd_sc_hd__lpflow_decapkapwr_12'.
Generating RTLIL representation for module `\sky130_fd_sc_hd__lpflow_decapkapwr_3'.
Generating RTLIL representation for module `\sky130_fd_sc_hd__lpflow_decapkapwr_4'.
Generating RTLIL representation for module `\sky130_fd_sc_hd__lpflow_decapkapwr_6'.
Generating RTLIL representation for module `\sky130_fd_sc_hd__lpflow_decapkapwr_8'.
Generating RTLIL representation for module `\sky130_fd_sc_hd__lpflow_inputiso0n_1'.
Generating RTLIL representation for module `\sky130_fd_sc_hd__lpflow_inputiso0p_1'.
Generating RTLIL representation for module `\sky130_fd_sc_hd__lpflow_inputiso1n_1'.
Generating RTLIL representation for module `\sky130_fd_sc_hd__lpflow_inputiso1p_1'.
Generating RTLIL representation for module `\sky130_fd_sc_hd__lpflow_inputisolatch_1'.
Generating RTLIL representation for module `\sky130_fd_sc_hd__lpflow_isobufsrc_1'.
Generating RTLIL representation for module `\sky130_fd_sc_hd__lpflow_isobufsrc_16'.
Generating RTLIL representation for module `\sky130_fd_sc_hd__lpflow_isobufsrc_2'.
Generating RTLIL representation for module `\sky130_fd_sc_hd__lpflow_isobufsrc_4'.
Generating RTLIL representation for module `\sky130_fd_sc_hd__lpflow_isobufsrc_8'.
Generating RTLIL representation for module `\sky130_fd_sc_hd__lpflow_isobufsrckapwr_16'.
Generating RTLIL representation for module `\sky130_fd_sc_hd__lpflow_lsbuf_lh_hl_isowell_tap_1'.
Generating RTLIL representation for module `\sky130_fd_sc_hd__lpflow_lsbuf_lh_hl_isowell_tap_2'.
Generating RTLIL representation for module `\sky130_fd_sc_hd__lpflow_lsbuf_lh_hl_isowell_tap_4'.
Generating RTLIL representation for module `\sky130_fd_sc_hd__lpflow_lsbuf_lh_isowell_4'.
Generating RTLIL representation for module `\sky130_fd_sc_hd__lpflow_lsbuf_lh_isowell_tap_1'.
Generating RTLIL representation for module `\sky130_fd_sc_hd__lpflow_lsbuf_lh_isowell_tap_2'.
Generating RTLIL representation for module `\sky130_fd_sc_hd__lpflow_lsbuf_lh_isowell_tap_4'.
Generating RTLIL representation for module `\sky130_fd_sc_hd__macro_sparecell'.
Generating RTLIL representation for module `\sky130_fd_sc_hd__maj3_1'.
Generating RTLIL representation for module `\sky130_fd_sc_hd__maj3_2'.
Generating RTLIL representation for module `\sky130_fd_sc_hd__maj3_4'.
Generating RTLIL representation for module `\sky130_fd_sc_hd__mux2_1'.
Generating RTLIL representation for module `\sky130_fd_sc_hd__mux2_2'.
Generating RTLIL representation for module `\sky130_fd_sc_hd__mux2_4'.
Generating RTLIL representation for module `\sky130_fd_sc_hd__mux2_8'.
Generating RTLIL representation for module `\sky130_fd_sc_hd__mux2i_1'.
Generating RTLIL representation for module `\sky130_fd_sc_hd__mux2i_2'.
Generating RTLIL representation for module `\sky130_fd_sc_hd__mux2i_4'.
Generating RTLIL representation for module `\sky130_fd_sc_hd__mux4_1'.
Generating RTLIL representation for module `\sky130_fd_sc_hd__mux4_2'.
Generating RTLIL representation for module `\sky130_fd_sc_hd__mux4_4'.
Generating RTLIL representation for module `\sky130_fd_sc_hd__nand2_1'.
Generating RTLIL representation for module `\sky130_fd_sc_hd__nand2_2'.
Generating RTLIL representation for module `\sky130_fd_sc_hd__nand2_4'.
Generating RTLIL representation for module `\sky130_fd_sc_hd__nand2_8'.
Generating RTLIL representation for module `\sky130_fd_sc_hd__nand2b_1'.
Generating RTLIL representation for module `\sky130_fd_sc_hd__nand2b_2'.
Generating RTLIL representation for module `\sky130_fd_sc_hd__nand2b_4'.
Generating RTLIL representation for module `\sky130_fd_sc_hd__nand3_1'.
Generating RTLIL representation for module `\sky130_fd_sc_hd__nand3_2'.
Generating RTLIL representation for module `\sky130_fd_sc_hd__nand3_4'.
Generating RTLIL representation for module `\sky130_fd_sc_hd__nand3b_1'.
Generating RTLIL representation for module `\sky130_fd_sc_hd__nand3b_2'.
Generating RTLIL representation for module `\sky130_fd_sc_hd__nand3b_4'.
Generating RTLIL representation for module `\sky130_fd_sc_hd__nand4_1'.
Generating RTLIL representation for module `\sky130_fd_sc_hd__nand4_2'.
Generating RTLIL representation for module `\sky130_fd_sc_hd__nand4_4'.
Generating RTLIL representation for module `\sky130_fd_sc_hd__nand4b_1'.
Generating RTLIL representation for module `\sky130_fd_sc_hd__nand4b_2'.
Generating RTLIL representation for module `\sky130_fd_sc_hd__nand4b_4'.
Generating RTLIL representation for module `\sky130_fd_sc_hd__nand4bb_1'.
Generating RTLIL representation for module `\sky130_fd_sc_hd__nand4bb_2'.
Generating RTLIL representation for module `\sky130_fd_sc_hd__nand4bb_4'.
Generating RTLIL representation for module `\sky130_fd_sc_hd__nor2_1'.
Generating RTLIL representation for module `\sky130_fd_sc_hd__nor2_2'.
Generating RTLIL representation for module `\sky130_fd_sc_hd__nor2_4'.
Generating RTLIL representation for module `\sky130_fd_sc_hd__nor2_8'.
Generating RTLIL representation for module `\sky130_fd_sc_hd__nor2b_1'.
Generating RTLIL representation for module `\sky130_fd_sc_hd__nor2b_2'.
Generating RTLIL representation for module `\sky130_fd_sc_hd__nor2b_4'.
Generating RTLIL representation for module `\sky130_fd_sc_hd__nor3_1'.
Generating RTLIL representation for module `\sky130_fd_sc_hd__nor3_2'.
Generating RTLIL representation for module `\sky130_fd_sc_hd__nor3_4'.
Generating RTLIL representation for module `\sky130_fd_sc_hd__nor3b_1'.
Generating RTLIL representation for module `\sky130_fd_sc_hd__nor3b_2'.
Generating RTLIL representation for module `\sky130_fd_sc_hd__nor3b_4'.
Generating RTLIL representation for module `\sky130_fd_sc_hd__nor4_1'.
Generating RTLIL representation for module `\sky130_fd_sc_hd__nor4_2'.
Generating RTLIL representation for module `\sky130_fd_sc_hd__nor4_4'.
Generating RTLIL representation for module `\sky130_fd_sc_hd__nor4b_1'.
Generating RTLIL representation for module `\sky130_fd_sc_hd__nor4b_2'.
Generating RTLIL representation for module `\sky130_fd_sc_hd__nor4b_4'.
Generating RTLIL representation for module `\sky130_fd_sc_hd__nor4bb_1'.
Generating RTLIL representation for module `\sky130_fd_sc_hd__nor4bb_2'.
Generating RTLIL representation for module `\sky130_fd_sc_hd__nor4bb_4'.
Generating RTLIL representation for module `\sky130_fd_sc_hd__o2111a_1'.
Generating RTLIL representation for module `\sky130_fd_sc_hd__o2111a_2'.
Generating RTLIL representation for module `\sky130_fd_sc_hd__o2111a_4'.
Generating RTLIL representation for module `\sky130_fd_sc_hd__o2111ai_1'.
Generating RTLIL representation for module `\sky130_fd_sc_hd__o2111ai_2'.
Generating RTLIL representation for module `\sky130_fd_sc_hd__o2111ai_4'.
Generating RTLIL representation for module `\sky130_fd_sc_hd__o211a_1'.
Generating RTLIL representation for module `\sky130_fd_sc_hd__o211a_2'.
Generating RTLIL representation for module `\sky130_fd_sc_hd__o211a_4'.
Generating RTLIL representation for module `\sky130_fd_sc_hd__o211ai_1'.
Generating RTLIL representation for module `\sky130_fd_sc_hd__o211ai_2'.
Generating RTLIL representation for module `\sky130_fd_sc_hd__o211ai_4'.
Generating RTLIL representation for module `\sky130_fd_sc_hd__o21a_1'.
Generating RTLIL representation for module `\sky130_fd_sc_hd__o21a_2'.
Generating RTLIL representation for module `\sky130_fd_sc_hd__o21a_4'.
Generating RTLIL representation for module `\sky130_fd_sc_hd__o21ai_0'.
Generating RTLIL representation for module `\sky130_fd_sc_hd__o21ai_1'.
Generating RTLIL representation for module `\sky130_fd_sc_hd__o21ai_2'.
Generating RTLIL representation for module `\sky130_fd_sc_hd__o21ai_4'.
Generating RTLIL representation for module `\sky130_fd_sc_hd__o21ba_1'.
Generating RTLIL representation for module `\sky130_fd_sc_hd__o21ba_2'.
Generating RTLIL representation for module `\sky130_fd_sc_hd__o21ba_4'.
Generating RTLIL representation for module `\sky130_fd_sc_hd__o21bai_1'.
Generating RTLIL representation for module `\sky130_fd_sc_hd__o21bai_2'.
Generating RTLIL representation for module `\sky130_fd_sc_hd__o21bai_4'.
Generating RTLIL representation for module `\sky130_fd_sc_hd__o221a_1'.
Generating RTLIL representation for module `\sky130_fd_sc_hd__o221a_2'.
Generating RTLIL representation for module `\sky130_fd_sc_hd__o221a_4'.
Generating RTLIL representation for module `\sky130_fd_sc_hd__o221ai_1'.
Generating RTLIL representation for module `\sky130_fd_sc_hd__o221ai_2'.
Generating RTLIL representation for module `\sky130_fd_sc_hd__o221ai_4'.
Generating RTLIL representation for module `\sky130_fd_sc_hd__o22a_1'.
Generating RTLIL representation for module `\sky130_fd_sc_hd__o22a_2'.
Generating RTLIL representation for module `\sky130_fd_sc_hd__o22a_4'.
Generating RTLIL representation for module `\sky130_fd_sc_hd__o22ai_1'.
Generating RTLIL representation for module `\sky130_fd_sc_hd__o22ai_2'.
Generating RTLIL representation for module `\sky130_fd_sc_hd__o22ai_4'.
Generating RTLIL representation for module `\sky130_fd_sc_hd__o2bb2a_1'.
Generating RTLIL representation for module `\sky130_fd_sc_hd__o2bb2a_2'.
Generating RTLIL representation for module `\sky130_fd_sc_hd__o2bb2a_4'.
Generating RTLIL representation for module `\sky130_fd_sc_hd__o2bb2ai_1'.
Generating RTLIL representation for module `\sky130_fd_sc_hd__o2bb2ai_2'.
Generating RTLIL representation for module `\sky130_fd_sc_hd__o2bb2ai_4'.
Generating RTLIL representation for module `\sky130_fd_sc_hd__o311a_1'.
Generating RTLIL representation for module `\sky130_fd_sc_hd__o311a_2'.
Generating RTLIL representation for module `\sky130_fd_sc_hd__o311a_4'.
Generating RTLIL representation for module `\sky130_fd_sc_hd__o311ai_0'.
Generating RTLIL representation for module `\sky130_fd_sc_hd__o311ai_1'.
Generating RTLIL representation for module `\sky130_fd_sc_hd__o311ai_2'.
Generating RTLIL representation for module `\sky130_fd_sc_hd__o311ai_4'.
Generating RTLIL representation for module `\sky130_fd_sc_hd__o31a_1'.
Generating RTLIL representation for module `\sky130_fd_sc_hd__o31a_2'.
Generating RTLIL representation for module `\sky130_fd_sc_hd__o31a_4'.
Generating RTLIL representation for module `\sky130_fd_sc_hd__o31ai_1'.
Generating RTLIL representation for module `\sky130_fd_sc_hd__o31ai_2'.
Generating RTLIL representation for module `\sky130_fd_sc_hd__o31ai_4'.
Generating RTLIL representation for module `\sky130_fd_sc_hd__o32a_1'.
Generating RTLIL representation for module `\sky130_fd_sc_hd__o32a_2'.
Generating RTLIL representation for module `\sky130_fd_sc_hd__o32a_4'.
Generating RTLIL representation for module `\sky130_fd_sc_hd__o32ai_1'.
Generating RTLIL representation for module `\sky130_fd_sc_hd__o32ai_2'.
Generating RTLIL representation for module `\sky130_fd_sc_hd__o32ai_4'.
Generating RTLIL representation for module `\sky130_fd_sc_hd__o41a_1'.
Generating RTLIL representation for module `\sky130_fd_sc_hd__o41a_2'.
Generating RTLIL representation for module `\sky130_fd_sc_hd__o41a_4'.
Generating RTLIL representation for module `\sky130_fd_sc_hd__o41ai_1'.
Generating RTLIL representation for module `\sky130_fd_sc_hd__o41ai_2'.
Generating RTLIL representation for module `\sky130_fd_sc_hd__o41ai_4'.
Generating RTLIL representation for module `\sky130_fd_sc_hd__or2_0'.
Generating RTLIL representation for module `\sky130_fd_sc_hd__or2_1'.
Generating RTLIL representation for module `\sky130_fd_sc_hd__or2_2'.
Generating RTLIL representation for module `\sky130_fd_sc_hd__or2_4'.
Generating RTLIL representation for module `\sky130_fd_sc_hd__or2b_1'.
Generating RTLIL representation for module `\sky130_fd_sc_hd__or2b_2'.
Generating RTLIL representation for module `\sky130_fd_sc_hd__or2b_4'.
Generating RTLIL representation for module `\sky130_fd_sc_hd__or3_1'.
Generating RTLIL representation for module `\sky130_fd_sc_hd__or3_2'.
Generating RTLIL representation for module `\sky130_fd_sc_hd__or3_4'.
Generating RTLIL representation for module `\sky130_fd_sc_hd__or3b_1'.
Generating RTLIL representation for module `\sky130_fd_sc_hd__or3b_2'.
Generating RTLIL representation for module `\sky130_fd_sc_hd__or3b_4'.
Generating RTLIL representation for module `\sky130_fd_sc_hd__or4_1'.
Generating RTLIL representation for module `\sky130_fd_sc_hd__or4_2'.
Generating RTLIL representation for module `\sky130_fd_sc_hd__or4_4'.
Generating RTLIL representation for module `\sky130_fd_sc_hd__or4b_1'.
Generating RTLIL representation for module `\sky130_fd_sc_hd__or4b_2'.
Generating RTLIL representation for module `\sky130_fd_sc_hd__or4b_4'.
Generating RTLIL representation for module `\sky130_fd_sc_hd__or4bb_1'.
Generating RTLIL representation for module `\sky130_fd_sc_hd__or4bb_2'.
Generating RTLIL representation for module `\sky130_fd_sc_hd__or4bb_4'.
Generating RTLIL representation for module `\sky130_fd_sc_hd__probe_p_8'.
Generating RTLIL representation for module `\sky130_fd_sc_hd__probec_p_8'.
Generating RTLIL representation for module `\sky130_fd_sc_hd__sdfbbn_1'.
Generating RTLIL representation for module `\sky130_fd_sc_hd__sdfbbn_2'.
Generating RTLIL representation for module `\sky130_fd_sc_hd__sdfbbp_1'.
Generating RTLIL representation for module `\sky130_fd_sc_hd__sdfrbp_1'.
Generating RTLIL representation for module `\sky130_fd_sc_hd__sdfrbp_2'.
Generating RTLIL representation for module `\sky130_fd_sc_hd__sdfrtn_1'.
Generating RTLIL representation for module `\sky130_fd_sc_hd__sdfrtp_1'.
Generating RTLIL representation for module `\sky130_fd_sc_hd__sdfrtp_2'.
Generating RTLIL representation for module `\sky130_fd_sc_hd__sdfrtp_4'.
Generating RTLIL representation for module `\sky130_fd_sc_hd__sdfsbp_1'.
Generating RTLIL representation for module `\sky130_fd_sc_hd__sdfsbp_2'.
Generating RTLIL representation for module `\sky130_fd_sc_hd__sdfstp_1'.
Generating RTLIL representation for module `\sky130_fd_sc_hd__sdfstp_2'.
Generating RTLIL representation for module `\sky130_fd_sc_hd__sdfstp_4'.
Generating RTLIL representation for module `\sky130_fd_sc_hd__sdfxbp_1'.
Generating RTLIL representation for module `\sky130_fd_sc_hd__sdfxbp_2'.
Generating RTLIL representation for module `\sky130_fd_sc_hd__sdfxtp_1'.
Generating RTLIL representation for module `\sky130_fd_sc_hd__sdfxtp_2'.
Generating RTLIL representation for module `\sky130_fd_sc_hd__sdfxtp_4'.
Generating RTLIL representation for module `\sky130_fd_sc_hd__sdlclkp_1'.
Generating RTLIL representation for module `\sky130_fd_sc_hd__sdlclkp_2'.
Generating RTLIL representation for module `\sky130_fd_sc_hd__sdlclkp_4'.
Generating RTLIL representation for module `\sky130_fd_sc_hd__sedfxbp_1'.
Generating RTLIL representation for module `\sky130_fd_sc_hd__sedfxbp_2'.
Generating RTLIL representation for module `\sky130_fd_sc_hd__sedfxtp_1'.
Generating RTLIL representation for module `\sky130_fd_sc_hd__sedfxtp_2'.
Generating RTLIL representation for module `\sky130_fd_sc_hd__sedfxtp_4'.
Generating RTLIL representation for module `\sky130_fd_sc_hd__tap_1'.
Generating RTLIL representation for module `\sky130_fd_sc_hd__tap_2'.
Generating RTLIL representation for module `\sky130_fd_sc_hd__tapvgnd2_1'.
Generating RTLIL representation for module `\sky130_fd_sc_hd__tapvgnd_1'.
Generating RTLIL representation for module `\sky130_fd_sc_hd__tapvpwrvgnd_1'.
Generating RTLIL representation for module `\sky130_fd_sc_hd__xnor2_1'.
Generating RTLIL representation for module `\sky130_fd_sc_hd__xnor2_2'.
Generating RTLIL representation for module `\sky130_fd_sc_hd__xnor2_4'.
Generating RTLIL representation for module `\sky130_fd_sc_hd__xnor3_1'.
Generating RTLIL representation for module `\sky130_fd_sc_hd__xnor3_2'.
Generating RTLIL representation for module `\sky130_fd_sc_hd__xnor3_4'.
Generating RTLIL representation for module `\sky130_fd_sc_hd__xor2_1'.
Generating RTLIL representation for module `\sky130_fd_sc_hd__xor2_2'.
Generating RTLIL representation for module `\sky130_fd_sc_hd__xor2_4'.
Generating RTLIL representation for module `\sky130_fd_sc_hd__xor3_1'.
Generating RTLIL representation for module `\sky130_fd_sc_hd__xor3_2'.
Generating RTLIL representation for module `\sky130_fd_sc_hd__xor3_4'.
Successfully finished Verilog frontend.

2. Executing Verilog-2005 frontend: /home/george-sleen/Documents/projects/sailbot-hackathon/asic-flow/rtl/yolo26n_top_emergency.v
Parsing SystemVerilog input from `/home/george-sleen/Documents/projects/sailbot-hackathon/asic-flow/rtl/yolo26n_top_emergency.v' to AST representation.
Storing AST representation for module `$abstract\yolo26n_top'.
Successfully finished Verilog frontend.

3. Executing HIERARCHY pass (managing design hierarchy).

4. Executing AST frontend in derive mode using pre-parsed AST for module `\yolo26n_top'.
Generating RTLIL representation for module `\yolo26n_top'.

4.1. Analyzing design hierarchy..
Top module:  \yolo26n_top

4.2. Analyzing design hierarchy..
Top module:  \yolo26n_top
Removing unused module `$abstract\yolo26n_top'.
Removed 1 unused modules.
Renaming module yolo26n_top to yolo26n_top.

5. Executing PROC pass (convert processes to netlists).

5.1. Executing PROC_CLEAN pass (remove empty switches from decision trees).
Cleaned up 0 empty switches.

5.2. Executing PROC_RMDEAD pass (remove dead branches from decision trees).
Marked 5 switch rules as full_case in process $proc$/home/george-sleen/Documents/projects/sailbot-hackathon/asic-flow/rtl/yolo26n_top_emergency.v:29$21 in module yolo26n_top.
Removed a total of 0 dead cases.

5.3. Executing PROC_PRUNE pass (remove redundant assignments in processes).
Removed 1 redundant assignment.
Promoted 18 assignments to connections.

5.4. Executing PROC_INIT pass (extract init attributes).

5.5. Executing PROC_ARST pass (detect async resets in processes).

5.6. Executing PROC_ROM pass (convert switches to ROMs).
Converted 0 switches.
<suppressed ~5 debug messages>

5.7. Executing PROC_MUX pass (convert decision trees to multiplexers).
Creating decoders for process `\yolo26n_top.$proc$/home/george-sleen/Documents/projects/sailbot-hackathon/asic-flow/rtl/yolo26n_top_emergency.v:29$21'.
     1/43: $4$memwr$\scratch$/home/george-sleen/Documents/projects/sailbot-hackathon/asic-flow/rtl/yolo26n_top_emergency.v:57$13_EN[31:0]$83
     2/43: $4$memwr$\scratch$/home/george-sleen/Documents/projects/sailbot-hackathon/asic-flow/rtl/yolo26n_top_emergency.v:57$13_DATA[31:0]$82
     3/43: $4$memwr$\scratch$/home/george-sleen/Documents/projects/sailbot-hackathon/asic-flow/rtl/yolo26n_top_emergency.v:56$12_EN[31:0]$81
     4/43: $4$memwr$\scratch$/home/george-sleen/Documents/projects/sailbot-hackathon/asic-flow/rtl/yolo26n_top_emergency.v:56$12_DATA[31:0]$80
     5/43: $4$memwr$\scratch$/home/george-sleen/Documents/projects/sailbot-hackathon/asic-flow/rtl/yolo26n_top_emergency.v:55$11_EN[31:0]$79
     6/43: $4$memwr$\scratch$/home/george-sleen/Documents/projects/sailbot-hackathon/asic-flow/rtl/yolo26n_top_emergency.v:55$11_DATA[31:0]$78
     7/43: $3$memwr$\scratch$/home/george-sleen/Documents/projects/sailbot-hackathon/asic-flow/rtl/yolo26n_top_emergency.v:57$13_EN[31:0]$74
     8/43: $3$memwr$\scratch$/home/george-sleen/Documents/projects/sailbot-hackathon/asic-flow/rtl/yolo26n_top_emergency.v:57$13_DATA[31:0]$73
     9/43: $3$memwr$\scratch$/home/george-sleen/Documents/projects/sailbot-hackathon/asic-flow/rtl/yolo26n_top_emergency.v:56$12_EN[31:0]$72
    10/43: $3$memwr$\scratch$/home/george-sleen/Documents/projects/sailbot-hackathon/asic-flow/rtl/yolo26n_top_emergency.v:56$12_DATA[31:0]$71
    11/43: $3$memwr$\scratch$/home/george-sleen/Documents/projects/sailbot-hackathon/asic-flow/rtl/yolo26n_top_emergency.v:55$11_EN[31:0]$70
    12/43: $3$memwr$\scratch$/home/george-sleen/Documents/projects/sailbot-hackathon/asic-flow/rtl/yolo26n_top_emergency.v:55$11_DATA[31:0]$69
    13/43: $2$memwr$\scratch$/home/george-sleen/Documents/projects/sailbot-hackathon/asic-flow/rtl/yolo26n_top_emergency.v:57$13_EN[31:0]$68
    14/43: $2$memwr$\scratch$/home/george-sleen/Documents/projects/sailbot-hackathon/asic-flow/rtl/yolo26n_top_emergency.v:57$13_DATA[31:0]$67
    15/43: $2$memwr$\scratch$/home/george-sleen/Documents/projects/sailbot-hackathon/asic-flow/rtl/yolo26n_top_emergency.v:56$12_EN[31:0]$66
    16/43: $2$memwr$\scratch$/home/george-sleen/Documents/projects/sailbot-hackathon/asic-flow/rtl/yolo26n_top_emergency.v:56$12_DATA[31:0]$65
    17/43: $2$memwr$\scratch$/home/george-sleen/Documents/projects/sailbot-hackathon/asic-flow/rtl/yolo26n_top_emergency.v:55$11_EN[31:0]$64
    18/43: $2$memwr$\scratch$/home/george-sleen/Documents/projects/sailbot-hackathon/asic-flow/rtl/yolo26n_top_emergency.v:55$11_DATA[31:0]$63
    19/43: $2$memwr$\scratch$/home/george-sleen/Documents/projects/sailbot-hackathon/asic-flow/rtl/yolo26n_top_emergency.v:42$10_EN[31:0]$60
    20/43: $2$memwr$\scratch$/home/george-sleen/Documents/projects/sailbot-hackathon/asic-flow/rtl/yolo26n_top_emergency.v:42$10_DATA[31:0]$59
    21/43: $2$memwr$\scratch$/home/george-sleen/Documents/projects/sailbot-hackathon/asic-flow/rtl/yolo26n_top_emergency.v:42$10_ADDR[2:0]$58
    22/43: $1\i[31:0]
    23/43: $1$memwr$\scratch$/home/george-sleen/Documents/projects/sailbot-hackathon/asic-flow/rtl/yolo26n_top_emergency.v:36$9_EN[31:0]$46
    24/43: $1$memwr$\scratch$/home/george-sleen/Documents/projects/sailbot-hackathon/asic-flow/rtl/yolo26n_top_emergency.v:36$8_EN[31:0]$45
    25/43: $1$memwr$\scratch$/home/george-sleen/Documents/projects/sailbot-hackathon/asic-flow/rtl/yolo26n_top_emergency.v:36$7_EN[31:0]$44
    26/43: $1$memwr$\scratch$/home/george-sleen/Documents/projects/sailbot-hackathon/asic-flow/rtl/yolo26n_top_emergency.v:36$6_EN[31:0]$43
    27/43: $1$memwr$\scratch$/home/george-sleen/Documents/projects/sailbot-hackathon/asic-flow/rtl/yolo26n_top_emergency.v:36$5_EN[31:0]$42
    28/43: $1$memwr$\scratch$/home/george-sleen/Documents/projects/sailbot-hackathon/asic-flow/rtl/yolo26n_top_emergency.v:36$4_EN[31:0]$41
    29/43: $1$memwr$\scratch$/home/george-sleen/Documents/projects/sailbot-hackathon/asic-flow/rtl/yolo26n_top_emergency.v:36$3_EN[31:0]$40
    30/43: $1$memwr$\scratch$/home/george-sleen/Documents/projects/sailbot-hackathon/asic-flow/rtl/yolo26n_top_emergency.v:36$2_EN[31:0]$39
    31/43: $0\done[0:0]
    32/43: $1$memwr$\scratch$/home/george-sleen/Documents/projects/sailbot-hackathon/asic-flow/rtl/yolo26n_top_emergency.v:57$13_EN[31:0]$55
    33/43: $1$memwr$\scratch$/home/george-sleen/Documents/projects/sailbot-hackathon/asic-flow/rtl/yolo26n_top_emergency.v:57$13_DATA[31:0]$54
    34/43: $1$memwr$\scratch$/home/george-sleen/Documents/projects/sailbot-hackathon/asic-flow/rtl/yolo26n_top_emergency.v:56$12_EN[31:0]$53
    35/43: $1$memwr$\scratch$/home/george-sleen/Documents/projects/sailbot-hackathon/asic-flow/rtl/yolo26n_top_emergency.v:56$12_DATA[31:0]$52
    36/43: $1$memwr$\scratch$/home/george-sleen/Documents/projects/sailbot-hackathon/asic-flow/rtl/yolo26n_top_emergency.v:55$11_EN[31:0]$51
    37/43: $1$memwr$\scratch$/home/george-sleen/Documents/projects/sailbot-hackathon/asic-flow/rtl/yolo26n_top_emergency.v:55$11_DATA[31:0]$50
    38/43: $1$memwr$\scratch$/home/george-sleen/Documents/projects/sailbot-hackathon/asic-flow/rtl/yolo26n_top_emergency.v:42$10_EN[31:0]$49
    39/43: $1$memwr$\scratch$/home/george-sleen/Documents/projects/sailbot-hackathon/asic-flow/rtl/yolo26n_top_emergency.v:42$10_DATA[31:0]$48
    40/43: $1$memwr$\scratch$/home/george-sleen/Documents/projects/sailbot-hackathon/asic-flow/rtl/yolo26n_top_emergency.v:42$10_ADDR[2:0]$47
    41/43: $0\cycle_count[3:0]
    42/43: $0\stage_reg[4:0]
    43/43: $0\running[0:0]

5.8. Executing PROC_DLATCH pass (convert process syncs to latches).

5.9. Executing PROC_DFF pass (convert process syncs to FFs).
Creating register for signal `\yolo26n_top.\done' using process `\yolo26n_top.$proc$/home/george-sleen/Documents/projects/sailbot-hackathon/asic-flow/rtl/yolo26n_top_emergency.v:29$21'.
  created $dff cell `$procdff$365' with positive edge clock.
Creating register for signal `\yolo26n_top.\running' using process `\yolo26n_top.$proc$/home/george-sleen/Documents/projects/sailbot-hackathon/asic-flow/rtl/yolo26n_top_emergency.v:29$21'.
  created $dff cell `$procdff$366' with positive edge clock.
Creating register for signal `\yolo26n_top.\stage_reg' using process `\yolo26n_top.$proc$/home/george-sleen/Documents/projects/sailbot-hackathon/asic-flow/rtl/yolo26n_top_emergency.v:29$21'.
  created $dff cell `$procdff$367' with positive edge clock.
Creating register for signal `\yolo26n_top.\cycle_count' using process `\yolo26n_top.$proc$/home/george-sleen/Documents/projects/sailbot-hackathon/asic-flow/rtl/yolo26n_top_emergency.v:29$21'.
  created $dff cell `$procdff$368' with positive edge clock.
Creating register for signal `\yolo26n_top.\i' using process `\yolo26n_top.$proc$/home/george-sleen/Documents/projects/sailbot-hackathon/asic-flow/rtl/yolo26n_top_emergency.v:29$21'.
  created $dff cell `$procdff$369' with positive edge clock.
Creating register for signal `\yolo26n_top.$memwr$\scratch$/home/george-sleen/Documents/projects/sailbot-hackathon/asic-flow/rtl/yolo26n_top_emergency.v:36$2_EN' using process `\yolo26n_top.$proc$/home/george-sleen/Documents/projects/sailbot-hackathon/asic-flow/rtl/yolo26n_top_emergency.v:29$21'.
  created $dff cell `$procdff$370' with positive edge clock.
Creating register for signal `\yolo26n_top.$memwr$\scratch$/home/george-sleen/Documents/projects/sailbot-hackathon/asic-flow/rtl/yolo26n_top_emergency.v:36$3_EN' using process `\yolo26n_top.$proc$/home/george-sleen/Documents/projects/sailbot-hackathon/asic-flow/rtl/yolo26n_top_emergency.v:29$21'.
  created $dff cell `$procdff$371' with positive edge clock.
Creating register for signal `\yolo26n_top.$memwr$\scratch$/home/george-sleen/Documents/projects/sailbot-hackathon/asic-flow/rtl/yolo26n_top_emergency.v:36$4_EN' using process `\yolo26n_top.$proc$/home/george-sleen/Documents/projects/sailbot-hackathon/asic-flow/rtl/yolo26n_top_emergency.v:29$21'.
  created $dff cell `$procdff$372' with positive edge clock.
Creating register for signal `\yolo26n_top.$memwr$\scratch$/home/george-sleen/Documents/projects/sailbot-hackathon/asic-flow/rtl/yolo26n_top_emergency.v:36$5_EN' using process `\yolo26n_top.$proc$/home/george-sleen/Documents/projects/sailbot-hackathon/asic-flow/rtl/yolo26n_top_emergency.v:29$21'.
  created $dff cell `$procdff$373' with positive edge clock.
Creating register for signal `\yolo26n_top.$memwr$\scratch$/home/george-sleen/Documents/projects/sailbot-hackathon/asic-flow/rtl/yolo26n_top_emergency.v:36$6_EN' using process `\yolo26n_top.$proc$/home/george-sleen/Documents/projects/sailbot-hackathon/asic-flow/rtl/yolo26n_top_emergency.v:29$21'.
  created $dff cell `$procdff$374' with positive edge clock.
Creating register for signal `\yolo26n_top.$memwr$\scratch$/home/george-sleen/Documents/projects/sailbot-hackathon/asic-flow/rtl/yolo26n_top_emergency.v:36$7_EN' using process `\yolo26n_top.$proc$/home/george-sleen/Documents/projects/sailbot-hackathon/asic-flow/rtl/yolo26n_top_emergency.v:29$21'.
  created $dff cell `$procdff$375' with positive edge clock.
Creating register for signal `\yolo26n_top.$memwr$\scratch$/home/george-sleen/Documents/projects/sailbot-hackathon/asic-flow/rtl/yolo26n_top_emergency.v:36$8_EN' using process `\yolo26n_top.$proc$/home/george-sleen/Documents/projects/sailbot-hackathon/asic-flow/rtl/yolo26n_top_emergency.v:29$21'.
  created $dff cell `$procdff$376' with positive edge clock.
Creating register for signal `\yolo26n_top.$memwr$\scratch$/home/george-sleen/Documents/projects/sailbot-hackathon/asic-flow/rtl/yolo26n_top_emergency.v:36$9_EN' using process `\yolo26n_top.$proc$/home/george-sleen/Documents/projects/sailbot-hackathon/asic-flow/rtl/yolo26n_top_emergency.v:29$21'.
  created $dff cell `$procdff$377' with positive edge clock.
Creating register for signal `\yolo26n_top.$memwr$\scratch$/home/george-sleen/Documents/projects/sailbot-hackathon/asic-flow/rtl/yolo26n_top_emergency.v:42$10_ADDR' using process `\yolo26n_top.$proc$/home/george-sleen/Documents/projects/sailbot-hackathon/asic-flow/rtl/yolo26n_top_emergency.v:29$21'.
  created $dff cell `$procdff$378' with positive edge clock.
Creating register for signal `\yolo26n_top.$memwr$\scratch$/home/george-sleen/Documents/projects/sailbot-hackathon/asic-flow/rtl/yolo26n_top_emergency.v:42$10_DATA' using process `\yolo26n_top.$proc$/home/george-sleen/Documents/projects/sailbot-hackathon/asic-flow/rtl/yolo26n_top_emergency.v:29$21'.
  created $dff cell `$procdff$379' with positive edge clock.
Creating register for signal `\yolo26n_top.$memwr$\scratch$/home/george-sleen/Documents/projects/sailbot-hackathon/asic-flow/rtl/yolo26n_top_emergency.v:42$10_EN' using process `\yolo26n_top.$proc$/home/george-sleen/Documents/projects/sailbot-hackathon/asic-flow/rtl/yolo26n_top_emergency.v:29$21'.
  created $dff cell `$procdff$380' with positive edge clock.
Creating register for signal `\yolo26n_top.$memwr$\scratch$/home/george-sleen/Documents/projects/sailbot-hackathon/asic-flow/rtl/yolo26n_top_emergency.v:55$11_DATA' using process `\yolo26n_top.$proc$/home/george-sleen/Documents/projects/sailbot-hackathon/asic-flow/rtl/yolo26n_top_emergency.v:29$21'.
  created $dff cell `$procdff$381' with positive edge clock.
Creating register for signal `\yolo26n_top.$memwr$\scratch$/home/george-sleen/Documents/projects/sailbot-hackathon/asic-flow/rtl/yolo26n_top_emergency.v:55$11_EN' using process `\yolo26n_top.$proc$/home/george-sleen/Documents/projects/sailbot-hackathon/asic-flow/rtl/yolo26n_top_emergency.v:29$21'.
  created $dff cell `$procdff$382' with positive edge clock.
Creating register for signal `\yolo26n_top.$memwr$\scratch$/home/george-sleen/Documents/projects/sailbot-hackathon/asic-flow/rtl/yolo26n_top_emergency.v:56$12_DATA' using process `\yolo26n_top.$proc$/home/george-sleen/Documents/projects/sailbot-hackathon/asic-flow/rtl/yolo26n_top_emergency.v:29$21'.
  created $dff cell `$procdff$383' with positive edge clock.
Creating register for signal `\yolo26n_top.$memwr$\scratch$/home/george-sleen/Documents/projects/sailbot-hackathon/asic-flow/rtl/yolo26n_top_emergency.v:56$12_EN' using process `\yolo26n_top.$proc$/home/george-sleen/Documents/projects/sailbot-hackathon/asic-flow/rtl/yolo26n_top_emergency.v:29$21'.
  created $dff cell `$procdff$384' with positive edge clock.
Creating register for signal `\yolo26n_top.$memwr$\scratch$/home/george-sleen/Documents/projects/sailbot-hackathon/asic-flow/rtl/yolo26n_top_emergency.v:57$13_DATA' using process `\yolo26n_top.$proc$/home/george-sleen/Documents/projects/sailbot-hackathon/asic-flow/rtl/yolo26n_top_emergency.v:29$21'.
  created $dff cell `$procdff$385' with positive edge clock.
Creating register for signal `\yolo26n_top.$memwr$\scratch$/home/george-sleen/Documents/projects/sailbot-hackathon/asic-flow/rtl/yolo26n_top_emergency.v:57$13_EN' using process `\yolo26n_top.$proc$/home/george-sleen/Documents/projects/sailbot-hackathon/asic-flow/rtl/yolo26n_top_emergency.v:29$21'.
  created $dff cell `$procdff$386' with positive edge clock.

5.10. Executing PROC_MEMWR pass (convert process memory writes to cells).

5.11. Executing PROC_CLEAN pass (remove empty switches from decision trees).
Found and cleaned up 5 empty switches in `\yolo26n_top.$proc$/home/george-sleen/Documents/projects/sailbot-hackathon/asic-flow/rtl/yolo26n_top_emergency.v:29$21'.
Removing empty process `yolo26n_top.$proc$/home/george-sleen/Documents/projects/sailbot-hackathon/asic-flow/rtl/yolo26n_top_emergency.v:29$21'.
Cleaned up 5 empty switches.

5.12. Executing OPT_EXPR pass (perform const folding).
Optimizing module yolo26n_top.
<suppressed ~2 debug messages>

6. Executing FLATTEN pass (flatten design).

7. Executing OPT_CLEAN pass (remove unused cells and wires).
Finding unused cells or wires in module \yolo26n_top..
Removed 19 unused cells and 175 unused wires.
<suppressed ~23 debug messages>
