Reading timing models for corner nom_tt_025C_1v80…
Reading timing library for the 'nom_tt_025C_1v80' corner at '/home/george-sleen/.ciel/ciel/sky130/versions/0fe599b2afb6708d281543108caf8310912f54af/sky130A/libs.ref/sky130_fd_sc_hd/lib/sky130_fd_sc_hd__tt_025C_1v80.lib'…
Reading timing models for corner nom_ff_n40C_1v95…
Reading timing library for the 'nom_ff_n40C_1v95' corner at '/home/george-sleen/.ciel/ciel/sky130/versions/0fe599b2afb6708d281543108caf8310912f54af/sky130A/libs.ref/sky130_fd_sc_hd/lib/sky130_fd_sc_hd__ff_n40C_1v95.lib'…
Reading timing models for corner nom_ss_100C_1v60…
Reading timing library for the 'nom_ss_100C_1v60' corner at '/home/george-sleen/.ciel/ciel/sky130/versions/0fe599b2afb6708d281543108caf8310912f54af/sky130A/libs.ref/sky130_fd_sc_hd/lib/sky130_fd_sc_hd__ss_100C_1v60.lib'…
Reading OpenROAD database at '/home/george-sleen/Documents/projects/sailbot-hackathon/asic-flow/spm-user_project_wrapper/runs/RUN_2026-03-21_16-46-02/27-openroad-globalplacement/SPM_example.odb'…
Reading design constraints file at '/nix/store/3j7sk634lffssphph2cw5y1zqr0www5z-python3-3.11.9-env/lib/python3.11/site-packages/librelane/scripts/base.sdc'…
[INFO] Using clock wb_clk_i…
[INFO] Setting output delay to: 5
[INFO] Setting input delay to: 5
[INFO] Setting load to: 0.033442
[INFO] Setting clock uncertainty to: 0.25
[INFO] Setting clock transition to: 0.1499999999999999944488848768742172978818416595458984375
[INFO] Setting timing derate to: 5%
[INFO] Setting RC values…
[INFO RSZ-0027] Inserted 68 input buffers.
[INFO RSZ-0028] Inserted 71 output buffers.
[INFO RSZ-0058] Using max wire length 5786um.
Iteration | Resized | Buffers | Nets repaired | Remaining
---------------------------------------------------------
        0 |       0 |       0 |             0 |      1852
      100 |      97 |       0 |             0 |      1752
      200 |     203 |      10 |             5 |      1652
      300 |     280 |      23 |            11 |      1552
      400 |     381 |      29 |            13 |      1452
      500 |     423 |      31 |            15 |      1352
      600 |     505 |      31 |            15 |      1252
      700 |     618 |      44 |            16 |      1152
      800 |     714 |      52 |            17 |      1052
      900 |     775 |      52 |            56 |       952
     1000 |     775 |      52 |           156 |       852
     1100 |     798 |      53 |           219 |       752
     1200 |     863 |      86 |           220 |       652
     1300 |     863 |      86 |           220 |       552
     1400 |     863 |      86 |           220 |       452
     1500 |     863 |      86 |           220 |       352
     1600 |     863 |      86 |           220 |       252
     1700 |     863 |      86 |           220 |       152
     1800 |     863 |      86 |           220 |        52
    final |     863 |      86 |           220 |         0
---------------------------------------------------------
[INFO RSZ-0034] Found 207 slew violations.
[INFO RSZ-0035] Found 14 fanout violations.
[INFO RSZ-0038] Inserted 86 buffers in 220 nets.
[INFO RSZ-0039] Resized 863 instances.
[INFO RSZ-0042] Inserted 169 tie sky130_fd_sc_hd__conb_1 instances.
Placement Analysis
---------------------------------
total displacement       2515.0 u
average displacement        0.4 u
max displacement            7.1 u
original HPWL           52609.8 u
legalized HPWL          54217.0 u
delta HPWL                    3 %

[INFO DPL-0020] Mirrored 610 instances
[INFO DPL-0021] HPWL before           54217.0 u
[INFO DPL-0022] HPWL after            53286.1 u
[INFO DPL-0023] HPWL delta               -1.7 %
[INFO] Setting RC values…
Setting global connections for newly added cells…
[INFO] Setting global connections...
Updating metrics…
Cell type report:                       Count       Area
  Fill cell                               424    1591.53
  Tap cell                               4815    6024.53
  Buffer                                   38     142.64
  Timing Repair Buffer                    225    1318.76
  Inverter                                211     792.01
  Sequential cell                         234    5709.23
  Multi-Input combinational cell          694    5088.63
  Total                                  6641   20667.32
Writing OpenROAD database to '/home/george-sleen/Documents/projects/sailbot-hackathon/asic-flow/spm-user_project_wrapper/runs/RUN_2026-03-21_16-46-02/31-openroad-repairdesignpostgpl/SPM_example.odb'…
Writing netlist to '/home/george-sleen/Documents/projects/sailbot-hackathon/asic-flow/spm-user_project_wrapper/runs/RUN_2026-03-21_16-46-02/31-openroad-repairdesignpostgpl/SPM_example.nl.v'…
Writing powered netlist to '/home/george-sleen/Documents/projects/sailbot-hackathon/asic-flow/spm-user_project_wrapper/runs/RUN_2026-03-21_16-46-02/31-openroad-repairdesignpostgpl/SPM_example.pnl.v'…
Writing layout to '/home/george-sleen/Documents/projects/sailbot-hackathon/asic-flow/spm-user_project_wrapper/runs/RUN_2026-03-21_16-46-02/31-openroad-repairdesignpostgpl/SPM_example.def'…
Writing timing constraints to '/home/george-sleen/Documents/projects/sailbot-hackathon/asic-flow/spm-user_project_wrapper/runs/RUN_2026-03-21_16-46-02/31-openroad-repairdesignpostgpl/SPM_example.sdc'…
