Clock: clock
Sources: clock 
Generated: no
Virtual: yes
Propagated: no
Period: 50.000000

===========================================================================
report_clock_properties
============================================================================
Clock                   Period          Waveform
----------------------------------------------------
clock                50.000000    0.000000 25.000000

===========================================================================
report_clock_latency
============================================================================
Clock clock
rise -> rise
    min     max
0.000000 0.000000 source latency
1.133488         network latency _1779_/CLK
        1.185169 network latency _1671_/CLK
---------------
1.133488 1.185169 latency
        0.051681 skew

fall -> fall
    min     max
0.000000 0.000000 source latency
1.042151         network latency _1779_/CLK
        1.081339 network latency _1671_/CLK
---------------
1.042151 1.081339 latency
        0.039188 skew



===========================================================================
report_clock_min_period
============================================================================
clock period_min = 7.19 fmax = 139.05
