
===========================================================================
report_checks -unconstrained
===========================================================================
======================= nom_tt_025C_1v80 Corner ===================================

Startpoint: host_output_addr[0] (input port clocked by clock)
Endpoint: host_output_data[0] (output port clocked by clock)
Path Group: clock
Path Type: max

Fanout         Cap        Slew       Delay        Time   Description
---------------------------------------------------------------------------------------------
                                  0.000000    0.000000   clock clock (rise edge)
                                  0.000000    0.000000   clock network delay (propagated)
                                 10.000000   10.000000 ^ input external delay
     1    0.004046    0.025138    0.014659   10.014660 ^ host_output_addr[0] (in)
                                                         host_output_addr[0] (net)
                      0.025138    0.000000   10.014660 ^ input55/A (sky130_fd_sc_hd__clkbuf_1)
     1    0.003811    0.055125    0.081848   10.096508 ^ input55/X (sky130_fd_sc_hd__clkbuf_1)
                                                         net55 (net)
                      0.055125    0.000035   10.096542 ^ fanout273/A (sky130_fd_sc_hd__buf_2)
     4    0.029035    0.145748    0.184690   10.281233 ^ fanout273/X (sky130_fd_sc_hd__buf_2)
                                                         net273 (net)
                      0.145748    0.000257   10.281489 ^ fanout267/A (sky130_fd_sc_hd__buf_2)
     6    0.028312    0.142893    0.213156   10.494645 ^ fanout267/X (sky130_fd_sc_hd__buf_2)
                                                         net267 (net)
                      0.142893    0.000012   10.494658 ^ fanout264/A (sky130_fd_sc_hd__clkbuf_4)
     8    0.041436    0.132694    0.235412   10.730069 ^ fanout264/X (sky130_fd_sc_hd__clkbuf_4)
                                                         net264 (net)
                      0.132694    0.000010   10.730080 ^ fanout263/A (sky130_fd_sc_hd__clkbuf_4)
     8    0.036703    0.119396    0.222315   10.952394 ^ fanout263/X (sky130_fd_sc_hd__clkbuf_4)
                                                         net263 (net)
                      0.119398    0.000711   10.953105 ^ _0825_/A (sky130_fd_sc_hd__nor2_1)
     2    0.007226    0.056044    0.081484   11.034589 v _0825_/Y (sky130_fd_sc_hd__nor2_1)
                                                         _0587_ (net)
                      0.056044    0.000013   11.034602 v fanout225/A (sky130_fd_sc_hd__clkbuf_2)
     6    0.023331    0.093578    0.163308   11.197909 v fanout225/X (sky130_fd_sc_hd__clkbuf_2)
                                                         net225 (net)
                      0.093578    0.000025   11.197934 v fanout222/A (sky130_fd_sc_hd__buf_2)
     8    0.032267    0.085211    0.198252   11.396187 v fanout222/X (sky130_fd_sc_hd__buf_2)
                                                         net222 (net)
                      0.085217    0.000713   11.396900 v _0828_/A2 (sky130_fd_sc_hd__a221o_1)
     1    0.002453    0.051294    0.349100   11.746000 v _0828_/X (sky130_fd_sc_hd__a221o_1)
                                                         _0590_ (net)
                      0.051294    0.000004   11.746003 v _0829_/B1 (sky130_fd_sc_hd__a21o_1)
     1    0.002449    0.031420    0.147432   11.893435 v _0829_/X (sky130_fd_sc_hd__a21o_1)
                                                         _0591_ (net)
                      0.031420    0.000012   11.893448 v _0836_/A (sky130_fd_sc_hd__and3_1)
     1    0.005854    0.049782    0.148352   12.041800 v _0836_/X (sky130_fd_sc_hd__and3_1)
                                                         _0598_ (net)
                      0.049782    0.000066   12.041865 v _0842_/C1 (sky130_fd_sc_hd__a211o_1)
     1    0.003639    0.052020    0.227976   12.269841 v _0842_/X (sky130_fd_sc_hd__a211o_1)
                                                         net75 (net)
                      0.052020    0.000020   12.269862 v output75/A (sky130_fd_sc_hd__clkbuf_4)
     1    0.035292    0.081273    0.187474   12.457336 v output75/X (sky130_fd_sc_hd__clkbuf_4)
                                                         host_output_data[0] (net)
                      0.081273    0.000270   12.457606 v host_output_data[0] (out)
                                             12.457606   data arrival time

                                 50.000000   50.000000   clock clock (rise edge)
                                  0.000000   50.000000   clock network delay (propagated)
                                 -0.250000   49.749996   clock uncertainty
                                  0.000000   49.749996   clock reconvergence pessimism
                                -10.000000   39.749996   output external delay
                                             39.749996   data required time
---------------------------------------------------------------------------------------------
                                             39.749996   data required time
                                            -12.457606   data arrival time
---------------------------------------------------------------------------------------------
                                             27.292391   slack (MET)




===========================================================================
report_checks --slack_max -0.01
============================================================================
======================= nom_tt_025C_1v80 Corner ===================================

No paths found.


===========================================================================
 report_check_types -max_slew -max_cap -max_fanout -violators
============================================================================
======================= nom_tt_025C_1v80 Corner ===================================

max fanout

Pin                                   Limit Fanout  Slack
---------------------------------------------------------
clkbuf_leaf_8_clock/X                     8     16     -8 (VIOLATED)
clkbuf_leaf_13_clock/X                    8     12     -4 (VIOLATED)
clkbuf_leaf_16_clock/X                    8     12     -4 (VIOLATED)
clkbuf_leaf_19_clock/X                    8     12     -4 (VIOLATED)
clkbuf_leaf_5_clock/X                     8     12     -4 (VIOLATED)
clkbuf_leaf_15_clock/X                    8     11     -3 (VIOLATED)
clkbuf_leaf_23_clock/X                    8     11     -3 (VIOLATED)
clkbuf_leaf_24_clock/X                    8     11     -3 (VIOLATED)
clkbuf_leaf_25_clock/X                    8     11     -3 (VIOLATED)
clkbuf_leaf_26_clock/X                    8     11     -3 (VIOLATED)
clkbuf_leaf_27_clock/X                    8     11     -3 (VIOLATED)
clkbuf_leaf_11_clock/X                    8     10     -2 (VIOLATED)
clkbuf_leaf_12_clock/X                    8     10     -2 (VIOLATED)
clkbuf_leaf_18_clock/X                    8     10     -2 (VIOLATED)
clkbuf_leaf_22_clock/X                    8     10     -2 (VIOLATED)
clkbuf_leaf_28_clock/X                    8     10     -2 (VIOLATED)
clkbuf_leaf_6_clock/X                     8     10     -2 (VIOLATED)
clkbuf_leaf_9_clock/X                     8     10     -2 (VIOLATED)
clkbuf_leaf_21_clock/X                    8      9        (VIOLATED)
clkbuf_leaf_2_clock/X                     8      9        (VIOLATED)
clkbuf_leaf_4_clock/X                     8      9        (VIOLATED)
clkbuf_leaf_7_clock/X                     8      9        (VIOLATED)



===========================================================================
report_parasitic_annotation -report_unannotated
============================================================================
Found 28 unannotated drivers.
 clkload0/X
 clkload1/X
 clkload10/Y
 clkload11/Y
 clkload12/Y
 clkload13/Y
 clkload14/Y
 clkload15/Y
 clkload16/Y
 clkload17/Y
 clkload18/Y
 clkload19/Y
 clkload2/Y
 clkload20/X
 clkload21/Y
 clkload22/Y
 clkload23/Y
 clkload24/Y
 clkload25/X
 clkload26/Y
 clkload27/X
 clkload3/Y
 clkload4/X
 clkload5/X
 clkload6/X
 clkload7/X
 clkload8/Y
 clkload9/Y
Found 0 partially unannotated drivers.

===========================================================================
max slew violation count 0
Writing metric design__max_slew_violation__count__corner:nom_tt_025C_1v80: 0
max fanout violation count 22
Writing metric design__max_fanout_violation__count__corner:nom_tt_025C_1v80: 22
max cap violation count 0
Writing metric design__max_cap_violation__count__corner:nom_tt_025C_1v80: 0
============================================================================

===========================================================================
check_setup -verbose -unconstrained_endpoints -multiple_clock -no_clock -no_input_delay -loops -generated_clocks
===========================================================================
