
===========================================================================
report_checks -unconstrained
===========================================================================
======================= nom_tt_025C_1v80 Corner ===================================

Startpoint: wb_rst_i (input port clocked by wb_clk_i)
Endpoint: _1399_ (recovery check against rising-edge clock wb_clk_i)
Path Group: asynchronous
Path Type: max

Fanout         Cap        Slew       Delay        Time   Description
---------------------------------------------------------------------------------------------
                      0.150000    0.000000    0.000000   clock wb_clk_i (rise edge)
                                  0.000000    0.000000   clock network delay (ideal)
                                  5.000000    5.000000 v input external delay
   239    0.922061    1.950840    1.496600    6.496600 v wb_rst_i (in)
                                                         wb_rst_i (net)
                      1.950840    0.000000    6.496600 v _0673_/A (sky130_fd_sc_hd__inv_2)
     1    0.003612    0.224642    0.314642    6.811243 ^ _0673_/Y (sky130_fd_sc_hd__inv_2)
                                                         _0000_ (net)
                      0.224642    0.000000    6.811243 ^ _1399_/RESET_B (sky130_fd_sc_hd__dfrtp_2)
                                              6.811243   data arrival time

                      0.150000   25.000000   25.000000   clock wb_clk_i (rise edge)
                                  0.000000   25.000000   clock network delay (ideal)
                                 -0.250000   24.750000   clock uncertainty
                                  0.000000   24.750000   clock reconvergence pessimism
                                             24.750000 ^ _1399_/CLK (sky130_fd_sc_hd__dfrtp_2)
                                  0.198767   24.948767   library recovery time
                                             24.948767   data required time
---------------------------------------------------------------------------------------------
                                             24.948767   data required time
                                             -6.811243   data arrival time
---------------------------------------------------------------------------------------------
                                             18.137524   slack (MET)


Startpoint: wb_rst_i (input port clocked by wb_clk_i)
Endpoint: io_oeb[0] (output port clocked by wb_clk_i)
Path Group: wb_clk_i
Path Type: max

Fanout         Cap        Slew       Delay        Time   Description
---------------------------------------------------------------------------------------------
                      0.150000    0.000000    0.000000   clock wb_clk_i (rise edge)
                                  0.000000    0.000000   clock network delay (ideal)
                                  5.000000    5.000000 ^ input external delay
   239    1.001710    4.480278    3.060628    8.060628 ^ wb_rst_i (in)
                                                         wb_rst_i (net)
                      4.480278    0.000000    8.060628 ^ _1802_/A (sky130_fd_sc_hd__buf_2)
     1    0.033442    0.208814    0.634056    8.694684 ^ _1802_/X (sky130_fd_sc_hd__buf_2)
                                                         io_oeb[0] (net)
                      0.208814    0.000000    8.694684 ^ io_oeb[0] (out)
                                              8.694684   data arrival time

                      0.150000   25.000000   25.000000   clock wb_clk_i (rise edge)
                                  0.000000   25.000000   clock network delay (ideal)
                                 -0.250000   24.750000   clock uncertainty
                                  0.000000   24.750000   clock reconvergence pessimism
                                 -5.000000   19.750000   output external delay
                                             19.750000   data required time
---------------------------------------------------------------------------------------------
                                             19.750000   data required time
                                             -8.694684   data arrival time
---------------------------------------------------------------------------------------------
                                             11.055315   slack (MET)




===========================================================================
report_checks --slack_max -0.01
============================================================================
======================= nom_tt_025C_1v80 Corner ===================================

No paths found.


===========================================================================
 report_check_types -max_slew -max_cap -max_fanout -violators
============================================================================
======================= nom_tt_025C_1v80 Corner ===================================

max slew

Pin                                        Limit        Slew       Slack
------------------------------------------------------------------------
wb_rst_i                                0.750000    4.480278   -3.730278 (VIOLATED)
_0673_/A                                0.750000    4.480278   -3.730278 (VIOLATED)
_1199_/A                                0.750000    4.480278   -3.730278 (VIOLATED)
_1200_/A                                0.750000    4.480278   -3.730278 (VIOLATED)
_1201_/A                                0.750000    4.480278   -3.730278 (VIOLATED)
_1202_/A                                0.750000    4.480278   -3.730278 (VIOLATED)
_1203_/A                                0.750000    4.480278   -3.730278 (VIOLATED)
_1204_/A                                0.750000    4.480278   -3.730278 (VIOLATED)
_1205_/A                                0.750000    4.480278   -3.730278 (VIOLATED)
_1206_/A                                0.750000    4.480278   -3.730278 (VIOLATED)
_1207_/A                                0.750000    4.480278   -3.730278 (VIOLATED)
_1208_/A                                0.750000    4.480278   -3.730278 (VIOLATED)
_1209_/A                                0.750000    4.480278   -3.730278 (VIOLATED)
_1210_/A                                0.750000    4.480278   -3.730278 (VIOLATED)
_1211_/A                                0.750000    4.480278   -3.730278 (VIOLATED)
_1212_/A                                0.750000    4.480278   -3.730278 (VIOLATED)
_1213_/A                                0.750000    4.480278   -3.730278 (VIOLATED)
_1214_/A                                0.750000    4.480278   -3.730278 (VIOLATED)
_1215_/A                                0.750000    4.480278   -3.730278 (VIOLATED)
_1216_/A                                0.750000    4.480278   -3.730278 (VIOLATED)
_1217_/A                                0.750000    4.480278   -3.730278 (VIOLATED)
_1218_/A                                0.750000    4.480278   -3.730278 (VIOLATED)
_1219_/A                                0.750000    4.480278   -3.730278 (VIOLATED)
_1220_/A                                0.750000    4.480278   -3.730278 (VIOLATED)
_1221_/A                                0.750000    4.480278   -3.730278 (VIOLATED)
_1222_/A                                0.750000    4.480278   -3.730278 (VIOLATED)
_1223_/A                                0.750000    4.480278   -3.730278 (VIOLATED)
_1224_/A                                0.750000    4.480278   -3.730278 (VIOLATED)
_1225_/A                                0.750000    4.480278   -3.730278 (VIOLATED)
_1226_/A                                0.750000    4.480278   -3.730278 (VIOLATED)
_1227_/A                                0.750000    4.480278   -3.730278 (VIOLATED)
_1228_/A                                0.750000    4.480278   -3.730278 (VIOLATED)
_1229_/A                                0.750000    4.480278   -3.730278 (VIOLATED)
_1230_/A                                0.750000    4.480278   -3.730278 (VIOLATED)
_1231_/A                                0.750000    4.480278   -3.730278 (VIOLATED)
_1232_/A                                0.750000    4.480278   -3.730278 (VIOLATED)
_1233_/A                                0.750000    4.480278   -3.730278 (VIOLATED)
_1234_/A                                0.750000    4.480278   -3.730278 (VIOLATED)
_1235_/A                                0.750000    4.480278   -3.730278 (VIOLATED)
_1236_/A                                0.750000    4.480278   -3.730278 (VIOLATED)
_1237_/A                                0.750000    4.480278   -3.730278 (VIOLATED)
_1238_/A                                0.750000    4.480278   -3.730278 (VIOLATED)
_1239_/A                                0.750000    4.480278   -3.730278 (VIOLATED)
_1240_/A                                0.750000    4.480278   -3.730278 (VIOLATED)
_1241_/A                                0.750000    4.480278   -3.730278 (VIOLATED)
_1242_/A                                0.750000    4.480278   -3.730278 (VIOLATED)
_1243_/A                                0.750000    4.480278   -3.730278 (VIOLATED)
_1244_/A                                0.750000    4.480278   -3.730278 (VIOLATED)
_1245_/A                                0.750000    4.480278   -3.730278 (VIOLATED)
_1246_/A                                0.750000    4.480278   -3.730278 (VIOLATED)
_1247_/A                                0.750000    4.480278   -3.730278 (VIOLATED)
_1248_/A                                0.750000    4.480278   -3.730278 (VIOLATED)
_1249_/A                                0.750000    4.480278   -3.730278 (VIOLATED)
_1250_/A                                0.750000    4.480278   -3.730278 (VIOLATED)
_1251_/A                                0.750000    4.480278   -3.730278 (VIOLATED)
_1252_/A                                0.750000    4.480278   -3.730278 (VIOLATED)
_1253_/A                                0.750000    4.480278   -3.730278 (VIOLATED)
_1254_/A                                0.750000    4.480278   -3.730278 (VIOLATED)
_1255_/A                                0.750000    4.480278   -3.730278 (VIOLATED)
_1256_/A                                0.750000    4.480278   -3.730278 (VIOLATED)
_1257_/A                                0.750000    4.480278   -3.730278 (VIOLATED)
_1258_/A                                0.750000    4.480278   -3.730278 (VIOLATED)
_1259_/A                                0.750000    4.480278   -3.730278 (VIOLATED)
_1260_/A                                0.750000    4.480278   -3.730278 (VIOLATED)
_1261_/A                                0.750000    4.480278   -3.730278 (VIOLATED)
_1262_/A                                0.750000    4.480278   -3.730278 (VIOLATED)
_1263_/A                                0.750000    4.480278   -3.730278 (VIOLATED)
_1264_/A                                0.750000    4.480278   -3.730278 (VIOLATED)
_1265_/A                                0.750000    4.480278   -3.730278 (VIOLATED)
_1266_/A                                0.750000    4.480278   -3.730278 (VIOLATED)
_1267_/A                                0.750000    4.480278   -3.730278 (VIOLATED)
_1268_/A                                0.750000    4.480278   -3.730278 (VIOLATED)
_1269_/A                                0.750000    4.480278   -3.730278 (VIOLATED)
_1270_/A                                0.750000    4.480278   -3.730278 (VIOLATED)
_1271_/A                                0.750000    4.480278   -3.730278 (VIOLATED)
_1272_/A                                0.750000    4.480278   -3.730278 (VIOLATED)
_1273_/A                                0.750000    4.480278   -3.730278 (VIOLATED)
_1274_/A                                0.750000    4.480278   -3.730278 (VIOLATED)
_1275_/A                                0.750000    4.480278   -3.730278 (VIOLATED)
_1276_/A                                0.750000    4.480278   -3.730278 (VIOLATED)
_1277_/A                                0.750000    4.480278   -3.730278 (VIOLATED)
_1278_/A                                0.750000    4.480278   -3.730278 (VIOLATED)
_1279_/A                                0.750000    4.480278   -3.730278 (VIOLATED)
_1280_/A                                0.750000    4.480278   -3.730278 (VIOLATED)
_1281_/A                                0.750000    4.480278   -3.730278 (VIOLATED)
_1282_/A                                0.750000    4.480278   -3.730278 (VIOLATED)
_1283_/A                                0.750000    4.480278   -3.730278 (VIOLATED)
_1284_/A                                0.750000    4.480278   -3.730278 (VIOLATED)
_1285_/A                                0.750000    4.480278   -3.730278 (VIOLATED)
_1286_/A                                0.750000    4.480278   -3.730278 (VIOLATED)
_1287_/A                                0.750000    4.480278   -3.730278 (VIOLATED)
_1288_/A                                0.750000    4.480278   -3.730278 (VIOLATED)
_1289_/A                                0.750000    4.480278   -3.730278 (VIOLATED)
_1290_/A                                0.750000    4.480278   -3.730278 (VIOLATED)
_1291_/A                                0.750000    4.480278   -3.730278 (VIOLATED)
_1292_/A                                0.750000    4.480278   -3.730278 (VIOLATED)
_1293_/A                                0.750000    4.480278   -3.730278 (VIOLATED)
_1294_/A                                0.750000    4.480278   -3.730278 (VIOLATED)
_1295_/A                                0.750000    4.480278   -3.730278 (VIOLATED)
_1296_/A                                0.750000    4.480278   -3.730278 (VIOLATED)
_1297_/A                                0.750000    4.480278   -3.730278 (VIOLATED)
_1298_/A                                0.750000    4.480278   -3.730278 (VIOLATED)
_1299_/A                                0.750000    4.480278   -3.730278 (VIOLATED)
_1300_/A                                0.750000    4.480278   -3.730278 (VIOLATED)
_1301_/A                                0.750000    4.480278   -3.730278 (VIOLATED)
_1302_/A                                0.750000    4.480278   -3.730278 (VIOLATED)
_1303_/A                                0.750000    4.480278   -3.730278 (VIOLATED)
_1304_/A                                0.750000    4.480278   -3.730278 (VIOLATED)
_1305_/A                                0.750000    4.480278   -3.730278 (VIOLATED)
_1306_/A                                0.750000    4.480278   -3.730278 (VIOLATED)
_1307_/A                                0.750000    4.480278   -3.730278 (VIOLATED)
_1308_/A                                0.750000    4.480278   -3.730278 (VIOLATED)
_1309_/A                                0.750000    4.480278   -3.730278 (VIOLATED)
_1310_/A                                0.750000    4.480278   -3.730278 (VIOLATED)
_1311_/A                                0.750000    4.480278   -3.730278 (VIOLATED)
_1312_/A                                0.750000    4.480278   -3.730278 (VIOLATED)
_1313_/A                                0.750000    4.480278   -3.730278 (VIOLATED)
_1314_/A                                0.750000    4.480278   -3.730278 (VIOLATED)
_1315_/A                                0.750000    4.480278   -3.730278 (VIOLATED)
_1316_/A                                0.750000    4.480278   -3.730278 (VIOLATED)
_1317_/A                                0.750000    4.480278   -3.730278 (VIOLATED)
_1318_/A                                0.750000    4.480278   -3.730278 (VIOLATED)
_1319_/A                                0.750000    4.480278   -3.730278 (VIOLATED)
_1320_/A                                0.750000    4.480278   -3.730278 (VIOLATED)
_1321_/A                                0.750000    4.480278   -3.730278 (VIOLATED)
_1322_/A                                0.750000    4.480278   -3.730278 (VIOLATED)
_1323_/A                                0.750000    4.480278   -3.730278 (VIOLATED)
_1324_/A                                0.750000    4.480278   -3.730278 (VIOLATED)
_1325_/A                                0.750000    4.480278   -3.730278 (VIOLATED)
_1326_/A                                0.750000    4.480278   -3.730278 (VIOLATED)
_1327_/A                                0.750000    4.480278   -3.730278 (VIOLATED)
_1328_/A                                0.750000    4.480278   -3.730278 (VIOLATED)
_1329_/A                                0.750000    4.480278   -3.730278 (VIOLATED)
_1330_/A                                0.750000    4.480278   -3.730278 (VIOLATED)
_1331_/A                                0.750000    4.480278   -3.730278 (VIOLATED)
_1332_/A                                0.750000    4.480278   -3.730278 (VIOLATED)
_1333_/A                                0.750000    4.480278   -3.730278 (VIOLATED)
_1334_/A                                0.750000    4.480278   -3.730278 (VIOLATED)
_1335_/A                                0.750000    4.480278   -3.730278 (VIOLATED)
_1336_/A                                0.750000    4.480278   -3.730278 (VIOLATED)
_1337_/A                                0.750000    4.480278   -3.730278 (VIOLATED)
_1338_/A                                0.750000    4.480278   -3.730278 (VIOLATED)
_1339_/A                                0.750000    4.480278   -3.730278 (VIOLATED)
_1340_/A                                0.750000    4.480278   -3.730278 (VIOLATED)
_1341_/A                                0.750000    4.480278   -3.730278 (VIOLATED)
_1342_/A                                0.750000    4.480278   -3.730278 (VIOLATED)
_1343_/A                                0.750000    4.480278   -3.730278 (VIOLATED)
_1344_/A                                0.750000    4.480278   -3.730278 (VIOLATED)
_1345_/A                                0.750000    4.480278   -3.730278 (VIOLATED)
_1346_/A                                0.750000    4.480278   -3.730278 (VIOLATED)
_1347_/A                                0.750000    4.480278   -3.730278 (VIOLATED)
_1348_/A                                0.750000    4.480278   -3.730278 (VIOLATED)
_1349_/A                                0.750000    4.480278   -3.730278 (VIOLATED)
_1350_/A                                0.750000    4.480278   -3.730278 (VIOLATED)
_1351_/A                                0.750000    4.480278   -3.730278 (VIOLATED)
_1352_/A                                0.750000    4.480278   -3.730278 (VIOLATED)
_1353_/A                                0.750000    4.480278   -3.730278 (VIOLATED)
_1354_/A                                0.750000    4.480278   -3.730278 (VIOLATED)
_1355_/A                                0.750000    4.480278   -3.730278 (VIOLATED)
_1356_/A                                0.750000    4.480278   -3.730278 (VIOLATED)
_1357_/A                                0.750000    4.480278   -3.730278 (VIOLATED)
_1358_/A                                0.750000    4.480278   -3.730278 (VIOLATED)
_1359_/A                                0.750000    4.480278   -3.730278 (VIOLATED)
_1360_/A                                0.750000    4.480278   -3.730278 (VIOLATED)
_1361_/A                                0.750000    4.480278   -3.730278 (VIOLATED)
_1362_/A                                0.750000    4.480278   -3.730278 (VIOLATED)
_1363_/A                                0.750000    4.480278   -3.730278 (VIOLATED)
_1364_/A                                0.750000    4.480278   -3.730278 (VIOLATED)
_1365_/A                                0.750000    4.480278   -3.730278 (VIOLATED)
_1366_/A                                0.750000    4.480278   -3.730278 (VIOLATED)
_1367_/A                                0.750000    4.480278   -3.730278 (VIOLATED)
_1368_/A                                0.750000    4.480278   -3.730278 (VIOLATED)
_1369_/A                                0.750000    4.480278   -3.730278 (VIOLATED)
_1370_/A                                0.750000    4.480278   -3.730278 (VIOLATED)
_1371_/A                                0.750000    4.480278   -3.730278 (VIOLATED)
_1372_/A                                0.750000    4.480278   -3.730278 (VIOLATED)
_1373_/A                                0.750000    4.480278   -3.730278 (VIOLATED)
_1374_/A                                0.750000    4.480278   -3.730278 (VIOLATED)
_1375_/A                                0.750000    4.480278   -3.730278 (VIOLATED)
_1376_/A                                0.750000    4.480278   -3.730278 (VIOLATED)
_1377_/A                                0.750000    4.480278   -3.730278 (VIOLATED)
_1378_/A                                0.750000    4.480278   -3.730278 (VIOLATED)
_1379_/A                                0.750000    4.480278   -3.730278 (VIOLATED)
_1380_/A                                0.750000    4.480278   -3.730278 (VIOLATED)
_1381_/A                                0.750000    4.480278   -3.730278 (VIOLATED)
_1382_/A                                0.750000    4.480278   -3.730278 (VIOLATED)
_1383_/A                                0.750000    4.480278   -3.730278 (VIOLATED)
_1384_/A                                0.750000    4.480278   -3.730278 (VIOLATED)
_1385_/A                                0.750000    4.480278   -3.730278 (VIOLATED)
_1386_/A                                0.750000    4.480278   -3.730278 (VIOLATED)
_1387_/A                                0.750000    4.480278   -3.730278 (VIOLATED)
_1388_/A                                0.750000    4.480278   -3.730278 (VIOLATED)
_1389_/A                                0.750000    4.480278   -3.730278 (VIOLATED)
_1390_/A                                0.750000    4.480278   -3.730278 (VIOLATED)
_1391_/A                                0.750000    4.480278   -3.730278 (VIOLATED)
_1392_/A                                0.750000    4.480278   -3.730278 (VIOLATED)
_1393_/A                                0.750000    4.480278   -3.730278 (VIOLATED)
_1394_/A                                0.750000    4.480278   -3.730278 (VIOLATED)
_1395_/A                                0.750000    4.480278   -3.730278 (VIOLATED)
_1396_/A                                0.750000    4.480278   -3.730278 (VIOLATED)
_1397_/A                                0.750000    4.480278   -3.730278 (VIOLATED)
_1398_/A                                0.750000    4.480278   -3.730278 (VIOLATED)
_1802_/A                                0.750000    4.480278   -3.730278 (VIOLATED)
_1803_/A                                0.750000    4.480278   -3.730278 (VIOLATED)
_1804_/A                                0.750000    4.480278   -3.730278 (VIOLATED)
_1805_/A                                0.750000    4.480278   -3.730278 (VIOLATED)
_1806_/A                                0.750000    4.480278   -3.730278 (VIOLATED)
_1807_/A                                0.750000    4.480278   -3.730278 (VIOLATED)
_1808_/A                                0.750000    4.480278   -3.730278 (VIOLATED)
_1809_/A                                0.750000    4.480278   -3.730278 (VIOLATED)
_1810_/A                                0.750000    4.480278   -3.730278 (VIOLATED)
_1811_/A                                0.750000    4.480278   -3.730278 (VIOLATED)
_1812_/A                                0.750000    4.480278   -3.730278 (VIOLATED)
_1813_/A                                0.750000    4.480278   -3.730278 (VIOLATED)
_1814_/A                                0.750000    4.480278   -3.730278 (VIOLATED)
_1815_/A                                0.750000    4.480278   -3.730278 (VIOLATED)
_1816_/A                                0.750000    4.480278   -3.730278 (VIOLATED)
_1817_/A                                0.750000    4.480278   -3.730278 (VIOLATED)
_1818_/A                                0.750000    4.480278   -3.730278 (VIOLATED)
_1819_/A                                0.750000    4.480278   -3.730278 (VIOLATED)
_1820_/A                                0.750000    4.480278   -3.730278 (VIOLATED)
_1821_/A                                0.750000    4.480278   -3.730278 (VIOLATED)
_1822_/A                                0.750000    4.480278   -3.730278 (VIOLATED)
_1823_/A                                0.750000    4.480278   -3.730278 (VIOLATED)
_1824_/A                                0.750000    4.480278   -3.730278 (VIOLATED)
_1825_/A                                0.750000    4.480278   -3.730278 (VIOLATED)
_1826_/A                                0.750000    4.480278   -3.730278 (VIOLATED)
_1827_/A                                0.750000    4.480278   -3.730278 (VIOLATED)
_1828_/A                                0.750000    4.480278   -3.730278 (VIOLATED)
_1829_/A                                0.750000    4.480278   -3.730278 (VIOLATED)
_1830_/A                                0.750000    4.480278   -3.730278 (VIOLATED)
_1831_/A                                0.750000    4.480278   -3.730278 (VIOLATED)
_1832_/A                                0.750000    4.480278   -3.730278 (VIOLATED)
_1833_/A                                0.750000    4.480278   -3.730278 (VIOLATED)
_1834_/A                                0.750000    4.480278   -3.730278 (VIOLATED)
_1835_/A                                0.750000    4.480278   -3.730278 (VIOLATED)
_1836_/A                                0.750000    4.480278   -3.730278 (VIOLATED)
_1837_/A                                0.750000    4.480278   -3.730278 (VIOLATED)
_1838_/A                                0.750000    4.480278   -3.730278 (VIOLATED)
_1839_/A                                0.750000    4.480278   -3.730278 (VIOLATED)
_0674_/S                                0.750000    1.542377   -0.792377 (VIOLATED)
_0675_/S                                0.750000    1.542377   -0.792377 (VIOLATED)
_0676_/S                                0.750000    1.542377   -0.792377 (VIOLATED)
_0677_/S                                0.750000    1.542377   -0.792377 (VIOLATED)
_0678_/S                                0.750000    1.542377   -0.792377 (VIOLATED)
_0679_/S                                0.750000    1.542377   -0.792377 (VIOLATED)
_0680_/S                                0.750000    1.542377   -0.792377 (VIOLATED)
_0681_/S                                0.750000    1.542377   -0.792377 (VIOLATED)
_0682_/S                                0.750000    1.542377   -0.792377 (VIOLATED)
_0750_/A                                0.750000    1.542377   -0.792377 (VIOLATED)
_0751_/A                                0.750000    1.542377   -0.792377 (VIOLATED)
_0752_/A                                0.750000    1.542377   -0.792377 (VIOLATED)
_0754_/A                                0.750000    1.542377   -0.792377 (VIOLATED)
_0756_/A1                               0.750000    1.542377   -0.792377 (VIOLATED)
_0758_/A1                               0.750000    1.542377   -0.792377 (VIOLATED)
_0760_/A1                               0.750000    1.542377   -0.792377 (VIOLATED)
_0762_/A1                               0.750000    1.542377   -0.792377 (VIOLATED)
_0764_/A                                0.750000    1.542377   -0.792377 (VIOLATED)
_0766_/A1                               0.750000    1.542377   -0.792377 (VIOLATED)
_0768_/A1                               0.750000    1.542377   -0.792377 (VIOLATED)
_0770_/A1                               0.750000    1.542377   -0.792377 (VIOLATED)
_0772_/A1                               0.750000    1.542377   -0.792377 (VIOLATED)
_0774_/A1                               0.750000    1.542377   -0.792377 (VIOLATED)
_0776_/A                                0.750000    1.542377   -0.792377 (VIOLATED)
_0778_/A1                               0.750000    1.542377   -0.792377 (VIOLATED)
_0780_/A                                0.750000    1.542377   -0.792377 (VIOLATED)
_0782_/A1                               0.750000    1.542377   -0.792377 (VIOLATED)
_0784_/A                                0.750000    1.542377   -0.792377 (VIOLATED)
_0786_/A1                               0.750000    1.542377   -0.792377 (VIOLATED)
_0788_/A1                               0.750000    1.542377   -0.792377 (VIOLATED)
_0790_/A1                               0.750000    1.542377   -0.792377 (VIOLATED)
_0792_/A1                               0.750000    1.542377   -0.792377 (VIOLATED)
_0794_/A1                               0.750000    1.542377   -0.792377 (VIOLATED)
_0796_/A                                0.750000    1.542377   -0.792377 (VIOLATED)
_0798_/A1                               0.750000    1.542377   -0.792377 (VIOLATED)
_0800_/A1                               0.750000    1.542377   -0.792377 (VIOLATED)
_0802_/A                                0.750000    1.542377   -0.792377 (VIOLATED)
_0804_/A                                0.750000    1.542377   -0.792377 (VIOLATED)
_0806_/A1                               0.750000    1.542377   -0.792377 (VIOLATED)
_0808_/A                                0.750000    1.542377   -0.792377 (VIOLATED)
_0810_/A1                               0.750000    1.542377   -0.792377 (VIOLATED)
_0812_/A1                               0.750000    1.542377   -0.792377 (VIOLATED)
_0814_/A1                               0.750000    1.542377   -0.792377 (VIOLATED)
_0816_/S                                0.750000    1.542377   -0.792377 (VIOLATED)
_0817_/S                                0.750000    1.542377   -0.792377 (VIOLATED)
_0818_/S                                0.750000    1.542377   -0.792377 (VIOLATED)
_0819_/S                                0.750000    1.542377   -0.792377 (VIOLATED)
_0820_/S                                0.750000    1.542377   -0.792377 (VIOLATED)
_0821_/S                                0.750000    1.542377   -0.792377 (VIOLATED)
_0822_/S                                0.750000    1.542377   -0.792377 (VIOLATED)
_0823_/S                                0.750000    1.542377   -0.792377 (VIOLATED)
_0824_/S                                0.750000    1.542377   -0.792377 (VIOLATED)
_0825_/S                                0.750000    1.542377   -0.792377 (VIOLATED)
_0826_/S                                0.750000    1.542377   -0.792377 (VIOLATED)
_0827_/S                                0.750000    1.542377   -0.792377 (VIOLATED)
_0828_/S                                0.750000    1.542377   -0.792377 (VIOLATED)
_0829_/S                                0.750000    1.542377   -0.792377 (VIOLATED)
_0830_/S                                0.750000    1.542377   -0.792377 (VIOLATED)
_0831_/S                                0.750000    1.542377   -0.792377 (VIOLATED)
_0832_/S                                0.750000    1.542377   -0.792377 (VIOLATED)
_0833_/S                                0.750000    1.542377   -0.792377 (VIOLATED)
_0834_/S                                0.750000    1.542377   -0.792377 (VIOLATED)
_0835_/S                                0.750000    1.542377   -0.792377 (VIOLATED)
_0836_/S                                0.750000    1.542377   -0.792377 (VIOLATED)
_0837_/S                                0.750000    1.542377   -0.792377 (VIOLATED)
_0838_/S                                0.750000    1.542377   -0.792377 (VIOLATED)
_0839_/S                                0.750000    1.542377   -0.792377 (VIOLATED)
_0840_/S                                0.750000    1.542377   -0.792377 (VIOLATED)
_0841_/S                                0.750000    1.542377   -0.792377 (VIOLATED)
_0842_/S                                0.750000    1.542377   -0.792377 (VIOLATED)
_0843_/S                                0.750000    1.542377   -0.792377 (VIOLATED)
_0844_/S                                0.750000    1.542377   -0.792377 (VIOLATED)
_0845_/S                                0.750000    1.542377   -0.792377 (VIOLATED)
_0846_/S                                0.750000    1.542377   -0.792377 (VIOLATED)
_0847_/S                                0.750000    1.542377   -0.792377 (VIOLATED)
_0848_/S                                0.750000    1.542377   -0.792377 (VIOLATED)
_0849_/S                                0.750000    1.542377   -0.792377 (VIOLATED)
_0850_/S                                0.750000    1.542377   -0.792377 (VIOLATED)
_0851_/S                                0.750000    1.542377   -0.792377 (VIOLATED)
_0852_/S                                0.750000    1.542377   -0.792377 (VIOLATED)
_0853_/S                                0.750000    1.542377   -0.792377 (VIOLATED)
_0854_/S                                0.750000    1.542377   -0.792377 (VIOLATED)
_0855_/S                                0.750000    1.542377   -0.792377 (VIOLATED)
_0856_/S                                0.750000    1.542377   -0.792377 (VIOLATED)
_0857_/S                                0.750000    1.542377   -0.792377 (VIOLATED)
_0858_/S                                0.750000    1.542377   -0.792377 (VIOLATED)
_0859_/S                                0.750000    1.542377   -0.792377 (VIOLATED)
_0860_/S                                0.750000    1.542377   -0.792377 (VIOLATED)
_0861_/S                                0.750000    1.542377   -0.792377 (VIOLATED)
_0862_/S                                0.750000    1.542377   -0.792377 (VIOLATED)
_0863_/S                                0.750000    1.542377   -0.792377 (VIOLATED)
_0864_/S                                0.750000    1.542377   -0.792377 (VIOLATED)
_0865_/S                                0.750000    1.542377   -0.792377 (VIOLATED)
_0866_/S                                0.750000    1.542377   -0.792377 (VIOLATED)
_0867_/S                                0.750000    1.542377   -0.792377 (VIOLATED)
_0868_/S                                0.750000    1.542377   -0.792377 (VIOLATED)
_0869_/S                                0.750000    1.542377   -0.792377 (VIOLATED)
_0870_/S                                0.750000    1.542377   -0.792377 (VIOLATED)
_0873_/B1                               0.750000    1.542377   -0.792377 (VIOLATED)
_0877_/A                                0.750000    1.542377   -0.792377 (VIOLATED)
_0880_/B                                0.750000    1.542377   -0.792377 (VIOLATED)
_0882_/B1                               0.750000    1.542377   -0.792377 (VIOLATED)
_0885_/B1                               0.750000    1.542377   -0.792377 (VIOLATED)
_0887_/B1                               0.750000    1.542377   -0.792377 (VIOLATED)
_0892_/B1                               0.750000    1.542377   -0.792377 (VIOLATED)
_1068_/A1                               0.750000    1.542377   -0.792377 (VIOLATED)
_1623_/Q                                0.750000    1.542377   -0.792377 (VIOLATED)
_0814_/B1                               0.750000    1.069789   -0.319789 (VIOLATED)
_0894_/A2                               0.750000    1.069789   -0.319789 (VIOLATED)
_0895_/B                                0.750000    1.069789   -0.319789 (VIOLATED)
_0898_/A2                               0.750000    1.069789   -0.319789 (VIOLATED)
_0899_/B                                0.750000    1.069789   -0.319789 (VIOLATED)
_0902_/A2                               0.750000    1.069789   -0.319789 (VIOLATED)
_0903_/B                                0.750000    1.069789   -0.319789 (VIOLATED)
_0906_/A2                               0.750000    1.069789   -0.319789 (VIOLATED)
_0907_/B                                0.750000    1.069789   -0.319789 (VIOLATED)
_0910_/A2                               0.750000    1.069789   -0.319789 (VIOLATED)
_0911_/B                                0.750000    1.069789   -0.319789 (VIOLATED)
_0914_/A2                               0.750000    1.069789   -0.319789 (VIOLATED)
_0915_/B                                0.750000    1.069789   -0.319789 (VIOLATED)
_0918_/A2                               0.750000    1.069789   -0.319789 (VIOLATED)
_0919_/B                                0.750000    1.069789   -0.319789 (VIOLATED)
_0922_/A2                               0.750000    1.069789   -0.319789 (VIOLATED)
_0923_/B                                0.750000    1.069789   -0.319789 (VIOLATED)
_0926_/A2                               0.750000    1.069789   -0.319789 (VIOLATED)
_0927_/B                                0.750000    1.069789   -0.319789 (VIOLATED)
_0930_/A2                               0.750000    1.069789   -0.319789 (VIOLATED)
_0931_/B                                0.750000    1.069789   -0.319789 (VIOLATED)
_0934_/A2                               0.750000    1.069789   -0.319789 (VIOLATED)
_0935_/B                                0.750000    1.069789   -0.319789 (VIOLATED)
_0938_/A2                               0.750000    1.069789   -0.319789 (VIOLATED)
_0939_/B                                0.750000    1.069789   -0.319789 (VIOLATED)
_0942_/A2                               0.750000    1.069789   -0.319789 (VIOLATED)
_0943_/B                                0.750000    1.069789   -0.319789 (VIOLATED)
_0946_/A2                               0.750000    1.069789   -0.319789 (VIOLATED)
_0947_/B                                0.750000    1.069789   -0.319789 (VIOLATED)
_0950_/A2                               0.750000    1.069789   -0.319789 (VIOLATED)
_0951_/B                                0.750000    1.069789   -0.319789 (VIOLATED)
_0954_/A2                               0.750000    1.069789   -0.319789 (VIOLATED)
_0955_/B                                0.750000    1.069789   -0.319789 (VIOLATED)
_0958_/A2                               0.750000    1.069789   -0.319789 (VIOLATED)
_0959_/B                                0.750000    1.069789   -0.319789 (VIOLATED)
_0962_/A2                               0.750000    1.069789   -0.319789 (VIOLATED)
_0963_/B                                0.750000    1.069789   -0.319789 (VIOLATED)
_0966_/A2                               0.750000    1.069789   -0.319789 (VIOLATED)
_0967_/B                                0.750000    1.069789   -0.319789 (VIOLATED)
_0970_/A2                               0.750000    1.069789   -0.319789 (VIOLATED)
_0971_/B                                0.750000    1.069789   -0.319789 (VIOLATED)
_0974_/A2                               0.750000    1.069789   -0.319789 (VIOLATED)
_0975_/B                                0.750000    1.069789   -0.319789 (VIOLATED)
_0978_/B                                0.750000    1.069789   -0.319789 (VIOLATED)
_0979_/A2                               0.750000    1.069789   -0.319789 (VIOLATED)
_0981_/A2                               0.750000    1.069789   -0.319789 (VIOLATED)
_0982_/B                                0.750000    1.069789   -0.319789 (VIOLATED)
_0985_/A2                               0.750000    1.069789   -0.319789 (VIOLATED)
_0986_/B                                0.750000    1.069789   -0.319789 (VIOLATED)
_0989_/A2                               0.750000    1.069789   -0.319789 (VIOLATED)
_0990_/B                                0.750000    1.069789   -0.319789 (VIOLATED)
_0993_/A2                               0.750000    1.069789   -0.319789 (VIOLATED)
_0994_/B                                0.750000    1.069789   -0.319789 (VIOLATED)
_0997_/A2                               0.750000    1.069789   -0.319789 (VIOLATED)
_0998_/B                                0.750000    1.069789   -0.319789 (VIOLATED)
_1001_/A2                               0.750000    1.069789   -0.319789 (VIOLATED)
_1002_/B                                0.750000    1.069789   -0.319789 (VIOLATED)
_1005_/A2                               0.750000    1.069789   -0.319789 (VIOLATED)
_1006_/B                                0.750000    1.069789   -0.319789 (VIOLATED)
_1009_/A2                               0.750000    1.069789   -0.319789 (VIOLATED)
_1010_/B                                0.750000    1.069789   -0.319789 (VIOLATED)
_1013_/A2                               0.750000    1.069789   -0.319789 (VIOLATED)
_1014_/B                                0.750000    1.069789   -0.319789 (VIOLATED)
_1017_/A2                               0.750000    1.069789   -0.319789 (VIOLATED)
_1018_/B                                0.750000    1.069789   -0.319789 (VIOLATED)
_1074_/B2                               0.750000    1.069789   -0.319789 (VIOLATED)
_1487_/Q                                0.750000    1.069789   -0.319789 (VIOLATED)
_0750_/Y                                0.750000    0.851294   -0.101294 (VIOLATED)
_0753_/A2                               0.750000    0.851294   -0.101294 (VIOLATED)
_0755_/A2                               0.750000    0.851294   -0.101294 (VIOLATED)
_0756_/B2                               0.750000    0.851294   -0.101294 (VIOLATED)
_0758_/B2                               0.750000    0.851294   -0.101294 (VIOLATED)
_0760_/B2                               0.750000    0.851294   -0.101294 (VIOLATED)
_0762_/B2                               0.750000    0.851294   -0.101294 (VIOLATED)
_0765_/A2                               0.750000    0.851294   -0.101294 (VIOLATED)
_0766_/B2                               0.750000    0.851294   -0.101294 (VIOLATED)
_0768_/B2                               0.750000    0.851294   -0.101294 (VIOLATED)
_0770_/B2                               0.750000    0.851294   -0.101294 (VIOLATED)
_0772_/B2                               0.750000    0.851294   -0.101294 (VIOLATED)
_0774_/B2                               0.750000    0.851294   -0.101294 (VIOLATED)
_0777_/A2                               0.750000    0.851294   -0.101294 (VIOLATED)
_0778_/B2                               0.750000    0.851294   -0.101294 (VIOLATED)
_0781_/A2                               0.750000    0.851294   -0.101294 (VIOLATED)
_0782_/B2                               0.750000    0.851294   -0.101294 (VIOLATED)
_0785_/A2                               0.750000    0.851294   -0.101294 (VIOLATED)
_0786_/B2                               0.750000    0.851294   -0.101294 (VIOLATED)
_0788_/B2                               0.750000    0.851294   -0.101294 (VIOLATED)
_0790_/B2                               0.750000    0.851294   -0.101294 (VIOLATED)
_0792_/B2                               0.750000    0.851294   -0.101294 (VIOLATED)
_0794_/B2                               0.750000    0.851294   -0.101294 (VIOLATED)
_0797_/A2                               0.750000    0.851294   -0.101294 (VIOLATED)
_0798_/B2                               0.750000    0.851294   -0.101294 (VIOLATED)
_0800_/B2                               0.750000    0.851294   -0.101294 (VIOLATED)
_0803_/A2                               0.750000    0.851294   -0.101294 (VIOLATED)
_0805_/A2                               0.750000    0.851294   -0.101294 (VIOLATED)
_0806_/B2                               0.750000    0.851294   -0.101294 (VIOLATED)
_0809_/A2                               0.750000    0.851294   -0.101294 (VIOLATED)
_0810_/B2                               0.750000    0.851294   -0.101294 (VIOLATED)
_0812_/B2                               0.750000    0.851294   -0.101294 (VIOLATED)
_0814_/B2                               0.750000    0.851294   -0.101294 (VIOLATED)

max fanout

Pin                                   Limit Fanout  Slack
---------------------------------------------------------
wb_rst_i                                 10    239   -229 (VIOLATED)
_1623_/Q                                 10    106    -96 (VIOLATED)
_1487_/Q                                 10     66    -56 (VIOLATED)
_0711_/X                                 10     35    -25 (VIOLATED)
_0750_/Y                                 10     32    -22 (VIOLATED)
_0751_/Y                                 10     24    -14 (VIOLATED)
_1059_/X                                 10     24    -14 (VIOLATED)
_1066_/X                                 10     22    -12 (VIOLATED)
_1067_/X                                 10     22    -12 (VIOLATED)
_0744_/X                                 10     20    -10 (VIOLATED)
_1063_/X                                 10     18     -8 (VIOLATED)
_0746_/Y                                 10     16     -6 (VIOLATED)
_0699_/Y                                 10     15     -5 (VIOLATED)
_1058_/Y                                 10     15     -5 (VIOLATED)

max capacitance

Pin                                        Limit         Cap       Slack
------------------------------------------------------------------------
wb_rst_i                                0.200000    1.001710   -0.801710 (VIOLATED)
_1623_/Q                                0.200000    0.331763   -0.131763 (VIOLATED)
_1487_/Q                                0.200000    0.229307   -0.029307 (VIOLATED)



===========================================================================
report_parasitic_annotation -report_unannotated
============================================================================
Found 1713 unannotated drivers.
 io_in[0]
 io_in[10]
 io_in[11]
 io_in[12]
 io_in[13]
 io_in[14]
 io_in[15]
 io_in[16]
 io_in[17]
 io_in[18]
 io_in[19]
 io_in[1]
 io_in[20]
 io_in[21]
 io_in[22]
 io_in[23]
 io_in[24]
 io_in[25]
 io_in[26]
 io_in[27]
 io_in[28]
 io_in[29]
 io_in[2]
 io_in[30]
 io_in[31]
 io_in[32]
 io_in[33]
 io_in[34]
 io_in[35]
 io_in[36]
 io_in[37]
 io_in[3]
 io_in[4]
 io_in[5]
 io_in[6]
 io_in[7]
 io_in[8]
 io_in[9]
 la_data_in[0]
 la_data_in[100]
 la_data_in[101]
 la_data_in[102]
 la_data_in[103]
 la_data_in[104]
 la_data_in[105]
 la_data_in[106]
 la_data_in[107]
 la_data_in[108]
 la_data_in[109]
 la_data_in[10]
 la_data_in[110]
 la_data_in[111]
 la_data_in[112]
 la_data_in[113]
 la_data_in[114]
 la_data_in[115]
 la_data_in[116]
 la_data_in[117]
 la_data_in[118]
 la_data_in[119]
 la_data_in[11]
 la_data_in[120]
 la_data_in[121]
 la_data_in[122]
 la_data_in[123]
 la_data_in[124]
 la_data_in[125]
 la_data_in[126]
 la_data_in[127]
 la_data_in[12]
 la_data_in[13]
 la_data_in[14]
 la_data_in[15]
 la_data_in[16]
 la_data_in[17]
 la_data_in[18]
 la_data_in[19]
 la_data_in[1]
 la_data_in[20]
 la_data_in[21]
 la_data_in[22]
 la_data_in[23]
 la_data_in[24]
 la_data_in[25]
 la_data_in[26]
 la_data_in[27]
 la_data_in[28]
 la_data_in[29]
 la_data_in[2]
 la_data_in[30]
 la_data_in[31]
 la_data_in[32]
 la_data_in[33]
 la_data_in[34]
 la_data_in[35]
 la_data_in[36]
 la_data_in[37]
 la_data_in[38]
 la_data_in[39]
 la_data_in[3]
 la_data_in[40]
 la_data_in[41]
 la_data_in[42]
 la_data_in[43]
 la_data_in[44]
 la_data_in[45]
 la_data_in[46]
 la_data_in[47]
 la_data_in[48]
 la_data_in[49]
 la_data_in[4]
 la_data_in[50]
 la_data_in[51]
 la_data_in[52]
 la_data_in[53]
 la_data_in[54]
 la_data_in[55]
 la_data_in[56]
 la_data_in[57]
 la_data_in[58]
 la_data_in[59]
 la_data_in[5]
 la_data_in[60]
 la_data_in[61]
 la_data_in[62]
 la_data_in[63]
 la_data_in[64]
 la_data_in[65]
 la_data_in[66]
 la_data_in[67]
 la_data_in[68]
 la_data_in[69]
 la_data_in[6]
 la_data_in[70]
 la_data_in[71]
 la_data_in[72]
 la_data_in[73]
 la_data_in[74]
 la_data_in[75]
 la_data_in[76]
 la_data_in[77]
 la_data_in[78]
 la_data_in[79]
 la_data_in[7]
 la_data_in[80]
 la_data_in[81]
 la_data_in[82]
 la_data_in[83]
 la_data_in[84]
 la_data_in[85]
 la_data_in[86]
 la_data_in[87]
 la_data_in[88]
 la_data_in[89]
 la_data_in[8]
 la_data_in[90]
 la_data_in[91]
 la_data_in[92]
 la_data_in[93]
 la_data_in[94]
 la_data_in[95]
 la_data_in[96]
 la_data_in[97]
 la_data_in[98]
 la_data_in[99]
 la_data_in[9]
 la_oenb[0]
 la_oenb[100]
 la_oenb[101]
 la_oenb[102]
 la_oenb[103]
 la_oenb[104]
 la_oenb[105]
 la_oenb[106]
 la_oenb[107]
 la_oenb[108]
 la_oenb[109]
 la_oenb[10]
 la_oenb[110]
 la_oenb[111]
 la_oenb[112]
 la_oenb[113]
 la_oenb[114]
 la_oenb[115]
 la_oenb[116]
 la_oenb[117]
 la_oenb[118]
 la_oenb[119]
 la_oenb[11]
 la_oenb[120]
 la_oenb[121]
 la_oenb[122]
 la_oenb[123]
 la_oenb[124]
 la_oenb[125]
 la_oenb[126]
 la_oenb[127]
 la_oenb[12]
 la_oenb[13]
 la_oenb[14]
 la_oenb[15]
 la_oenb[16]
 la_oenb[17]
 la_oenb[18]
 la_oenb[19]
 la_oenb[1]
 la_oenb[20]
 la_oenb[21]
 la_oenb[22]
 la_oenb[23]
 la_oenb[24]
 la_oenb[25]
 la_oenb[26]
 la_oenb[27]
 la_oenb[28]
 la_oenb[29]
 la_oenb[2]
 la_oenb[30]
 la_oenb[31]
 la_oenb[32]
 la_oenb[33]
 la_oenb[34]
 la_oenb[35]
 la_oenb[36]
 la_oenb[37]
 la_oenb[38]
 la_oenb[39]
 la_oenb[3]
 la_oenb[40]
 la_oenb[41]
 la_oenb[42]
 la_oenb[43]
 la_oenb[44]
 la_oenb[45]
 la_oenb[46]
 la_oenb[47]
 la_oenb[48]
 la_oenb[49]
 la_oenb[4]
 la_oenb[50]
 la_oenb[51]
 la_oenb[52]
 la_oenb[53]
 la_oenb[54]
 la_oenb[55]
 la_oenb[56]
 la_oenb[57]
 la_oenb[58]
 la_oenb[59]
 la_oenb[5]
 la_oenb[60]
 la_oenb[61]
 la_oenb[62]
 la_oenb[63]
 la_oenb[64]
 la_oenb[65]
 la_oenb[66]
 la_oenb[67]
 la_oenb[68]
 la_oenb[69]
 la_oenb[6]
 la_oenb[70]
 la_oenb[71]
 la_oenb[72]
 la_oenb[73]
 la_oenb[74]
 la_oenb[75]
 la_oenb[76]
 la_oenb[77]
 la_oenb[78]
 la_oenb[79]
 la_oenb[7]
 la_oenb[80]
 la_oenb[81]
 la_oenb[82]
 la_oenb[83]
 la_oenb[84]
 la_oenb[85]
 la_oenb[86]
 la_oenb[87]
 la_oenb[88]
 la_oenb[89]
 la_oenb[8]
 la_oenb[90]
 la_oenb[91]
 la_oenb[92]
 la_oenb[93]
 la_oenb[94]
 la_oenb[95]
 la_oenb[96]
 la_oenb[97]
 la_oenb[98]
 la_oenb[99]
 la_oenb[9]
 wb_clk_i
 wb_rst_i
 wbs_adr_i[0]
 wbs_adr_i[10]
 wbs_adr_i[11]
 wbs_adr_i[12]
 wbs_adr_i[13]
 wbs_adr_i[14]
 wbs_adr_i[15]
 wbs_adr_i[16]
 wbs_adr_i[17]
 wbs_adr_i[18]
 wbs_adr_i[19]
 wbs_adr_i[1]
 wbs_adr_i[20]
 wbs_adr_i[21]
 wbs_adr_i[22]
 wbs_adr_i[23]
 wbs_adr_i[24]
 wbs_adr_i[25]
 wbs_adr_i[26]
 wbs_adr_i[27]
 wbs_adr_i[28]
 wbs_adr_i[29]
 wbs_adr_i[2]
 wbs_adr_i[30]
 wbs_adr_i[31]
 wbs_adr_i[3]
 wbs_adr_i[4]
 wbs_adr_i[5]
 wbs_adr_i[6]
 wbs_adr_i[7]
 wbs_adr_i[8]
 wbs_adr_i[9]
 wbs_cyc_i
 wbs_dat_i[0]
 wbs_dat_i[10]
 wbs_dat_i[11]
 wbs_dat_i[12]
 wbs_dat_i[13]
 wbs_dat_i[14]
 wbs_dat_i[15]
 wbs_dat_i[16]
 wbs_dat_i[17]
 wbs_dat_i[18]
 wbs_dat_i[19]
 wbs_dat_i[1]
 wbs_dat_i[20]
 wbs_dat_i[21]
 wbs_dat_i[22]
 wbs_dat_i[23]
 wbs_dat_i[24]
 wbs_dat_i[25]
 wbs_dat_i[26]
 wbs_dat_i[27]
 wbs_dat_i[28]
 wbs_dat_i[29]
 wbs_dat_i[2]
 wbs_dat_i[30]
 wbs_dat_i[31]
 wbs_dat_i[3]
 wbs_dat_i[4]
 wbs_dat_i[5]
 wbs_dat_i[6]
 wbs_dat_i[7]
 wbs_dat_i[8]
 wbs_dat_i[9]
 wbs_sel_i[0]
 wbs_sel_i[1]
 wbs_sel_i[2]
 wbs_sel_i[3]
 wbs_stb_i
 wbs_we_i
 _0663_/Y
 _0664_/Y
 _0665_/Y
 _0666_/Y
 _0667_/Y
 _0668_/Y
 _0669_/Y
 _0670_/Y
 _0671_/Y
 _0672_/Y
 _0673_/Y
 _0674_/X
 _0675_/X
 _0676_/X
 _0677_/X
 _0678_/X
 _0679_/X
 _0680_/X
 _0681_/X
 _0682_/X
 _0683_/Y
 _0684_/X
 _0685_/X
 _0686_/Y
 _0687_/Y
 _0688_/X
 _0689_/X
 _0690_/X
 _0691_/Y
 _0692_/X
 _0693_/X
 _0694_/X
 _0695_/X
 _0696_/Y
 _0697_/X
 _0698_/X
 _0699_/Y
 _0700_/Y
 _0701_/X
 _0702_/X
 _0703_/Y
 _0704_/X
 _0705_/X
 _0706_/X
 _0707_/X
 _0708_/X
 _0709_/Y
 _0710_/X
 _0711_/X
 _0712_/X
 _0713_/X
 _0714_/X
 _0715_/X
 _0716_/X
 _0717_/X
 _0718_/X
 _0719_/X
 _0720_/X
 _0721_/X
 _0722_/X
 _0723_/X
 _0724_/X
 _0725_/X
 _0726_/X
 _0727_/X
 _0728_/X
 _0729_/X
 _0730_/X
 _0731_/X
 _0732_/X
 _0733_/X
 _0734_/X
 _0735_/X
 _0736_/X
 _0737_/X
 _0738_/X
 _0739_/X
 _0740_/X
 _0741_/X
 _0742_/X
 _0743_/X
 _0744_/X
 _0745_/X
 _0746_/Y
 _0747_/X
 _0748_/X
 _0749_/Y
 _0750_/Y
 _0751_/Y
 _0752_/Y
 _0753_/X
 _0754_/X
 _0755_/X
 _0756_/X
 _0757_/X
 _0758_/X
 _0759_/X
 _0760_/X
 _0761_/X
 _0762_/X
 _0763_/X
 _0764_/X
 _0765_/X
 _0766_/X
 _0767_/X
 _0768_/X
 _0769_/X
 _0770_/X
 _0771_/X
 _0772_/X
 _0773_/X
 _0774_/X
 _0775_/X
 _0776_/X
 _0777_/X
 _0778_/X
 _0779_/X
 _0780_/X
 _0781_/X
 _0782_/X
 _0783_/X
 _0784_/X
 _0785_/X
 _0786_/X
 _0787_/X
 _0788_/X
 _0789_/X
 _0790_/X
 _0791_/X
 _0792_/X
 _0793_/X
 _0794_/X
 _0795_/X
 _0796_/X
 _0797_/X
 _0798_/X
 _0799_/X
 _0800_/X
 _0801_/X
 _0802_/X
 _0803_/X
 _0804_/X
 _0805_/X
 _0806_/X
 _0807_/X
 _0808_/X
 _0809_/X
 _0810_/X
 _0811_/X
 _0812_/X
 _0813_/X
 _0814_/X
 _0815_/X
 _0816_/X
 _0817_/X
 _0818_/X
 _0819_/X
 _0820_/X
 _0821_/X
 _0822_/X
 _0823_/X
 _0824_/X
 _0825_/X
 _0826_/X
 _0827_/X
 _0828_/X
 _0829_/X
 _0830_/X
 _0831_/X
 _0832_/X
 _0833_/X
 _0834_/X
 _0835_/X
 _0836_/X
 _0837_/X
 _0838_/X
 _0839_/X
 _0840_/X
 _0841_/X
 _0842_/X
 _0843_/X
 _0844_/X
 _0845_/X
 _0846_/X
 _0847_/X
 _0848_/X
 _0849_/X
 _0850_/X
 _0851_/X
 _0852_/X
 _0853_/X
 _0854_/X
 _0855_/X
 _0856_/X
 _0857_/X
 _0858_/X
 _0859_/X
 _0860_/X
 _0861_/X
 _0862_/X
 _0863_/X
 _0864_/X
 _0865_/X
 _0866_/X
 _0867_/X
 _0868_/X
 _0869_/X
 _0870_/X
 _0871_/X
 _0872_/X
 _0873_/X
 _0874_/X
 _0875_/X
 _0876_/Y
 _0877_/X
 _0878_/X
 _0879_/X
 _0880_/X
 _0881_/X
 _0882_/Y
 _0883_/Y
 _0884_/X
 _0885_/Y
 _0886_/Y
 _0887_/Y
 _0888_/Y
 _0889_/X
 _0890_/X
 _0891_/X
 _0892_/Y
 _0893_/Y
 _0894_/X
 _0895_/Y
 _0896_/Y
 _0897_/Y
 _0898_/X
 _0899_/Y
 _0900_/Y
 _0901_/Y
 _0902_/X
 _0903_/Y
 _0904_/Y
 _0905_/Y
 _0906_/X
 _0907_/Y
 _0908_/Y
 _0909_/Y
 _0910_/X
 _0911_/Y
 _0912_/Y
 _0913_/Y
 _0914_/X
 _0915_/Y
 _0916_/Y
 _0917_/Y
 _0918_/X
 _0919_/Y
 _0920_/Y
 _0921_/Y
 _0922_/X
 _0923_/Y
 _0924_/Y
 _0925_/Y
 _0926_/X
 _0927_/Y
 _0928_/Y
 _0929_/Y
 _0930_/X
 _0931_/Y
 _0932_/Y
 _0933_/Y
 _0934_/X
 _0935_/Y
 _0936_/Y
 _0937_/Y
 _0938_/X
 _0939_/Y
 _0940_/Y
 _0941_/Y
 _0942_/X
 _0943_/Y
 _0944_/Y
 _0945_/Y
 _0946_/X
 _0947_/Y
 _0948_/Y
 _0949_/Y
 _0950_/X
 _0951_/Y
 _0952_/Y
 _0953_/Y
 _0954_/X
 _0955_/Y
 _0956_/Y
 _0957_/Y
 _0958_/X
 _0959_/Y
 _0960_/Y
 _0961_/Y
 _0962_/X
 _0963_/Y
 _0964_/Y
 _0965_/Y
 _0966_/X
 _0967_/Y
 _0968_/Y
 _0969_/Y
 _0970_/X
 _0971_/Y
 _0972_/Y
 _0973_/Y
 _0974_/X
 _0975_/Y
 _0976_/Y
 _0977_/Y
 _0978_/X
 _0979_/Y
 _0980_/Y
 _0981_/X
 _0982_/Y
 _0983_/Y
 _0984_/Y
 _0985_/X
 _0986_/Y
 _0987_/Y
 _0988_/Y
 _0989_/X
 _0990_/Y
 _0991_/Y
 _0992_/Y
 _0993_/X
 _0994_/Y
 _0995_/Y
 _0996_/Y
 _0997_/X
 _0998_/Y
 _0999_/Y
 _1000_/Y
 _1001_/X
 _1002_/Y
 _1003_/Y
 _1004_/Y
 _1005_/X
 _1006_/Y
 _1007_/Y
 _1008_/Y
 _1009_/X
 _1010_/Y
 _1011_/Y
 _1012_/Y
 _1013_/X
 _1014_/Y
 _1015_/Y
 _1016_/Y
 _1017_/X
 _1018_/Y
 _1019_/Y
 _1020_/Y
 _1021_/X
 _1022_/X
 _1023_/X
 _1024_/X
 _1025_/X
 _1026_/X
 _1027_/X
 _1028_/X
 _1029_/X
 _1030_/X
 _1031_/X
 _1032_/X
 _1033_/X
 _1034_/X
 _1035_/X
 _1036_/X
 _1037_/X
 _1038_/X
 _1039_/X
 _1040_/X
 _1041_/X
 _1042_/X
 _1043_/X
 _1044_/X
 _1045_/X
 _1046_/X
 _1047_/X
 _1048_/X
 _1049_/X
 _1050_/X
 _1051_/X
 _1052_/Y
 _1053_/X
 _1054_/Y
 _1055_/X
 _1056_/Y
 _1057_/X
 _1058_/Y
 _1059_/X
 _1060_/Y
 _1061_/Y
 _1062_/X
 _1063_/X
 _1064_/X
 _1065_/X
 _1066_/X
 _1067_/X
 _1068_/X
 _1069_/X
 _1070_/X
 _1071_/Y
 _1072_/X
 _1073_/Y
 _1074_/X
 _1075_/X
 _1076_/X
 _1077_/X
 _1078_/X
 _1079_/X
 _1080_/X
 _1081_/X
 _1082_/X
 _1083_/X
 _1084_/X
 _1085_/X
 _1086_/X
 _1087_/X
 _1088_/X
 _1089_/X
 _1090_/X
 _1091_/X
 _1092_/X
 _1093_/X
 _1094_/X
 _1095_/X
 _1096_/X
 _1097_/X
 _1098_/X
 _1099_/X
 _1100_/X
 _1101_/X
 _1102_/X
 _1103_/X
 _1104_/X
 _1105_/X
 _1106_/X
 _1107_/X
 _1108_/X
 _1109_/X
 _1110_/X
 _1111_/X
 _1112_/X
 _1113_/X
 _1114_/X
 _1115_/X
 _1116_/X
 _1117_/X
 _1118_/X
 _1119_/X
 _1120_/X
 _1121_/X
 _1122_/X
 _1123_/X
 _1124_/X
 _1125_/X
 _1126_/X
 _1127_/X
 _1128_/X
 _1129_/X
 _1130_/X
 _1131_/X
 _1132_/X
 _1133_/X
 _1134_/X
 _1135_/X
 _1136_/X
 _1137_/X
 _1138_/X
 _1139_/X
 _1140_/X
 _1141_/X
 _1142_/X
 _1143_/X
 _1144_/X
 _1145_/X
 _1146_/X
 _1147_/X
 _1148_/X
 _1149_/X
 _1150_/X
 _1151_/X
 _1152_/X
 _1153_/X
 _1154_/X
 _1155_/X
 _1156_/X
 _1157_/X
 _1158_/X
 _1159_/X
 _1160_/X
 _1161_/X
 _1162_/X
 _1163_/X
 _1164_/X
 _1165_/X
 _1166_/X
 _1167_/X
 _1168_/X
 _1169_/X
 _1170_/X
 _1171_/X
 _1172_/X
 _1173_/X
 _1174_/X
 _1175_/X
 _1176_/X
 _1177_/X
 _1178_/X
 _1179_/X
 _1180_/X
 _1181_/X
 _1182_/X
 _1183_/X
 _1184_/X
 _1185_/X
 _1186_/X
 _1187_/X
 _1188_/X
 _1189_/X
 _1190_/X
 _1191_/X
 _1192_/X
 _1193_/X
 _1194_/X
 _1195_/X
 _1196_/Y
 _1197_/Y
 _1198_/X
 _1199_/Y
 _1200_/Y
 _1201_/Y
 _1202_/Y
 _1203_/Y
 _1204_/Y
 _1205_/Y
 _1206_/Y
 _1207_/Y
 _1208_/Y
 _1209_/Y
 _1210_/Y
 _1211_/Y
 _1212_/Y
 _1213_/Y
 _1214_/Y
 _1215_/Y
 _1216_/Y
 _1217_/Y
 _1218_/Y
 _1219_/Y
 _1220_/Y
 _1221_/Y
 _1222_/Y
 _1223_/Y
 _1224_/Y
 _1225_/Y
 _1226_/Y
 _1227_/Y
 _1228_/Y
 _1229_/Y
 _1230_/Y
 _1231_/Y
 _1232_/Y
 _1233_/Y
 _1234_/Y
 _1235_/Y
 _1236_/Y
 _1237_/Y
 _1238_/Y
 _1239_/Y
 _1240_/Y
 _1241_/Y
 _1242_/Y
 _1243_/Y
 _1244_/Y
 _1245_/Y
 _1246_/Y
 _1247_/Y
 _1248_/Y
 _1249_/Y
 _1250_/Y
 _1251_/Y
 _1252_/Y
 _1253_/Y
 _1254_/Y
 _1255_/Y
 _1256_/Y
 _1257_/Y
 _1258_/Y
 _1259_/Y
 _1260_/Y
 _1261_/Y
 _1262_/Y
 _1263_/Y
 _1264_/Y
 _1265_/Y
 _1266_/Y
 _1267_/Y
 _1268_/Y
 _1269_/Y
 _1270_/Y
 _1271_/Y
 _1272_/Y
 _1273_/Y
 _1274_/Y
 _1275_/Y
 _1276_/Y
 _1277_/Y
 _1278_/Y
 _1279_/Y
 _1280_/Y
 _1281_/Y
 _1282_/Y
 _1283_/Y
 _1284_/Y
 _1285_/Y
 _1286_/Y
 _1287_/Y
 _1288_/Y
 _1289_/Y
 _1290_/Y
 _1291_/Y
 _1292_/Y
 _1293_/Y
 _1294_/Y
 _1295_/Y
 _1296_/Y
 _1297_/Y
 _1298_/Y
 _1299_/Y
 _1300_/Y
 _1301_/Y
 _1302_/Y
 _1303_/Y
 _1304_/Y
 _1305_/Y
 _1306_/Y
 _1307_/Y
 _1308_/Y
 _1309_/Y
 _1310_/Y
 _1311_/Y
 _1312_/Y
 _1313_/Y
 _1314_/Y
 _1315_/Y
 _1316_/Y
 _1317_/Y
 _1318_/Y
 _1319_/Y
 _1320_/Y
 _1321_/Y
 _1322_/Y
 _1323_/Y
 _1324_/Y
 _1325_/Y
 _1326_/Y
 _1327_/Y
 _1328_/Y
 _1329_/Y
 _1330_/Y
 _1331_/Y
 _1332_/Y
 _1333_/Y
 _1334_/Y
 _1335_/Y
 _1336_/Y
 _1337_/Y
 _1338_/Y
 _1339_/Y
 _1340_/Y
 _1341_/Y
 _1342_/Y
 _1343_/Y
 _1344_/Y
 _1345_/Y
 _1346_/Y
 _1347_/Y
 _1348_/Y
 _1349_/Y
 _1350_/Y
 _1351_/Y
 _1352_/Y
 _1353_/Y
 _1354_/Y
 _1355_/Y
 _1356_/Y
 _1357_/Y
 _1358_/Y
 _1359_/Y
 _1360_/Y
 _1361_/Y
 _1362_/Y
 _1363_/Y
 _1364_/Y
 _1365_/Y
 _1366_/Y
 _1367_/Y
 _1368_/Y
 _1369_/Y
 _1370_/Y
 _1371_/Y
 _1372_/Y
 _1373_/Y
 _1374_/Y
 _1375_/Y
 _1376_/Y
 _1377_/Y
 _1378_/Y
 _1379_/Y
 _1380_/Y
 _1381_/Y
 _1382_/Y
 _1383_/Y
 _1384_/Y
 _1385_/Y
 _1386_/Y
 _1387_/Y
 _1388_/Y
 _1389_/Y
 _1390_/Y
 _1391_/Y
 _1392_/Y
 _1393_/Y
 _1394_/Y
 _1395_/Y
 _1396_/Y
 _1397_/Y
 _1398_/Y
 _1399_/Q
 _1400_/Q
 _1401_/Q
 _1402_/Q
 _1403_/Q
 _1404_/Q
 _1405_/Q
 _1406_/Q
 _1407_/Q
 _1408_/Q
 _1409_/Q
 _1410_/Q
 _1411_/Q
 _1412_/Q
 _1413_/Q
 _1414_/Q
 _1415_/Q
 _1416_/Q
 _1417_/Q
 _1418_/Q
 _1419_/Q
 _1420_/Q
 _1421_/Q
 _1422_/Q
 _1423_/Q
 _1424_/Q
 _1425_/Q
 _1426_/Q
 _1427_/Q
 _1428_/Q
 _1429_/Q
 _1430_/Q
 _1431_/Q
 _1432_/Q
 _1433_/Q
 _1434_/Q
 _1435_/Q
 _1436_/Q
 _1437_/Q
 _1438_/Q
 _1439_/Q
 _1440_/Q
 _1441_/Q
 _1442_/Q
 _1443_/Q
 _1444_/Q
 _1445_/Q
 _1446_/Q
 _1447_/Q
 _1448_/Q
 _1449_/Q
 _1450_/Q
 _1451_/Q
 _1452_/Q
 _1453_/Q
 _1454_/Q
 _1455_/Q
 _1456_/Q
 _1457_/Q
 _1458_/Q
 _1459_/Q
 _1460_/Q
 _1461_/Q
 _1462_/Q
 _1463_/Q
 _1464_/Q
 _1465_/Q
 _1466_/Q
 _1467_/Q
 _1468_/Q
 _1469_/Q
 _1470_/Q
 _1471_/Q
 _1472_/Q
 _1473_/Q
 _1474_/Q
 _1475_/Q
 _1476_/Q
 _1477_/Q
 _1478_/Q
 _1479_/Q
 _1480_/Q
 _1481_/Q
 _1482_/Q
 _1483_/Q
 _1484_/Q
 _1485_/Q
 _1486_/Q
 _1487_/Q
 _1488_/Q
 _1489_/Q
 _1490_/Q
 _1491_/Q
 _1492_/Q
 _1493_/Q
 _1494_/Q
 _1495_/Q
 _1496_/Q
 _1497_/Q
 _1498_/Q
 _1499_/Q
 _1500_/Q
 _1501_/Q
 _1502_/Q
 _1503_/Q
 _1504_/Q
 _1505_/Q
 _1506_/Q
 _1507_/Q
 _1508_/Q
 _1509_/Q
 _1510_/Q
 _1511_/Q
 _1512_/Q
 _1513_/Q
 _1514_/Q
 _1515_/Q
 _1516_/Q
 _1517_/Q
 _1518_/Q
 _1519_/Q
 _1520_/Q
 _1521_/Q
 _1522_/Q
 _1523_/Q
 _1524_/Q
 _1525_/Q
 _1526_/Q
 _1527_/Q
 _1528_/Q
 _1529_/Q
 _1530_/Q
 _1531_/Q
 _1532_/Q
 _1533_/Q
 _1534_/Q
 _1535_/Q
 _1536_/Q
 _1537_/Q
 _1538_/Q
 _1539_/Q
 _1540_/Q
 _1541_/Q
 _1542_/Q
 _1543_/Q
 _1544_/Q
 _1545_/Q
 _1546_/Q
 _1547_/Q
 _1548_/Q
 _1549_/Q
 _1550_/Q
 _1551_/Q
 _1552_/Q
 _1553_/Q
 _1554_/Q
 _1555_/Q
 _1556_/Q
 _1557_/Q
 _1558_/Q
 _1559_/Q
 _1560_/Q
 _1561_/Q
 _1562_/Q
 _1563_/Q
 _1564_/Q
 _1565_/Q
 _1566_/Q
 _1567_/Q
 _1568_/Q
 _1569_/Q
 _1570_/Q
 _1571_/Q
 _1572_/Q
 _1573_/Q
 _1574_/Q
 _1575_/Q
 _1576_/Q
 _1577_/Q
 _1578_/Q
 _1579_/Q
 _1580_/Q
 _1581_/Q
 _1582_/Q
 _1583_/Q
 _1584_/Q
 _1585_/Q
 _1586_/Q
 _1587_/Q
 _1588_/Q
 _1589_/Q
 _1590_/Q
 _1591_/Q
 _1592_/Q
 _1593_/Q
 _1594_/Q
 _1595_/Q
 _1596_/Q
 _1597_/Q
 _1598_/Q
 _1599_/Q
 _1600_/Q
 _1601_/Q
 _1602_/Q
 _1603_/Q
 _1604_/Q
 _1605_/Q
 _1606_/Q
 _1607_/Q
 _1608_/Q
 _1609_/Q
 _1610_/Q
 _1611_/Q
 _1612_/Q
 _1613_/Q
 _1614_/Q
 _1615_/Q
 _1616_/Q
 _1617_/Q
 _1618_/Q
 _1619_/Q
 _1620_/Q
 _1621_/Q
 _1622_/Q
 _1623_/Q
 _1624_/Q
 _1625_/Q
 _1626_/Q
 _1627_/Q
 _1628_/Q
 _1629_/Q
 _1630_/Q
 _1631_/Q
 _1632_/Q
 _1633_/HI
 _1633_/LO
 _1634_/HI
 _1634_/LO
 _1635_/HI
 _1635_/LO
 _1636_/HI
 _1636_/LO
 _1637_/HI
 _1637_/LO
 _1638_/HI
 _1638_/LO
 _1639_/HI
 _1639_/LO
 _1640_/HI
 _1640_/LO
 _1641_/HI
 _1641_/LO
 _1642_/HI
 _1642_/LO
 _1643_/HI
 _1643_/LO
 _1644_/HI
 _1644_/LO
 _1645_/HI
 _1645_/LO
 _1646_/HI
 _1646_/LO
 _1647_/HI
 _1647_/LO
 _1648_/HI
 _1648_/LO
 _1649_/HI
 _1649_/LO
 _1650_/HI
 _1650_/LO
 _1651_/HI
 _1651_/LO
 _1652_/HI
 _1652_/LO
 _1653_/HI
 _1653_/LO
 _1654_/HI
 _1654_/LO
 _1655_/HI
 _1655_/LO
 _1656_/HI
 _1656_/LO
 _1657_/HI
 _1657_/LO
 _1658_/HI
 _1658_/LO
 _1659_/HI
 _1659_/LO
 _1660_/HI
 _1660_/LO
 _1661_/HI
 _1661_/LO
 _1662_/HI
 _1662_/LO
 _1663_/HI
 _1663_/LO
 _1664_/HI
 _1664_/LO
 _1665_/HI
 _1665_/LO
 _1666_/HI
 _1666_/LO
 _1667_/HI
 _1667_/LO
 _1668_/HI
 _1668_/LO
 _1669_/HI
 _1669_/LO
 _1670_/HI
 _1670_/LO
 _1671_/HI
 _1671_/LO
 _1672_/HI
 _1672_/LO
 _1673_/HI
 _1673_/LO
 _1674_/HI
 _1674_/LO
 _1675_/HI
 _1675_/LO
 _1676_/HI
 _1676_/LO
 _1677_/HI
 _1677_/LO
 _1678_/HI
 _1678_/LO
 _1679_/HI
 _1679_/LO
 _1680_/HI
 _1680_/LO
 _1681_/HI
 _1681_/LO
 _1682_/HI
 _1682_/LO
 _1683_/HI
 _1683_/LO
 _1684_/HI
 _1684_/LO
 _1685_/HI
 _1685_/LO
 _1686_/HI
 _1686_/LO
 _1687_/HI
 _1687_/LO
 _1688_/HI
 _1688_/LO
 _1689_/HI
 _1689_/LO
 _1690_/HI
 _1690_/LO
 _1691_/HI
 _1691_/LO
 _1692_/HI
 _1692_/LO
 _1693_/HI
 _1693_/LO
 _1694_/HI
 _1694_/LO
 _1695_/HI
 _1695_/LO
 _1696_/HI
 _1696_/LO
 _1697_/HI
 _1697_/LO
 _1698_/HI
 _1698_/LO
 _1699_/HI
 _1699_/LO
 _1700_/HI
 _1700_/LO
 _1701_/HI
 _1701_/LO
 _1702_/HI
 _1702_/LO
 _1703_/HI
 _1703_/LO
 _1704_/HI
 _1704_/LO
 _1705_/HI
 _1705_/LO
 _1706_/HI
 _1706_/LO
 _1707_/HI
 _1707_/LO
 _1708_/HI
 _1708_/LO
 _1709_/HI
 _1709_/LO
 _1710_/HI
 _1710_/LO
 _1711_/HI
 _1711_/LO
 _1712_/HI
 _1712_/LO
 _1713_/HI
 _1713_/LO
 _1714_/HI
 _1714_/LO
 _1715_/HI
 _1715_/LO
 _1716_/HI
 _1716_/LO
 _1717_/HI
 _1717_/LO
 _1718_/HI
 _1718_/LO
 _1719_/HI
 _1719_/LO
 _1720_/HI
 _1720_/LO
 _1721_/HI
 _1721_/LO
 _1722_/HI
 _1722_/LO
 _1723_/HI
 _1723_/LO
 _1724_/HI
 _1724_/LO
 _1725_/HI
 _1725_/LO
 _1726_/HI
 _1726_/LO
 _1727_/HI
 _1727_/LO
 _1728_/HI
 _1728_/LO
 _1729_/HI
 _1729_/LO
 _1730_/HI
 _1730_/LO
 _1731_/HI
 _1731_/LO
 _1732_/HI
 _1732_/LO
 _1733_/HI
 _1733_/LO
 _1734_/HI
 _1734_/LO
 _1735_/HI
 _1735_/LO
 _1736_/HI
 _1736_/LO
 _1737_/HI
 _1737_/LO
 _1738_/HI
 _1738_/LO
 _1739_/HI
 _1739_/LO
 _1740_/HI
 _1740_/LO
 _1741_/HI
 _1741_/LO
 _1742_/HI
 _1742_/LO
 _1743_/HI
 _1743_/LO
 _1744_/HI
 _1744_/LO
 _1745_/HI
 _1745_/LO
 _1746_/HI
 _1746_/LO
 _1747_/HI
 _1747_/LO
 _1748_/HI
 _1748_/LO
 _1749_/HI
 _1749_/LO
 _1750_/HI
 _1750_/LO
 _1751_/HI
 _1751_/LO
 _1752_/HI
 _1752_/LO
 _1753_/HI
 _1753_/LO
 _1754_/HI
 _1754_/LO
 _1755_/HI
 _1755_/LO
 _1756_/HI
 _1756_/LO
 _1757_/HI
 _1757_/LO
 _1758_/HI
 _1758_/LO
 _1759_/HI
 _1759_/LO
 _1760_/HI
 _1760_/LO
 _1761_/HI
 _1761_/LO
 _1762_/HI
 _1762_/LO
 _1763_/HI
 _1763_/LO
 _1764_/HI
 _1764_/LO
 _1765_/HI
 _1765_/LO
 _1766_/HI
 _1766_/LO
 _1767_/HI
 _1767_/LO
 _1768_/HI
 _1768_/LO
 _1769_/HI
 _1769_/LO
 _1770_/HI
 _1770_/LO
 _1771_/HI
 _1771_/LO
 _1772_/HI
 _1772_/LO
 _1773_/HI
 _1773_/LO
 _1774_/HI
 _1774_/LO
 _1775_/HI
 _1775_/LO
 _1776_/HI
 _1776_/LO
 _1777_/HI
 _1777_/LO
 _1778_/HI
 _1778_/LO
 _1779_/HI
 _1779_/LO
 _1780_/HI
 _1780_/LO
 _1781_/HI
 _1781_/LO
 _1782_/HI
 _1782_/LO
 _1783_/HI
 _1783_/LO
 _1784_/HI
 _1784_/LO
 _1785_/HI
 _1785_/LO
 _1786_/HI
 _1786_/LO
 _1787_/HI
 _1787_/LO
 _1788_/HI
 _1788_/LO
 _1789_/HI
 _1789_/LO
 _1790_/HI
 _1790_/LO
 _1791_/HI
 _1791_/LO
 _1792_/HI
 _1792_/LO
 _1793_/HI
 _1793_/LO
 _1794_/HI
 _1794_/LO
 _1795_/HI
 _1795_/LO
 _1796_/HI
 _1796_/LO
 _1797_/HI
 _1797_/LO
 _1798_/HI
 _1798_/LO
 _1799_/HI
 _1799_/LO
 _1800_/HI
 _1800_/LO
 _1801_/HI
 _1801_/LO
 _1802_/X
 _1803_/X
 _1804_/X
 _1805_/X
 _1806_/X
 _1807_/X
 _1808_/X
 _1809_/X
 _1810_/X
 _1811_/X
 _1812_/X
 _1813_/X
 _1814_/X
 _1815_/X
 _1816_/X
 _1817_/X
 _1818_/X
 _1819_/X
 _1820_/X
 _1821_/X
 _1822_/X
 _1823_/X
 _1824_/X
 _1825_/X
 _1826_/X
 _1827_/X
 _1828_/X
 _1829_/X
 _1830_/X
 _1831_/X
 _1832_/X
 _1833_/X
 _1834_/X
 _1835_/X
 _1836_/X
 _1837_/X
 _1838_/X
 _1839_/X
Found 0 partially unannotated drivers.

===========================================================================
max slew violation count 447
max fanout violation count 14
max cap violation count 3
============================================================================

===========================================================================
check_setup -verbose -unconstrained_endpoints -multiple_clock -no_clock -no_input_delay -loops -generated_clocks
===========================================================================
Warning: There are 169 unconstrained endpoints.
  io_out[0]
  io_out[10]
  io_out[11]
  io_out[12]
  io_out[13]
  io_out[14]
  io_out[15]
  io_out[16]
  io_out[17]
  io_out[18]
  io_out[19]
  io_out[1]
  io_out[20]
  io_out[21]
  io_out[22]
  io_out[23]
  io_out[24]
  io_out[25]
  io_out[26]
  io_out[27]
  io_out[28]
  io_out[29]
  io_out[2]
  io_out[30]
  io_out[31]
  io_out[32]
  io_out[33]
  io_out[34]
  io_out[35]
  io_out[36]
  io_out[37]
  io_out[3]
  io_out[4]
  io_out[5]
  io_out[6]
  io_out[7]
  io_out[8]
  io_out[9]
  irq[0]
  irq[1]
  irq[2]
  la_data_out[0]
  la_data_out[100]
  la_data_out[101]
  la_data_out[102]
  la_data_out[103]
  la_data_out[104]
  la_data_out[105]
  la_data_out[106]
  la_data_out[107]
  la_data_out[108]
  la_data_out[109]
  la_data_out[10]
  la_data_out[110]
  la_data_out[111]
  la_data_out[112]
  la_data_out[113]
  la_data_out[114]
  la_data_out[115]
  la_data_out[116]
  la_data_out[117]
  la_data_out[118]
  la_data_out[119]
  la_data_out[11]
  la_data_out[120]
  la_data_out[121]
  la_data_out[122]
  la_data_out[123]
  la_data_out[124]
  la_data_out[125]
  la_data_out[126]
  la_data_out[127]
  la_data_out[12]
  la_data_out[13]
  la_data_out[14]
  la_data_out[15]
  la_data_out[16]
  la_data_out[17]
  la_data_out[18]
  la_data_out[19]
  la_data_out[1]
  la_data_out[20]
  la_data_out[21]
  la_data_out[22]
  la_data_out[23]
  la_data_out[24]
  la_data_out[25]
  la_data_out[26]
  la_data_out[27]
  la_data_out[28]
  la_data_out[29]
  la_data_out[2]
  la_data_out[30]
  la_data_out[31]
  la_data_out[32]
  la_data_out[33]
  la_data_out[34]
  la_data_out[35]
  la_data_out[36]
  la_data_out[37]
  la_data_out[38]
  la_data_out[39]
  la_data_out[3]
  la_data_out[40]
  la_data_out[41]
  la_data_out[42]
  la_data_out[43]
  la_data_out[44]
  la_data_out[45]
  la_data_out[46]
  la_data_out[47]
  la_data_out[48]
  la_data_out[49]
  la_data_out[4]
  la_data_out[50]
  la_data_out[51]
  la_data_out[52]
  la_data_out[53]
  la_data_out[54]
  la_data_out[55]
  la_data_out[56]
  la_data_out[57]
  la_data_out[58]
  la_data_out[59]
  la_data_out[5]
  la_data_out[60]
  la_data_out[61]
  la_data_out[62]
  la_data_out[63]
  la_data_out[64]
  la_data_out[65]
  la_data_out[66]
  la_data_out[67]
  la_data_out[68]
  la_data_out[69]
  la_data_out[6]
  la_data_out[70]
  la_data_out[71]
  la_data_out[72]
  la_data_out[73]
  la_data_out[74]
  la_data_out[75]
  la_data_out[76]
  la_data_out[77]
  la_data_out[78]
  la_data_out[79]
  la_data_out[7]
  la_data_out[80]
  la_data_out[81]
  la_data_out[82]
  la_data_out[83]
  la_data_out[84]
  la_data_out[85]
  la_data_out[86]
  la_data_out[87]
  la_data_out[88]
  la_data_out[89]
  la_data_out[8]
  la_data_out[90]
  la_data_out[91]
  la_data_out[92]
  la_data_out[93]
  la_data_out[94]
  la_data_out[95]
  la_data_out[96]
  la_data_out[97]
  la_data_out[98]
  la_data_out[99]
  la_data_out[9]
