115. Printing statistics.

=== SPM_example ===

   Number of wires:                867
   Number of wire bits:           1630
   Number of public wires:         184
   Number of public wire bits:     885
   Number of ports:                 17
   Number of port bits:            607
   Number of memories:               0
   Number of memory bits:            0
   Number of processes:              0
   Number of cells:               1052
     $_ANDNOT_                      77
     $_AND_                         66
     $_MUX_                        290
     $_NAND_                         7
     $_NOR_                          1
     $_NOT_                        202
     $_ORNOT_                        8
     $_OR_                          97
     $_XNOR_                        65
     $_XOR_                          5
     sky130_fd_sc_hd__dfrtp_2      201
     sky130_fd_sc_hd__dfxtp_2       33

   Area for cell type $_NOT_ is unknown!
   Area for cell type $_AND_ is unknown!
   Area for cell type $_NAND_ is unknown!
   Area for cell type $_OR_ is unknown!
   Area for cell type $_NOR_ is unknown!
   Area for cell type $_XOR_ is unknown!
   Area for cell type $_XNOR_ is unknown!
   Area for cell type $_ANDNOT_ is unknown!
   Area for cell type $_ORNOT_ is unknown!
   Area for cell type $_MUX_ is unknown!

   Chip area for module '\SPM_example': 5983.238400
     of which used for sequential elements: 5983.238400 (100.00%)

