109. Printing statistics.

=== SPM_example ===

   Number of wires:                505
   Number of wire bits:           1268
   Number of public wires:         184
   Number of public wire bits:     885
   Number of ports:                 17
   Number of port bits:            607
   Number of memories:               0
   Number of memory bits:            0
   Number of processes:              0
   Number of cells:                690
     $_ANDNOT_                      77
     $_AND_                         66
     $_DFFE_PP0P_                  128
     $_DFFE_PP_                     32
     $_DFF_PP0_                     73
     $_MUX_                        129
     $_NAND_                         7
     $_NOR_                          1
     $_NOT_                          1
     $_ORNOT_                        8
     $_OR_                          97
     $_SDFF_PP0_                     1
     $_XNOR_                        65
     $_XOR_                          5

   Area for cell type $_NOT_ is unknown!
   Area for cell type $_AND_ is unknown!
   Area for cell type $_NAND_ is unknown!
   Area for cell type $_OR_ is unknown!
   Area for cell type $_NOR_ is unknown!
   Area for cell type $_XOR_ is unknown!
   Area for cell type $_XNOR_ is unknown!
   Area for cell type $_ANDNOT_ is unknown!
   Area for cell type $_ORNOT_ is unknown!
   Area for cell type $_MUX_ is unknown!
   Area for cell type $_DFFE_PP_ is unknown!
   Area for cell type $_DFF_PP0_ is unknown!
   Area for cell type $_DFFE_PP0P_ is unknown!
   Area for cell type $_SDFF_PP0_ is unknown!

