123. Printing statistics.

=== SPM_example ===

   Number of wires:                954
   Number of wire bits:           1544
   Number of public wires:         291
   Number of public wire bits:     881
   Number of ports:                 17
   Number of port bits:            607
   Number of memories:               0
   Number of memory bits:            0
   Number of processes:              0
   Number of cells:               1177
     sky130_fd_sc_hd__a2111o_2       3
     sky130_fd_sc_hd__a211o_2        7
     sky130_fd_sc_hd__a211oi_2       2
     sky130_fd_sc_hd__a21bo_2       31
     sky130_fd_sc_hd__a21o_2        70
     sky130_fd_sc_hd__a21oi_2        4
     sky130_fd_sc_hd__a221o_2       34
     sky130_fd_sc_hd__a22o_2        37
     sky130_fd_sc_hd__a2bb2o_2       8
     sky130_fd_sc_hd__and2_2        30
     sky130_fd_sc_hd__and2b_2        1
     sky130_fd_sc_hd__and3_2         7
     sky130_fd_sc_hd__and3b_2        2
     sky130_fd_sc_hd__and4_2         9
     sky130_fd_sc_hd__buf_2         38
     sky130_fd_sc_hd__conb_1       169
     sky130_fd_sc_hd__dfrtp_2      201
     sky130_fd_sc_hd__dfxtp_2       33
     sky130_fd_sc_hd__inv_2        211
     sky130_fd_sc_hd__mux2_1        97
     sky130_fd_sc_hd__nand2_2       35
     sky130_fd_sc_hd__nand3_2       32
     sky130_fd_sc_hd__nand3b_2       1
     sky130_fd_sc_hd__nand4_2        1
     sky130_fd_sc_hd__nor2_2        10
     sky130_fd_sc_hd__nor3_2         4
     sky130_fd_sc_hd__nor4_2         4
     sky130_fd_sc_hd__o21a_2         9
     sky130_fd_sc_hd__o21ai_2        4
     sky130_fd_sc_hd__o221a_2       15
     sky130_fd_sc_hd__o31a_2         2
     sky130_fd_sc_hd__o41a_2         1
     sky130_fd_sc_hd__or2_2         14
     sky130_fd_sc_hd__or3_2          2
     sky130_fd_sc_hd__or3b_2         1
     sky130_fd_sc_hd__or4_2         12
     sky130_fd_sc_hd__or4b_2         4
     sky130_fd_sc_hd__or4bb_2        1
     sky130_fd_sc_hd__xnor2_2       31

   Chip area for module '\SPM_example': 12827.302400
     of which used for sequential elements: 5983.238400 (46.64%)

