Reading OpenROAD database at '/home/george-sleen/Documents/projects/sailbot-hackathon/asic-flow/runs/RUN_2026-03-21_17-10-55/20-openroad-generatepdn/yolo26n_top.odb'…
Reading library file at '/home/george-sleen/.ciel/ciel/sky130/versions/0fe599b2afb6708d281543108caf8310912f54af/sky130A/libs.ref/sky130_fd_sc_hd/lib/sky130_fd_sc_hd__tt_025C_1v80.lib'…
Reading design constraints file at '/nix/store/3j7sk634lffssphph2cw5y1zqr0www5z-python3-3.11.9-env/lib/python3.11/site-packages/librelane/scripts/base.sdc'…
[INFO] Using clock clock…
[INFO] Setting output delay to: 10
[INFO] Setting input delay to: 10
[INFO] Setting load to: 0.033442
[INFO] Setting clock uncertainty to: 0.25
[INFO] Setting clock transition to: 0.1499999999999999944488848768742172978818416595458984375
[INFO] Setting timing derate to: 5%
+ global_placement -density 0.45 -skip_io -pad_right 0 -pad_left 0 -init_wirelength_coef 0.25
[INFO GPL-0002] DBU: 1000
[INFO GPL-0003] SiteSize: (  0.460  2.720 ) um
[INFO GPL-0004] CoreBBox: ( 20.240 21.760 ) ( 230.000 228.480 ) um
[INFO GPL-0006] NumInstances:              1888
[INFO GPL-0007] NumPlaceInstances:         1112
[INFO GPL-0008] NumFixedInstances:          776
[INFO GPL-0009] NumDummyInstances:            0
[INFO GPL-0010] NumNets:                   1180
[INFO GPL-0011] NumPins:                   4426
[INFO GPL-0012] DieBBox:  (  0.000  0.000 ) ( 250.000 250.000 ) um
[INFO GPL-0013] CoreBBox: ( 20.240 21.760 ) ( 230.000 228.480 ) um
[INFO GPL-0016] CoreArea:             43361.587 um^2
[INFO GPL-0017] NonPlaceInstsArea:     1351.296 um^2
[INFO GPL-0018] PlaceInstsArea:       13631.824 um^2
[INFO GPL-0019] Util:                    32.449 %
[INFO GPL-0020] StdInstsArea:         13631.824 um^2
[INFO GPL-0021] MacroInstsArea:           0.000 um^2
[INFO GPL-0031] FillerInit:NumGCells:      1548
[INFO GPL-0032] FillerInit:NumGNets:       1180
[INFO GPL-0033] FillerInit:NumGPins:       4426
[INFO GPL-0023] TargetDensity:            0.450
[INFO GPL-0024] AvrgPlaceInstArea:       12.259 um^2
[INFO GPL-0025] IdealBinArea:            27.242 um^2
[INFO GPL-0026] IdealBinCnt:               1591
[INFO GPL-0027] TotalBinArea:         43361.587 um^2
[INFO GPL-0028] BinCnt:        32     32
[INFO GPL-0029] BinSize: (  6.555  6.460 )
[INFO GPL-0030] NumBins: 1024
[NesterovSolve] Iter:    1 overflow: 0.994 HPWL: 3494000
[NesterovSolve] Iter:   10 overflow: 0.990 HPWL: 2619608
[NesterovSolve] Iter:   20 overflow: 0.990 HPWL: 2615485
[NesterovSolve] Iter:   30 overflow: 0.990 HPWL: 2615251
[NesterovSolve] Iter:   40 overflow: 0.990 HPWL: 2614304
[NesterovSolve] Iter:   50 overflow: 0.990 HPWL: 2614670
[NesterovSolve] Iter:   60 overflow: 0.990 HPWL: 2615748
[NesterovSolve] Iter:   70 overflow: 0.990 HPWL: 2617766
[NesterovSolve] Iter:   80 overflow: 0.990 HPWL: 2622071
[NesterovSolve] Iter:   90 overflow: 0.990 HPWL: 2630986
[NesterovSolve] Iter:  100 overflow: 0.990 HPWL: 2647270
[NesterovSolve] Iter:  110 overflow: 0.989 HPWL: 2673336
[NesterovSolve] Iter:  120 overflow: 0.989 HPWL: 2716607
[NesterovSolve] Iter:  130 overflow: 0.989 HPWL: 2809198
[NesterovSolve] Iter:  140 overflow: 0.985 HPWL: 3162304
[NesterovSolve] Iter:  150 overflow: 0.968 HPWL: 4095023
[NesterovSolve] Iter:  160 overflow: 0.949 HPWL: 4973286
[NesterovSolve] Iter:  170 overflow: 0.936 HPWL: 5427499
[NesterovSolve] Iter:  180 overflow: 0.921 HPWL: 6162303
[NesterovSolve] Iter:  190 overflow: 0.892 HPWL: 6922163
[NesterovSolve] Iter:  200 overflow: 0.860 HPWL: 7593444
[NesterovSolve] Iter:  210 overflow: 0.828 HPWL: 8569857
[NesterovSolve] Iter:  220 overflow: 0.788 HPWL: 9387635
[NesterovSolve] Iter:  230 overflow: 0.747 HPWL: 10208426
[NesterovSolve] Iter:  240 overflow: 0.700 HPWL: 11029993
[NesterovSolve] Iter:  250 overflow: 0.647 HPWL: 11789712
[NesterovSolve] Iter:  260 overflow: 0.594 HPWL: 12530196
[NesterovSolve] Iter:  270 overflow: 0.538 HPWL: 13319346
[NesterovSolve] Iter:  280 overflow: 0.486 HPWL: 13987504
[NesterovSolve] Iter:  290 overflow: 0.439 HPWL: 14477172
[NesterovSolve] Iter:  300 overflow: 0.395 HPWL: 14947105
[NesterovSolve] Iter:  310 overflow: 0.353 HPWL: 15324495
[NesterovSolve] Iter:  320 overflow: 0.328 HPWL: 15564190
[NesterovSolve] Iter:  330 overflow: 0.301 HPWL: 15776921
[NesterovSolve] Iter:  340 overflow: 0.271 HPWL: 15945939
[NesterovSolve] Iter:  350 overflow: 0.248 HPWL: 16122545
[NesterovSolve] Iter:  360 overflow: 0.226 HPWL: 16284399
[NesterovSolve] Iter:  370 overflow: 0.202 HPWL: 16493750
[NesterovSolve] Iter:  380 overflow: 0.172 HPWL: 16610952
[NesterovSolve] Iter:  390 overflow: 0.146 HPWL: 16700917
[NesterovSolve] Iter:  400 overflow: 0.124 HPWL: 16838595
[NesterovSolve] Iter:  410 overflow: 0.100 HPWL: 16962473
[NesterovSolve] Finished with Overflow: 0.098344
[INFO] Setting RC values…
Setting global connections for newly added cells…
[INFO] Setting global connections...
Updating metrics…
Cell type report:                       Count       Area
  Fill cell                               152     570.55
  Tap cell                                624     780.75
  Inverter                                  9      33.78
  Sequential cell                         267    5679.20
  Multi-Input combinational cell          836    7918.84
  Total                                  1888   14983.12
Writing OpenROAD database to '/home/george-sleen/Documents/projects/sailbot-hackathon/asic-flow/runs/RUN_2026-03-21_17-10-55/23-openroad-globalplacementskipio/yolo26n_top.odb'…
Writing netlist to '/home/george-sleen/Documents/projects/sailbot-hackathon/asic-flow/runs/RUN_2026-03-21_17-10-55/23-openroad-globalplacementskipio/yolo26n_top.nl.v'…
Writing powered netlist to '/home/george-sleen/Documents/projects/sailbot-hackathon/asic-flow/runs/RUN_2026-03-21_17-10-55/23-openroad-globalplacementskipio/yolo26n_top.pnl.v'…
Writing layout to '/home/george-sleen/Documents/projects/sailbot-hackathon/asic-flow/runs/RUN_2026-03-21_17-10-55/23-openroad-globalplacementskipio/yolo26n_top.def'…
Writing timing constraints to '/home/george-sleen/Documents/projects/sailbot-hackathon/asic-flow/runs/RUN_2026-03-21_17-10-55/23-openroad-globalplacementskipio/yolo26n_top.sdc'…
