
===========================================================================
report_checks -unconstrained
===========================================================================
======================= min_ff_n40C_1v95 Corner ===================================

Startpoint: host_output_addr[0] (input port clocked by clock)
Endpoint: host_output_data[0] (output port clocked by clock)
Path Group: clock
Path Type: max

Fanout         Cap        Slew       Delay        Time   Description
---------------------------------------------------------------------------------------------
                                  0.000000    0.000000   clock clock (rise edge)
                                  0.000000    0.000000   clock network delay (propagated)
                                 10.000000   10.000000 ^ input external delay
     1    0.004162    0.018792    0.010806   10.010807 ^ host_output_addr[0] (in)
                                                         host_output_addr[0] (net)
                      0.018792    0.000000   10.010807 ^ input55/A (sky130_fd_sc_hd__clkbuf_1)
     1    0.004921    0.049737    0.061555   10.072362 ^ input55/X (sky130_fd_sc_hd__clkbuf_1)
                                                         net55 (net)
                      0.049737    0.000099   10.072460 ^ fanout273/A (sky130_fd_sc_hd__buf_2)
     6    0.047889    0.176715    0.176497   10.248958 ^ fanout273/X (sky130_fd_sc_hd__buf_2)
                                                         net273 (net)
                      0.176725    0.001092   10.250049 ^ fanout267/A (sky130_fd_sc_hd__buf_2)
     6    0.040481    0.149824    0.179759   10.429809 ^ fanout267/X (sky130_fd_sc_hd__buf_2)
                                                         net267 (net)
                      0.149824    0.000206   10.430015 ^ fanout264/A (sky130_fd_sc_hd__clkbuf_4)
     8    0.054384    0.127537    0.185750   10.615765 ^ fanout264/X (sky130_fd_sc_hd__clkbuf_4)
                                                         net264 (net)
                      0.127537    0.000098   10.615862 ^ fanout263/A (sky130_fd_sc_hd__clkbuf_4)
     8    0.045189    0.107696    0.168571   10.784433 ^ fanout263/X (sky130_fd_sc_hd__clkbuf_4)
                                                         net263 (net)
                      0.107813    0.002263   10.786696 ^ _0826_/B (sky130_fd_sc_hd__and2b_1)
     2    0.014955    0.107052    0.140941   10.927637 ^ _0826_/X (sky130_fd_sc_hd__and2b_1)
                                                         _0588_ (net)
                      0.107052    0.000074   10.927711 ^ fanout216/A (sky130_fd_sc_hd__clkbuf_2)
     6    0.037866    0.159610    0.174013   11.101724 ^ fanout216/X (sky130_fd_sc_hd__clkbuf_2)
                                                         net216 (net)
                      0.159611    0.000328   11.102051 ^ fanout213/A (sky130_fd_sc_hd__clkbuf_4)
     8    0.048060    0.114179    0.177809   11.279860 ^ fanout213/X (sky130_fd_sc_hd__clkbuf_4)
                                                         net213 (net)
                      0.114355    0.003120   11.282980 ^ _0827_/A (sky130_fd_sc_hd__inv_2)
     1    0.003859    0.025485    0.016959   11.299939 v _0827_/Y (sky130_fd_sc_hd__inv_2)
                                                         _0589_ (net)
                      0.025485    0.000049   11.299988 v _0840_/A (sky130_fd_sc_hd__nor3_1)
     2    0.005146    0.145840    0.146065   11.446054 ^ _0840_/Y (sky130_fd_sc_hd__nor3_1)
                                                         _0602_ (net)
                      0.145840    0.000021   11.446074 ^ _0841_/C (sky130_fd_sc_hd__and4b_1)
     1    0.003076    0.040483    0.122706   11.568781 ^ _0841_/X (sky130_fd_sc_hd__and4b_1)
                                                         _0603_ (net)
                      0.040483    0.000018   11.568799 ^ _0842_/B1 (sky130_fd_sc_hd__a211o_1)
     1    0.005374    0.045618    0.069607   11.638405 ^ _0842_/X (sky130_fd_sc_hd__a211o_1)
                                                         net75 (net)
                      0.045618    0.000103   11.638508 ^ output75/A (sky130_fd_sc_hd__clkbuf_4)
     1    0.035727    0.087394    0.132016   11.770524 ^ output75/X (sky130_fd_sc_hd__clkbuf_4)
                                                         host_output_data[0] (net)
                      0.087398    0.000650   11.771174 ^ host_output_data[0] (out)
                                             11.771174   data arrival time

                                 50.000000   50.000000   clock clock (rise edge)
                                  0.000000   50.000000   clock network delay (propagated)
                                 -0.250000   49.749996   clock uncertainty
                                  0.000000   49.749996   clock reconvergence pessimism
                                -10.000000   39.749996   output external delay
                                             39.749996   data required time
---------------------------------------------------------------------------------------------
                                             39.749996   data required time
                                            -11.771174   data arrival time
---------------------------------------------------------------------------------------------
                                             27.978823   slack (MET)




===========================================================================
report_checks --slack_max -0.01
============================================================================
======================= min_ff_n40C_1v95 Corner ===================================

No paths found.


===========================================================================
 report_check_types -max_slew -max_cap -max_fanout -violators
============================================================================
======================= min_ff_n40C_1v95 Corner ===================================

max fanout

Pin                                   Limit Fanout  Slack
---------------------------------------------------------
clkbuf_leaf_8_clock/X                     8     16     -8 (VIOLATED)
clkbuf_leaf_13_clock/X                    8     12     -4 (VIOLATED)
clkbuf_leaf_16_clock/X                    8     12     -4 (VIOLATED)
clkbuf_leaf_19_clock/X                    8     12     -4 (VIOLATED)
clkbuf_leaf_5_clock/X                     8     12     -4 (VIOLATED)
clkbuf_leaf_15_clock/X                    8     11     -3 (VIOLATED)
clkbuf_leaf_23_clock/X                    8     11     -3 (VIOLATED)
clkbuf_leaf_24_clock/X                    8     11     -3 (VIOLATED)
clkbuf_leaf_25_clock/X                    8     11     -3 (VIOLATED)
clkbuf_leaf_26_clock/X                    8     11     -3 (VIOLATED)
clkbuf_leaf_27_clock/X                    8     11     -3 (VIOLATED)
clkbuf_leaf_11_clock/X                    8     10     -2 (VIOLATED)
clkbuf_leaf_12_clock/X                    8     10     -2 (VIOLATED)
clkbuf_leaf_18_clock/X                    8     10     -2 (VIOLATED)
clkbuf_leaf_22_clock/X                    8     10     -2 (VIOLATED)
clkbuf_leaf_28_clock/X                    8     10     -2 (VIOLATED)
clkbuf_leaf_6_clock/X                     8     10     -2 (VIOLATED)
clkbuf_leaf_9_clock/X                     8     10     -2 (VIOLATED)
clkbuf_leaf_21_clock/X                    8      9        (VIOLATED)
clkbuf_leaf_2_clock/X                     8      9        (VIOLATED)
clkbuf_leaf_4_clock/X                     8      9        (VIOLATED)
clkbuf_leaf_7_clock/X                     8      9        (VIOLATED)



===========================================================================
report_parasitic_annotation -report_unannotated
============================================================================
Found 28 unannotated drivers.
 clkload0/X
 clkload1/X
 clkload10/Y
 clkload11/Y
 clkload12/Y
 clkload13/Y
 clkload14/Y
 clkload15/Y
 clkload16/Y
 clkload17/Y
 clkload18/Y
 clkload19/Y
 clkload2/Y
 clkload20/X
 clkload21/Y
 clkload22/Y
 clkload23/Y
 clkload24/Y
 clkload25/X
 clkload26/Y
 clkload27/X
 clkload3/Y
 clkload4/X
 clkload5/X
 clkload6/X
 clkload7/X
 clkload8/Y
 clkload9/Y
Found 0 partially unannotated drivers.

===========================================================================
max slew violation count 0
max fanout violation count 22
max cap violation count 0
============================================================================

===========================================================================
check_setup -verbose -unconstrained_endpoints -multiple_clock -no_clock -no_input_delay -loops -generated_clocks
===========================================================================
