Clock: clock
Sources: clock 
Generated: no
Virtual: yes
Propagated: no
Period: 50.000000

===========================================================================
report_clock_properties
============================================================================
Clock                   Period          Waveform
----------------------------------------------------
clock                50.000000    0.000000 25.000000

===========================================================================
report_clock_latency
============================================================================
Clock clock
rise -> rise
    min     max
0.000000 0.000000 source latency
0.438236         network latency _1779_/CLK
        0.462417 network latency _1671_/CLK
---------------
0.438236 0.462417 latency
        0.024181 skew

fall -> fall
    min     max
0.000000 0.000000 source latency
0.389743         network latency _1779_/CLK
        0.405837 network latency _1671_/CLK
---------------
0.389743 0.405837 latency
        0.016094 skew



===========================================================================
report_clock_min_period
============================================================================
clock period_min = 2.30 fmax = 434.72
