Clock: clock
Sources: clock 
Generated: no
Virtual: yes
Propagated: no
Period: 50.000000

===========================================================================
report_clock_properties
============================================================================
Clock                   Period          Waveform
----------------------------------------------------
clock                50.000000    0.000000 25.000000

===========================================================================
report_clock_latency
============================================================================
Clock clock
rise -> rise
    min     max
0.000000 0.000000 source latency
0.462941         network latency _1779_/CLK
        0.492932 network latency _1671_/CLK
---------------
0.462941 0.492932 latency
        0.029991 skew

fall -> fall
    min     max
0.000000 0.000000 source latency
0.407987         network latency _1779_/CLK
        0.428388 network latency _1671_/CLK
---------------
0.407987 0.428388 latency
        0.020401 skew



===========================================================================
report_clock_min_period
============================================================================
clock period_min = 2.42 fmax = 414.08
