Clock: clock
Sources: clock 
Generated: no
Virtual: yes
Propagated: no
Period: 50.000000

===========================================================================
report_clock_properties
============================================================================
Clock                   Period          Waveform
----------------------------------------------------
clock                50.000000    0.000000 25.000000

===========================================================================
report_clock_latency
============================================================================
Clock clock
rise -> rise
    min     max
0.000000 0.000000 source latency
0.653208         network latency _1779_/CLK
        0.688258 network latency _1671_/CLK
---------------
0.653208 0.688258 latency
        0.035050 skew

fall -> fall
    min     max
0.000000 0.000000 source latency
0.582288         network latency _1779_/CLK
        0.606837 network latency _1671_/CLK
---------------
0.582288 0.606837 latency
        0.024549 skew



===========================================================================
report_clock_min_period
============================================================================
clock period_min = 3.60 fmax = 278.09
