Reading technology LEF file at '/home/george-sleen/.ciel/ciel/sky130/versions/0fe599b2afb6708d281543108caf8310912f54af/sky130A/libs.ref/sky130_fd_sc_hd/techlef/sky130_fd_sc_hd__nom.tlef'…
[INFO ODB-0227] LEF file: /home/george-sleen/.ciel/ciel/sky130/versions/0fe599b2afb6708d281543108caf8310912f54af/sky130A/libs.ref/sky130_fd_sc_hd/techlef/sky130_fd_sc_hd__nom.tlef, created 14 layers, 25 vias
Reading cell LEF file at '/home/george-sleen/.ciel/ciel/sky130/versions/0fe599b2afb6708d281543108caf8310912f54af/sky130A/libs.ref/sky130_fd_sc_hd/lef/sky130_ef_sc_hd.lef'…
[WARNING ODB-0220] WARNING (LEFPARS-2008): NOWIREEXTENSIONATPIN statement is obsolete in version 5.6 or later.
The NOWIREEXTENSIONATPIN statement will be ignored. See file /home/george-sleen/.ciel/ciel/sky130/versions/0fe599b2afb6708d281543108caf8310912f54af/sky130A/libs.ref/sky130_fd_sc_hd/lef/sky130_ef_sc_hd.lef at line 2.

[INFO ODB-0227] LEF file: /home/george-sleen/.ciel/ciel/sky130/versions/0fe599b2afb6708d281543108caf8310912f54af/sky130A/libs.ref/sky130_fd_sc_hd/lef/sky130_ef_sc_hd.lef, created 4 library cells
Reading cell LEF file at '/home/george-sleen/.ciel/ciel/sky130/versions/0fe599b2afb6708d281543108caf8310912f54af/sky130A/libs.ref/sky130_fd_sc_hd/lef/sky130_fd_sc_hd.lef'…
[WARNING ODB-0220] WARNING (LEFPARS-2008): NOWIREEXTENSIONATPIN statement is obsolete in version 5.6 or later.
The NOWIREEXTENSIONATPIN statement will be ignored. See file /home/george-sleen/.ciel/ciel/sky130/versions/0fe599b2afb6708d281543108caf8310912f54af/sky130A/libs.ref/sky130_fd_sc_hd/lef/sky130_fd_sc_hd.lef at line 2.

[INFO ODB-0227] LEF file: /home/george-sleen/.ciel/ciel/sky130/versions/0fe599b2afb6708d281543108caf8310912f54af/sky130A/libs.ref/sky130_fd_sc_hd/lef/sky130_fd_sc_hd.lef, created 437 library cells
[INFO ODB-0127] Reading DEF file: /home/george-sleen/Documents/projects/sailbot-hackathon/asic-flow/runs/RUN_2026-03-21_17-10-55/53-odb-cellfrequencytables/yolo26n_top.def
[INFO ODB-0128] Design: yolo26n_top
[INFO ODB-0130]     Created 109 pins.
[INFO ODB-0131]     Created 5447 components and 25985 component-terminals.
[INFO ODB-0132]     Created 2 special nets and 20540 connections.
[INFO ODB-0133]     Created 1658 nets and 5417 connections.
[INFO ODB-0134] Finished DEF file: /home/george-sleen/Documents/projects/sailbot-hackathon/asic-flow/runs/RUN_2026-03-21_17-10-55/53-odb-cellfrequencytables/yolo26n_top.def
Using RCX ruleset '/home/george-sleen/.ciel/ciel/sky130/versions/0fe599b2afb6708d281543108caf8310912f54af/sky130A/libs.tech/openlane/rules.openrcx.sky130A.nom.calibre'…
[INFO RCX-0431] Defined process_corner CURRENT_CORNER with ext_model_index 0
[INFO RCX-0029] Defined extraction corner CURRENT_CORNER
[INFO RCX-0435] Reading extraction model file /home/george-sleen/.ciel/ciel/sky130/versions/0fe599b2afb6708d281543108caf8310912f54af/sky130A/libs.tech/openlane/rules.openrcx.sky130A.nom.calibre ...
[INFO RCX-0436] RC segment generation yolo26n_top (max_merge_res 50.0) ...
[INFO RCX-0040] Final 6305 rc segments
[INFO RCX-0439] Coupling Cap extraction yolo26n_top ...
[INFO RCX-0440] Coupling threshhold is 0.1000 fF, coupling capacitance less than 0.1000 fF will be grounded.
[INFO RCX-0442] 52% of 11865 wires extracted
[INFO RCX-0442] 100% of 11865 wires extracted
[INFO RCX-0045] Extract 1658 nets, 7963 rsegs, 7963 caps, 13437 ccs
Setting global connections for newly added cells…
[INFO] Setting global connections...
Updating metrics…
Cell type report:                       Count       Area
  Fill cell                              3198   26036.22
  Tap cell                                624     780.75
  Antenna cell                              7      17.52
  Standard cell                          1618   16527.10
  Total                                  5447   43361.59
Writing extracted parasitics to '/home/george-sleen/Documents/projects/sailbot-hackathon/asic-flow/runs/RUN_2026-03-21_17-10-55/54-openroad-rcx/nom/yolo26n_top.nom.spef'…
[INFO RCX-0443] 1658 nets finished
