
===========================================================================
report_checks -unconstrained
===========================================================================
======================= min_tt_025C_1v80 Corner ===================================

Startpoint: host_output_addr[0] (input port clocked by clock)
Endpoint: host_output_data[0] (output port clocked by clock)
Path Group: clock
Path Type: max

Fanout         Cap        Slew       Delay        Time   Description
---------------------------------------------------------------------------------------------
                                  0.000000    0.000000   clock clock (rise edge)
                                  0.000000    0.000000   clock network delay (propagated)
                                 10.000000   10.000000 ^ input external delay
     1    0.004097    0.025361    0.014855   10.014855 ^ host_output_addr[0] (in)
                                                         host_output_addr[0] (net)
                      0.025361    0.000000   10.014855 ^ input55/A (sky130_fd_sc_hd__clkbuf_1)
     1    0.004850    0.066704    0.090163   10.105018 ^ input55/X (sky130_fd_sc_hd__clkbuf_1)
                                                         net55 (net)
                      0.066704    0.000097   10.105114 ^ fanout273/A (sky130_fd_sc_hd__buf_2)
     6    0.047909    0.234079    0.250980   10.356094 ^ fanout273/X (sky130_fd_sc_hd__buf_2)
                                                         net273 (net)
                      0.234086    0.001093   10.357187 ^ fanout267/A (sky130_fd_sc_hd__buf_2)
     6    0.039880    0.196921    0.274351   10.631538 ^ fanout267/X (sky130_fd_sc_hd__buf_2)
                                                         net267 (net)
                      0.196921    0.000203   10.631742 ^ fanout264/A (sky130_fd_sc_hd__clkbuf_4)
     8    0.053256    0.164401    0.276936   10.908678 ^ fanout264/X (sky130_fd_sc_hd__clkbuf_4)
                                                         net264 (net)
                      0.164401    0.000096   10.908773 ^ fanout263/A (sky130_fd_sc_hd__clkbuf_4)
     8    0.044090    0.140383    0.247538   11.156312 ^ fanout263/X (sky130_fd_sc_hd__clkbuf_4)
                                                         net263 (net)
                      0.140423    0.002282   11.158593 ^ _0825_/A (sky130_fd_sc_hd__nor2_1)
     2    0.010284    0.076212    0.097865   11.256458 v _0825_/Y (sky130_fd_sc_hd__nor2_1)
                                                         _0587_ (net)
                      0.076212    0.000047   11.256505 v fanout225/A (sky130_fd_sc_hd__clkbuf_2)
     6    0.033745    0.129995    0.200824   11.457330 v fanout225/X (sky130_fd_sc_hd__clkbuf_2)
                                                         net225 (net)
                      0.129995    0.000204   11.457534 v fanout222/A (sky130_fd_sc_hd__buf_2)
     8    0.043966    0.107325    0.234163   11.691697 v fanout222/X (sky130_fd_sc_hd__buf_2)
                                                         net222 (net)
                      0.107351    0.001644   11.693341 v _0828_/A2 (sky130_fd_sc_hd__a221o_1)
     1    0.002667    0.051048    0.359626   12.052967 v _0828_/X (sky130_fd_sc_hd__a221o_1)
                                                         _0590_ (net)
                      0.051048    0.000023   12.052990 v _0829_/B1 (sky130_fd_sc_hd__a21o_1)
     1    0.003197    0.034891    0.152018   12.205008 v _0829_/X (sky130_fd_sc_hd__a21o_1)
                                                         _0591_ (net)
                      0.034891    0.000045   12.205053 v _0836_/A (sky130_fd_sc_hd__and3_1)
     1    0.010065    0.067229    0.168422   12.373475 v _0836_/X (sky130_fd_sc_hd__and3_1)
                                                         _0598_ (net)
                      0.067229    0.000309   12.373784 v _0842_/C1 (sky130_fd_sc_hd__a211o_1)
     1    0.005099    0.058209    0.242438   12.616222 v _0842_/X (sky130_fd_sc_hd__a211o_1)
                                                         net75 (net)
                      0.058209    0.000096   12.616318 v output75/A (sky130_fd_sc_hd__clkbuf_4)
     1    0.035727    0.082167    0.190667   12.806985 v output75/X (sky130_fd_sc_hd__clkbuf_4)
                                                         host_output_data[0] (net)
                      0.082171    0.000650   12.807635 v host_output_data[0] (out)
                                             12.807635   data arrival time

                                 50.000000   50.000000   clock clock (rise edge)
                                  0.000000   50.000000   clock network delay (propagated)
                                 -0.250000   49.749996   clock uncertainty
                                  0.000000   49.749996   clock reconvergence pessimism
                                -10.000000   39.749996   output external delay
                                             39.749996   data required time
---------------------------------------------------------------------------------------------
                                             39.749996   data required time
                                            -12.807635   data arrival time
---------------------------------------------------------------------------------------------
                                             26.942360   slack (MET)




===========================================================================
report_checks --slack_max -0.01
============================================================================
======================= min_tt_025C_1v80 Corner ===================================

No paths found.


===========================================================================
 report_check_types -max_slew -max_cap -max_fanout -violators
============================================================================
======================= min_tt_025C_1v80 Corner ===================================

max fanout

Pin                                   Limit Fanout  Slack
---------------------------------------------------------
clkbuf_leaf_8_clock/X                     8     16     -8 (VIOLATED)
clkbuf_leaf_13_clock/X                    8     12     -4 (VIOLATED)
clkbuf_leaf_16_clock/X                    8     12     -4 (VIOLATED)
clkbuf_leaf_19_clock/X                    8     12     -4 (VIOLATED)
clkbuf_leaf_5_clock/X                     8     12     -4 (VIOLATED)
clkbuf_leaf_15_clock/X                    8     11     -3 (VIOLATED)
clkbuf_leaf_23_clock/X                    8     11     -3 (VIOLATED)
clkbuf_leaf_24_clock/X                    8     11     -3 (VIOLATED)
clkbuf_leaf_25_clock/X                    8     11     -3 (VIOLATED)
clkbuf_leaf_26_clock/X                    8     11     -3 (VIOLATED)
clkbuf_leaf_27_clock/X                    8     11     -3 (VIOLATED)
clkbuf_leaf_11_clock/X                    8     10     -2 (VIOLATED)
clkbuf_leaf_12_clock/X                    8     10     -2 (VIOLATED)
clkbuf_leaf_18_clock/X                    8     10     -2 (VIOLATED)
clkbuf_leaf_22_clock/X                    8     10     -2 (VIOLATED)
clkbuf_leaf_28_clock/X                    8     10     -2 (VIOLATED)
clkbuf_leaf_6_clock/X                     8     10     -2 (VIOLATED)
clkbuf_leaf_9_clock/X                     8     10     -2 (VIOLATED)
clkbuf_leaf_21_clock/X                    8      9        (VIOLATED)
clkbuf_leaf_2_clock/X                     8      9        (VIOLATED)
clkbuf_leaf_4_clock/X                     8      9        (VIOLATED)
clkbuf_leaf_7_clock/X                     8      9        (VIOLATED)



===========================================================================
report_parasitic_annotation -report_unannotated
============================================================================
Found 28 unannotated drivers.
 clkload0/X
 clkload1/X
 clkload10/Y
 clkload11/Y
 clkload12/Y
 clkload13/Y
 clkload14/Y
 clkload15/Y
 clkload16/Y
 clkload17/Y
 clkload18/Y
 clkload19/Y
 clkload2/Y
 clkload20/X
 clkload21/Y
 clkload22/Y
 clkload23/Y
 clkload24/Y
 clkload25/X
 clkload26/Y
 clkload27/X
 clkload3/Y
 clkload4/X
 clkload5/X
 clkload6/X
 clkload7/X
 clkload8/Y
 clkload9/Y
Found 0 partially unannotated drivers.

===========================================================================
max slew violation count 0
max fanout violation count 22
max cap violation count 0
============================================================================

===========================================================================
check_setup -verbose -unconstrained_endpoints -multiple_clock -no_clock -no_input_delay -loops -generated_clocks
===========================================================================
