Clock: clock
Sources: clock 
Generated: no
Virtual: yes
Propagated: no
Period: 50.000000

===========================================================================
report_clock_properties
============================================================================
Clock                   Period          Waveform
----------------------------------------------------
clock                50.000000    0.000000 25.000000

===========================================================================
report_clock_latency
============================================================================
Clock clock
rise -> rise
    min     max
0.000000 0.000000 source latency
0.633687         network latency _1779_/CLK
        0.665784 network latency _1671_/CLK
---------------
0.633687 0.665784 latency
        0.032097 skew

fall -> fall
    min     max
0.000000 0.000000 source latency
0.568807         network latency _1779_/CLK
        0.591195 network latency _1671_/CLK
---------------
0.568807 0.591195 latency
        0.022387 skew



===========================================================================
report_clock_min_period
============================================================================
clock period_min = 3.51 fmax = 285.23
