
===========================================================================
report_checks -unconstrained
===========================================================================
======================= min_ss_100C_1v60 Corner ===================================

Startpoint: host_output_addr[0] (input port clocked by clock)
Endpoint: host_output_data[0] (output port clocked by clock)
Path Group: clock
Path Type: max

Fanout         Cap        Slew       Delay        Time   Description
---------------------------------------------------------------------------------------------
                                  0.000000    0.000000   clock clock (rise edge)
                                  0.000000    0.000000   clock network delay (propagated)
                                 10.000000   10.000000 ^ input external delay
     1    0.004031    0.040534    0.022279   10.022280 ^ host_output_addr[0] (in)
                                                         host_output_addr[0] (net)
                      0.040534    0.000000   10.022280 ^ input55/A (sky130_fd_sc_hd__clkbuf_1)
     1    0.004796    0.107280    0.163603   10.185883 ^ input55/X (sky130_fd_sc_hd__clkbuf_1)
                                                         net55 (net)
                      0.107280    0.000095   10.185978 ^ fanout273/A (sky130_fd_sc_hd__buf_2)
     6    0.048033    0.374361    0.433952   10.619929 ^ fanout273/X (sky130_fd_sc_hd__buf_2)
                                                         net273 (net)
                      0.374361    0.001098   10.621027 ^ fanout267/A (sky130_fd_sc_hd__buf_2)
     6    0.039358    0.311049    0.500040   11.121067 ^ fanout267/X (sky130_fd_sc_hd__buf_2)
                                                         net267 (net)
                      0.311049    0.000201   11.121267 ^ fanout264/A (sky130_fd_sc_hd__clkbuf_4)
     8    0.052186    0.258533    0.494753   11.616020 ^ fanout264/X (sky130_fd_sc_hd__clkbuf_4)
                                                         net264 (net)
                      0.258533    0.000094   11.616115 ^ fanout263/A (sky130_fd_sc_hd__clkbuf_4)
     8    0.043005    0.218021    0.442562   12.058677 ^ fanout263/X (sky130_fd_sc_hd__clkbuf_4)
                                                         net263 (net)
                      0.218041    0.002234   12.060911 ^ _0825_/A (sky130_fd_sc_hd__nor2_1)
     2    0.010246    0.122773    0.195339   12.256249 v _0825_/Y (sky130_fd_sc_hd__nor2_1)
                                                         _0587_ (net)
                      0.122773    0.000047   12.256297 v fanout225/A (sky130_fd_sc_hd__clkbuf_2)
     6    0.033862    0.238264    0.359916   12.616213 v fanout225/X (sky130_fd_sc_hd__clkbuf_2)
                                                         net225 (net)
                      0.238264    0.000204   12.616417 v fanout222/A (sky130_fd_sc_hd__buf_2)
     8    0.044315    0.206471    0.456526   13.072942 v fanout222/X (sky130_fd_sc_hd__buf_2)
                                                         net222 (net)
                      0.206481    0.001657   13.074599 v _0828_/A2 (sky130_fd_sc_hd__a221o_1)
     1    0.002723    0.093936    0.686081   13.760680 v _0828_/X (sky130_fd_sc_hd__a221o_1)
                                                         _0590_ (net)
                      0.093936    0.000024   13.760704 v _0829_/B1 (sky130_fd_sc_hd__a21o_1)
     1    0.003140    0.062651    0.287082   14.047787 v _0829_/X (sky130_fd_sc_hd__a21o_1)
                                                         _0591_ (net)
                      0.062651    0.000044   14.047831 v _0836_/A (sky130_fd_sc_hd__and3_1)
     1    0.010127    0.130990    0.351085   14.398915 v _0836_/X (sky130_fd_sc_hd__and3_1)
                                                         _0598_ (net)
                      0.130990    0.000312   14.399227 v _0842_/C1 (sky130_fd_sc_hd__a211o_1)
     1    0.005124    0.107341    0.476954   14.876181 v _0842_/X (sky130_fd_sc_hd__a211o_1)
                                                         net75 (net)
                      0.107341    0.000096   14.876277 v output75/A (sky130_fd_sc_hd__clkbuf_4)
     1    0.035727    0.143605    0.346558   15.222835 v output75/X (sky130_fd_sc_hd__clkbuf_4)
                                                         host_output_data[0] (net)
                      0.143605    0.000650   15.223485 v host_output_data[0] (out)
                                             15.223485   data arrival time

                                 50.000000   50.000000   clock clock (rise edge)
                                  0.000000   50.000000   clock network delay (propagated)
                                 -0.250000   49.749996   clock uncertainty
                                  0.000000   49.749996   clock reconvergence pessimism
                                -10.000000   39.749996   output external delay
                                             39.749996   data required time
---------------------------------------------------------------------------------------------
                                             39.749996   data required time
                                            -15.223485   data arrival time
---------------------------------------------------------------------------------------------
                                             24.526512   slack (MET)




===========================================================================
report_checks --slack_max -0.01
============================================================================
======================= min_ss_100C_1v60 Corner ===================================

No paths found.


===========================================================================
 report_check_types -max_slew -max_cap -max_fanout -violators
============================================================================
======================= min_ss_100C_1v60 Corner ===================================

max slew

Pin                                        Limit        Slew       Slack
------------------------------------------------------------------------
ANTENNA_1/DIODE                         0.750000    0.893222   -0.143222 (VIOLATED)
fanout168/A                             0.750000    0.893222   -0.143222 (VIOLATED)
fanout163/A                             0.750000    0.893222   -0.143222 (VIOLATED)
_1244_/Y                                0.750000    0.893220   -0.143220 (VIOLATED)

max fanout

Pin                                   Limit Fanout  Slack
---------------------------------------------------------
clkbuf_leaf_8_clock/X                     8     16     -8 (VIOLATED)
clkbuf_leaf_13_clock/X                    8     12     -4 (VIOLATED)
clkbuf_leaf_16_clock/X                    8     12     -4 (VIOLATED)
clkbuf_leaf_19_clock/X                    8     12     -4 (VIOLATED)
clkbuf_leaf_5_clock/X                     8     12     -4 (VIOLATED)
clkbuf_leaf_15_clock/X                    8     11     -3 (VIOLATED)
clkbuf_leaf_23_clock/X                    8     11     -3 (VIOLATED)
clkbuf_leaf_24_clock/X                    8     11     -3 (VIOLATED)
clkbuf_leaf_25_clock/X                    8     11     -3 (VIOLATED)
clkbuf_leaf_26_clock/X                    8     11     -3 (VIOLATED)
clkbuf_leaf_27_clock/X                    8     11     -3 (VIOLATED)
clkbuf_leaf_11_clock/X                    8     10     -2 (VIOLATED)
clkbuf_leaf_12_clock/X                    8     10     -2 (VIOLATED)
clkbuf_leaf_18_clock/X                    8     10     -2 (VIOLATED)
clkbuf_leaf_22_clock/X                    8     10     -2 (VIOLATED)
clkbuf_leaf_28_clock/X                    8     10     -2 (VIOLATED)
clkbuf_leaf_6_clock/X                     8     10     -2 (VIOLATED)
clkbuf_leaf_9_clock/X                     8     10     -2 (VIOLATED)
clkbuf_leaf_21_clock/X                    8      9        (VIOLATED)
clkbuf_leaf_2_clock/X                     8      9        (VIOLATED)
clkbuf_leaf_4_clock/X                     8      9        (VIOLATED)
clkbuf_leaf_7_clock/X                     8      9        (VIOLATED)



===========================================================================
report_parasitic_annotation -report_unannotated
============================================================================
Found 28 unannotated drivers.
 clkload0/X
 clkload1/X
 clkload10/Y
 clkload11/Y
 clkload12/Y
 clkload13/Y
 clkload14/Y
 clkload15/Y
 clkload16/Y
 clkload17/Y
 clkload18/Y
 clkload19/Y
 clkload2/Y
 clkload20/X
 clkload21/Y
 clkload22/Y
 clkload23/Y
 clkload24/Y
 clkload25/X
 clkload26/Y
 clkload27/X
 clkload3/Y
 clkload4/X
 clkload5/X
 clkload6/X
 clkload7/X
 clkload8/Y
 clkload9/Y
Found 0 partially unannotated drivers.

===========================================================================
max slew violation count 4
max fanout violation count 22
max cap violation count 0
============================================================================

===========================================================================
check_setup -verbose -unconstrained_endpoints -multiple_clock -no_clock -no_input_delay -loops -generated_clocks
===========================================================================
