Clock: clock
Sources: clock 
Generated: no
Virtual: yes
Propagated: no
Period: 50.000000

===========================================================================
report_clock_properties
============================================================================
Clock                   Period          Waveform
----------------------------------------------------
clock                50.000000    0.000000 25.000000

===========================================================================
report_clock_latency
============================================================================
Clock clock
rise -> rise
    min     max
0.000000 0.000000 source latency
1.101361         network latency _1779_/CLK
        1.148825 network latency _1671_/CLK
---------------
1.101361 1.148825 latency
        0.047464 skew

fall -> fall
    min     max
0.000000 0.000000 source latency
1.019952         network latency _1779_/CLK
        1.056078 network latency _1671_/CLK
---------------
1.019952 1.056078 latency
        0.036126 skew



===========================================================================
report_clock_min_period
============================================================================
clock period_min = 7.09 fmax = 140.99
