
 /----------------------------------------------------------------------------\
 |  yosys -- Yosys Open SYnthesis Suite                                       |
 |  Copyright (C) 2012 - 2024  Claire Xenia Wolf <claire@yosyshq.com>         |
 |  Distributed under an ISC-like license, type "license" to see terms        |
 \----------------------------------------------------------------------------/
 Yosys 0.46 (git sha1 e97731b9dda91fa5fa53ed87df7c34163ba59a41, clang++ 17.0.6 -fPIC -O3)
Loaded SDC plugin

1. Executing Liberty frontend: /home/george-sleen/.ciel/ciel/sky130/versions/0fe599b2afb6708d281543108caf8310912f54af/sky130A/libs.ref/sky130_fd_sc_hd/lib/sky130_fd_sc_hd__tt_025C_1v80.lib
Imported 428 cell types from liberty file.
[INFO] Using SDC file '/home/george-sleen/Documents/projects/sailbot-hackathon/asic-flow/spm-user_project_wrapper/runs/RUN_2026-03-21_16-46-02/06-yosys-synthesis/synthesis.abc.sdc' for ABC…

2. Executing Verilog-2005 frontend: /home/george-sleen/Documents/projects/sailbot-hackathon/asic-flow/spm-user_project_wrapper/defines.v
Parsing SystemVerilog input from `/home/george-sleen/Documents/projects/sailbot-hackathon/asic-flow/spm-user_project_wrapper/defines.v' to AST representation.
Successfully finished Verilog frontend.

3. Executing Verilog-2005 frontend: /home/george-sleen/Documents/projects/sailbot-hackathon/asic-flow/spm-user_project_wrapper/SPM_example.v
Parsing SystemVerilog input from `/home/george-sleen/Documents/projects/sailbot-hackathon/asic-flow/spm-user_project_wrapper/SPM_example.v' to AST representation.
Storing AST representation for module `$abstract\SPM_example'.
Storing AST representation for module `$abstract\spm'.
Storing AST representation for module `$abstract\delayed_serial_adder'.
Successfully finished Verilog frontend.

4. Executing HIERARCHY pass (managing design hierarchy).

5. Executing AST frontend in derive mode using pre-parsed AST for module `\SPM_example'.
Generating RTLIL representation for module `\SPM_example'.

5.1. Analyzing design hierarchy..
Top module:  \SPM_example

5.2. Executing AST frontend in derive mode using pre-parsed AST for module `\spm'.
Generating RTLIL representation for module `\spm'.

5.3. Analyzing design hierarchy..
Top module:  \SPM_example
Used module:     \spm

5.4. Executing AST frontend in derive mode using pre-parsed AST for module `\delayed_serial_adder'.
Generating RTLIL representation for module `\delayed_serial_adder'.

5.5. Analyzing design hierarchy..
Top module:  \SPM_example
Used module:     \spm
Used module:         \delayed_serial_adder

5.6. Analyzing design hierarchy..
Top module:  \SPM_example
Used module:     \spm
Used module:         \delayed_serial_adder
Removing unused module `$abstract\delayed_serial_adder'.
Removing unused module `$abstract\spm'.
Removing unused module `$abstract\SPM_example'.
Removed 3 unused modules.
Renaming module SPM_example to SPM_example.

6. Generating Graphviz representation of design.
Writing dot description to `/home/george-sleen/Documents/projects/sailbot-hackathon/asic-flow/spm-user_project_wrapper/runs/RUN_2026-03-21_16-46-02/06-yosys-synthesis/hierarchy.dot'.
Dumping module SPM_example to page 1.

7. Executing TRIBUF pass.

8. Executing HIERARCHY pass (managing design hierarchy).

8.1. Analyzing design hierarchy..
Top module:  \SPM_example
Used module:     \spm
Used module:         \delayed_serial_adder

8.2. Analyzing design hierarchy..
Top module:  \SPM_example
Used module:     \spm
Used module:         \delayed_serial_adder
Removed 0 unused modules.

9. Executing PROC_CLEAN pass (remove empty switches from decision trees).
Cleaned up 0 empty switches.

10. Executing PROC_RMDEAD pass (remove dead branches from decision trees).
Marked 2 switch rules as full_case in process $proc$/home/george-sleen/Documents/projects/sailbot-hackathon/asic-flow/spm-user_project_wrapper/SPM_example.v:218$69 in module SPM_example.
Marked 1 switch rules as full_case in process $proc$/home/george-sleen/Documents/projects/sailbot-hackathon/asic-flow/spm-user_project_wrapper/SPM_example.v:210$68 in module SPM_example.
Marked 3 switch rules as full_case in process $proc$/home/george-sleen/Documents/projects/sailbot-hackathon/asic-flow/spm-user_project_wrapper/SPM_example.v:202$63 in module SPM_example.
Marked 1 switch rules as full_case in process $proc$/home/george-sleen/Documents/projects/sailbot-hackathon/asic-flow/spm-user_project_wrapper/SPM_example.v:194$62 in module SPM_example.
Marked 1 switch rules as full_case in process $proc$/home/george-sleen/Documents/projects/sailbot-hackathon/asic-flow/spm-user_project_wrapper/SPM_example.v:185$60 in module SPM_example.
Marked 1 switch rules as full_case in process $proc$/home/george-sleen/Documents/projects/sailbot-hackathon/asic-flow/spm-user_project_wrapper/SPM_example.v:176$37 in module SPM_example.
Marked 4 switch rules as full_case in process $proc$/home/george-sleen/Documents/projects/sailbot-hackathon/asic-flow/spm-user_project_wrapper/SPM_example.v:157$18 in module SPM_example.
Marked 2 switch rules as full_case in process $proc$/home/george-sleen/Documents/projects/sailbot-hackathon/asic-flow/spm-user_project_wrapper/SPM_example.v:142$12 in module SPM_example.
Marked 1 switch rules as full_case in process $proc$/home/george-sleen/Documents/projects/sailbot-hackathon/asic-flow/spm-user_project_wrapper/SPM_example.v:129$8 in module SPM_example.
Marked 1 switch rules as full_case in process $proc$/home/george-sleen/Documents/projects/sailbot-hackathon/asic-flow/spm-user_project_wrapper/SPM_example.v:277$77 in module delayed_serial_adder.
Removed a total of 0 dead cases.

11. Executing PROC_PRUNE pass (remove redundant assignments in processes).
Removed 4 redundant assignments.
Promoted 2 assignments to connections.

12. Executing PROC_INIT pass (extract init attributes).

13. Executing PROC_ARST pass (detect async resets in processes).
Found async reset \rst in `\SPM_example.$proc$/home/george-sleen/Documents/projects/sailbot-hackathon/asic-flow/spm-user_project_wrapper/SPM_example.v:210$68'.
Found async reset \rst in `\SPM_example.$proc$/home/george-sleen/Documents/projects/sailbot-hackathon/asic-flow/spm-user_project_wrapper/SPM_example.v:194$62'.
Found async reset \rst in `\SPM_example.$proc$/home/george-sleen/Documents/projects/sailbot-hackathon/asic-flow/spm-user_project_wrapper/SPM_example.v:185$60'.
Found async reset \rst in `\SPM_example.$proc$/home/george-sleen/Documents/projects/sailbot-hackathon/asic-flow/spm-user_project_wrapper/SPM_example.v:142$12'.
Found async reset \rst in `\SPM_example.$proc$/home/george-sleen/Documents/projects/sailbot-hackathon/asic-flow/spm-user_project_wrapper/SPM_example.v:129$8'.
Found async reset \rst in `\delayed_serial_adder.$proc$/home/george-sleen/Documents/projects/sailbot-hackathon/asic-flow/spm-user_project_wrapper/SPM_example.v:277$77'.

14. Executing PROC_ROM pass (convert switches to ROMs).
Converted 0 switches.
<suppressed ~16 debug messages>

15. Executing PROC_MUX pass (convert decision trees to multiplexers).
Creating decoders for process `\SPM_example.$proc$/home/george-sleen/Documents/projects/sailbot-hackathon/asic-flow/spm-user_project_wrapper/SPM_example.v:218$69'.
     1/2: $2\ncnt[7:0]
     2/2: $1\ncnt[7:0]
Creating decoders for process `\SPM_example.$proc$/home/george-sleen/Documents/projects/sailbot-hackathon/asic-flow/spm-user_project_wrapper/SPM_example.v:210$68'.
     1/1: $0\CNT[7:0]
Creating decoders for process `\SPM_example.$proc$/home/george-sleen/Documents/projects/sailbot-hackathon/asic-flow/spm-user_project_wrapper/SPM_example.v:202$63'.
     1/3: $3\nstate[3:0]
     2/3: $2\nstate[3:0]
     3/3: $1\nstate[3:0]
Creating decoders for process `\SPM_example.$proc$/home/george-sleen/Documents/projects/sailbot-hackathon/asic-flow/spm-user_project_wrapper/SPM_example.v:194$62'.
     1/1: $0\STATE[3:0]
Creating decoders for process `\SPM_example.$proc$/home/george-sleen/Documents/projects/sailbot-hackathon/asic-flow/spm-user_project_wrapper/SPM_example.v:185$60'.
     1/1: $0\Y0[63:0]
Creating decoders for process `\SPM_example.$proc$/home/george-sleen/Documents/projects/sailbot-hackathon/asic-flow/spm-user_project_wrapper/SPM_example.v:176$37'.
     1/1: $0\wbs_ack_o[0:0]
Creating decoders for process `\SPM_example.$proc$/home/george-sleen/Documents/projects/sailbot-hackathon/asic-flow/spm-user_project_wrapper/SPM_example.v:157$18'.
     1/1: $0\wbs_dat_o[31:0]
Creating decoders for process `\SPM_example.$proc$/home/george-sleen/Documents/projects/sailbot-hackathon/asic-flow/spm-user_project_wrapper/SPM_example.v:142$12'.
     1/1: $0\X[31:0]
Creating decoders for process `\SPM_example.$proc$/home/george-sleen/Documents/projects/sailbot-hackathon/asic-flow/spm-user_project_wrapper/SPM_example.v:129$8'.
     1/1: $0\A[31:0]
Creating decoders for process `\delayed_serial_adder.$proc$/home/george-sleen/Documents/projects/sailbot-hackathon/asic-flow/spm-user_project_wrapper/SPM_example.v:277$77'.
     1/2: $0\y_out[0:0]
     2/2: $0\last_carry[0:0]

16. Executing PROC_DLATCH pass (convert process syncs to latches).
No latch inferred for signal `\SPM_example.\ncnt' from process `\SPM_example.$proc$/home/george-sleen/Documents/projects/sailbot-hackathon/asic-flow/spm-user_project_wrapper/SPM_example.v:218$69'.
No latch inferred for signal `\SPM_example.\nstate' from process `\SPM_example.$proc$/home/george-sleen/Documents/projects/sailbot-hackathon/asic-flow/spm-user_project_wrapper/SPM_example.v:202$63'.

17. Executing PROC_DFF pass (convert process syncs to FFs).
Creating register for signal `\SPM_example.\CNT' using process `\SPM_example.$proc$/home/george-sleen/Documents/projects/sailbot-hackathon/asic-flow/spm-user_project_wrapper/SPM_example.v:210$68'.
  created $adff cell `$procdff$135' with positive edge clock and positive level reset.
Creating register for signal `\SPM_example.\STATE' using process `\SPM_example.$proc$/home/george-sleen/Documents/projects/sailbot-hackathon/asic-flow/spm-user_project_wrapper/SPM_example.v:194$62'.
  created $adff cell `$procdff$138' with positive edge clock and positive level reset.
Creating register for signal `\SPM_example.\Y0' using process `\SPM_example.$proc$/home/george-sleen/Documents/projects/sailbot-hackathon/asic-flow/spm-user_project_wrapper/SPM_example.v:185$60'.
  created $adff cell `$procdff$141' with positive edge clock and positive level reset.
Creating register for signal `\SPM_example.\wbs_ack_o' using process `\SPM_example.$proc$/home/george-sleen/Documents/projects/sailbot-hackathon/asic-flow/spm-user_project_wrapper/SPM_example.v:176$37'.
  created $dff cell `$procdff$142' with positive edge clock.
Creating register for signal `\SPM_example.\wbs_dat_o' using process `\SPM_example.$proc$/home/george-sleen/Documents/projects/sailbot-hackathon/asic-flow/spm-user_project_wrapper/SPM_example.v:157$18'.
  created $dff cell `$procdff$143' with positive edge clock.
Creating register for signal `\SPM_example.\X' using process `\SPM_example.$proc$/home/george-sleen/Documents/projects/sailbot-hackathon/asic-flow/spm-user_project_wrapper/SPM_example.v:142$12'.
  created $adff cell `$procdff$146' with positive edge clock and positive level reset.
Creating register for signal `\SPM_example.\A' using process `\SPM_example.$proc$/home/george-sleen/Documents/projects/sailbot-hackathon/asic-flow/spm-user_project_wrapper/SPM_example.v:129$8'.
  created $adff cell `$procdff$149' with positive edge clock and positive level reset.
Creating register for signal `\delayed_serial_adder.\y_out' using process `\delayed_serial_adder.$proc$/home/george-sleen/Documents/projects/sailbot-hackathon/asic-flow/spm-user_project_wrapper/SPM_example.v:277$77'.
  created $adff cell `$procdff$154' with positive edge clock and positive level reset.
Creating register for signal `\delayed_serial_adder.\last_carry' using process `\delayed_serial_adder.$proc$/home/george-sleen/Documents/projects/sailbot-hackathon/asic-flow/spm-user_project_wrapper/SPM_example.v:277$77'.
  created $adff cell `$procdff$159' with positive edge clock and positive level reset.

18. Executing PROC_MEMWR pass (convert process memory writes to cells).

19. Executing PROC_CLEAN pass (remove empty switches from decision trees).
Found and cleaned up 2 empty switches in `\SPM_example.$proc$/home/george-sleen/Documents/projects/sailbot-hackathon/asic-flow/spm-user_project_wrapper/SPM_example.v:218$69'.
Removing empty process `SPM_example.$proc$/home/george-sleen/Documents/projects/sailbot-hackathon/asic-flow/spm-user_project_wrapper/SPM_example.v:218$69'.
Removing empty process `SPM_example.$proc$/home/george-sleen/Documents/projects/sailbot-hackathon/asic-flow/spm-user_project_wrapper/SPM_example.v:210$68'.
Found and cleaned up 3 empty switches in `\SPM_example.$proc$/home/george-sleen/Documents/projects/sailbot-hackathon/asic-flow/spm-user_project_wrapper/SPM_example.v:202$63'.
Removing empty process `SPM_example.$proc$/home/george-sleen/Documents/projects/sailbot-hackathon/asic-flow/spm-user_project_wrapper/SPM_example.v:202$63'.
Removing empty process `SPM_example.$proc$/home/george-sleen/Documents/projects/sailbot-hackathon/asic-flow/spm-user_project_wrapper/SPM_example.v:194$62'.
Found and cleaned up 1 empty switch in `\SPM_example.$proc$/home/george-sleen/Documents/projects/sailbot-hackathon/asic-flow/spm-user_project_wrapper/SPM_example.v:185$60'.
Removing empty process `SPM_example.$proc$/home/george-sleen/Documents/projects/sailbot-hackathon/asic-flow/spm-user_project_wrapper/SPM_example.v:185$60'.
Found and cleaned up 2 empty switches in `\SPM_example.$proc$/home/george-sleen/Documents/projects/sailbot-hackathon/asic-flow/spm-user_project_wrapper/SPM_example.v:176$37'.
Removing empty process `SPM_example.$proc$/home/george-sleen/Documents/projects/sailbot-hackathon/asic-flow/spm-user_project_wrapper/SPM_example.v:176$37'.
Found and cleaned up 5 empty switches in `\SPM_example.$proc$/home/george-sleen/Documents/projects/sailbot-hackathon/asic-flow/spm-user_project_wrapper/SPM_example.v:157$18'.
Removing empty process `SPM_example.$proc$/home/george-sleen/Documents/projects/sailbot-hackathon/asic-flow/spm-user_project_wrapper/SPM_example.v:157$18'.
Found and cleaned up 2 empty switches in `\SPM_example.$proc$/home/george-sleen/Documents/projects/sailbot-hackathon/asic-flow/spm-user_project_wrapper/SPM_example.v:142$12'.
Removing empty process `SPM_example.$proc$/home/george-sleen/Documents/projects/sailbot-hackathon/asic-flow/spm-user_project_wrapper/SPM_example.v:142$12'.
Found and cleaned up 1 empty switch in `\SPM_example.$proc$/home/george-sleen/Documents/projects/sailbot-hackathon/asic-flow/spm-user_project_wrapper/SPM_example.v:129$8'.
Removing empty process `SPM_example.$proc$/home/george-sleen/Documents/projects/sailbot-hackathon/asic-flow/spm-user_project_wrapper/SPM_example.v:129$8'.
Removing empty process `delayed_serial_adder.$proc$/home/george-sleen/Documents/projects/sailbot-hackathon/asic-flow/spm-user_project_wrapper/SPM_example.v:277$77'.
Cleaned up 16 empty switches.

20. Executing CHECK pass (checking for obvious problems).
Checking module SPM_example...
Checking module spm...
Checking module delayed_serial_adder...
Found and reported 0 problems.

21. Executing OPT_EXPR pass (perform const folding).
Optimizing module SPM_example.
<suppressed ~9 debug messages>
Optimizing module spm.
Optimizing module delayed_serial_adder.
<suppressed ~4 debug messages>

22. Executing FLATTEN pass (flatten design).
Deleting now unused module spm.
Deleting now unused module delayed_serial_adder.
<suppressed ~33 debug messages>

23. Executing OPT_EXPR pass (perform const folding).
Optimizing module SPM_example.
<suppressed ~161 debug messages>

24. Executing OPT_CLEAN pass (remove unused cells and wires).
Finding unused cells or wires in module \SPM_example..
Removed 5 unused cells and 340 unused wires.
<suppressed ~14 debug messages>

25. Executing OPT_EXPR pass (perform const folding).
Optimizing module SPM_example.

26. Executing OPT_MERGE pass (detect identical cells).
Finding identical cells in module `\SPM_example'.
<suppressed ~117 debug messages>
Removed a total of 39 cells.

27. Executing OPT_MUXTREE pass (detect dead branches in mux trees).
Running muxtree optimizer on module \SPM_example..
  Creating internal representation of mux trees.
  Evaluating internal representation of mux trees.
      Replacing known input bits on port A of cell $procmux$107: \wbs_ack_o -> 1'0
  Analyzing evaluation results.
    dead port 1/2 on $mux $procmux$83.
    dead port 2/2 on $mux $procmux$92.
    dead port 2/2 on $mux $procmux$99.
Removed 3 multiplexer ports.
<suppressed ~7 debug messages>

28. Executing OPT_REDUCE pass (consolidate $*mux and $reduce_* inputs).
  Optimizing cells in module \SPM_example.
Performed a total of 0 changes.

29. Executing OPT_MERGE pass (detect identical cells).
Finding identical cells in module `\SPM_example'.
Removed a total of 0 cells.

30. Executing OPT_DFF pass (perform DFF optimizations).

31. Executing OPT_CLEAN pass (remove unused cells and wires).
Finding unused cells or wires in module \SPM_example..
Removed 0 unused cells and 75 unused wires.
<suppressed ~34 debug messages>

32. Executing OPT_EXPR pass (perform const folding).
Optimizing module SPM_example.

33. Rerunning OPT passes. (Maybe there is more to do…)

34. Executing OPT_MUXTREE pass (detect dead branches in mux trees).
Running muxtree optimizer on module \SPM_example..
  Creating internal representation of mux trees.
  Evaluating internal representation of mux trees.
  Analyzing evaluation results.
Removed 0 multiplexer ports.
<suppressed ~7 debug messages>

35. Executing OPT_REDUCE pass (consolidate $*mux and $reduce_* inputs).
  Optimizing cells in module \SPM_example.
Performed a total of 0 changes.

36. Executing OPT_MERGE pass (detect identical cells).
Finding identical cells in module `\SPM_example'.
Removed a total of 0 cells.

37. Executing OPT_DFF pass (perform DFF optimizations).

38. Executing OPT_CLEAN pass (remove unused cells and wires).
Finding unused cells or wires in module \SPM_example..

39. Executing OPT_EXPR pass (perform const folding).
Optimizing module SPM_example.

40. Executing FSM pass (extract and optimize FSM).

40.1. Executing FSM_DETECT pass (finding FSMs in design).
Not marking SPM_example.STATE as FSM state register:
    Circuit seems to be self-resetting.

40.2. Executing FSM_EXTRACT pass (extracting FSM from design).

40.3. Executing FSM_OPT pass (simple optimizations of FSMs).

40.4. Executing OPT_CLEAN pass (remove unused cells and wires).
Finding unused cells or wires in module \SPM_example..

40.5. Executing FSM_OPT pass (simple optimizations of FSMs).

40.6. Executing FSM_RECODE pass (re-assigning FSM state encoding).

40.7. Executing FSM_INFO pass (dumping all available information on FSM cells).

40.8. Executing FSM_MAP pass (mapping FSMs to basic logic).

41. Executing OPT_EXPR pass (perform const folding).
Optimizing module SPM_example.

42. Executing OPT_MERGE pass (detect identical cells).
Finding identical cells in module `\SPM_example'.
Removed a total of 0 cells.

43. Executing OPT_MUXTREE pass (detect dead branches in mux trees).
Running muxtree optimizer on module \SPM_example..
  Creating internal representation of mux trees.
  Evaluating internal representation of mux trees.
  Analyzing evaluation results.
Removed 0 multiplexer ports.
<suppressed ~7 debug messages>

44. Executing OPT_REDUCE pass (consolidate $*mux and $reduce_* inputs).
  Optimizing cells in module \SPM_example.
Performed a total of 0 changes.

45. Executing OPT_MERGE pass (detect identical cells).
Finding identical cells in module `\SPM_example'.
Removed a total of 0 cells.

46. Executing OPT_DFF pass (perform DFF optimizations).
Adding EN signal on $procdff$149 ($adff) from module SPM_example (D = \wbs_dat_i, Q = \A).
Adding EN signal on $procdff$146 ($adff) from module SPM_example (D = $0\X[31:0], Q = \X).
Adding EN signal on $procdff$143 ($dff) from module SPM_example (D = $0\wbs_dat_o[31:0], Q = \wbs_dat_o).
Adding SRST signal on $procdff$142 ($dff) from module SPM_example (D = $procmux$107_Y, Q = \wbs_ack_o, rval = 1'0).
Adding EN signal on $procdff$141 ($adff) from module SPM_example (D = { \spm.dsa[31].y_out \Y0 [63:1] }, Q = \Y0).

47. Executing OPT_CLEAN pass (remove unused cells and wires).
Finding unused cells or wires in module \SPM_example..
Removed 3 unused cells and 3 unused wires.
<suppressed ~4 debug messages>

48. Executing OPT_EXPR pass (perform const folding).
Optimizing module SPM_example.
<suppressed ~2 debug messages>

49. Rerunning OPT passes. (Maybe there is more to do…)

50. Executing OPT_MUXTREE pass (detect dead branches in mux trees).
Running muxtree optimizer on module \SPM_example..
  Creating internal representation of mux trees.
  Evaluating internal representation of mux trees.
  Analyzing evaluation results.
Removed 0 multiplexer ports.
<suppressed ~5 debug messages>

51. Executing OPT_REDUCE pass (consolidate $*mux and $reduce_* inputs).
  Optimizing cells in module \SPM_example.
Performed a total of 0 changes.

52. Executing OPT_MERGE pass (detect identical cells).
Finding identical cells in module `\SPM_example'.
Removed a total of 0 cells.

53. Executing OPT_DFF pass (perform DFF optimizations).

54. Executing OPT_CLEAN pass (remove unused cells and wires).
Finding unused cells or wires in module \SPM_example..

55. Executing OPT_EXPR pass (perform const folding).
Optimizing module SPM_example.

56. Executing WREDUCE pass (reducing word size of cells).
Removed top 31 bits (of 32) from mux cell SPM_example.$ternary$/home/george-sleen/Documents/projects/sailbot-hackathon/asic-flow/spm-user_project_wrapper/SPM_example.v:99$2 ($mux).
Removed top 2 bits (of 32) from port B of cell SPM_example.$eq$/home/george-sleen/Documents/projects/sailbot-hackathon/asic-flow/spm-user_project_wrapper/SPM_example.v:135$10 ($eq).
Removed top 3 bits (of 4) from port B of cell SPM_example.$eq$/home/george-sleen/Documents/projects/sailbot-hackathon/asic-flow/spm-user_project_wrapper/SPM_example.v:148$13 ($eq).
Removed top 2 bits (of 32) from port B of cell SPM_example.$eq$/home/george-sleen/Documents/projects/sailbot-hackathon/asic-flow/spm-user_project_wrapper/SPM_example.v:149$16 ($eq).
Removed top 2 bits (of 32) from port B of cell SPM_example.$eq$/home/george-sleen/Documents/projects/sailbot-hackathon/asic-flow/spm-user_project_wrapper/SPM_example.v:164$27 ($eq).
Removed top 2 bits (of 32) from port B of cell SPM_example.$eq$/home/george-sleen/Documents/projects/sailbot-hackathon/asic-flow/spm-user_project_wrapper/SPM_example.v:168$31 ($eq).
Removed top 2 bits (of 32) from port B of cell SPM_example.$eq$/home/george-sleen/Documents/projects/sailbot-hackathon/asic-flow/spm-user_project_wrapper/SPM_example.v:171$35 ($eq).
Removed top 1 bits (of 8) from port B of cell SPM_example.$eq$/home/george-sleen/Documents/projects/sailbot-hackathon/asic-flow/spm-user_project_wrapper/SPM_example.v:205$67 ($eq).
Removed top 31 bits (of 32) from port B of cell SPM_example.$add$/home/george-sleen/Documents/projects/sailbot-hackathon/asic-flow/spm-user_project_wrapper/SPM_example.v:221$72 ($add).
Removed top 24 bits (of 32) from port Y of cell SPM_example.$add$/home/george-sleen/Documents/projects/sailbot-hackathon/asic-flow/spm-user_project_wrapper/SPM_example.v:221$72 ($add).
Removed top 3 bits (of 4) from mux cell SPM_example.$procmux$90 ($mux).
Removed top 3 bits (of 4) from mux cell SPM_example.$procmux$97 ($mux).
Removed top 3 bits (of 4) from mux cell SPM_example.$procmux$102 ($pmux).
Removed top 3 bits (of 4) from FF cell SPM_example.$procdff$138 ($adff).
Removed top 1 bits (of 2) from port A of cell SPM_example.$flatten\spm.\dsa[0].$add$/home/george-sleen/Documents/projects/sailbot-hackathon/asic-flow/spm-user_project_wrapper/SPM_example.v:275$76 ($add).
Removed top 3 bits (of 4) from port A of cell SPM_example.$eq$/home/george-sleen/Documents/projects/sailbot-hackathon/asic-flow/spm-user_project_wrapper/SPM_example.v:148$13 ($eq).
Removed top 3 bits (of 4) from wire SPM_example.$2\nstate[3:0].
Removed top 3 bits (of 4) from wire SPM_example.$3\nstate[3:0].
Removed top 24 bits (of 32) from wire SPM_example.$add$/home/george-sleen/Documents/projects/sailbot-hackathon/asic-flow/spm-user_project_wrapper/SPM_example.v:221$72_Y.
Removed top 3 bits (of 4) from wire SPM_example.STATE.

57. Executing PEEPOPT pass (run peephole optimizers).

58. Executing OPT_CLEAN pass (remove unused cells and wires).
Finding unused cells or wires in module \SPM_example..
Removed 0 unused cells and 5 unused wires.
<suppressed ~1 debug messages>

59. Executing ALUMACC pass (create $alu and $macc cells).
Extracting $alu and $macc cells in module SPM_example:
  creating $macc model for $add$/home/george-sleen/Documents/projects/sailbot-hackathon/asic-flow/spm-user_project_wrapper/SPM_example.v:221$72 ($add).
  creating $macc model for $flatten\spm.\dsa[0].$add$/home/george-sleen/Documents/projects/sailbot-hackathon/asic-flow/spm-user_project_wrapper/SPM_example.v:275$76 ($add).
  creating $macc model for $flatten\spm.\dsa[10].$add$/home/george-sleen/Documents/projects/sailbot-hackathon/asic-flow/spm-user_project_wrapper/SPM_example.v:275$75 ($add).
  creating $macc model for $flatten\spm.\dsa[10].$add$/home/george-sleen/Documents/projects/sailbot-hackathon/asic-flow/spm-user_project_wrapper/SPM_example.v:275$76 ($add).
  creating $macc model for $flatten\spm.\dsa[11].$add$/home/george-sleen/Documents/projects/sailbot-hackathon/asic-flow/spm-user_project_wrapper/SPM_example.v:275$75 ($add).
  creating $macc model for $flatten\spm.\dsa[11].$add$/home/george-sleen/Documents/projects/sailbot-hackathon/asic-flow/spm-user_project_wrapper/SPM_example.v:275$76 ($add).
  creating $macc model for $flatten\spm.\dsa[12].$add$/home/george-sleen/Documents/projects/sailbot-hackathon/asic-flow/spm-user_project_wrapper/SPM_example.v:275$75 ($add).
  creating $macc model for $flatten\spm.\dsa[12].$add$/home/george-sleen/Documents/projects/sailbot-hackathon/asic-flow/spm-user_project_wrapper/SPM_example.v:275$76 ($add).
  creating $macc model for $flatten\spm.\dsa[13].$add$/home/george-sleen/Documents/projects/sailbot-hackathon/asic-flow/spm-user_project_wrapper/SPM_example.v:275$75 ($add).
  creating $macc model for $flatten\spm.\dsa[13].$add$/home/george-sleen/Documents/projects/sailbot-hackathon/asic-flow/spm-user_project_wrapper/SPM_example.v:275$76 ($add).
  creating $macc model for $flatten\spm.\dsa[14].$add$/home/george-sleen/Documents/projects/sailbot-hackathon/asic-flow/spm-user_project_wrapper/SPM_example.v:275$75 ($add).
  creating $macc model for $flatten\spm.\dsa[14].$add$/home/george-sleen/Documents/projects/sailbot-hackathon/asic-flow/spm-user_project_wrapper/SPM_example.v:275$76 ($add).
  creating $macc model for $flatten\spm.\dsa[15].$add$/home/george-sleen/Documents/projects/sailbot-hackathon/asic-flow/spm-user_project_wrapper/SPM_example.v:275$75 ($add).
  creating $macc model for $flatten\spm.\dsa[15].$add$/home/george-sleen/Documents/projects/sailbot-hackathon/asic-flow/spm-user_project_wrapper/SPM_example.v:275$76 ($add).
  creating $macc model for $flatten\spm.\dsa[16].$add$/home/george-sleen/Documents/projects/sailbot-hackathon/asic-flow/spm-user_project_wrapper/SPM_example.v:275$75 ($add).
  creating $macc model for $flatten\spm.\dsa[16].$add$/home/george-sleen/Documents/projects/sailbot-hackathon/asic-flow/spm-user_project_wrapper/SPM_example.v:275$76 ($add).
  creating $macc model for $flatten\spm.\dsa[17].$add$/home/george-sleen/Documents/projects/sailbot-hackathon/asic-flow/spm-user_project_wrapper/SPM_example.v:275$75 ($add).
  creating $macc model for $flatten\spm.\dsa[17].$add$/home/george-sleen/Documents/projects/sailbot-hackathon/asic-flow/spm-user_project_wrapper/SPM_example.v:275$76 ($add).
  creating $macc model for $flatten\spm.\dsa[18].$add$/home/george-sleen/Documents/projects/sailbot-hackathon/asic-flow/spm-user_project_wrapper/SPM_example.v:275$75 ($add).
  creating $macc model for $flatten\spm.\dsa[18].$add$/home/george-sleen/Documents/projects/sailbot-hackathon/asic-flow/spm-user_project_wrapper/SPM_example.v:275$76 ($add).
  creating $macc model for $flatten\spm.\dsa[19].$add$/home/george-sleen/Documents/projects/sailbot-hackathon/asic-flow/spm-user_project_wrapper/SPM_example.v:275$75 ($add).
  creating $macc model for $flatten\spm.\dsa[19].$add$/home/george-sleen/Documents/projects/sailbot-hackathon/asic-flow/spm-user_project_wrapper/SPM_example.v:275$76 ($add).
  creating $macc model for $flatten\spm.\dsa[1].$add$/home/george-sleen/Documents/projects/sailbot-hackathon/asic-flow/spm-user_project_wrapper/SPM_example.v:275$75 ($add).
  creating $macc model for $flatten\spm.\dsa[1].$add$/home/george-sleen/Documents/projects/sailbot-hackathon/asic-flow/spm-user_project_wrapper/SPM_example.v:275$76 ($add).
  creating $macc model for $flatten\spm.\dsa[20].$add$/home/george-sleen/Documents/projects/sailbot-hackathon/asic-flow/spm-user_project_wrapper/SPM_example.v:275$75 ($add).
  creating $macc model for $flatten\spm.\dsa[20].$add$/home/george-sleen/Documents/projects/sailbot-hackathon/asic-flow/spm-user_project_wrapper/SPM_example.v:275$76 ($add).
  creating $macc model for $flatten\spm.\dsa[21].$add$/home/george-sleen/Documents/projects/sailbot-hackathon/asic-flow/spm-user_project_wrapper/SPM_example.v:275$75 ($add).
  creating $macc model for $flatten\spm.\dsa[21].$add$/home/george-sleen/Documents/projects/sailbot-hackathon/asic-flow/spm-user_project_wrapper/SPM_example.v:275$76 ($add).
  creating $macc model for $flatten\spm.\dsa[22].$add$/home/george-sleen/Documents/projects/sailbot-hackathon/asic-flow/spm-user_project_wrapper/SPM_example.v:275$75 ($add).
  creating $macc model for $flatten\spm.\dsa[22].$add$/home/george-sleen/Documents/projects/sailbot-hackathon/asic-flow/spm-user_project_wrapper/SPM_example.v:275$76 ($add).
  creating $macc model for $flatten\spm.\dsa[23].$add$/home/george-sleen/Documents/projects/sailbot-hackathon/asic-flow/spm-user_project_wrapper/SPM_example.v:275$75 ($add).
  creating $macc model for $flatten\spm.\dsa[23].$add$/home/george-sleen/Documents/projects/sailbot-hackathon/asic-flow/spm-user_project_wrapper/SPM_example.v:275$76 ($add).
  creating $macc model for $flatten\spm.\dsa[24].$add$/home/george-sleen/Documents/projects/sailbot-hackathon/asic-flow/spm-user_project_wrapper/SPM_example.v:275$75 ($add).
  creating $macc model for $flatten\spm.\dsa[24].$add$/home/george-sleen/Documents/projects/sailbot-hackathon/asic-flow/spm-user_project_wrapper/SPM_example.v:275$76 ($add).
  creating $macc model for $flatten\spm.\dsa[25].$add$/home/george-sleen/Documents/projects/sailbot-hackathon/asic-flow/spm-user_project_wrapper/SPM_example.v:275$75 ($add).
  creating $macc model for $flatten\spm.\dsa[25].$add$/home/george-sleen/Documents/projects/sailbot-hackathon/asic-flow/spm-user_project_wrapper/SPM_example.v:275$76 ($add).
  creating $macc model for $flatten\spm.\dsa[26].$add$/home/george-sleen/Documents/projects/sailbot-hackathon/asic-flow/spm-user_project_wrapper/SPM_example.v:275$75 ($add).
  creating $macc model for $flatten\spm.\dsa[26].$add$/home/george-sleen/Documents/projects/sailbot-hackathon/asic-flow/spm-user_project_wrapper/SPM_example.v:275$76 ($add).
  creating $macc model for $flatten\spm.\dsa[27].$add$/home/george-sleen/Documents/projects/sailbot-hackathon/asic-flow/spm-user_project_wrapper/SPM_example.v:275$75 ($add).
  creating $macc model for $flatten\spm.\dsa[27].$add$/home/george-sleen/Documents/projects/sailbot-hackathon/asic-flow/spm-user_project_wrapper/SPM_example.v:275$76 ($add).
  creating $macc model for $flatten\spm.\dsa[28].$add$/home/george-sleen/Documents/projects/sailbot-hackathon/asic-flow/spm-user_project_wrapper/SPM_example.v:275$75 ($add).
  creating $macc model for $flatten\spm.\dsa[28].$add$/home/george-sleen/Documents/projects/sailbot-hackathon/asic-flow/spm-user_project_wrapper/SPM_example.v:275$76 ($add).
  creating $macc model for $flatten\spm.\dsa[29].$add$/home/george-sleen/Documents/projects/sailbot-hackathon/asic-flow/spm-user_project_wrapper/SPM_example.v:275$75 ($add).
  creating $macc model for $flatten\spm.\dsa[29].$add$/home/george-sleen/Documents/projects/sailbot-hackathon/asic-flow/spm-user_project_wrapper/SPM_example.v:275$76 ($add).
  creating $macc model for $flatten\spm.\dsa[2].$add$/home/george-sleen/Documents/projects/sailbot-hackathon/asic-flow/spm-user_project_wrapper/SPM_example.v:275$75 ($add).
  creating $macc model for $flatten\spm.\dsa[2].$add$/home/george-sleen/Documents/projects/sailbot-hackathon/asic-flow/spm-user_project_wrapper/SPM_example.v:275$76 ($add).
  creating $macc model for $flatten\spm.\dsa[30].$add$/home/george-sleen/Documents/projects/sailbot-hackathon/asic-flow/spm-user_project_wrapper/SPM_example.v:275$75 ($add).
  creating $macc model for $flatten\spm.\dsa[30].$add$/home/george-sleen/Documents/projects/sailbot-hackathon/asic-flow/spm-user_project_wrapper/SPM_example.v:275$76 ($add).
  creating $macc model for $flatten\spm.\dsa[31].$add$/home/george-sleen/Documents/projects/sailbot-hackathon/asic-flow/spm-user_project_wrapper/SPM_example.v:275$75 ($add).
  creating $macc model for $flatten\spm.\dsa[31].$add$/home/george-sleen/Documents/projects/sailbot-hackathon/asic-flow/spm-user_project_wrapper/SPM_example.v:275$76 ($add).
  creating $macc model for $flatten\spm.\dsa[3].$add$/home/george-sleen/Documents/projects/sailbot-hackathon/asic-flow/spm-user_project_wrapper/SPM_example.v:275$75 ($add).
  creating $macc model for $flatten\spm.\dsa[3].$add$/home/george-sleen/Documents/projects/sailbot-hackathon/asic-flow/spm-user_project_wrapper/SPM_example.v:275$76 ($add).
  creating $macc model for $flatten\spm.\dsa[4].$add$/home/george-sleen/Documents/projects/sailbot-hackathon/asic-flow/spm-user_project_wrapper/SPM_example.v:275$75 ($add).
  creating $macc model for $flatten\spm.\dsa[4].$add$/home/george-sleen/Documents/projects/sailbot-hackathon/asic-flow/spm-user_project_wrapper/SPM_example.v:275$76 ($add).
  creating $macc model for $flatten\spm.\dsa[5].$add$/home/george-sleen/Documents/projects/sailbot-hackathon/asic-flow/spm-user_project_wrapper/SPM_example.v:275$75 ($add).
  creating $macc model for $flatten\spm.\dsa[5].$add$/home/george-sleen/Documents/projects/sailbot-hackathon/asic-flow/spm-user_project_wrapper/SPM_example.v:275$76 ($add).
  creating $macc model for $flatten\spm.\dsa[6].$add$/home/george-sleen/Documents/projects/sailbot-hackathon/asic-flow/spm-user_project_wrapper/SPM_example.v:275$75 ($add).
  creating $macc model for $flatten\spm.\dsa[6].$add$/home/george-sleen/Documents/projects/sailbot-hackathon/asic-flow/spm-user_project_wrapper/SPM_example.v:275$76 ($add).
  creating $macc model for $flatten\spm.\dsa[7].$add$/home/george-sleen/Documents/projects/sailbot-hackathon/asic-flow/spm-user_project_wrapper/SPM_example.v:275$75 ($add).
  creating $macc model for $flatten\spm.\dsa[7].$add$/home/george-sleen/Documents/projects/sailbot-hackathon/asic-flow/spm-user_project_wrapper/SPM_example.v:275$76 ($add).
  creating $macc model for $flatten\spm.\dsa[8].$add$/home/george-sleen/Documents/projects/sailbot-hackathon/asic-flow/spm-user_project_wrapper/SPM_example.v:275$75 ($add).
  creating $macc model for $flatten\spm.\dsa[8].$add$/home/george-sleen/Documents/projects/sailbot-hackathon/asic-flow/spm-user_project_wrapper/SPM_example.v:275$76 ($add).
  creating $macc model for $flatten\spm.\dsa[9].$add$/home/george-sleen/Documents/projects/sailbot-hackathon/asic-flow/spm-user_project_wrapper/SPM_example.v:275$75 ($add).
  creating $macc model for $flatten\spm.\dsa[9].$add$/home/george-sleen/Documents/projects/sailbot-hackathon/asic-flow/spm-user_project_wrapper/SPM_example.v:275$76 ($add).
  merging $macc model for $flatten\spm.\dsa[9].$add$/home/george-sleen/Documents/projects/sailbot-hackathon/asic-flow/spm-user_project_wrapper/SPM_example.v:275$75 into $flatten\spm.\dsa[9].$add$/home/george-sleen/Documents/projects/sailbot-hackathon/asic-flow/spm-user_project_wrapper/SPM_example.v:275$76.
  merging $macc model for $flatten\spm.\dsa[8].$add$/home/george-sleen/Documents/projects/sailbot-hackathon/asic-flow/spm-user_project_wrapper/SPM_example.v:275$75 into $flatten\spm.\dsa[8].$add$/home/george-sleen/Documents/projects/sailbot-hackathon/asic-flow/spm-user_project_wrapper/SPM_example.v:275$76.
  merging $macc model for $flatten\spm.\dsa[7].$add$/home/george-sleen/Documents/projects/sailbot-hackathon/asic-flow/spm-user_project_wrapper/SPM_example.v:275$75 into $flatten\spm.\dsa[7].$add$/home/george-sleen/Documents/projects/sailbot-hackathon/asic-flow/spm-user_project_wrapper/SPM_example.v:275$76.
  merging $macc model for $flatten\spm.\dsa[6].$add$/home/george-sleen/Documents/projects/sailbot-hackathon/asic-flow/spm-user_project_wrapper/SPM_example.v:275$75 into $flatten\spm.\dsa[6].$add$/home/george-sleen/Documents/projects/sailbot-hackathon/asic-flow/spm-user_project_wrapper/SPM_example.v:275$76.
  merging $macc model for $flatten\spm.\dsa[5].$add$/home/george-sleen/Documents/projects/sailbot-hackathon/asic-flow/spm-user_project_wrapper/SPM_example.v:275$75 into $flatten\spm.\dsa[5].$add$/home/george-sleen/Documents/projects/sailbot-hackathon/asic-flow/spm-user_project_wrapper/SPM_example.v:275$76.
  merging $macc model for $flatten\spm.\dsa[4].$add$/home/george-sleen/Documents/projects/sailbot-hackathon/asic-flow/spm-user_project_wrapper/SPM_example.v:275$75 into $flatten\spm.\dsa[4].$add$/home/george-sleen/Documents/projects/sailbot-hackathon/asic-flow/spm-user_project_wrapper/SPM_example.v:275$76.
  merging $macc model for $flatten\spm.\dsa[3].$add$/home/george-sleen/Documents/projects/sailbot-hackathon/asic-flow/spm-user_project_wrapper/SPM_example.v:275$75 into $flatten\spm.\dsa[3].$add$/home/george-sleen/Documents/projects/sailbot-hackathon/asic-flow/spm-user_project_wrapper/SPM_example.v:275$76.
  merging $macc model for $flatten\spm.\dsa[31].$add$/home/george-sleen/Documents/projects/sailbot-hackathon/asic-flow/spm-user_project_wrapper/SPM_example.v:275$75 into $flatten\spm.\dsa[31].$add$/home/george-sleen/Documents/projects/sailbot-hackathon/asic-flow/spm-user_project_wrapper/SPM_example.v:275$76.
  merging $macc model for $flatten\spm.\dsa[30].$add$/home/george-sleen/Documents/projects/sailbot-hackathon/asic-flow/spm-user_project_wrapper/SPM_example.v:275$75 into $flatten\spm.\dsa[30].$add$/home/george-sleen/Documents/projects/sailbot-hackathon/asic-flow/spm-user_project_wrapper/SPM_example.v:275$76.
  merging $macc model for $flatten\spm.\dsa[2].$add$/home/george-sleen/Documents/projects/sailbot-hackathon/asic-flow/spm-user_project_wrapper/SPM_example.v:275$75 into $flatten\spm.\dsa[2].$add$/home/george-sleen/Documents/projects/sailbot-hackathon/asic-flow/spm-user_project_wrapper/SPM_example.v:275$76.
  merging $macc model for $flatten\spm.\dsa[29].$add$/home/george-sleen/Documents/projects/sailbot-hackathon/asic-flow/spm-user_project_wrapper/SPM_example.v:275$75 into $flatten\spm.\dsa[29].$add$/home/george-sleen/Documents/projects/sailbot-hackathon/asic-flow/spm-user_project_wrapper/SPM_example.v:275$76.
  merging $macc model for $flatten\spm.\dsa[28].$add$/home/george-sleen/Documents/projects/sailbot-hackathon/asic-flow/spm-user_project_wrapper/SPM_example.v:275$75 into $flatten\spm.\dsa[28].$add$/home/george-sleen/Documents/projects/sailbot-hackathon/asic-flow/spm-user_project_wrapper/SPM_example.v:275$76.
  merging $macc model for $flatten\spm.\dsa[27].$add$/home/george-sleen/Documents/projects/sailbot-hackathon/asic-flow/spm-user_project_wrapper/SPM_example.v:275$75 into $flatten\spm.\dsa[27].$add$/home/george-sleen/Documents/projects/sailbot-hackathon/asic-flow/spm-user_project_wrapper/SPM_example.v:275$76.
  merging $macc model for $flatten\spm.\dsa[26].$add$/home/george-sleen/Documents/projects/sailbot-hackathon/asic-flow/spm-user_project_wrapper/SPM_example.v:275$75 into $flatten\spm.\dsa[26].$add$/home/george-sleen/Documents/projects/sailbot-hackathon/asic-flow/spm-user_project_wrapper/SPM_example.v:275$76.
  merging $macc model for $flatten\spm.\dsa[25].$add$/home/george-sleen/Documents/projects/sailbot-hackathon/asic-flow/spm-user_project_wrapper/SPM_example.v:275$75 into $flatten\spm.\dsa[25].$add$/home/george-sleen/Documents/projects/sailbot-hackathon/asic-flow/spm-user_project_wrapper/SPM_example.v:275$76.
  merging $macc model for $flatten\spm.\dsa[24].$add$/home/george-sleen/Documents/projects/sailbot-hackathon/asic-flow/spm-user_project_wrapper/SPM_example.v:275$75 into $flatten\spm.\dsa[24].$add$/home/george-sleen/Documents/projects/sailbot-hackathon/asic-flow/spm-user_project_wrapper/SPM_example.v:275$76.
  merging $macc model for $flatten\spm.\dsa[23].$add$/home/george-sleen/Documents/projects/sailbot-hackathon/asic-flow/spm-user_project_wrapper/SPM_example.v:275$75 into $flatten\spm.\dsa[23].$add$/home/george-sleen/Documents/projects/sailbot-hackathon/asic-flow/spm-user_project_wrapper/SPM_example.v:275$76.
  merging $macc model for $flatten\spm.\dsa[22].$add$/home/george-sleen/Documents/projects/sailbot-hackathon/asic-flow/spm-user_project_wrapper/SPM_example.v:275$75 into $flatten\spm.\dsa[22].$add$/home/george-sleen/Documents/projects/sailbot-hackathon/asic-flow/spm-user_project_wrapper/SPM_example.v:275$76.
  merging $macc model for $flatten\spm.\dsa[21].$add$/home/george-sleen/Documents/projects/sailbot-hackathon/asic-flow/spm-user_project_wrapper/SPM_example.v:275$75 into $flatten\spm.\dsa[21].$add$/home/george-sleen/Documents/projects/sailbot-hackathon/asic-flow/spm-user_project_wrapper/SPM_example.v:275$76.
  merging $macc model for $flatten\spm.\dsa[20].$add$/home/george-sleen/Documents/projects/sailbot-hackathon/asic-flow/spm-user_project_wrapper/SPM_example.v:275$75 into $flatten\spm.\dsa[20].$add$/home/george-sleen/Documents/projects/sailbot-hackathon/asic-flow/spm-user_project_wrapper/SPM_example.v:275$76.
  merging $macc model for $flatten\spm.\dsa[1].$add$/home/george-sleen/Documents/projects/sailbot-hackathon/asic-flow/spm-user_project_wrapper/SPM_example.v:275$75 into $flatten\spm.\dsa[1].$add$/home/george-sleen/Documents/projects/sailbot-hackathon/asic-flow/spm-user_project_wrapper/SPM_example.v:275$76.
  merging $macc model for $flatten\spm.\dsa[19].$add$/home/george-sleen/Documents/projects/sailbot-hackathon/asic-flow/spm-user_project_wrapper/SPM_example.v:275$75 into $flatten\spm.\dsa[19].$add$/home/george-sleen/Documents/projects/sailbot-hackathon/asic-flow/spm-user_project_wrapper/SPM_example.v:275$76.
  merging $macc model for $flatten\spm.\dsa[18].$add$/home/george-sleen/Documents/projects/sailbot-hackathon/asic-flow/spm-user_project_wrapper/SPM_example.v:275$75 into $flatten\spm.\dsa[18].$add$/home/george-sleen/Documents/projects/sailbot-hackathon/asic-flow/spm-user_project_wrapper/SPM_example.v:275$76.
  merging $macc model for $flatten\spm.\dsa[17].$add$/home/george-sleen/Documents/projects/sailbot-hackathon/asic-flow/spm-user_project_wrapper/SPM_example.v:275$75 into $flatten\spm.\dsa[17].$add$/home/george-sleen/Documents/projects/sailbot-hackathon/asic-flow/spm-user_project_wrapper/SPM_example.v:275$76.
  merging $macc model for $flatten\spm.\dsa[16].$add$/home/george-sleen/Documents/projects/sailbot-hackathon/asic-flow/spm-user_project_wrapper/SPM_example.v:275$75 into $flatten\spm.\dsa[16].$add$/home/george-sleen/Documents/projects/sailbot-hackathon/asic-flow/spm-user_project_wrapper/SPM_example.v:275$76.
  merging $macc model for $flatten\spm.\dsa[15].$add$/home/george-sleen/Documents/projects/sailbot-hackathon/asic-flow/spm-user_project_wrapper/SPM_example.v:275$75 into $flatten\spm.\dsa[15].$add$/home/george-sleen/Documents/projects/sailbot-hackathon/asic-flow/spm-user_project_wrapper/SPM_example.v:275$76.
  merging $macc model for $flatten\spm.\dsa[14].$add$/home/george-sleen/Documents/projects/sailbot-hackathon/asic-flow/spm-user_project_wrapper/SPM_example.v:275$75 into $flatten\spm.\dsa[14].$add$/home/george-sleen/Documents/projects/sailbot-hackathon/asic-flow/spm-user_project_wrapper/SPM_example.v:275$76.
  merging $macc model for $flatten\spm.\dsa[13].$add$/home/george-sleen/Documents/projects/sailbot-hackathon/asic-flow/spm-user_project_wrapper/SPM_example.v:275$75 into $flatten\spm.\dsa[13].$add$/home/george-sleen/Documents/projects/sailbot-hackathon/asic-flow/spm-user_project_wrapper/SPM_example.v:275$76.
  merging $macc model for $flatten\spm.\dsa[12].$add$/home/george-sleen/Documents/projects/sailbot-hackathon/asic-flow/spm-user_project_wrapper/SPM_example.v:275$75 into $flatten\spm.\dsa[12].$add$/home/george-sleen/Documents/projects/sailbot-hackathon/asic-flow/spm-user_project_wrapper/SPM_example.v:275$76.
  merging $macc model for $flatten\spm.\dsa[11].$add$/home/george-sleen/Documents/projects/sailbot-hackathon/asic-flow/spm-user_project_wrapper/SPM_example.v:275$75 into $flatten\spm.\dsa[11].$add$/home/george-sleen/Documents/projects/sailbot-hackathon/asic-flow/spm-user_project_wrapper/SPM_example.v:275$76.
  merging $macc model for $flatten\spm.\dsa[10].$add$/home/george-sleen/Documents/projects/sailbot-hackathon/asic-flow/spm-user_project_wrapper/SPM_example.v:275$75 into $flatten\spm.\dsa[10].$add$/home/george-sleen/Documents/projects/sailbot-hackathon/asic-flow/spm-user_project_wrapper/SPM_example.v:275$76.
  creating $alu model for $macc $flatten\spm.\dsa[29].$add$/home/george-sleen/Documents/projects/sailbot-hackathon/asic-flow/spm-user_project_wrapper/SPM_example.v:275$76.
  creating $alu model for $macc $flatten\spm.\dsa[23].$add$/home/george-sleen/Documents/projects/sailbot-hackathon/asic-flow/spm-user_project_wrapper/SPM_example.v:275$76.
  creating $alu model for $macc $flatten\spm.\dsa[31].$add$/home/george-sleen/Documents/projects/sailbot-hackathon/asic-flow/spm-user_project_wrapper/SPM_example.v:275$76.
  creating $alu model for $macc $flatten\spm.\dsa[22].$add$/home/george-sleen/Documents/projects/sailbot-hackathon/asic-flow/spm-user_project_wrapper/SPM_example.v:275$76.
  creating $alu model for $macc $flatten\spm.\dsa[27].$add$/home/george-sleen/Documents/projects/sailbot-hackathon/asic-flow/spm-user_project_wrapper/SPM_example.v:275$76.
  creating $alu model for $macc $flatten\spm.\dsa[21].$add$/home/george-sleen/Documents/projects/sailbot-hackathon/asic-flow/spm-user_project_wrapper/SPM_example.v:275$76.
  creating $alu model for $macc $flatten\spm.\dsa[3].$add$/home/george-sleen/Documents/projects/sailbot-hackathon/asic-flow/spm-user_project_wrapper/SPM_example.v:275$76.
  creating $alu model for $macc $flatten\spm.\dsa[20].$add$/home/george-sleen/Documents/projects/sailbot-hackathon/asic-flow/spm-user_project_wrapper/SPM_example.v:275$76.
  creating $alu model for $macc $flatten\spm.\dsa[2].$add$/home/george-sleen/Documents/projects/sailbot-hackathon/asic-flow/spm-user_project_wrapper/SPM_example.v:275$76.
  creating $alu model for $macc $flatten\spm.\dsa[1].$add$/home/george-sleen/Documents/projects/sailbot-hackathon/asic-flow/spm-user_project_wrapper/SPM_example.v:275$76.
  creating $alu model for $macc $flatten\spm.\dsa[4].$add$/home/george-sleen/Documents/projects/sailbot-hackathon/asic-flow/spm-user_project_wrapper/SPM_example.v:275$76.
  creating $alu model for $macc $flatten\spm.\dsa[19].$add$/home/george-sleen/Documents/projects/sailbot-hackathon/asic-flow/spm-user_project_wrapper/SPM_example.v:275$76.
  creating $alu model for $macc $flatten\spm.\dsa[26].$add$/home/george-sleen/Documents/projects/sailbot-hackathon/asic-flow/spm-user_project_wrapper/SPM_example.v:275$76.
  creating $alu model for $macc $flatten\spm.\dsa[18].$add$/home/george-sleen/Documents/projects/sailbot-hackathon/asic-flow/spm-user_project_wrapper/SPM_example.v:275$76.
  creating $alu model for $macc $flatten\spm.\dsa[5].$add$/home/george-sleen/Documents/projects/sailbot-hackathon/asic-flow/spm-user_project_wrapper/SPM_example.v:275$76.
  creating $alu model for $macc $flatten\spm.\dsa[17].$add$/home/george-sleen/Documents/projects/sailbot-hackathon/asic-flow/spm-user_project_wrapper/SPM_example.v:275$76.
  creating $alu model for $macc $flatten\spm.\dsa[28].$add$/home/george-sleen/Documents/projects/sailbot-hackathon/asic-flow/spm-user_project_wrapper/SPM_example.v:275$76.
  creating $alu model for $macc $flatten\spm.\dsa[16].$add$/home/george-sleen/Documents/projects/sailbot-hackathon/asic-flow/spm-user_project_wrapper/SPM_example.v:275$76.
  creating $alu model for $macc $flatten\spm.\dsa[6].$add$/home/george-sleen/Documents/projects/sailbot-hackathon/asic-flow/spm-user_project_wrapper/SPM_example.v:275$76.
  creating $alu model for $macc $flatten\spm.\dsa[15].$add$/home/george-sleen/Documents/projects/sailbot-hackathon/asic-flow/spm-user_project_wrapper/SPM_example.v:275$76.
  creating $alu model for $macc $flatten\spm.\dsa[25].$add$/home/george-sleen/Documents/projects/sailbot-hackathon/asic-flow/spm-user_project_wrapper/SPM_example.v:275$76.
  creating $alu model for $macc $flatten\spm.\dsa[14].$add$/home/george-sleen/Documents/projects/sailbot-hackathon/asic-flow/spm-user_project_wrapper/SPM_example.v:275$76.
  creating $alu model for $macc $flatten\spm.\dsa[7].$add$/home/george-sleen/Documents/projects/sailbot-hackathon/asic-flow/spm-user_project_wrapper/SPM_example.v:275$76.
  creating $alu model for $macc $flatten\spm.\dsa[13].$add$/home/george-sleen/Documents/projects/sailbot-hackathon/asic-flow/spm-user_project_wrapper/SPM_example.v:275$76.
  creating $alu model for $macc $flatten\spm.\dsa[30].$add$/home/george-sleen/Documents/projects/sailbot-hackathon/asic-flow/spm-user_project_wrapper/SPM_example.v:275$76.
  creating $alu model for $macc $flatten\spm.\dsa[12].$add$/home/george-sleen/Documents/projects/sailbot-hackathon/asic-flow/spm-user_project_wrapper/SPM_example.v:275$76.
  creating $alu model for $macc $flatten\spm.\dsa[8].$add$/home/george-sleen/Documents/projects/sailbot-hackathon/asic-flow/spm-user_project_wrapper/SPM_example.v:275$76.
  creating $alu model for $macc $flatten\spm.\dsa[11].$add$/home/george-sleen/Documents/projects/sailbot-hackathon/asic-flow/spm-user_project_wrapper/SPM_example.v:275$76.
  creating $alu model for $macc $flatten\spm.\dsa[24].$add$/home/george-sleen/Documents/projects/sailbot-hackathon/asic-flow/spm-user_project_wrapper/SPM_example.v:275$76.
  creating $alu model for $macc $flatten\spm.\dsa[10].$add$/home/george-sleen/Documents/projects/sailbot-hackathon/asic-flow/spm-user_project_wrapper/SPM_example.v:275$76.
  creating $alu model for $macc $flatten\spm.\dsa[9].$add$/home/george-sleen/Documents/projects/sailbot-hackathon/asic-flow/spm-user_project_wrapper/SPM_example.v:275$76.
  creating $alu model for $macc $flatten\spm.\dsa[0].$add$/home/george-sleen/Documents/projects/sailbot-hackathon/asic-flow/spm-user_project_wrapper/SPM_example.v:275$76.
  creating $alu model for $macc $add$/home/george-sleen/Documents/projects/sailbot-hackathon/asic-flow/spm-user_project_wrapper/SPM_example.v:221$72.
  creating $alu cell for $add$/home/george-sleen/Documents/projects/sailbot-hackathon/asic-flow/spm-user_project_wrapper/SPM_example.v:221$72: $auto$alumacc.cc:485:replace_alu$206
  creating $alu cell for $flatten\spm.\dsa[0].$add$/home/george-sleen/Documents/projects/sailbot-hackathon/asic-flow/spm-user_project_wrapper/SPM_example.v:275$76: $auto$alumacc.cc:485:replace_alu$209
  creating $alu cell for $flatten\spm.\dsa[9].$add$/home/george-sleen/Documents/projects/sailbot-hackathon/asic-flow/spm-user_project_wrapper/SPM_example.v:275$76: $auto$alumacc.cc:485:replace_alu$212
  creating $alu cell for $flatten\spm.\dsa[10].$add$/home/george-sleen/Documents/projects/sailbot-hackathon/asic-flow/spm-user_project_wrapper/SPM_example.v:275$76: $auto$alumacc.cc:485:replace_alu$215
  creating $alu cell for $flatten\spm.\dsa[24].$add$/home/george-sleen/Documents/projects/sailbot-hackathon/asic-flow/spm-user_project_wrapper/SPM_example.v:275$76: $auto$alumacc.cc:485:replace_alu$218
  creating $alu cell for $flatten\spm.\dsa[11].$add$/home/george-sleen/Documents/projects/sailbot-hackathon/asic-flow/spm-user_project_wrapper/SPM_example.v:275$76: $auto$alumacc.cc:485:replace_alu$221
  creating $alu cell for $flatten\spm.\dsa[8].$add$/home/george-sleen/Documents/projects/sailbot-hackathon/asic-flow/spm-user_project_wrapper/SPM_example.v:275$76: $auto$alumacc.cc:485:replace_alu$224
  creating $alu cell for $flatten\spm.\dsa[12].$add$/home/george-sleen/Documents/projects/sailbot-hackathon/asic-flow/spm-user_project_wrapper/SPM_example.v:275$76: $auto$alumacc.cc:485:replace_alu$227
  creating $alu cell for $flatten\spm.\dsa[30].$add$/home/george-sleen/Documents/projects/sailbot-hackathon/asic-flow/spm-user_project_wrapper/SPM_example.v:275$76: $auto$alumacc.cc:485:replace_alu$230
  creating $alu cell for $flatten\spm.\dsa[13].$add$/home/george-sleen/Documents/projects/sailbot-hackathon/asic-flow/spm-user_project_wrapper/SPM_example.v:275$76: $auto$alumacc.cc:485:replace_alu$233
  creating $alu cell for $flatten\spm.\dsa[7].$add$/home/george-sleen/Documents/projects/sailbot-hackathon/asic-flow/spm-user_project_wrapper/SPM_example.v:275$76: $auto$alumacc.cc:485:replace_alu$236
  creating $alu cell for $flatten\spm.\dsa[14].$add$/home/george-sleen/Documents/projects/sailbot-hackathon/asic-flow/spm-user_project_wrapper/SPM_example.v:275$76: $auto$alumacc.cc:485:replace_alu$239
  creating $alu cell for $flatten\spm.\dsa[25].$add$/home/george-sleen/Documents/projects/sailbot-hackathon/asic-flow/spm-user_project_wrapper/SPM_example.v:275$76: $auto$alumacc.cc:485:replace_alu$242
  creating $alu cell for $flatten\spm.\dsa[15].$add$/home/george-sleen/Documents/projects/sailbot-hackathon/asic-flow/spm-user_project_wrapper/SPM_example.v:275$76: $auto$alumacc.cc:485:replace_alu$245
  creating $alu cell for $flatten\spm.\dsa[6].$add$/home/george-sleen/Documents/projects/sailbot-hackathon/asic-flow/spm-user_project_wrapper/SPM_example.v:275$76: $auto$alumacc.cc:485:replace_alu$248
  creating $alu cell for $flatten\spm.\dsa[16].$add$/home/george-sleen/Documents/projects/sailbot-hackathon/asic-flow/spm-user_project_wrapper/SPM_example.v:275$76: $auto$alumacc.cc:485:replace_alu$251
  creating $alu cell for $flatten\spm.\dsa[28].$add$/home/george-sleen/Documents/projects/sailbot-hackathon/asic-flow/spm-user_project_wrapper/SPM_example.v:275$76: $auto$alumacc.cc:485:replace_alu$254
  creating $alu cell for $flatten\spm.\dsa[17].$add$/home/george-sleen/Documents/projects/sailbot-hackathon/asic-flow/spm-user_project_wrapper/SPM_example.v:275$76: $auto$alumacc.cc:485:replace_alu$257
  creating $alu cell for $flatten\spm.\dsa[5].$add$/home/george-sleen/Documents/projects/sailbot-hackathon/asic-flow/spm-user_project_wrapper/SPM_example.v:275$76: $auto$alumacc.cc:485:replace_alu$260
  creating $alu cell for $flatten\spm.\dsa[18].$add$/home/george-sleen/Documents/projects/sailbot-hackathon/asic-flow/spm-user_project_wrapper/SPM_example.v:275$76: $auto$alumacc.cc:485:replace_alu$263
  creating $alu cell for $flatten\spm.\dsa[26].$add$/home/george-sleen/Documents/projects/sailbot-hackathon/asic-flow/spm-user_project_wrapper/SPM_example.v:275$76: $auto$alumacc.cc:485:replace_alu$266
  creating $alu cell for $flatten\spm.\dsa[19].$add$/home/george-sleen/Documents/projects/sailbot-hackathon/asic-flow/spm-user_project_wrapper/SPM_example.v:275$76: $auto$alumacc.cc:485:replace_alu$269
  creating $alu cell for $flatten\spm.\dsa[4].$add$/home/george-sleen/Documents/projects/sailbot-hackathon/asic-flow/spm-user_project_wrapper/SPM_example.v:275$76: $auto$alumacc.cc:485:replace_alu$272
  creating $alu cell for $flatten\spm.\dsa[1].$add$/home/george-sleen/Documents/projects/sailbot-hackathon/asic-flow/spm-user_project_wrapper/SPM_example.v:275$76: $auto$alumacc.cc:485:replace_alu$275
  creating $alu cell for $flatten\spm.\dsa[2].$add$/home/george-sleen/Documents/projects/sailbot-hackathon/asic-flow/spm-user_project_wrapper/SPM_example.v:275$76: $auto$alumacc.cc:485:replace_alu$278
  creating $alu cell for $flatten\spm.\dsa[20].$add$/home/george-sleen/Documents/projects/sailbot-hackathon/asic-flow/spm-user_project_wrapper/SPM_example.v:275$76: $auto$alumacc.cc:485:replace_alu$281
  creating $alu cell for $flatten\spm.\dsa[3].$add$/home/george-sleen/Documents/projects/sailbot-hackathon/asic-flow/spm-user_project_wrapper/SPM_example.v:275$76: $auto$alumacc.cc:485:replace_alu$284
  creating $alu cell for $flatten\spm.\dsa[21].$add$/home/george-sleen/Documents/projects/sailbot-hackathon/asic-flow/spm-user_project_wrapper/SPM_example.v:275$76: $auto$alumacc.cc:485:replace_alu$287
  creating $alu cell for $flatten\spm.\dsa[27].$add$/home/george-sleen/Documents/projects/sailbot-hackathon/asic-flow/spm-user_project_wrapper/SPM_example.v:275$76: $auto$alumacc.cc:485:replace_alu$290
  creating $alu cell for $flatten\spm.\dsa[22].$add$/home/george-sleen/Documents/projects/sailbot-hackathon/asic-flow/spm-user_project_wrapper/SPM_example.v:275$76: $auto$alumacc.cc:485:replace_alu$293
  creating $alu cell for $flatten\spm.\dsa[31].$add$/home/george-sleen/Documents/projects/sailbot-hackathon/asic-flow/spm-user_project_wrapper/SPM_example.v:275$76: $auto$alumacc.cc:485:replace_alu$296
  creating $alu cell for $flatten\spm.\dsa[23].$add$/home/george-sleen/Documents/projects/sailbot-hackathon/asic-flow/spm-user_project_wrapper/SPM_example.v:275$76: $auto$alumacc.cc:485:replace_alu$299
  creating $alu cell for $flatten\spm.\dsa[29].$add$/home/george-sleen/Documents/projects/sailbot-hackathon/asic-flow/spm-user_project_wrapper/SPM_example.v:275$76: $auto$alumacc.cc:485:replace_alu$302
  created 33 $alu and 0 $macc cells.

60. Executing SHARE pass (SAT-based resource sharing).

61. Executing OPT_EXPR pass (perform const folding).
Optimizing module SPM_example.
<suppressed ~1 debug messages>

62. Executing OPT_MERGE pass (detect identical cells).
Finding identical cells in module `\SPM_example'.
Removed a total of 0 cells.

63. Executing OPT_MUXTREE pass (detect dead branches in mux trees).
Running muxtree optimizer on module \SPM_example..
  Creating internal representation of mux trees.
  Evaluating internal representation of mux trees.
  Analyzing evaluation results.
Removed 0 multiplexer ports.
<suppressed ~5 debug messages>

64. Executing OPT_REDUCE pass (consolidate $*mux and $reduce_* inputs).
  Optimizing cells in module \SPM_example.
Performed a total of 0 changes.

65. Executing OPT_MERGE pass (detect identical cells).
Finding identical cells in module `\SPM_example'.
Removed a total of 0 cells.

66. Executing OPT_DFF pass (perform DFF optimizations).

67. Executing OPT_CLEAN pass (remove unused cells and wires).
Finding unused cells or wires in module \SPM_example..
Removed 31 unused cells and 32 unused wires.
<suppressed ~32 debug messages>

68. Executing OPT_EXPR pass (perform const folding).
Optimizing module SPM_example.

69. Rerunning OPT passes. (Maybe there is more to do…)

70. Executing OPT_MUXTREE pass (detect dead branches in mux trees).
Running muxtree optimizer on module \SPM_example..
  Creating internal representation of mux trees.
  Evaluating internal representation of mux trees.
  Analyzing evaluation results.
Removed 0 multiplexer ports.
<suppressed ~5 debug messages>

71. Executing OPT_REDUCE pass (consolidate $*mux and $reduce_* inputs).
  Optimizing cells in module \SPM_example.
Performed a total of 0 changes.

72. Executing OPT_MERGE pass (detect identical cells).
Finding identical cells in module `\SPM_example'.
Removed a total of 0 cells.

73. Executing OPT_DFF pass (perform DFF optimizations).

74. Executing OPT_CLEAN pass (remove unused cells and wires).
Finding unused cells or wires in module \SPM_example..

75. Executing OPT_EXPR pass (perform const folding).
Optimizing module SPM_example.

76. Executing MEMORY pass.

76.1. Executing OPT_MEM pass (optimize memories).
Performed a total of 0 transformations.

76.2. Executing OPT_MEM_PRIORITY pass (removing unnecessary memory write priority relations).
Performed a total of 0 transformations.

76.3. Executing OPT_MEM_FEEDBACK pass (finding memory read-to-write feedback paths).

76.4. Executing MEMORY_BMUX2ROM pass (converting muxes to ROMs).

76.5. Executing MEMORY_DFF pass (merging $dff cells to $memrd).

76.6. Executing OPT_CLEAN pass (remove unused cells and wires).
Finding unused cells or wires in module \SPM_example..

76.7. Executing MEMORY_SHARE pass (consolidating $memrd/$memwr cells).

76.8. Executing OPT_MEM_WIDEN pass (optimize memories where all ports are wide).
Performed a total of 0 transformations.

76.9. Executing OPT_CLEAN pass (remove unused cells and wires).
Finding unused cells or wires in module \SPM_example..

76.10. Executing MEMORY_COLLECT pass (generating $mem cells).

77. Executing OPT_CLEAN pass (remove unused cells and wires).
Finding unused cells or wires in module \SPM_example..

78. Executing OPT_EXPR pass (perform const folding).
Optimizing module SPM_example.
<suppressed ~7 debug messages>

79. Executing OPT_MERGE pass (detect identical cells).
Finding identical cells in module `\SPM_example'.
Removed a total of 0 cells.

80. Executing OPT_DFF pass (perform DFF optimizations).

81. Executing OPT_CLEAN pass (remove unused cells and wires).
Finding unused cells or wires in module \SPM_example..
Removed 0 unused cells and 5 unused wires.
<suppressed ~1 debug messages>

82. Executing MEMORY_MAP pass (converting memories to logic and flip-flops).

83. Executing OPT_EXPR pass (perform const folding).
Optimizing module SPM_example.

84. Executing OPT_MERGE pass (detect identical cells).
Finding identical cells in module `\SPM_example'.
Removed a total of 0 cells.

85. Executing OPT_MUXTREE pass (detect dead branches in mux trees).
Running muxtree optimizer on module \SPM_example..
  Creating internal representation of mux trees.
  Evaluating internal representation of mux trees.
  Analyzing evaluation results.
Removed 0 multiplexer ports.
<suppressed ~4 debug messages>

86. Executing OPT_REDUCE pass (consolidate $*mux and $reduce_* inputs).
  Optimizing cells in module \SPM_example.
Performed a total of 0 changes.

87. Executing OPT_MERGE pass (detect identical cells).
Finding identical cells in module `\SPM_example'.
Removed a total of 0 cells.

88. Executing OPT_SHARE pass.

89. Executing OPT_DFF pass (perform DFF optimizations).

90. Executing OPT_CLEAN pass (remove unused cells and wires).
Finding unused cells or wires in module \SPM_example..

91. Executing OPT_EXPR pass (perform const folding).
Optimizing module SPM_example.

92. Executing TECHMAP pass (map to technology primitives).

92.1. Executing Verilog-2005 frontend: /nix/store/9r0bh7sp051dpm8km8bqlb028anpd3v3-yosys/bin/../share/yosys/techmap.v
Parsing Verilog input from `/nix/store/9r0bh7sp051dpm8km8bqlb028anpd3v3-yosys/bin/../share/yosys/techmap.v' to AST representation.
Generating RTLIL representation for module `\_90_simplemap_bool_ops'.
Generating RTLIL representation for module `\_90_simplemap_reduce_ops'.
Generating RTLIL representation for module `\_90_simplemap_logic_ops'.
Generating RTLIL representation for module `\_90_simplemap_compare_ops'.
Generating RTLIL representation for module `\_90_simplemap_various'.
Generating RTLIL representation for module `\_90_simplemap_registers'.
Generating RTLIL representation for module `\_90_shift_ops_shr_shl_sshl_sshr'.
Generating RTLIL representation for module `\_90_shift_shiftx'.
Generating RTLIL representation for module `\_90_fa'.
Generating RTLIL representation for module `\_90_lcu_brent_kung'.
Generating RTLIL representation for module `\_90_alu'.
Generating RTLIL representation for module `\_90_macc'.
Generating RTLIL representation for module `\_90_alumacc'.
Generating RTLIL representation for module `\$__div_mod_u'.
Generating RTLIL representation for module `\$__div_mod_trunc'.
Generating RTLIL representation for module `\_90_div'.
Generating RTLIL representation for module `\_90_mod'.
Generating RTLIL representation for module `\$__div_mod_floor'.
Generating RTLIL representation for module `\_90_divfloor'.
Generating RTLIL representation for module `\_90_modfloor'.
Generating RTLIL representation for module `\_90_pow'.
Generating RTLIL representation for module `\_90_pmux'.
Generating RTLIL representation for module `\_90_demux'.
Generating RTLIL representation for module `\_90_lut'.
Successfully finished Verilog frontend.

92.2. Continuing TECHMAP pass.
Using extmapper simplemap for cells of type $mux.
Using extmapper simplemap for cells of type $logic_not.
Using extmapper simplemap for cells of type $logic_and.
Using extmapper simplemap for cells of type $eq.
Using extmapper simplemap for cells of type $logic_or.
Using template $paramod$1d1e68f77481583066c6d429218f48ea9d5739b3\_90_alu for cells of type $alu.
Using extmapper simplemap for cells of type $not.
Using template $paramod$c5c783b17ab1d780abfad8cfe6563a0a7b47a3b0\_90_pmux for cells of type $pmux.
Using template $paramod$c3cd1564c35d873179656addd6052d7ea8b6d991\_90_alu for cells of type $alu.
Using extmapper simplemap for cells of type $adff.
Using extmapper simplemap for cells of type $adffe.
Using extmapper simplemap for cells of type $sdff.
Using extmapper simplemap for cells of type $dffe.
Using extmapper simplemap for cells of type $reduce_bool.
Using extmapper simplemap for cells of type $and.
Using extmapper simplemap for cells of type $pos.
Using template $paramod\_90_lcu_brent_kung\WIDTH=32'00000000000000000000000000000010 for cells of type $lcu.
Using extmapper simplemap for cells of type $xor.
Using template $paramod\_90_lcu_brent_kung\WIDTH=32'00000000000000000000000000001000 for cells of type $lcu.
Using extmapper simplemap for cells of type $reduce_or.
Using extmapper simplemap for cells of type $or.
No more expansions possible.
<suppressed ~936 debug messages>

93. Executing OPT_EXPR pass (perform const folding).
Optimizing module SPM_example.
<suppressed ~513 debug messages>

94. Executing OPT_MERGE pass (detect identical cells).
Finding identical cells in module `\SPM_example'.
<suppressed ~351 debug messages>
Removed a total of 117 cells.

95. Executing OPT_DFF pass (perform DFF optimizations).

96. Executing OPT_CLEAN pass (remove unused cells and wires).
Finding unused cells or wires in module \SPM_example..
Removed 42 unused cells and 920 unused wires.
<suppressed ~43 debug messages>

97. Executing OPT_EXPR pass (perform const folding).
Optimizing module SPM_example.

98. Executing OPT_MERGE pass (detect identical cells).
Finding identical cells in module `\SPM_example'.
Removed a total of 0 cells.

99. Executing OPT_DFF pass (perform DFF optimizations).

100. Executing OPT_CLEAN pass (remove unused cells and wires).
Finding unused cells or wires in module \SPM_example..

101. Executing ABC pass (technology mapping using ABC).

101.1. Extracting gate netlist of module `\SPM_example' to `<abc-temp-dir>/input.blif'..
Extracted 471 gates and 739 wires to a netlist network with 267 inputs and 141 outputs.

101.1.1. Executing ABC.
Running ABC command: "/nix/store/6l3aj1gi4lja8z5s4lan2k2cfz9mqkrz-yosys-abc/bin/abc" -s -f <abc-temp-dir>/abc.script 2>&1
ABC: ABC command line: "source <abc-temp-dir>/abc.script".
ABC: 
ABC: + read_blif <abc-temp-dir>/input.blif 
ABC: + read_library <abc-temp-dir>/stdcells.genlib 
ABC: Entered genlib library with 13 gates from file "<abc-temp-dir>/stdcells.genlib".
ABC: + strash 
ABC: + dretime 
ABC: + map 
ABC: + write_blif <abc-temp-dir>/output.blif 

101.1.2. Re-integrating ABC results.
ABC RESULTS:               NOR cells:        1
ABC RESULTS:               NOT cells:        1
ABC RESULTS:              NAND cells:        7
ABC RESULTS:             ORNOT cells:        8
ABC RESULTS:               MUX cells:      129
ABC RESULTS:               XOR cells:        5
ABC RESULTS:              XNOR cells:       65
ABC RESULTS:               AND cells:       66
ABC RESULTS:            ANDNOT cells:       77
ABC RESULTS:                OR cells:       97
ABC RESULTS:        internal signals:      331
ABC RESULTS:           input signals:      267
ABC RESULTS:          output signals:      141
Removing temp directory.

102. Executing OPT pass (performing simple optimizations).

102.1. Executing OPT_EXPR pass (perform const folding).
Optimizing module SPM_example.
<suppressed ~1 debug messages>

102.2. Executing OPT_MERGE pass (detect identical cells).
Finding identical cells in module `\SPM_example'.
Removed a total of 0 cells.

102.3. Executing OPT_DFF pass (perform DFF optimizations).

102.4. Executing OPT_CLEAN pass (remove unused cells and wires).
Finding unused cells or wires in module \SPM_example..
Removed 0 unused cells and 594 unused wires.
<suppressed ~35 debug messages>

102.5. Finished fast OPT passes.

103. Executing HIERARCHY pass (managing design hierarchy).

103.1. Analyzing design hierarchy..
Top module:  \SPM_example

103.2. Analyzing design hierarchy..
Top module:  \SPM_example
Removed 0 unused modules.

104. Executing CHECK pass (checking for obvious problems).
Checking module SPM_example...
Found and reported 0 problems.

105. Printing statistics.

=== SPM_example ===

   Number of wires:                611
   Number of wire bits:           1530
   Number of public wires:         290
   Number of public wire bits:    1147
   Number of ports:                 17
   Number of port bits:            607
   Number of memories:               0
   Number of memory bits:            0
   Number of processes:              0
   Number of cells:                723
     $_ANDNOT_                      77
     $_AND_                         66
     $_DFFE_PP0P_                  128
     $_DFFE_PP_                     32
     $_DFF_PP0_                     73
     $_MUX_                        129
     $_NAND_                         7
     $_NOR_                          1
     $_NOT_                          1
     $_ORNOT_                        8
     $_OR_                          97
     $_SDFF_PP0_                     1
     $_XNOR_                        65
     $_XOR_                          5
     $scopeinfo                     33

106. Generating Graphviz representation of design.
Writing dot description to `/home/george-sleen/Documents/projects/sailbot-hackathon/asic-flow/spm-user_project_wrapper/runs/RUN_2026-03-21_16-46-02/06-yosys-synthesis/primitive_techmap.dot'.
Dumping module SPM_example to page 1.

107. Executing OPT pass (performing simple optimizations).

107.1. Executing OPT_EXPR pass (perform const folding).
Optimizing module SPM_example.

107.2. Executing OPT_MERGE pass (detect identical cells).
Finding identical cells in module `\SPM_example'.
Removed a total of 0 cells.

107.3. Executing OPT_MUXTREE pass (detect dead branches in mux trees).
Running muxtree optimizer on module \SPM_example..
  Creating internal representation of mux trees.
  No muxes found in this module.
Removed 0 multiplexer ports.

107.4. Executing OPT_REDUCE pass (consolidate $*mux and $reduce_* inputs).
  Optimizing cells in module \SPM_example.
Performed a total of 0 changes.

107.5. Executing OPT_MERGE pass (detect identical cells).
Finding identical cells in module `\SPM_example'.
Removed a total of 0 cells.

107.6. Executing OPT_DFF pass (perform DFF optimizations).

107.7. Executing OPT_CLEAN pass (remove unused cells and wires).
Finding unused cells or wires in module \SPM_example..

107.8. Executing OPT_EXPR pass (perform const folding).
Optimizing module SPM_example.

107.9. Finished OPT passes. (There is nothing left to do.)

108. Executing OPT_CLEAN pass (remove unused cells and wires).
Finding unused cells or wires in module \SPM_example..
Removed 33 unused cells and 106 unused wires.
<suppressed ~139 debug messages>
{
   "creator": "Yosys 0.46 (git sha1 e97731b9dda91fa5fa53ed87df7c34163ba59a41, clang++ 17.0.6 -fPIC -O3)",
   "invocation": "stat -json -liberty /home/george-sleen/Documents/projects/sailbot-hackathon/asic-flow/spm-user_project_wrapper/runs/RUN_2026-03-21_16-46-02/tmp/b4308c2a2d0242bc8a53bf8e40a1edd0.lib ",
   "modules": {
      "\\SPM_example": {
         "num_wires":         505,
         "num_wire_bits":     1268,
         "num_pub_wires":     184,
         "num_pub_wire_bits": 885,
         "num_ports":         17,
         "num_port_bits":     607,
         "num_memories":      0,
         "num_memory_bits":   0,
         "num_processes":     0,
         "num_cells":         690,
         "num_cells_by_type": {
            "$_ANDNOT_": 77,
            "$_AND_": 66,
            "$_DFFE_PP0P_": 128,
            "$_DFFE_PP_": 32,
            "$_DFF_PP0_": 73,
            "$_MUX_": 129,
            "$_NAND_": 7,
            "$_NOR_": 1,
            "$_NOT_": 1,
            "$_ORNOT_": 8,
            "$_OR_": 97,
            "$_SDFF_PP0_": 1,
            "$_XNOR_": 65,
            "$_XOR_": 5
         }
      }
   },
      "design": {
         "num_wires":         505,
         "num_wire_bits":     1268,
         "num_pub_wires":     184,
         "num_pub_wire_bits": 885,
         "num_ports":         17,
         "num_port_bits":     607,
         "num_memories":      0,
         "num_memory_bits":   0,
         "num_processes":     0,
         "num_cells":         690,
         "num_cells_by_type": {
            "$_ANDNOT_": 77,
            "$_AND_": 66,
            "$_DFFE_PP0P_": 128,
            "$_DFFE_PP_": 32,
            "$_DFF_PP0_": 73,
            "$_MUX_": 129,
            "$_NAND_": 7,
            "$_NOR_": 1,
            "$_NOT_": 1,
            "$_ORNOT_": 8,
            "$_OR_": 97,
            "$_SDFF_PP0_": 1,
            "$_XNOR_": 65,
            "$_XOR_": 5
         }
      }
}

109. Printing statistics.

=== SPM_example ===

   Number of wires:                505
   Number of wire bits:           1268
   Number of public wires:         184
   Number of public wire bits:     885
   Number of ports:                 17
   Number of port bits:            607
   Number of memories:               0
   Number of memory bits:            0
   Number of processes:              0
   Number of cells:                690
     $_ANDNOT_                      77
     $_AND_                         66
     $_DFFE_PP0P_                  128
     $_DFFE_PP_                     32
     $_DFF_PP0_                     73
     $_MUX_                        129
     $_NAND_                         7
     $_NOR_                          1
     $_NOT_                          1
     $_ORNOT_                        8
     $_OR_                          97
     $_SDFF_PP0_                     1
     $_XNOR_                        65
     $_XOR_                          5

   Area for cell type $_NOT_ is unknown!
   Area for cell type $_AND_ is unknown!
   Area for cell type $_NAND_ is unknown!
   Area for cell type $_OR_ is unknown!
   Area for cell type $_NOR_ is unknown!
   Area for cell type $_XOR_ is unknown!
   Area for cell type $_XNOR_ is unknown!
   Area for cell type $_ANDNOT_ is unknown!
   Area for cell type $_ORNOT_ is unknown!
   Area for cell type $_MUX_ is unknown!
   Area for cell type $_DFFE_PP_ is unknown!
   Area for cell type $_DFF_PP0_ is unknown!
   Area for cell type $_DFFE_PP0P_ is unknown!
   Area for cell type $_SDFF_PP0_ is unknown!

[INFO] Applying tri-state buffer mapping from '/home/george-sleen/.ciel/ciel/sky130/versions/0fe599b2afb6708d281543108caf8310912f54af/sky130A/libs.tech/openlane/sky130_fd_sc_hd/tribuff_map.v'…

110. Executing TECHMAP pass (map to technology primitives).

110.1. Executing Verilog-2005 frontend: /home/george-sleen/.ciel/ciel/sky130/versions/0fe599b2afb6708d281543108caf8310912f54af/sky130A/libs.tech/openlane/sky130_fd_sc_hd/tribuff_map.v
Parsing Verilog input from `/home/george-sleen/.ciel/ciel/sky130/versions/0fe599b2afb6708d281543108caf8310912f54af/sky130A/libs.tech/openlane/sky130_fd_sc_hd/tribuff_map.v' to AST representation.
Generating RTLIL representation for module `\$_TBUF_'.
Successfully finished Verilog frontend.

110.2. Continuing TECHMAP pass.
No more expansions possible.
<suppressed ~3 debug messages>

111. Executing SIMPLEMAP pass (map simple cells to gate primitives).
[INFO] Applying latch mapping from '/home/george-sleen/.ciel/ciel/sky130/versions/0fe599b2afb6708d281543108caf8310912f54af/sky130A/libs.tech/openlane/sky130_fd_sc_hd/latch_map.v'…

112. Executing TECHMAP pass (map to technology primitives).

112.1. Executing Verilog-2005 frontend: /home/george-sleen/.ciel/ciel/sky130/versions/0fe599b2afb6708d281543108caf8310912f54af/sky130A/libs.tech/openlane/sky130_fd_sc_hd/latch_map.v
Parsing Verilog input from `/home/george-sleen/.ciel/ciel/sky130/versions/0fe599b2afb6708d281543108caf8310912f54af/sky130A/libs.tech/openlane/sky130_fd_sc_hd/latch_map.v' to AST representation.
Generating RTLIL representation for module `\$_DLATCH_P_'.
Generating RTLIL representation for module `\$_DLATCH_N_'.
Successfully finished Verilog frontend.

112.2. Continuing TECHMAP pass.
No more expansions possible.
<suppressed ~4 debug messages>

113. Executing SIMPLEMAP pass (map simple cells to gate primitives).

114. Executing DFFLIBMAP pass (mapping DFF cells to sequential cells from liberty file).
  cell sky130_fd_sc_hd__dfxtp_2 (noninv, pins=3, area=21.27) is a direct match for cell type $_DFF_P_.
  cell sky130_fd_sc_hd__dfrtp_2 (noninv, pins=4, area=26.28) is a direct match for cell type $_DFF_PN0_.
  cell sky130_fd_sc_hd__dfstp_2 (noninv, pins=4, area=26.28) is a direct match for cell type $_DFF_PN1_.
  cell sky130_fd_sc_hd__dfbbn_2 (noninv, pins=6, area=35.03) is a direct match for cell type $_DFFSR_NNN_.
  final dff cell mappings:
    unmapped dff cell: $_DFF_N_
    \sky130_fd_sc_hd__dfxtp_2 _DFF_P_ (.CLK( C), .D( D), .Q( Q));
    unmapped dff cell: $_DFF_NN0_
    unmapped dff cell: $_DFF_NN1_
    unmapped dff cell: $_DFF_NP0_
    unmapped dff cell: $_DFF_NP1_
    \sky130_fd_sc_hd__dfrtp_2 _DFF_PN0_ (.CLK( C), .D( D), .Q( Q), .RESET_B( R));
    \sky130_fd_sc_hd__dfstp_2 _DFF_PN1_ (.CLK( C), .D( D), .Q( Q), .SET_B( R));
    unmapped dff cell: $_DFF_PP0_
    unmapped dff cell: $_DFF_PP1_
    \sky130_fd_sc_hd__dfbbn_2 _DFFSR_NNN_ (.CLK_N( C), .D( D), .Q( Q), .Q_N(~Q), .RESET_B( R), .SET_B( S));
    unmapped dff cell: $_DFFSR_NNP_
    unmapped dff cell: $_DFFSR_NPN_
    unmapped dff cell: $_DFFSR_NPP_
    unmapped dff cell: $_DFFSR_PNN_
    unmapped dff cell: $_DFFSR_PNP_
    unmapped dff cell: $_DFFSR_PPN_
    unmapped dff cell: $_DFFSR_PPP_

114.1. Executing DFFLEGALIZE pass (convert FFs to types supported by the target).
Mapping DFF cells in module `\SPM_example':
  mapped 201 $_DFF_PN0_ cells to \sky130_fd_sc_hd__dfrtp_2 cells.
  mapped 33 $_DFF_P_ cells to \sky130_fd_sc_hd__dfxtp_2 cells.
{
   "creator": "Yosys 0.46 (git sha1 e97731b9dda91fa5fa53ed87df7c34163ba59a41, clang++ 17.0.6 -fPIC -O3)",
   "invocation": "stat -json -liberty /home/george-sleen/Documents/projects/sailbot-hackathon/asic-flow/spm-user_project_wrapper/runs/RUN_2026-03-21_16-46-02/tmp/b4308c2a2d0242bc8a53bf8e40a1edd0.lib ",
   "modules": {
      "\\SPM_example": {
         "num_wires":         867,
         "num_wire_bits":     1630,
         "num_pub_wires":     184,
         "num_pub_wire_bits": 885,
         "num_ports":         17,
         "num_port_bits":     607,
         "num_memories":      0,
         "num_memory_bits":   0,
         "num_processes":     0,
         "num_cells":         1052,
         "area":              5983.238400,
         "num_cells_by_type": {
            "$_ANDNOT_": 77,
            "$_AND_": 66,
            "$_MUX_": 290,
            "$_NAND_": 7,
            "$_NOR_": 1,
            "$_NOT_": 202,
            "$_ORNOT_": 8,
            "$_OR_": 97,
            "$_XNOR_": 65,
            "$_XOR_": 5,
            "sky130_fd_sc_hd__dfrtp_2": 201,
            "sky130_fd_sc_hd__dfxtp_2": 33
         }
      }
   },
      "design": {
         "num_wires":         867,
         "num_wire_bits":     1630,
         "num_pub_wires":     184,
         "num_pub_wire_bits": 885,
         "num_ports":         17,
         "num_port_bits":     607,
         "num_memories":      0,
         "num_memory_bits":   0,
         "num_processes":     0,
         "num_cells":         1052,
         "area":              5983.238400,
         "num_cells_by_type": {
            "$_ANDNOT_": 77,
            "$_AND_": 66,
            "$_MUX_": 290,
            "$_NAND_": 7,
            "$_NOR_": 1,
            "$_NOT_": 202,
            "$_ORNOT_": 8,
            "$_OR_": 97,
            "$_XNOR_": 65,
            "$_XOR_": 5,
            "sky130_fd_sc_hd__dfrtp_2": 201,
            "sky130_fd_sc_hd__dfxtp_2": 33
         }
      }
}

115. Printing statistics.

=== SPM_example ===

   Number of wires:                867
   Number of wire bits:           1630
   Number of public wires:         184
   Number of public wire bits:     885
   Number of ports:                 17
   Number of port bits:            607
   Number of memories:               0
   Number of memory bits:            0
   Number of processes:              0
   Number of cells:               1052
     $_ANDNOT_                      77
     $_AND_                         66
     $_MUX_                        290
     $_NAND_                         7
     $_NOR_                          1
     $_NOT_                        202
     $_ORNOT_                        8
     $_OR_                          97
     $_XNOR_                        65
     $_XOR_                          5
     sky130_fd_sc_hd__dfrtp_2      201
     sky130_fd_sc_hd__dfxtp_2       33

   Area for cell type $_NOT_ is unknown!
   Area for cell type $_AND_ is unknown!
   Area for cell type $_NAND_ is unknown!
   Area for cell type $_OR_ is unknown!
   Area for cell type $_NOR_ is unknown!
   Area for cell type $_XOR_ is unknown!
   Area for cell type $_XNOR_ is unknown!
   Area for cell type $_ANDNOT_ is unknown!
   Area for cell type $_ORNOT_ is unknown!
   Area for cell type $_MUX_ is unknown!

   Chip area for module '\SPM_example': 5983.238400
     of which used for sequential elements: 5983.238400 (100.00%)

[INFO] Using generated ABC script '/home/george-sleen/Documents/projects/sailbot-hackathon/asic-flow/spm-user_project_wrapper/runs/RUN_2026-03-21_16-46-02/06-yosys-synthesis/AREA_0.abc'…

116. Executing ABC pass (technology mapping using ABC).

116.1. Extracting gate netlist of module `\SPM_example' to `/tmp/yosys-abc-Uh84La/input.blif'..
Extracted 818 gates and 1121 wires to a netlist network with 302 inputs and 435 outputs.

116.1.1. Executing ABC.
Running ABC command: "/nix/store/6l3aj1gi4lja8z5s4lan2k2cfz9mqkrz-yosys-abc/bin/abc" -s -f /tmp/yosys-abc-Uh84La/abc.script 2>&1
ABC: ABC command line: "source /tmp/yosys-abc-Uh84La/abc.script".
ABC: 
ABC: + read_blif /tmp/yosys-abc-Uh84La/input.blif 
ABC: + read_lib -w /home/george-sleen/Documents/projects/sailbot-hackathon/asic-flow/spm-user_project_wrapper/runs/RUN_2026-03-21_16-46-02/tmp/b4308c2a2d0242bc8a53bf8e40a1edd0.lib 
ABC: Parsing finished successfully.  Parsing time =     0.06 sec
ABC: Scl_LibertyReadGenlib() skipped sequential cell "sky130_fd_sc_hd__dfbbn_2".
ABC: Scl_LibertyReadGenlib() skipped sequential cell "sky130_fd_sc_hd__dfrbp_2".
ABC: Scl_LibertyReadGenlib() skipped sequential cell "sky130_fd_sc_hd__dfrtp_2".
ABC: Scl_LibertyReadGenlib() skipped sequential cell "sky130_fd_sc_hd__dfrtp_4".
ABC: Scl_LibertyReadGenlib() skipped sequential cell "sky130_fd_sc_hd__dfsbp_2".
ABC: Scl_LibertyReadGenlib() skipped sequential cell "sky130_fd_sc_hd__dfstp_2".
ABC: Scl_LibertyReadGenlib() skipped sequential cell "sky130_fd_sc_hd__dfstp_4".
ABC: Scl_LibertyReadGenlib() skipped sequential cell "sky130_fd_sc_hd__dfxbp_2".
ABC: Scl_LibertyReadGenlib() skipped sequential cell "sky130_fd_sc_hd__dfxtp_2".
ABC: Scl_LibertyReadGenlib() skipped sequential cell "sky130_fd_sc_hd__dfxtp_4".
ABC: Scl_LibertyReadGenlib() skipped sequential cell "sky130_fd_sc_hd__dlxtn_1".
ABC: Scl_LibertyReadGenlib() skipped sequential cell "sky130_fd_sc_hd__dlxtn_2".
ABC: Scl_LibertyReadGenlib() skipped sequential cell "sky130_fd_sc_hd__dlxtn_4".
ABC: Scl_LibertyReadGenlib() skipped sequential cell "sky130_fd_sc_hd__dlxtp_1".
ABC: Scl_LibertyReadGenlib() skipped three-state cell "sky130_fd_sc_hd__ebufn_2".
ABC: Scl_LibertyReadGenlib() skipped three-state cell "sky130_fd_sc_hd__ebufn_4".
ABC: Scl_LibertyReadGenlib() skipped three-state cell "sky130_fd_sc_hd__ebufn_8".
ABC: Library "sky130_fd_sc_hd__tt_025C_1v80" from "/home/george-sleen/Documents/projects/sailbot-hackathon/asic-flow/spm-user_project_wrapper/runs/RUN_2026-03-21_16-46-02/tmp/b4308c2a2d0242bc8a53bf8e40a1edd0.lib" has 175 cells (17 skipped: 14 seq; 3 tri-state; 0 no func; 0 dont_use).  Time =     0.11 sec
ABC: Memory =    9.54 MB. Time =     0.11 sec
ABC: Warning: Detected 2 multi-output gates (for example, "sky130_fd_sc_hd__fa_1").
ABC: + read_constr -v /home/george-sleen/Documents/projects/sailbot-hackathon/asic-flow/spm-user_project_wrapper/runs/RUN_2026-03-21_16-46-02/06-yosys-synthesis/synthesis.abc.sdc 
ABC: Setting driving cell to be "sky130_fd_sc_hd__inv_2/Y".
ABC: Setting output load to be 33.442001.
ABC: + source /home/george-sleen/Documents/projects/sailbot-hackathon/asic-flow/spm-user_project_wrapper/runs/RUN_2026-03-21_16-46-02/06-yosys-synthesis/AREA_0.abc 
ABC: Error: The network is combinational.
ABC: Cannot find the default PI driving cell (sky130_fd_sc_hd__inv_2/Y) in the library.
ABC: WireLoad = "none"  Gates =    736 ( 28.7 %)   Cap = 19.3 ff (  6.9 %)   Area =     6019.52 ( 58.2 %)   Delay =  2736.20 ps  (  4.2 %)               
ABC: Path  0 --     186 : 0    2 pi                        A =   0.00  Df =   0.0   -0.0 ps  S =   0.0 ps  Cin =  0.0 ff  Cout =   3.1 ff  Cmax =   0.0 ff  G =    0  
ABC: Path  1 --     767 : 4    2 sky130_fd_sc_hd__or4_2    A =   8.76  Df = 665.1 -565.1 ps  S = 113.2 ps  Cin =  1.5 ff  Cout =   6.1 ff  Cmax = 310.4 ff  G =  385  
ABC: Path  2 --     777 : 4    3 sky130_fd_sc_hd__or4_2    A =   8.76  Df =1386.4-1083.9 ps  S = 130.4 ps  Cin =  1.5 ff  Cout =  11.1 ff  Cmax = 310.4 ff  G =  691  
ABC: Path  3 --    1145 : 4    7 sky130_fd_sc_hd__or4_2    A =   8.76  Df =2104.6-1651.8 ps  S = 138.1 ps  Cin =  1.5 ff  Cout =  12.8 ff  Cmax = 310.4 ff  G =  797  
ABC: Path  4 --    1270 : 4    1 sky130_fd_sc_hd__a2bb2o_2 A =  11.26  Df =2364.2-1642.2 ps  S =  49.5 ps  Cin =  1.7 ff  Cout =   4.7 ff  Cmax = 300.3 ff  G =  251  
ABC: Path  5 --    1271 : 4    1 sky130_fd_sc_hd__a211oi_2 A =  12.51  Df =2393.7-1551.9 ps  S = 126.9 ps  Cin =  4.4 ff  Cout =   1.7 ff  Cmax =  88.8 ff  G =   38  
ABC: Path  6 --    1273 : 4    1 sky130_fd_sc_hd__a2bb2o_2 A =  11.26  Df =2736.2 -625.5 ps  S = 185.3 ps  Cin =  1.7 ff  Cout =  33.4 ff  Cmax = 300.3 ff  G = 1942  
ABC: Start-point = pi185 (\wbs_adr_i [21]).  End-point = po288 ($auto$rtlil.cc:2739:MuxGate$2632).
ABC: netlist                       : i/o =  302/  435  lat =    0  nd =   736  edge =   1858  area =6019.31  delay = 6.00  lev = 6
ABC: + write_blif /tmp/yosys-abc-Uh84La/output.blif 

116.1.2. Re-integrating ABC results.
ABC RESULTS:   sky130_fd_sc_hd__nand4_2 cells:        1
ABC RESULTS:   sky130_fd_sc_hd__or4bb_2 cells:        1
ABC RESULTS:   sky130_fd_sc_hd__or3_2 cells:        2
ABC RESULTS:   sky130_fd_sc_hd__o41a_2 cells:        1
ABC RESULTS:   sky130_fd_sc_hd__and2b_2 cells:        1
ABC RESULTS:   sky130_fd_sc_hd__and3b_2 cells:        2
ABC RESULTS:   sky130_fd_sc_hd__o21ai_2 cells:        4
ABC RESULTS:   sky130_fd_sc_hd__nand2_2 cells:       35
ABC RESULTS:   sky130_fd_sc_hd__xnor2_2 cells:       31
ABC RESULTS:   sky130_fd_sc_hd__a21bo_2 cells:       31
ABC RESULTS:   sky130_fd_sc_hd__nand3b_2 cells:        1
ABC RESULTS:   sky130_fd_sc_hd__or4b_2 cells:        4
ABC RESULTS:   sky130_fd_sc_hd__or3b_2 cells:        1
ABC RESULTS:   sky130_fd_sc_hd__nor3_2 cells:        4
ABC RESULTS:   sky130_fd_sc_hd__nand3_2 cells:       32
ABC RESULTS:   sky130_fd_sc_hd__o31a_2 cells:        2
ABC RESULTS:   sky130_fd_sc_hd__or4_2 cells:       12
ABC RESULTS:   sky130_fd_sc_hd__nor4_2 cells:        4
ABC RESULTS:   sky130_fd_sc_hd__and4_2 cells:        9
ABC RESULTS:   sky130_fd_sc_hd__a21oi_2 cells:        4
ABC RESULTS:   sky130_fd_sc_hd__mux2_1 cells:       97
ABC RESULTS:   sky130_fd_sc_hd__and3_2 cells:        7
ABC RESULTS:   sky130_fd_sc_hd__o221a_2 cells:       15
ABC RESULTS:   sky130_fd_sc_hd__a21o_2 cells:       70
ABC RESULTS:   sky130_fd_sc_hd__and2_2 cells:       30
ABC RESULTS:   sky130_fd_sc_hd__a2111o_2 cells:        3
ABC RESULTS:   sky130_fd_sc_hd__a221o_2 cells:       34
ABC RESULTS:   sky130_fd_sc_hd__o21a_2 cells:        9
ABC RESULTS:   sky130_fd_sc_hd__or2_2 cells:       14
ABC RESULTS:   sky130_fd_sc_hd__a211o_2 cells:        7
ABC RESULTS:   sky130_fd_sc_hd__a22o_2 cells:       37
ABC RESULTS:   sky130_fd_sc_hd__a211oi_2 cells:        2
ABC RESULTS:   sky130_fd_sc_hd__nor2_2 cells:       10
ABC RESULTS:   sky130_fd_sc_hd__a2bb2o_2 cells:        8
ABC RESULTS:   sky130_fd_sc_hd__inv_2 cells:      211
ABC RESULTS:        internal signals:      384
ABC RESULTS:           input signals:      302
ABC RESULTS:          output signals:      435
Removing temp directory.

117. Executing SETUNDEF pass (replace undef values with defined constants).

118. Executing HILOMAP pass (mapping to constant drivers).

119. Executing SPLITNETS pass (splitting up multi-bit signals).

120. Executing OPT_CLEAN pass (remove unused cells and wires).
Finding unused cells or wires in module \SPM_example..
Removed 3 unused cells and 1296 unused wires.
<suppressed ~8 debug messages>

121. Executing INSBUF pass (insert buffer cells for connected wires).
Add SPM_example/$auto$insbuf.cc:97:execute$4152: \wb_rst_i -> \io_oeb [0]
Add SPM_example/$auto$insbuf.cc:97:execute$4153: \wb_rst_i -> \io_oeb [1]
Add SPM_example/$auto$insbuf.cc:97:execute$4154: \wb_rst_i -> \io_oeb [2]
Add SPM_example/$auto$insbuf.cc:97:execute$4155: \wb_rst_i -> \io_oeb [3]
Add SPM_example/$auto$insbuf.cc:97:execute$4156: \wb_rst_i -> \io_oeb [4]
Add SPM_example/$auto$insbuf.cc:97:execute$4157: \wb_rst_i -> \io_oeb [5]
Add SPM_example/$auto$insbuf.cc:97:execute$4158: \wb_rst_i -> \io_oeb [6]
Add SPM_example/$auto$insbuf.cc:97:execute$4159: \wb_rst_i -> \io_oeb [7]
Add SPM_example/$auto$insbuf.cc:97:execute$4160: \wb_rst_i -> \io_oeb [8]
Add SPM_example/$auto$insbuf.cc:97:execute$4161: \wb_rst_i -> \io_oeb [9]
Add SPM_example/$auto$insbuf.cc:97:execute$4162: \wb_rst_i -> \io_oeb [10]
Add SPM_example/$auto$insbuf.cc:97:execute$4163: \wb_rst_i -> \io_oeb [11]
Add SPM_example/$auto$insbuf.cc:97:execute$4164: \wb_rst_i -> \io_oeb [12]
Add SPM_example/$auto$insbuf.cc:97:execute$4165: \wb_rst_i -> \io_oeb [13]
Add SPM_example/$auto$insbuf.cc:97:execute$4166: \wb_rst_i -> \io_oeb [14]
Add SPM_example/$auto$insbuf.cc:97:execute$4167: \wb_rst_i -> \io_oeb [15]
Add SPM_example/$auto$insbuf.cc:97:execute$4168: \wb_rst_i -> \io_oeb [16]
Add SPM_example/$auto$insbuf.cc:97:execute$4169: \wb_rst_i -> \io_oeb [17]
Add SPM_example/$auto$insbuf.cc:97:execute$4170: \wb_rst_i -> \io_oeb [18]
Add SPM_example/$auto$insbuf.cc:97:execute$4171: \wb_rst_i -> \io_oeb [19]
Add SPM_example/$auto$insbuf.cc:97:execute$4172: \wb_rst_i -> \io_oeb [20]
Add SPM_example/$auto$insbuf.cc:97:execute$4173: \wb_rst_i -> \io_oeb [21]
Add SPM_example/$auto$insbuf.cc:97:execute$4174: \wb_rst_i -> \io_oeb [22]
Add SPM_example/$auto$insbuf.cc:97:execute$4175: \wb_rst_i -> \io_oeb [23]
Add SPM_example/$auto$insbuf.cc:97:execute$4176: \wb_rst_i -> \io_oeb [24]
Add SPM_example/$auto$insbuf.cc:97:execute$4177: \wb_rst_i -> \io_oeb [25]
Add SPM_example/$auto$insbuf.cc:97:execute$4178: \wb_rst_i -> \io_oeb [26]
Add SPM_example/$auto$insbuf.cc:97:execute$4179: \wb_rst_i -> \io_oeb [27]
Add SPM_example/$auto$insbuf.cc:97:execute$4180: \wb_rst_i -> \io_oeb [28]
Add SPM_example/$auto$insbuf.cc:97:execute$4181: \wb_rst_i -> \io_oeb [29]
Add SPM_example/$auto$insbuf.cc:97:execute$4182: \wb_rst_i -> \io_oeb [30]
Add SPM_example/$auto$insbuf.cc:97:execute$4183: \wb_rst_i -> \io_oeb [31]
Add SPM_example/$auto$insbuf.cc:97:execute$4184: \wb_rst_i -> \io_oeb [32]
Add SPM_example/$auto$insbuf.cc:97:execute$4185: \wb_rst_i -> \io_oeb [33]
Add SPM_example/$auto$insbuf.cc:97:execute$4186: \wb_rst_i -> \io_oeb [34]
Add SPM_example/$auto$insbuf.cc:97:execute$4187: \wb_rst_i -> \io_oeb [35]
Add SPM_example/$auto$insbuf.cc:97:execute$4188: \wb_rst_i -> \io_oeb [36]
Add SPM_example/$auto$insbuf.cc:97:execute$4189: \wb_rst_i -> \io_oeb [37]

122. Executing CHECK pass (checking for obvious problems).
Checking module SPM_example...
Found and reported 0 problems.
{
   "creator": "Yosys 0.46 (git sha1 e97731b9dda91fa5fa53ed87df7c34163ba59a41, clang++ 17.0.6 -fPIC -O3)",
   "invocation": "stat -json -liberty /home/george-sleen/Documents/projects/sailbot-hackathon/asic-flow/spm-user_project_wrapper/runs/RUN_2026-03-21_16-46-02/tmp/b4308c2a2d0242bc8a53bf8e40a1edd0.lib ",
   "modules": {
      "\\SPM_example": {
         "num_wires":         954,
         "num_wire_bits":     1544,
         "num_pub_wires":     291,
         "num_pub_wire_bits": 881,
         "num_ports":         17,
         "num_port_bits":     607,
         "num_memories":      0,
         "num_memory_bits":   0,
         "num_processes":     0,
         "num_cells":         1177,
         "area":              12827.302400,
         "num_cells_by_type": {
            "sky130_fd_sc_hd__a2111o_2": 3,
            "sky130_fd_sc_hd__a211o_2": 7,
            "sky130_fd_sc_hd__a211oi_2": 2,
            "sky130_fd_sc_hd__a21bo_2": 31,
            "sky130_fd_sc_hd__a21o_2": 70,
            "sky130_fd_sc_hd__a21oi_2": 4,
            "sky130_fd_sc_hd__a221o_2": 34,
            "sky130_fd_sc_hd__a22o_2": 37,
            "sky130_fd_sc_hd__a2bb2o_2": 8,
            "sky130_fd_sc_hd__and2_2": 30,
            "sky130_fd_sc_hd__and2b_2": 1,
            "sky130_fd_sc_hd__and3_2": 7,
            "sky130_fd_sc_hd__and3b_2": 2,
            "sky130_fd_sc_hd__and4_2": 9,
            "sky130_fd_sc_hd__buf_2": 38,
            "sky130_fd_sc_hd__conb_1": 169,
            "sky130_fd_sc_hd__dfrtp_2": 201,
            "sky130_fd_sc_hd__dfxtp_2": 33,
            "sky130_fd_sc_hd__inv_2": 211,
            "sky130_fd_sc_hd__mux2_1": 97,
            "sky130_fd_sc_hd__nand2_2": 35,
            "sky130_fd_sc_hd__nand3_2": 32,
            "sky130_fd_sc_hd__nand3b_2": 1,
            "sky130_fd_sc_hd__nand4_2": 1,
            "sky130_fd_sc_hd__nor2_2": 10,
            "sky130_fd_sc_hd__nor3_2": 4,
            "sky130_fd_sc_hd__nor4_2": 4,
            "sky130_fd_sc_hd__o21a_2": 9,
            "sky130_fd_sc_hd__o21ai_2": 4,
            "sky130_fd_sc_hd__o221a_2": 15,
            "sky130_fd_sc_hd__o31a_2": 2,
            "sky130_fd_sc_hd__o41a_2": 1,
            "sky130_fd_sc_hd__or2_2": 14,
            "sky130_fd_sc_hd__or3_2": 2,
            "sky130_fd_sc_hd__or3b_2": 1,
            "sky130_fd_sc_hd__or4_2": 12,
            "sky130_fd_sc_hd__or4b_2": 4,
            "sky130_fd_sc_hd__or4bb_2": 1,
            "sky130_fd_sc_hd__xnor2_2": 31
         }
      }
   },
      "design": {
         "num_wires":         954,
         "num_wire_bits":     1544,
         "num_pub_wires":     291,
         "num_pub_wire_bits": 881,
         "num_ports":         17,
         "num_port_bits":     607,
         "num_memories":      0,
         "num_memory_bits":   0,
         "num_processes":     0,
         "num_cells":         1177,
         "area":              12827.302400,
         "num_cells_by_type": {
            "sky130_fd_sc_hd__a2111o_2": 3,
            "sky130_fd_sc_hd__a211o_2": 7,
            "sky130_fd_sc_hd__a211oi_2": 2,
            "sky130_fd_sc_hd__a21bo_2": 31,
            "sky130_fd_sc_hd__a21o_2": 70,
            "sky130_fd_sc_hd__a21oi_2": 4,
            "sky130_fd_sc_hd__a221o_2": 34,
            "sky130_fd_sc_hd__a22o_2": 37,
            "sky130_fd_sc_hd__a2bb2o_2": 8,
            "sky130_fd_sc_hd__and2_2": 30,
            "sky130_fd_sc_hd__and2b_2": 1,
            "sky130_fd_sc_hd__and3_2": 7,
            "sky130_fd_sc_hd__and3b_2": 2,
            "sky130_fd_sc_hd__and4_2": 9,
            "sky130_fd_sc_hd__buf_2": 38,
            "sky130_fd_sc_hd__conb_1": 169,
            "sky130_fd_sc_hd__dfrtp_2": 201,
            "sky130_fd_sc_hd__dfxtp_2": 33,
            "sky130_fd_sc_hd__inv_2": 211,
            "sky130_fd_sc_hd__mux2_1": 97,
            "sky130_fd_sc_hd__nand2_2": 35,
            "sky130_fd_sc_hd__nand3_2": 32,
            "sky130_fd_sc_hd__nand3b_2": 1,
            "sky130_fd_sc_hd__nand4_2": 1,
            "sky130_fd_sc_hd__nor2_2": 10,
            "sky130_fd_sc_hd__nor3_2": 4,
            "sky130_fd_sc_hd__nor4_2": 4,
            "sky130_fd_sc_hd__o21a_2": 9,
            "sky130_fd_sc_hd__o21ai_2": 4,
            "sky130_fd_sc_hd__o221a_2": 15,
            "sky130_fd_sc_hd__o31a_2": 2,
            "sky130_fd_sc_hd__o41a_2": 1,
            "sky130_fd_sc_hd__or2_2": 14,
            "sky130_fd_sc_hd__or3_2": 2,
            "sky130_fd_sc_hd__or3b_2": 1,
            "sky130_fd_sc_hd__or4_2": 12,
            "sky130_fd_sc_hd__or4b_2": 4,
            "sky130_fd_sc_hd__or4bb_2": 1,
            "sky130_fd_sc_hd__xnor2_2": 31
         }
      }
}

123. Printing statistics.

=== SPM_example ===

   Number of wires:                954
   Number of wire bits:           1544
   Number of public wires:         291
   Number of public wire bits:     881
   Number of ports:                 17
   Number of port bits:            607
   Number of memories:               0
   Number of memory bits:            0
   Number of processes:              0
   Number of cells:               1177
     sky130_fd_sc_hd__a2111o_2       3
     sky130_fd_sc_hd__a211o_2        7
     sky130_fd_sc_hd__a211oi_2       2
     sky130_fd_sc_hd__a21bo_2       31
     sky130_fd_sc_hd__a21o_2        70
     sky130_fd_sc_hd__a21oi_2        4
     sky130_fd_sc_hd__a221o_2       34
     sky130_fd_sc_hd__a22o_2        37
     sky130_fd_sc_hd__a2bb2o_2       8
     sky130_fd_sc_hd__and2_2        30
     sky130_fd_sc_hd__and2b_2        1
     sky130_fd_sc_hd__and3_2         7
     sky130_fd_sc_hd__and3b_2        2
     sky130_fd_sc_hd__and4_2         9
     sky130_fd_sc_hd__buf_2         38
     sky130_fd_sc_hd__conb_1       169
     sky130_fd_sc_hd__dfrtp_2      201
     sky130_fd_sc_hd__dfxtp_2       33
     sky130_fd_sc_hd__inv_2        211
     sky130_fd_sc_hd__mux2_1        97
     sky130_fd_sc_hd__nand2_2       35
     sky130_fd_sc_hd__nand3_2       32
     sky130_fd_sc_hd__nand3b_2       1
     sky130_fd_sc_hd__nand4_2        1
     sky130_fd_sc_hd__nor2_2        10
     sky130_fd_sc_hd__nor3_2         4
     sky130_fd_sc_hd__nor4_2         4
     sky130_fd_sc_hd__o21a_2         9
     sky130_fd_sc_hd__o21ai_2        4
     sky130_fd_sc_hd__o221a_2       15
     sky130_fd_sc_hd__o31a_2         2
     sky130_fd_sc_hd__o41a_2         1
     sky130_fd_sc_hd__or2_2         14
     sky130_fd_sc_hd__or3_2          2
     sky130_fd_sc_hd__or3b_2         1
     sky130_fd_sc_hd__or4_2         12
     sky130_fd_sc_hd__or4b_2         4
     sky130_fd_sc_hd__or4bb_2        1
     sky130_fd_sc_hd__xnor2_2       31

   Chip area for module '\SPM_example': 12827.302400
     of which used for sequential elements: 5983.238400 (46.64%)

124. Executing Verilog backend.
Dumping module `\SPM_example'.

125. Executing JSON backend.
