140. Printing statistics.

=== yolo26n_top ===

   Number of wires:                639
   Number of wire bits:           1031
   Number of public wires:          20
   Number of public wire bits:     367
   Number of ports:                 11
   Number of port bits:            107
   Number of memories:               0
   Number of memory bits:            0
   Number of processes:              0
   Number of cells:                923
     $_ANDNOT_                     117
     $_AND_                         23
     $_DFFE_PP_                     85
     $_DFF_P_                        1
     $_MUX_                        317
     $_NAND_                        23
     $_NOR_                          4
     $_NOT_                          6
     $_ORNOT_                       21
     $_OR_                          75
     $_SDFFCE_PN0P_                171
     $_SDFFE_PP0P_                   9
     $_SDFF_PP0_                     1
     $_XNOR_                        37
     $_XOR_                         33

   Area for cell type $_NOT_ is unknown!
   Area for cell type $_AND_ is unknown!
   Area for cell type $_NAND_ is unknown!
   Area for cell type $_OR_ is unknown!
   Area for cell type $_NOR_ is unknown!
   Area for cell type $_XOR_ is unknown!
   Area for cell type $_XNOR_ is unknown!
   Area for cell type $_ANDNOT_ is unknown!
   Area for cell type $_ORNOT_ is unknown!
   Area for cell type $_MUX_ is unknown!
   Area for cell type $_DFF_P_ is unknown!
   Area for cell type $_DFFE_PP_ is unknown!
   Area for cell type $_SDFF_PP0_ is unknown!
   Area for cell type $_SDFFE_PP0P_ is unknown!
   Area for cell type $_SDFFCE_PN0P_ is unknown!

