Reading OpenROAD database at '/home/george-sleen/Documents/projects/sailbot-hackathon/asic-flow/spm-user_project_wrapper/runs/RUN_2026-03-21_16-46-02/15-odb-setpowerconnections/SPM_example.odb'…
Reading library file at '/home/george-sleen/.ciel/ciel/sky130/versions/0fe599b2afb6708d281543108caf8310912f54af/sky130A/libs.ref/sky130_fd_sc_hd/lib/sky130_fd_sc_hd__tt_025C_1v80.lib'…
Reading design constraints file at '/nix/store/3j7sk634lffssphph2cw5y1zqr0www5z-python3-3.11.9-env/lib/python3.11/site-packages/librelane/scripts/base.sdc'…
[INFO] Using clock wb_clk_i…
[INFO] Setting output delay to: 5
[INFO] Setting input delay to: 5
[INFO] Setting load to: 0.033442
[INFO] Setting clock uncertainty to: 0.25
[INFO] Setting clock transition to: 0.1499999999999999944488848768742172978818416595458984375
[INFO] Setting timing derate to: 5%
Setting global connections for newly added cells…
[INFO] Setting global connections...
Updating metrics…
Cell type report:                       Count       Area
  Buffer                                   38     190.18
  Inverter                                211     792.01
  Sequential cell                         234    5983.24
  Multi-Input combinational cell          694    5861.87
  Total                                  1177   12827.30
Writing OpenROAD database to '/home/george-sleen/Documents/projects/sailbot-hackathon/asic-flow/spm-user_project_wrapper/runs/RUN_2026-03-21_16-46-02/17-openroad-cutrows/SPM_example.odb'…
Writing layout to '/home/george-sleen/Documents/projects/sailbot-hackathon/asic-flow/spm-user_project_wrapper/runs/RUN_2026-03-21_16-46-02/17-openroad-cutrows/SPM_example.def'…
