Reading timing models for corner nom_tt_025C_1v80…
Reading timing library for the 'nom_tt_025C_1v80' corner at '/home/george-sleen/.ciel/ciel/sky130/versions/0fe599b2afb6708d281543108caf8310912f54af/sky130A/libs.ref/sky130_fd_sc_hd/lib/sky130_fd_sc_hd__tt_025C_1v80.lib'…
Reading timing models for corner nom_ff_n40C_1v95…
Reading timing library for the 'nom_ff_n40C_1v95' corner at '/home/george-sleen/.ciel/ciel/sky130/versions/0fe599b2afb6708d281543108caf8310912f54af/sky130A/libs.ref/sky130_fd_sc_hd/lib/sky130_fd_sc_hd__ff_n40C_1v95.lib'…
Reading timing models for corner nom_ss_100C_1v60…
Reading timing library for the 'nom_ss_100C_1v60' corner at '/home/george-sleen/.ciel/ciel/sky130/versions/0fe599b2afb6708d281543108caf8310912f54af/sky130A/libs.ref/sky130_fd_sc_hd/lib/sky130_fd_sc_hd__ss_100C_1v60.lib'…
Reading OpenROAD database at '/home/george-sleen/Documents/projects/sailbot-hackathon/asic-flow/runs/RUN_2026-03-21_17-10-55/27-openroad-globalplacement/yolo26n_top.odb'…
Reading design constraints file at '/nix/store/3j7sk634lffssphph2cw5y1zqr0www5z-python3-3.11.9-env/lib/python3.11/site-packages/librelane/scripts/base.sdc'…
[INFO] Using clock clock…
[INFO] Setting output delay to: 10
[INFO] Setting input delay to: 10
[INFO] Setting load to: 0.033442
[INFO] Setting clock uncertainty to: 0.25
[INFO] Setting clock transition to: 0.1499999999999999944488848768742172978818416595458984375
[INFO] Setting timing derate to: 5%
[INFO] Setting RC values…
[INFO RSZ-0027] Inserted 67 input buffers.
[INFO RSZ-0028] Inserted 39 output buffers.
[INFO RSZ-0058] Using max wire length 6335um.
Iteration | Resized | Buffers | Nets repaired | Remaining
---------------------------------------------------------
        0 |       0 |       0 |             0 |      1286
      100 |      67 |       0 |             0 |      1186
      200 |     167 |       0 |             0 |      1086
      300 |     267 |       0 |             0 |       986
      400 |     380 |      14 |             3 |       886
      500 |     506 |      40 |             8 |       786
      600 |     658 |      97 |            16 |       686
      700 |     758 |      99 |            18 |       586
      800 |     835 |      99 |            18 |       486
      900 |     907 |     104 |            19 |       386
     1000 |    1008 |     106 |            20 |       286
     1100 |    1108 |     106 |            20 |       186
     1200 |    1256 |     167 |            27 |        86
    final |    1268 |     170 |            29 |         0
---------------------------------------------------------
[INFO RSZ-0034] Found 1 slew violations.
[INFO RSZ-0035] Found 29 fanout violations.
[INFO RSZ-0038] Inserted 170 buffers in 29 nets.
[INFO RSZ-0039] Resized 1268 instances.
Placement Analysis
---------------------------------
total displacement       3244.9 u
average displacement        1.5 u
max displacement            9.1 u
original HPWL           37731.7 u
legalized HPWL          40479.6 u
delta HPWL                    7 %

[INFO DPL-0020] Mirrored 573 instances
[INFO DPL-0021] HPWL before           40479.6 u
[INFO DPL-0022] HPWL after            39162.4 u
[INFO DPL-0023] HPWL delta               -3.3 %
[INFO] Setting RC values…
Setting global connections for newly added cells…
[INFO] Setting global connections...
Updating metrics…
Cell type report:                       Count       Area
  Fill cell                               152     570.55
  Tap cell                                624     780.75
  Timing Repair Buffer                    276    1535.22
  Inverter                                  9      33.78
  Sequential cell                         267    5345.13
  Multi-Input combinational cell          836    7116.83
  Total                                  2164   15382.25
Writing OpenROAD database to '/home/george-sleen/Documents/projects/sailbot-hackathon/asic-flow/runs/RUN_2026-03-21_17-10-55/31-openroad-repairdesignpostgpl/yolo26n_top.odb'…
Writing netlist to '/home/george-sleen/Documents/projects/sailbot-hackathon/asic-flow/runs/RUN_2026-03-21_17-10-55/31-openroad-repairdesignpostgpl/yolo26n_top.nl.v'…
Writing powered netlist to '/home/george-sleen/Documents/projects/sailbot-hackathon/asic-flow/runs/RUN_2026-03-21_17-10-55/31-openroad-repairdesignpostgpl/yolo26n_top.pnl.v'…
Writing layout to '/home/george-sleen/Documents/projects/sailbot-hackathon/asic-flow/runs/RUN_2026-03-21_17-10-55/31-openroad-repairdesignpostgpl/yolo26n_top.def'…
Writing timing constraints to '/home/george-sleen/Documents/projects/sailbot-hackathon/asic-flow/runs/RUN_2026-03-21_17-10-55/31-openroad-repairdesignpostgpl/yolo26n_top.sdc'…
