Clock: clock
Sources: clock 
Generated: no
Virtual: yes
Propagated: no
Period: 50.000000

===========================================================================
report_clock_properties
============================================================================
Clock                   Period          Waveform
----------------------------------------------------
clock                50.000000    0.000000 25.000000

===========================================================================
report_clock_latency
============================================================================
Clock clock
rise -> rise
    min     max
0.000000 0.000000 source latency
0.565906         network latency _1779_/CLK
        0.593845 network latency _1905_/CLK
---------------
0.565906 0.593845 latency
        0.027939 skew

fall -> fall
    min     max
0.000000 0.000000 source latency
0.526549         network latency _1779_/CLK
        0.545857 network latency _1905_/CLK
---------------
0.526549 0.545857 latency
        0.019307 skew



===========================================================================
report_clock_min_period
============================================================================
clock period_min = 3.38 fmax = 295.43
