Using 8 threads…
Using a tile size of (500 µm)²…
Reading /home/george-sleen/Documents/projects/sailbot-hackathon/asic-flow/runs/RUN_2026-03-21_17-10-55/57-magic-streamout/yolo26n_top.magic.gds ..
Reading /home/george-sleen/Documents/projects/sailbot-hackathon/asic-flow/runs/RUN_2026-03-21_17-10-55/58-klayout-streamout/yolo26n_top.klayout.gds ..
--- Running XOR for layer 122/16 ---
"input" in: xor.drc:109
    Polygons (raw): 5095 (flat)  73 (hierarchical)
    Elapsed: 0.000s  Memory: 596.00M
"input" in: xor.drc:109
    Polygons (raw): 5095 (flat)  73 (hierarchical)
    Elapsed: 0.000s  Memory: 596.00M
"^" in: xor.drc:109
    Polygons (raw): 0 (flat)  0 (hierarchical)
    Elapsed: 0.070s  Memory: 1140.00M
XOR differences: 0
"output" in: xor.drc:86
    Polygons (raw): 0 (flat)  0 (hierarchical)
    Elapsed: 0.000s  Memory: 1140.00M
--- Running XOR for layer 235/4 ---
"input" in: xor.drc:109
    Polygons (raw): 1 (flat)  1 (hierarchical)
    Elapsed: 0.000s  Memory: 1140.00M
"input" in: xor.drc:109
    Polygons (raw): 1 (flat)  1 (hierarchical)
    Elapsed: 0.000s  Memory: 1140.00M
"^" in: xor.drc:109
    Polygons (raw): 0 (flat)  0 (hierarchical)
    Elapsed: 0.010s  Memory: 1140.00M
XOR differences: 0
"output" in: xor.drc:86
    Polygons (raw): 0 (flat)  0 (hierarchical)
    Elapsed: 0.000s  Memory: 1140.00M
--- Running XOR for layer 236/0 ---
"input" in: xor.drc:109
    Polygons (raw): 3973 (flat)  69 (hierarchical)
    Elapsed: 0.000s  Memory: 1140.00M
"input" in: xor.drc:109
    Polygons (raw): 3973 (flat)  69 (hierarchical)
    Elapsed: 0.000s  Memory: 1140.00M
"^" in: xor.drc:109
    Polygons (raw): 0 (flat)  0 (hierarchical)
    Elapsed: 0.060s  Memory: 1164.00M
XOR differences: 0
"output" in: xor.drc:86
    Polygons (raw): 0 (flat)  0 (hierarchical)
    Elapsed: 0.000s  Memory: 1140.00M
--- Running XOR for layer 64/16 ---
"input" in: xor.drc:109
    Polygons (raw): 5095 (flat)  73 (hierarchical)
    Elapsed: 0.000s  Memory: 1140.00M
"input" in: xor.drc:109
    Polygons (raw): 5095 (flat)  73 (hierarchical)
    Elapsed: 0.000s  Memory: 1140.00M
"^" in: xor.drc:109
    Polygons (raw): 0 (flat)  0 (hierarchical)
    Elapsed: 0.070s  Memory: 1148.00M
XOR differences: 0
"output" in: xor.drc:86
    Polygons (raw): 0 (flat)  0 (hierarchical)
    Elapsed: 0.000s  Memory: 1140.00M
--- Running XOR for layer 64/20 ---
"input" in: xor.drc:109
    Polygons (raw): 5447 (flat)  72 (hierarchical)
    Elapsed: 0.000s  Memory: 1140.00M
"input" in: xor.drc:109
    Polygons (raw): 5447 (flat)  72 (hierarchical)
    Elapsed: 0.000s  Memory: 1140.00M
"^" in: xor.drc:109
    Polygons (raw): 0 (flat)  0 (hierarchical)
    Elapsed: 0.100s  Memory: 1156.00M
XOR differences: 0
"output" in: xor.drc:86
    Polygons (raw): 0 (flat)  0 (hierarchical)
    Elapsed: 0.030s  Memory: 1140.00M
--- Running XOR for layer 64/5 ---
"input" in: xor.drc:109
    Polygons (raw): 0 (flat)  0 (hierarchical)
    Elapsed: 0.000s  Memory: 1140.00M
"input" in: xor.drc:109
    Polygons (raw): 0 (flat)  0 (hierarchical)
    Elapsed: 0.000s  Memory: 1140.00M
"^" in: xor.drc:109
    Polygons (raw): 0 (flat)  0 (hierarchical)
    Elapsed: 0.030s  Memory: 1164.00M
XOR differences: 0
"output" in: xor.drc:86
    Polygons (raw): 0 (flat)  0 (hierarchical)
    Elapsed: 0.000s  Memory: 1140.00M
--- Running XOR for layer 64/59 ---
"input" in: xor.drc:109
    Polygons (raw): 0 (flat)  0 (hierarchical)
    Elapsed: 0.000s  Memory: 1140.00M
"input" in: xor.drc:109
    Polygons (raw): 0 (flat)  0 (hierarchical)
    Elapsed: 0.000s  Memory: 1140.00M
"^" in: xor.drc:109
    Polygons (raw): 0 (flat)  0 (hierarchical)
    Elapsed: 0.020s  Memory: 1148.00M
XOR differences: 0
"output" in: xor.drc:86
    Polygons (raw): 0 (flat)  0 (hierarchical)
    Elapsed: 0.000s  Memory: 1140.00M
--- Running XOR for layer 65/20 ---
"input" in: xor.drc:109
    Polygons (raw): 10677 (flat)  195 (hierarchical)
    Elapsed: 0.000s  Memory: 1140.00M
"input" in: xor.drc:109
    Polygons (raw): 10677 (flat)  195 (hierarchical)
    Elapsed: 0.000s  Memory: 1140.00M
"^" in: xor.drc:109
    Polygons (raw): 0 (flat)  0 (hierarchical)
    Elapsed: 0.130s  Memory: 1148.00M
XOR differences: 0
"output" in: xor.drc:86
    Polygons (raw): 0 (flat)  0 (hierarchical)
    Elapsed: 0.000s  Memory: 1140.00M
--- Running XOR for layer 65/44 ---
"input" in: xor.drc:109
    Polygons (raw): 1248 (flat)  2 (hierarchical)
    Elapsed: 0.000s  Memory: 1140.00M
"input" in: xor.drc:109
    Polygons (raw): 1248 (flat)  2 (hierarchical)
    Elapsed: 0.000s  Memory: 1140.00M
"^" in: xor.drc:109
    Polygons (raw): 0 (flat)  0 (hierarchical)
    Elapsed: 0.020s  Memory: 1156.00M
XOR differences: 0
"output" in: xor.drc:86
    Polygons (raw): 0 (flat)  0 (hierarchical)
    Elapsed: 0.000s  Memory: 1140.00M
--- Running XOR for layer 66/20 ---
"input" in: xor.drc:109
    Polygons (raw): 14828 (flat)  319 (hierarchical)
    Elapsed: 0.000s  Memory: 1140.00M
"input" in: xor.drc:109
    Polygons (raw): 14828 (flat)  319 (hierarchical)
    Elapsed: 0.000s  Memory: 1140.00M
"^" in: xor.drc:109
    Polygons (raw): 0 (flat)  0 (hierarchical)
    Elapsed: 0.290s  Memory: 1148.00M
XOR differences: 0
"output" in: xor.drc:86
    Polygons (raw): 0 (flat)  0 (hierarchical)
    Elapsed: 0.020s  Memory: 1140.00M
--- Running XOR for layer 66/44 ---
"input" in: xor.drc:109
    Polygons (raw): 60667 (flat)  1616 (hierarchical)
    Elapsed: 0.000s  Memory: 1140.00M
"input" in: xor.drc:109
    Polygons (raw): 60667 (flat)  1616 (hierarchical)
    Elapsed: 0.000s  Memory: 1140.00M
"^" in: xor.drc:109
    Polygons (raw): 0 (flat)  0 (hierarchical)
    Elapsed: 0.500s  Memory: 1140.00M
XOR differences: 0
"output" in: xor.drc:86
    Polygons (raw): 0 (flat)  0 (hierarchical)
    Elapsed: 0.030s  Memory: 1140.00M
--- Running XOR for layer 67/16 ---
"input" in: xor.drc:109
    Polygons (raw): 11920 (flat)  540 (hierarchical)
    Elapsed: 0.000s  Memory: 1140.00M
"input" in: xor.drc:109
    Polygons (raw): 11920 (flat)  540 (hierarchical)
    Elapsed: 0.000s  Memory: 1140.00M
"^" in: xor.drc:109
    Polygons (raw): 0 (flat)  0 (hierarchical)
    Elapsed: 0.130s  Memory: 1140.00M
XOR differences: 0
"output" in: xor.drc:86
    Polygons (raw): 0 (flat)  0 (hierarchical)
    Elapsed: 0.000s  Memory: 1140.00M
--- Running XOR for layer 67/20 ---
"input" in: xor.drc:109
    Polygons (raw): 34359 (flat)  5955 (hierarchical)
    Elapsed: 0.000s  Memory: 1140.00M
"input" in: xor.drc:109
    Polygons (raw): 34359 (flat)  539 (hierarchical)
    Elapsed: 0.000s  Memory: 1140.00M
"^" in: xor.drc:109
    Polygons (raw): 0 (flat)  0 (hierarchical)
    Elapsed: 0.720s  Memory: 1148.00M
XOR differences: 0
"output" in: xor.drc:86
    Polygons (raw): 0 (flat)  0 (hierarchical)
    Elapsed: 0.020s  Memory: 1140.00M
--- Running XOR for layer 67/44 ---
"input" in: xor.drc:109
    Polygons (raw): 76448 (flat)  6452 (hierarchical)
    Elapsed: 0.000s  Memory: 1140.00M
"input" in: xor.drc:109
    Polygons (raw): 76448 (flat)  1036 (hierarchical)
    Elapsed: 0.000s  Memory: 1140.00M
"^" in: xor.drc:109
    Polygons (raw): 0 (flat)  0 (hierarchical)
    Elapsed: 0.630s  Memory: 1148.00M
XOR differences: 0
"output" in: xor.drc:86
    Polygons (raw): 0 (flat)  0 (hierarchical)
    Elapsed: 0.020s  Memory: 1140.00M
--- Running XOR for layer 67/5 ---
"input" in: xor.drc:109
    Polygons (raw): 0 (flat)  0 (hierarchical)
    Elapsed: 0.000s  Memory: 1140.00M
"input" in: xor.drc:109
    Polygons (raw): 0 (flat)  0 (hierarchical)
    Elapsed: 0.000s  Memory: 1140.00M
"^" in: xor.drc:109
    Polygons (raw): 0 (flat)  0 (hierarchical)
    Elapsed: 0.020s  Memory: 1156.00M
XOR differences: 0
"output" in: xor.drc:86
    Polygons (raw): 0 (flat)  0 (hierarchical)
    Elapsed: 0.000s  Memory: 1140.00M
--- Running XOR for layer 68/16 ---
"input" in: xor.drc:109
    Polygons (raw): 11028 (flat)  146 (hierarchical)
    Elapsed: 0.000s  Memory: 1140.00M
"input" in: xor.drc:109
    Polygons (raw): 11028 (flat)  146 (hierarchical)
    Elapsed: 0.000s  Memory: 1140.00M
"^" in: xor.drc:109
    Polygons (raw): 0 (flat)  0 (hierarchical)
    Elapsed: 0.150s  Memory: 1148.00M
XOR differences: 0
"output" in: xor.drc:86
    Polygons (raw): 0 (flat)  0 (hierarchical)
    Elapsed: 0.000s  Memory: 1140.00M
--- Running XOR for layer 68/20 ---
"input" in: xor.drc:109
    Polygons (raw): 34419 (flat)  23089 (hierarchical)
    Elapsed: 0.000s  Memory: 1140.00M
"input" in: xor.drc:109
    Polygons (raw): 29727 (flat)  7040 (hierarchical)
    Elapsed: 0.010s  Memory: 1140.00M
"^" in: xor.drc:109
    Polygons (raw): 0 (flat)  0 (hierarchical)
    Elapsed: 0.410s  Memory: 1148.00M
XOR differences: 0
"output" in: xor.drc:86
    Polygons (raw): 0 (flat)  0 (hierarchical)
    Elapsed: 0.020s  Memory: 1140.00M
--- Running XOR for layer 68/44 ---
"input" in: xor.drc:109
    Polygons (raw): 6559 (flat)  6559 (hierarchical)
    Elapsed: 0.000s  Memory: 1140.00M
"input" in: xor.drc:109
    Polygons (raw): 6559 (flat)  6 (hierarchical)
    Elapsed: 0.000s  Memory: 1140.00M
"^" in: xor.drc:109
    Polygons (raw): 0 (flat)  0 (hierarchical)
    Elapsed: 0.070s  Memory: 1156.00M
XOR differences: 0
"output" in: xor.drc:86
    Polygons (raw): 0 (flat)  0 (hierarchical)
    Elapsed: 0.000s  Memory: 1140.00M
--- Running XOR for layer 68/5 ---
"input" in: xor.drc:109
    Polygons (raw): 0 (flat)  0 (hierarchical)
    Elapsed: 0.000s  Memory: 1140.00M
"input" in: xor.drc:109
    Polygons (raw): 0 (flat)  0 (hierarchical)
    Elapsed: 0.000s  Memory: 1140.00M
"^" in: xor.drc:109
    Polygons (raw): 0 (flat)  0 (hierarchical)
    Elapsed: 0.020s  Memory: 1148.00M
XOR differences: 0
"output" in: xor.drc:86
    Polygons (raw): 0 (flat)  0 (hierarchical)
    Elapsed: 0.000s  Memory: 1140.00M
--- Running XOR for layer 69/16 ---
"input" in: xor.drc:109
    Polygons (raw): 39 (flat)  39 (hierarchical)
    Elapsed: 0.000s  Memory: 1140.00M
"input" in: xor.drc:109
    Polygons (raw): 39 (flat)  39 (hierarchical)
    Elapsed: 0.000s  Memory: 1140.00M
"^" in: xor.drc:109
    Polygons (raw): 0 (flat)  0 (hierarchical)
    Elapsed: 0.020s  Memory: 1140.00M
XOR differences: 0
"output" in: xor.drc:86
    Polygons (raw): 0 (flat)  0 (hierarchical)
    Elapsed: 0.000s  Memory: 1140.00M
--- Running XOR for layer 69/20 ---
"input" in: xor.drc:109
    Polygons (raw): 10572 (flat)  10572 (hierarchical)
    Elapsed: 0.000s  Memory: 1140.00M
"input" in: xor.drc:109
    Polygons (raw): 10659 (flat)  4268 (hierarchical)
    Elapsed: 0.000s  Memory: 1140.00M
"^" in: xor.drc:109
    Polygons (raw): 0 (flat)  0 (hierarchical)
    Elapsed: 0.170s  Memory: 1148.00M
XOR differences: 0
"output" in: xor.drc:86
    Polygons (raw): 0 (flat)  0 (hierarchical)
    Elapsed: 0.000s  Memory: 1140.00M
--- Running XOR for layer 69/44 ---
"input" in: xor.drc:109
    Polygons (raw): 914 (flat)  914 (hierarchical)
    Elapsed: 0.000s  Memory: 1140.00M
"input" in: xor.drc:109
    Polygons (raw): 914 (flat)  5 (hierarchical)
    Elapsed: 0.000s  Memory: 1140.00M
"^" in: xor.drc:109
    Polygons (raw): 0 (flat)  0 (hierarchical)
    Elapsed: 0.010s  Memory: 1164.00M
XOR differences: 0
"output" in: xor.drc:86
    Polygons (raw): 0 (flat)  0 (hierarchical)
    Elapsed: 0.000s  Memory: 1140.00M
--- Running XOR for layer 69/5 ---
"input" in: xor.drc:109
    Polygons (raw): 0 (flat)  0 (hierarchical)
    Elapsed: 0.000s  Memory: 1140.00M
"input" in: xor.drc:109
    Polygons (raw): 0 (flat)  0 (hierarchical)
    Elapsed: 0.010s  Memory: 1140.00M
"^" in: xor.drc:109
    Polygons (raw): 0 (flat)  0 (hierarchical)
    Elapsed: 0.010s  Memory: 1148.00M
XOR differences: 0
"output" in: xor.drc:86
    Polygons (raw): 0 (flat)  0 (hierarchical)
    Elapsed: 0.000s  Memory: 1140.00M
--- Running XOR for layer 70/16 ---
"input" in: xor.drc:109
    Polygons (raw): 68 (flat)  68 (hierarchical)
    Elapsed: 0.000s  Memory: 1140.00M
"input" in: xor.drc:109
    Polygons (raw): 68 (flat)  68 (hierarchical)
    Elapsed: 0.000s  Memory: 1140.00M
"^" in: xor.drc:109
    Polygons (raw): 0 (flat)  0 (hierarchical)
    Elapsed: 0.020s  Memory: 1141.00M
XOR differences: 0
"output" in: xor.drc:86
    Polygons (raw): 0 (flat)  0 (hierarchical)
    Elapsed: 0.000s  Memory: 1141.00M
--- Running XOR for layer 70/20 ---
"input" in: xor.drc:109
    Polygons (raw): 1150 (flat)  1150 (hierarchical)
    Elapsed: 0.000s  Memory: 1141.00M
"input" in: xor.drc:109
    Polygons (raw): 1090 (flat)  455 (hierarchical)
    Elapsed: 0.000s  Memory: 1141.00M
"^" in: xor.drc:109
    Polygons (raw): 0 (flat)  0 (hierarchical)
    Elapsed: 0.020s  Memory: 1157.00M
XOR differences: 0
"output" in: xor.drc:86
    Polygons (raw): 0 (flat)  0 (hierarchical)
    Elapsed: 0.000s  Memory: 1141.00M
--- Running XOR for layer 70/44 ---
"input" in: xor.drc:109
    Polygons (raw): 649 (flat)  649 (hierarchical)
    Elapsed: 0.000s  Memory: 1141.00M
"input" in: xor.drc:109
    Polygons (raw): 649 (flat)  5 (hierarchical)
    Elapsed: 0.000s  Memory: 1141.00M
"^" in: xor.drc:109
    Polygons (raw): 0 (flat)  0 (hierarchical)
    Elapsed: 0.010s  Memory: 1141.00M
XOR differences: 0
"output" in: xor.drc:86
    Polygons (raw): 0 (flat)  0 (hierarchical)
    Elapsed: 0.000s  Memory: 1141.00M
--- Running XOR for layer 70/5 ---
"input" in: xor.drc:109
    Polygons (raw): 0 (flat)  0 (hierarchical)
    Elapsed: 0.000s  Memory: 1141.00M
"input" in: xor.drc:109
    Polygons (raw): 0 (flat)  0 (hierarchical)
    Elapsed: 0.000s  Memory: 1142.00M
"^" in: xor.drc:109
    Polygons (raw): 0 (flat)  0 (hierarchical)
    Elapsed: 0.010s  Memory: 1150.00M
XOR differences: 0
"output" in: xor.drc:86
    Polygons (raw): 0 (flat)  0 (hierarchical)
    Elapsed: 0.000s  Memory: 1142.00M
--- Running XOR for layer 71/16 ---
"input" in: xor.drc:109
    Polygons (raw): 4 (flat)  4 (hierarchical)
    Elapsed: 0.000s  Memory: 1142.00M
"input" in: xor.drc:109
    Polygons (raw): 4 (flat)  4 (hierarchical)
    Elapsed: 0.000s  Memory: 1142.00M
"^" in: xor.drc:109
    Polygons (raw): 0 (flat)  0 (hierarchical)
    Elapsed: 0.040s  Memory: 1142.00M
XOR differences: 0
"output" in: xor.drc:86
    Polygons (raw): 0 (flat)  0 (hierarchical)
    Elapsed: 0.000s  Memory: 1142.00M
--- Running XOR for layer 71/20 ---
"input" in: xor.drc:109
    Polygons (raw): 56 (flat)  56 (hierarchical)
    Elapsed: 0.000s  Memory: 1142.00M
"input" in: xor.drc:109
    Polygons (raw): 222 (flat)  30 (hierarchical)
    Elapsed: 0.000s  Memory: 1142.00M
"^" in: xor.drc:109
    Polygons (raw): 0 (flat)  0 (hierarchical)
    Elapsed: 0.020s  Memory: 1166.00M
XOR differences: 0
"output" in: xor.drc:86
    Polygons (raw): 0 (flat)  0 (hierarchical)
    Elapsed: 0.000s  Memory: 1142.00M
--- Running XOR for layer 71/44 ---
"input" in: xor.drc:109
    Polygons (raw): 8 (flat)  8 (hierarchical)
    Elapsed: 0.000s  Memory: 1142.00M
"input" in: xor.drc:109
    Polygons (raw): 8 (flat)  1 (hierarchical)
    Elapsed: 0.000s  Memory: 1142.00M
"^" in: xor.drc:109
    Polygons (raw): 0 (flat)  0 (hierarchical)
    Elapsed: 0.010s  Memory: 1150.00M
XOR differences: 0
"output" in: xor.drc:86
    Polygons (raw): 0 (flat)  0 (hierarchical)
    Elapsed: 0.000s  Memory: 1142.00M
--- Running XOR for layer 71/5 ---
"input" in: xor.drc:109
    Polygons (raw): 0 (flat)  0 (hierarchical)
    Elapsed: 0.000s  Memory: 1142.00M
"input" in: xor.drc:109
    Polygons (raw): 0 (flat)  0 (hierarchical)
    Elapsed: 0.000s  Memory: 1142.00M
"^" in: xor.drc:109
    Polygons (raw): 0 (flat)  0 (hierarchical)
    Elapsed: 0.010s  Memory: 1158.00M
XOR differences: 0
"output" in: xor.drc:86
    Polygons (raw): 0 (flat)  0 (hierarchical)
    Elapsed: 0.010s  Memory: 1142.00M
--- Running XOR for layer 72/16 ---
"input" in: xor.drc:109
    Polygons (raw): 4 (flat)  4 (hierarchical)
    Elapsed: 0.000s  Memory: 1142.00M
"input" in: xor.drc:109
    Polygons (raw): 4 (flat)  4 (hierarchical)
    Elapsed: 0.000s  Memory: 1142.00M
"^" in: xor.drc:109
    Polygons (raw): 0 (flat)  0 (hierarchical)
    Elapsed: 0.020s  Memory: 1158.00M
XOR differences: 0
"output" in: xor.drc:86
    Polygons (raw): 0 (flat)  0 (hierarchical)
    Elapsed: 0.000s  Memory: 1142.00M
--- Running XOR for layer 72/20 ---
"input" in: xor.drc:109
    Polygons (raw): 4 (flat)  4 (hierarchical)
    Elapsed: 0.000s  Memory: 1142.00M
"input" in: xor.drc:109
    Polygons (raw): 16 (flat)  9 (hierarchical)
    Elapsed: 0.000s  Memory: 1142.00M
"^" in: xor.drc:109
    Polygons (raw): 0 (flat)  0 (hierarchical)
    Elapsed: 0.010s  Memory: 1158.00M
XOR differences: 0
"output" in: xor.drc:86
    Polygons (raw): 0 (flat)  0 (hierarchical)
    Elapsed: 0.000s  Memory: 1142.00M
--- Running XOR for layer 72/5 ---
"input" in: xor.drc:109
    Polygons (raw): 0 (flat)  0 (hierarchical)
    Elapsed: 0.000s  Memory: 1142.00M
"input" in: xor.drc:109
    Polygons (raw): 0 (flat)  0 (hierarchical)
    Elapsed: 0.000s  Memory: 1142.00M
"^" in: xor.drc:109
    Polygons (raw): 0 (flat)  0 (hierarchical)
    Elapsed: 0.010s  Memory: 1142.00M
XOR differences: 0
"output" in: xor.drc:86
    Polygons (raw): 0 (flat)  0 (hierarchical)
    Elapsed: 0.010s  Memory: 1142.00M
--- Running XOR for layer 78/44 ---
"input" in: xor.drc:109
    Polygons (raw): 5581 (flat)  74 (hierarchical)
    Elapsed: 0.000s  Memory: 1142.00M
"input" in: xor.drc:109
    Polygons (raw): 5581 (flat)  74 (hierarchical)
    Elapsed: 0.000s  Memory: 1142.00M
"^" in: xor.drc:109
    Polygons (raw): 0 (flat)  0 (hierarchical)
    Elapsed: 0.090s  Memory: 1150.00M
XOR differences: 0
"output" in: xor.drc:86
    Polygons (raw): 0 (flat)  0 (hierarchical)
    Elapsed: 0.000s  Memory: 1142.00M
--- Running XOR for layer 81/23 ---
"input" in: xor.drc:109
    Polygons (raw): 7 (flat)  1 (hierarchical)
    Elapsed: 0.000s  Memory: 1142.00M
"input" in: xor.drc:109
    Polygons (raw): 7 (flat)  1 (hierarchical)
    Elapsed: 0.000s  Memory: 1142.00M
"^" in: xor.drc:109
    Polygons (raw): 0 (flat)  0 (hierarchical)
    Elapsed: 0.010s  Memory: 1142.00M
XOR differences: 0
"output" in: xor.drc:86
    Polygons (raw): 0 (flat)  0 (hierarchical)
    Elapsed: 0.000s  Memory: 1142.00M
--- Running XOR for layer 81/4 ---
"input" in: xor.drc:109
    Polygons (raw): 5447 (flat)  72 (hierarchical)
    Elapsed: 0.000s  Memory: 1142.00M
"input" in: xor.drc:109
    Polygons (raw): 5447 (flat)  72 (hierarchical)
    Elapsed: 0.000s  Memory: 1142.00M
"^" in: xor.drc:109
    Polygons (raw): 0 (flat)  0 (hierarchical)
    Elapsed: 0.080s  Memory: 1166.00M
XOR differences: 0
"output" in: xor.drc:86
    Polygons (raw): 0 (flat)  0 (hierarchical)
    Elapsed: 0.000s  Memory: 1142.00M
--- Running XOR for layer 83/44 ---
"input" in: xor.drc:109
    Polygons (raw): 0 (flat)  0 (hierarchical)
    Elapsed: 0.000s  Memory: 1142.00M
"input" in: xor.drc:109
    Polygons (raw): 0 (flat)  0 (hierarchical)
    Elapsed: 0.000s  Memory: 1142.00M
"^" in: xor.drc:109
    Polygons (raw): 0 (flat)  0 (hierarchical)
    Elapsed: 0.020s  Memory: 1166.00M
XOR differences: 0
"output" in: xor.drc:86
    Polygons (raw): 0 (flat)  0 (hierarchical)
    Elapsed: 0.000s  Memory: 1142.00M
--- Running XOR for layer 93/44 ---
"input" in: xor.drc:109
    Polygons (raw): 6071 (flat)  73 (hierarchical)
    Elapsed: 0.000s  Memory: 1142.00M
"input" in: xor.drc:109
    Polygons (raw): 6071 (flat)  73 (hierarchical)
    Elapsed: 0.000s  Memory: 1142.00M
"^" in: xor.drc:109
    Polygons (raw): 0 (flat)  0 (hierarchical)
    Elapsed: 0.100s  Memory: 1158.00M
XOR differences: 0
"output" in: xor.drc:86
    Polygons (raw): 0 (flat)  0 (hierarchical)
    Elapsed: 0.000s  Memory: 1142.00M
--- Running XOR for layer 94/20 ---
"input" in: xor.drc:109
    Polygons (raw): 6071 (flat)  73 (hierarchical)
    Elapsed: 0.030s  Memory: 1142.00M
"input" in: xor.drc:109
    Polygons (raw): 6071 (flat)  73 (hierarchical)
    Elapsed: 0.000s  Memory: 1142.00M
"^" in: xor.drc:109
    Polygons (raw): 0 (flat)  0 (hierarchical)
    Elapsed: 0.140s  Memory: 1166.00M
XOR differences: 0
"output" in: xor.drc:86
    Polygons (raw): 0 (flat)  0 (hierarchical)
    Elapsed: 0.000s  Memory: 1142.00M
--- Running XOR for layer 95/20 ---
"input" in: xor.drc:109
    Polygons (raw): 4271 (flat)  77 (hierarchical)
    Elapsed: 0.000s  Memory: 1142.00M
"input" in: xor.drc:109
    Polygons (raw): 4271 (flat)  77 (hierarchical)
    Elapsed: 0.000s  Memory: 1142.00M
"^" in: xor.drc:109
    Polygons (raw): 0 (flat)  0 (hierarchical)
    Elapsed: 0.080s  Memory: 1158.00M
XOR differences: 0
"output" in: xor.drc:86
    Polygons (raw): 0 (flat)  0 (hierarchical)
    Elapsed: 0.000s  Memory: 1142.00M
---
Total XOR differences: 0
Writing report database: /home/george-sleen/Documents/projects/sailbot-hackathon/asic-flow/runs/RUN_2026-03-21_17-10-55/61-klayout-xor/xor.xml ..
Total elapsed: 5.110s  Memory: 1142.00M
/home/george-sleen/Documents/projects/sailbot-hackathon/asic-flow/runs/RUN_2026-03-21_17-10-55/57-magic-streamout/yolo26n_top.magic.gds
/home/george-sleen/Documents/projects/sailbot-hackathon/asic-flow/runs/RUN_2026-03-21_17-10-55/58-klayout-streamout/yolo26n_top.klayout.gds
%OL_METRIC_I design__xor_difference__count 0
