Clock: clock
Sources: clock 
Generated: no
Virtual: no
Propagated: no
Period: 50.000000

===========================================================================
report_clock_properties
============================================================================
Clock                   Period          Waveform
----------------------------------------------------
clock                50.000000    0.000000 25.000000

===========================================================================
report_clock_latency
============================================================================
Clock clock
rise -> rise
    min     max
0.000000 0.000000 source latency
1.534836         network latency _1658_/CLK
        1.534836 network latency _1658_/CLK
---------------
1.534836 1.534836 latency
        0.000000 skew

fall -> fall
    min     max
0.000000 0.000000 source latency
0.735145         network latency _1658_/CLK
        0.735145 network latency _1658_/CLK
---------------
0.735145 0.735145 latency
        0.000000 skew



===========================================================================
report_clock_min_period
============================================================================
clock period_min = 3.21 fmax = 311.98
