Reading OpenROAD database at '/home/george-sleen/Documents/projects/sailbot-hackathon/asic-flow/spm-user_project_wrapper/runs/RUN_2026-03-21_16-46-02/38-openroad-globalrouting/SPM_example.odb'…
Reading library file at '/home/george-sleen/.ciel/ciel/sky130/versions/0fe599b2afb6708d281543108caf8310912f54af/sky130A/libs.ref/sky130_fd_sc_hd/lib/sky130_fd_sc_hd__tt_025C_1v80.lib'…
Reading design constraints file at '/nix/store/3j7sk634lffssphph2cw5y1zqr0www5z-python3-3.11.9-env/lib/python3.11/site-packages/librelane/scripts/base.sdc'…
[INFO] Using clock wb_clk_i…
[INFO] Setting output delay to: 5
[INFO] Setting input delay to: 5
[INFO] Setting load to: 0.033442
[INFO] Setting clock uncertainty to: 0.25
[INFO] Setting clock transition to: 0.1499999999999999944488848768742172978818416595458984375
[INFO] Setting timing derate to: 5%
[INFO] Setting signal min routing layer to: met1 and clock min routing layer to met1. 
[INFO] Setting signal max routing layer to: met4 and clock max routing layer to met4. 
-congestion_iterations 50 -verbose
[INFO GRT-0020] Min routing layer: met1
[INFO GRT-0021] Max routing layer: met4
[INFO GRT-0022] Global adjustment: 30%
[INFO GRT-0023] Grid origin: (0, 0)
[INFO GRT-0043] No OR_DEFAULT vias defined.
[INFO GRT-0088] Layer li1     Track-Pitch = 0.4600  line-2-Via Pitch: 0.3400
[INFO GRT-0088] Layer met1    Track-Pitch = 0.3400  line-2-Via Pitch: 0.3400
[INFO GRT-0088] Layer met2    Track-Pitch = 0.4600  line-2-Via Pitch: 0.3500
[INFO GRT-0088] Layer met3    Track-Pitch = 0.6800  line-2-Via Pitch: 0.6150
[INFO GRT-0088] Layer met4    Track-Pitch = 0.9200  line-2-Via Pitch: 0.6150
[INFO GRT-0019] Found 70 clock nets.
[INFO GRT-0001] Minimum degree: 2
[INFO GRT-0002] Maximum degree: 11
[INFO GRT-0003] Macros: 0
[INFO GRT-0043] No OR_DEFAULT vias defined.
[INFO GRT-0004] Blockages: 3281

[INFO GRT-0053] Routing resources analysis:
          Routing      Original      Derated      Resource
Layer     Direction    Resources     Resources    Reduction (%)
---------------------------------------------------------------
li1        Vertical            0             0          0.00%
met1       Horizontal     149554         73477          50.87%
met2       Vertical       112144         73800          34.19%
met3       Horizontal      74734         51456          31.15%
met4       Vertical        52374         28909          44.80%
---------------------------------------------------------------

[INFO GRT-0197] Via related to pin nodes: 8079
[INFO GRT-0198] Via related Steiner nodes: 221
[INFO GRT-0199] Via filling finished.
[INFO GRT-0111] Final number of vias: 10440
[INFO GRT-0112] Final usage 3D: 40769

[INFO GRT-0096] Final congestion report:
Layer         Resource        Demand        Usage (%)    Max H / Max V / Total Overflow
---------------------------------------------------------------------------------------
li1                  0             0            0.00%             0 /  0 /  0
met1             73477          4689            6.38%             0 /  0 /  0
met2             73800          4692            6.36%             0 /  0 /  0
met3             51456            33            0.06%             0 /  0 /  0
met4             28909            35            0.12%             0 /  0 /  0
---------------------------------------------------------------------------------------
Total           227642          9449            4.15%             0 /  0 /  0

[INFO GRT-0018] Total wirelength: 90721 um
[INFO GRT-0014] Routed nets: 1704
[INFO GRT-0006] Repairing antennas, iteration 1.
[INFO GRT-0043] No OR_DEFAULT vias defined.
[INFO GRT-0012] Found 20 antenna violations.
[INFO GRT-0015] Inserted 21 diodes.
[INFO GRT-0009] rerouting 505 nets.
[INFO GRT-0001] Minimum degree: 2
[INFO GRT-0002] Maximum degree: 11
[INFO GRT-0006] Repairing antennas, iteration 2.
[INFO GRT-0043] No OR_DEFAULT vias defined.
[INFO GRT-0012] Found 2 antenna violations.
[INFO GRT-0015] Inserted 2 diodes.
[INFO GRT-0009] rerouting 5 nets.
[INFO GRT-0001] Minimum degree: 2
[INFO GRT-0002] Maximum degree: 5
[INFO GRT-0006] Repairing antennas, iteration 3.
[INFO GRT-0043] No OR_DEFAULT vias defined.
[INFO GRT-0012] Found 0 antenna violations.
Placement Analysis
---------------------------------
total displacement          0.0 u
average displacement        0.0 u
max displacement            0.0 u
original HPWL           60429.6 u
legalized HPWL          60429.6 u
delta HPWL                    0 %

[INFO DPL-0020] Mirrored 787 instances
[INFO DPL-0021] HPWL before           60429.6 u
[INFO DPL-0022] HPWL after            58930.7 u
[INFO DPL-0023] HPWL delta               -2.5 %
-congestion_iterations 50 -verbose
[INFO GRT-0020] Min routing layer: met1
[INFO GRT-0021] Max routing layer: met4
[INFO GRT-0022] Global adjustment: 30%
[INFO GRT-0023] Grid origin: (0, 0)
[INFO GRT-0043] No OR_DEFAULT vias defined.
[INFO GRT-0088] Layer li1     Track-Pitch = 0.4600  line-2-Via Pitch: 0.3400
[INFO GRT-0088] Layer met1    Track-Pitch = 0.3400  line-2-Via Pitch: 0.3400
[INFO GRT-0088] Layer met2    Track-Pitch = 0.4600  line-2-Via Pitch: 0.3500
[INFO GRT-0088] Layer met3    Track-Pitch = 0.6800  line-2-Via Pitch: 0.6150
[INFO GRT-0088] Layer met4    Track-Pitch = 0.9200  line-2-Via Pitch: 0.6150
[INFO GRT-0019] Found 70 clock nets.
[INFO GRT-0001] Minimum degree: 2
[INFO GRT-0002] Maximum degree: 11
[INFO GRT-0003] Macros: 0
[INFO GRT-0043] No OR_DEFAULT vias defined.
[INFO GRT-0004] Blockages: 3281

[INFO GRT-0053] Routing resources analysis:
          Routing      Original      Derated      Resource
Layer     Direction    Resources     Resources    Reduction (%)
---------------------------------------------------------------
li1        Vertical            0             0          0.00%
met1       Horizontal     149554         73479          50.87%
met2       Vertical       112144         73800          34.19%
met3       Horizontal      74734         51456          31.15%
met4       Vertical        52374         28909          44.80%
---------------------------------------------------------------

[INFO GRT-0197] Via related to pin nodes: 8089
[INFO GRT-0198] Via related Steiner nodes: 221
[INFO GRT-0199] Via filling finished.
[INFO GRT-0111] Final number of vias: 10446
[INFO GRT-0112] Final usage 3D: 40787

[INFO GRT-0096] Final congestion report:
Layer         Resource        Demand        Usage (%)    Max H / Max V / Total Overflow
---------------------------------------------------------------------------------------
li1                  0             0            0.00%             0 /  0 /  0
met1             73479          4689            6.38%             0 /  0 /  0
met2             73800          4692            6.36%             0 /  0 /  0
met3             51456            33            0.06%             0 /  0 /  0
met4             28909            35            0.12%             0 /  0 /  0
---------------------------------------------------------------------------------------
Total           227644          9449            4.15%             0 /  0 /  0

[INFO GRT-0018] Total wirelength: 90735 um
[INFO GRT-0014] Routed nets: 1704
[INFO] Setting RC values…
Setting global connections for newly added cells…
[INFO] Setting global connections...
Updating metrics…
Cell type report:                       Count       Area
  Fill cell                               424    1591.53
  Tap cell                               4815    6024.53
  Antenna cell                             23      57.56
  Buffer                                   38     142.64
  Clock buffer                            103    1406.35
  Timing Repair Buffer                    389    2960.34
  Inverter                                211     792.01
  Clock inverter                           24     324.06
  Sequential cell                         234    5709.23
  Multi-Input combinational cell          694    5088.63
  Total                                  6955   24096.86
Writing OpenROAD database to '/home/george-sleen/Documents/projects/sailbot-hackathon/asic-flow/spm-user_project_wrapper/runs/RUN_2026-03-21_16-46-02/41-openroad-repairantennas/1-openroad-diodeinsertion/SPM_example.odb'…
Writing layout to '/home/george-sleen/Documents/projects/sailbot-hackathon/asic-flow/spm-user_project_wrapper/runs/RUN_2026-03-21_16-46-02/41-openroad-repairantennas/1-openroad-diodeinsertion/SPM_example.def'…
