Reading timing models for corner nom_tt_025C_1v80…
Reading timing library for the 'nom_tt_025C_1v80' corner at '/home/george-sleen/.ciel/ciel/sky130/versions/0fe599b2afb6708d281543108caf8310912f54af/sky130A/libs.ref/sky130_fd_sc_hd/lib/sky130_fd_sc_hd__tt_025C_1v80.lib'…
Reading timing models for corner nom_ff_n40C_1v95…
Reading timing library for the 'nom_ff_n40C_1v95' corner at '/home/george-sleen/.ciel/ciel/sky130/versions/0fe599b2afb6708d281543108caf8310912f54af/sky130A/libs.ref/sky130_fd_sc_hd/lib/sky130_fd_sc_hd__ff_n40C_1v95.lib'…
Reading timing models for corner nom_ss_100C_1v60…
Reading timing library for the 'nom_ss_100C_1v60' corner at '/home/george-sleen/.ciel/ciel/sky130/versions/0fe599b2afb6708d281543108caf8310912f54af/sky130A/libs.ref/sky130_fd_sc_hd/lib/sky130_fd_sc_hd__ss_100C_1v60.lib'…
Reading OpenROAD database at '/home/george-sleen/Documents/projects/sailbot-hackathon/asic-flow/runs/RUN_2026-03-21_17-10-55/34-openroad-cts/yolo26n_top.odb'…
Reading design constraints file at '/nix/store/3j7sk634lffssphph2cw5y1zqr0www5z-python3-3.11.9-env/lib/python3.11/site-packages/librelane/scripts/base.sdc'…
[INFO] Using clock clock…
[INFO] Setting output delay to: 10
[INFO] Setting input delay to: 10
[INFO] Setting load to: 0.033442
[INFO] Setting clock uncertainty to: 0.25
[INFO] Setting clock transition to: 0.1499999999999999944488848768742172978818416595458984375
[INFO] Setting timing derate to: 5%
[INFO] Setting RC values…
[INFO RSZ-0098] No setup violations found
[INFO RSZ-0046] Found 167 endpoints with hold violations.
Iteration | Resized | Buffers | Cloned Gates |   WNS   |   TNS   | Endpoint
---------------------------------------------------------------------------
        0 |       0 |       0 |            0 |   0.026 |   0.000 | _1920_/D
    final |       0 |     167 |            0 |   0.102 |   0.000 | _1821_/D
---------------------------------------------------------------------------
[INFO RSZ-0032] Inserted 167 hold buffers.
Placement Analysis
---------------------------------
total displacement        856.8 u
average displacement        0.4 u
max displacement            6.9 u
original HPWL           42255.1 u
legalized HPWL          44436.0 u
delta HPWL                    5 %

[INFO DPL-0020] Mirrored 727 instances
[INFO DPL-0021] HPWL before           44436.0 u
[INFO DPL-0022] HPWL after            42550.8 u
[INFO DPL-0023] HPWL delta               -4.2 %
[INFO] Setting RC values…
Setting global connections for newly added cells…
[INFO] Setting global connections...
Updating metrics…
Cell type report:                       Count       Area
  Fill cell                               152     570.55
  Tap cell                                624     780.75
  Clock buffer                             44     636.86
  Timing Repair Buffer                    443    3206.83
  Inverter                                  9      33.78
  Clock inverter                           19     187.68
  Sequential cell                         267    5345.13
  Multi-Input combinational cell          836    7116.83
  Total                                  2394   17878.40
Writing OpenROAD database to '/home/george-sleen/Documents/projects/sailbot-hackathon/asic-flow/runs/RUN_2026-03-21_17-10-55/36-openroad-resizertimingpostcts/yolo26n_top.odb'…
Writing netlist to '/home/george-sleen/Documents/projects/sailbot-hackathon/asic-flow/runs/RUN_2026-03-21_17-10-55/36-openroad-resizertimingpostcts/yolo26n_top.nl.v'…
Writing powered netlist to '/home/george-sleen/Documents/projects/sailbot-hackathon/asic-flow/runs/RUN_2026-03-21_17-10-55/36-openroad-resizertimingpostcts/yolo26n_top.pnl.v'…
Writing layout to '/home/george-sleen/Documents/projects/sailbot-hackathon/asic-flow/runs/RUN_2026-03-21_17-10-55/36-openroad-resizertimingpostcts/yolo26n_top.def'…
Writing timing constraints to '/home/george-sleen/Documents/projects/sailbot-hackathon/asic-flow/runs/RUN_2026-03-21_17-10-55/36-openroad-resizertimingpostcts/yolo26n_top.sdc'…
