Clock: clock
Sources: clock 
Generated: no
Virtual: yes
Propagated: no
Period: 50.000000

===========================================================================
report_clock_properties
============================================================================
Clock                   Period          Waveform
----------------------------------------------------
clock                50.000000    0.000000 25.000000

===========================================================================
report_clock_latency
============================================================================
Clock clock
rise -> rise
    min     max
0.000000 0.000000 source latency
0.452018         network latency _1779_/CLK
        0.478471 network latency _1671_/CLK
---------------
0.452018 0.478471 latency
        0.026452 skew

fall -> fall
    min     max
0.000000 0.000000 source latency
0.399529         network latency _1779_/CLK
        0.417259 network latency _1671_/CLK
---------------
0.399529 0.417259 latency
        0.017730 skew



===========================================================================
report_clock_min_period
============================================================================
clock period_min = 2.36 fmax = 424.11
