Clock: clock
Sources: clock 
Generated: no
Virtual: yes
Propagated: no
Period: 50.000000

===========================================================================
report_clock_properties
============================================================================
Clock                   Period          Waveform
----------------------------------------------------
clock                50.000000    0.000000 25.000000

===========================================================================
report_clock_latency
============================================================================
Clock clock
rise -> rise
    min     max
0.000000 0.000000 source latency
0.556999         network latency _1779_/CLK
        0.576510 network latency _1869_/CLK
---------------
0.556999 0.576510 latency
        0.019511 skew

fall -> fall
    min     max
0.000000 0.000000 source latency
0.520073         network latency _1779_/CLK
        0.533403 network latency _1869_/CLK
---------------
0.520073 0.533403 latency
        0.013330 skew



===========================================================================
report_clock_min_period
============================================================================
clock period_min = 3.29 fmax = 304.37
