Reading OpenROAD database at '/home/george-sleen/Documents/projects/sailbot-hackathon/asic-flow/spm-user_project_wrapper/runs/RUN_2026-03-21_16-46-02/20-openroad-generatepdn/SPM_example.odb'…
Reading library file at '/home/george-sleen/.ciel/ciel/sky130/versions/0fe599b2afb6708d281543108caf8310912f54af/sky130A/libs.ref/sky130_fd_sc_hd/lib/sky130_fd_sc_hd__tt_025C_1v80.lib'…
Reading design constraints file at '/nix/store/3j7sk634lffssphph2cw5y1zqr0www5z-python3-3.11.9-env/lib/python3.11/site-packages/librelane/scripts/base.sdc'…
[INFO] Using clock wb_clk_i…
[INFO] Setting output delay to: 5
[INFO] Setting input delay to: 5
[INFO] Setting load to: 0.033442
[INFO] Setting clock uncertainty to: 0.25
[INFO] Setting clock transition to: 0.1499999999999999944488848768742172978818416595458984375
[INFO] Setting timing derate to: 5%
+ global_placement -density 0.155524 -skip_io -pad_right 0 -pad_left 0 -init_wirelength_coef 0.25
[INFO GPL-0002] DBU: 1000
[INFO GPL-0003] SiteSize: (  0.460  2.720 ) um
[INFO GPL-0004] CoreBBox: (  5.520 10.880 ) ( 594.320 587.520 ) um
[INFO GPL-0006] NumInstances:              6416
[INFO GPL-0007] NumPlaceInstances:         1177
[INFO GPL-0008] NumFixedInstances:         5239
[INFO GPL-0009] NumDummyInstances:            0
[INFO GPL-0010] NumNets:                   1544
[INFO GPL-0011] NumPins:                   3742
[INFO GPL-0012] DieBBox:  (  0.000  0.000 ) ( 600.000 600.000 ) um
[INFO GPL-0013] CoreBBox: (  5.520 10.880 ) ( 594.320 587.520 ) um
[INFO GPL-0016] CoreArea:            339525.632 um^2
[INFO GPL-0017] NonPlaceInstsArea:     7616.054 um^2
[INFO GPL-0018] PlaceInstsArea:       12827.302 um^2
[INFO GPL-0019] Util:                     3.865 %
[INFO GPL-0020] StdInstsArea:         12827.302 um^2
[INFO GPL-0021] MacroInstsArea:           0.000 um^2
[INFO GPL-0031] FillerInit:NumGCells:      4895
[INFO GPL-0032] FillerInit:NumGNets:       1544
[INFO GPL-0033] FillerInit:NumGPins:       3742
[INFO GPL-0023] TargetDensity:            0.156
[INFO GPL-0024] AvrgPlaceInstArea:       10.898 um^2
[INFO GPL-0025] IdealBinArea:            70.075 um^2
[INFO GPL-0026] IdealBinCnt:               4845
[INFO GPL-0027] TotalBinArea:        339525.632 um^2
[INFO GPL-0028] BinCnt:        64     64
[INFO GPL-0029] BinSize: (  9.200  9.010 )
[INFO GPL-0030] NumBins: 4096
[NesterovSolve] Iter:    1 overflow: 0.996 HPWL: 3069288
[NesterovSolve] Iter:   10 overflow: 0.996 HPWL: 2014944
[NesterovSolve] Iter:   20 overflow: 0.995 HPWL: 2006908
[NesterovSolve] Iter:   30 overflow: 0.994 HPWL: 2006279
[NesterovSolve] Iter:   40 overflow: 0.994 HPWL: 2004212
[NesterovSolve] Iter:   50 overflow: 0.995 HPWL: 2004120
[NesterovSolve] Iter:   60 overflow: 0.995 HPWL: 2004541
[NesterovSolve] Iter:   70 overflow: 0.995 HPWL: 2005796
[NesterovSolve] Iter:   80 overflow: 0.994 HPWL: 2008860
[NesterovSolve] Iter:   90 overflow: 0.994 HPWL: 2015966
[NesterovSolve] Iter:  100 overflow: 0.994 HPWL: 2029289
[NesterovSolve] Iter:  110 overflow: 0.993 HPWL: 2051667
[NesterovSolve] Iter:  120 overflow: 0.991 HPWL: 2092859
[NesterovSolve] Iter:  130 overflow: 0.987 HPWL: 2171589
[NesterovSolve] Iter:  140 overflow: 0.973 HPWL: 2342630
[NesterovSolve] Iter:  150 overflow: 0.948 HPWL: 2617782
[NesterovSolve] Iter:  160 overflow: 0.932 HPWL: 3186161
[NesterovSolve] Iter:  170 overflow: 0.916 HPWL: 4193270
[NesterovSolve] Iter:  180 overflow: 0.897 HPWL: 5455641
[NesterovSolve] Iter:  190 overflow: 0.886 HPWL: 6176611
[NesterovSolve] Iter:  200 overflow: 0.868 HPWL: 6666668
[NesterovSolve] Iter:  210 overflow: 0.846 HPWL: 7456843
[NesterovSolve] Iter:  220 overflow: 0.806 HPWL: 8580763
[NesterovSolve] Iter:  230 overflow: 0.775 HPWL: 9532394
[NesterovSolve] Iter:  240 overflow: 0.736 HPWL: 10293730
[NesterovSolve] Iter:  250 overflow: 0.685 HPWL: 11346290
[NesterovSolve] Iter:  260 overflow: 0.642 HPWL: 12300345
[NesterovSolve] Iter:  270 overflow: 0.592 HPWL: 13301043
[NesterovSolve] Iter:  280 overflow: 0.542 HPWL: 14153995
[NesterovSolve] Iter:  290 overflow: 0.490 HPWL: 15145290
[NesterovSolve] Iter:  300 overflow: 0.442 HPWL: 15737064
[NesterovSolve] Iter:  310 overflow: 0.402 HPWL: 16170223
[NesterovSolve] Iter:  320 overflow: 0.359 HPWL: 16675893
[NesterovSolve] Iter:  330 overflow: 0.333 HPWL: 16962200
[NesterovSolve] Iter:  340 overflow: 0.309 HPWL: 17157468
[NesterovSolve] Iter:  350 overflow: 0.281 HPWL: 17469888
[NesterovSolve] Iter:  360 overflow: 0.262 HPWL: 17755755
[NesterovSolve] Iter:  370 overflow: 0.241 HPWL: 17970278
[NesterovSolve] Iter:  380 overflow: 0.224 HPWL: 18237371
[NesterovSolve] Iter:  390 overflow: 0.207 HPWL: 18507991
[NesterovSolve] Iter:  400 overflow: 0.186 HPWL: 18767908
[NesterovSolve] Iter:  410 overflow: 0.168 HPWL: 19132843
[NesterovSolve] Iter:  420 overflow: 0.149 HPWL: 19443637
[NesterovSolve] Iter:  430 overflow: 0.133 HPWL: 19560241
[NesterovSolve] Iter:  440 overflow: 0.116 HPWL: 19631835
[NesterovSolve] Iter:  450 overflow: 0.102 HPWL: 19847006
[NesterovSolve] Finished with Overflow: 0.098996
[INFO] Setting RC values…
Setting global connections for newly added cells…
[INFO] Setting global connections...
Updating metrics…
Cell type report:                       Count       Area
  Fill cell                               424    1591.53
  Tap cell                               4815    6024.53
  Buffer                                   38     190.18
  Inverter                                211     792.01
  Sequential cell                         234    5983.24
  Multi-Input combinational cell          694    5861.87
  Total                                  6416   20443.36
Writing OpenROAD database to '/home/george-sleen/Documents/projects/sailbot-hackathon/asic-flow/spm-user_project_wrapper/runs/RUN_2026-03-21_16-46-02/23-openroad-globalplacementskipio/SPM_example.odb'…
Writing netlist to '/home/george-sleen/Documents/projects/sailbot-hackathon/asic-flow/spm-user_project_wrapper/runs/RUN_2026-03-21_16-46-02/23-openroad-globalplacementskipio/SPM_example.nl.v'…
Writing powered netlist to '/home/george-sleen/Documents/projects/sailbot-hackathon/asic-flow/spm-user_project_wrapper/runs/RUN_2026-03-21_16-46-02/23-openroad-globalplacementskipio/SPM_example.pnl.v'…
Writing layout to '/home/george-sleen/Documents/projects/sailbot-hackathon/asic-flow/spm-user_project_wrapper/runs/RUN_2026-03-21_16-46-02/23-openroad-globalplacementskipio/SPM_example.def'…
Writing timing constraints to '/home/george-sleen/Documents/projects/sailbot-hackathon/asic-flow/spm-user_project_wrapper/runs/RUN_2026-03-21_16-46-02/23-openroad-globalplacementskipio/SPM_example.sdc'…
