
===========================================================================
report_checks -unconstrained
===========================================================================
======================= nom_tt_025C_1v80 Corner ===================================

Startpoint: host_output_addr[0] (input port clocked by clock)
Endpoint: host_output_data[0] (output port clocked by clock)
Path Group: clock
Path Type: max

Fanout         Cap        Slew       Delay        Time   Description
---------------------------------------------------------------------------------------------
                                  0.000000    0.000000   clock clock (rise edge)
                                  0.000000    0.000000   clock network delay (propagated)
                                 10.000000   10.000000 ^ input external delay
    67    0.342942    1.529950    1.057642   11.057642 ^ host_output_addr[0] (in)
                                                         host_output_addr[0] (net)
                      1.530221    0.000000   11.057642 ^ _0825_/A (sky130_fd_sc_hd__nor2_2)
    51    0.185595    0.747030    0.851294   11.908937 v _0825_/Y (sky130_fd_sc_hd__nor2_2)
                                                         _0587_ (net)
                      0.747030    0.000584   11.909521 v _0828_/A2 (sky130_fd_sc_hd__a221o_2)
     1    0.002448    0.053610    0.604874   12.514395 v _0828_/X (sky130_fd_sc_hd__a221o_2)
                                                         _0590_ (net)
                      0.053610    0.000004   12.514399 v _0829_/B1 (sky130_fd_sc_hd__a21o_2)
     1    0.002401    0.036001    0.179884   12.694283 v _0829_/X (sky130_fd_sc_hd__a21o_2)
                                                         _0591_ (net)
                      0.036001    0.000011   12.694293 v _0836_/A (sky130_fd_sc_hd__and3_2)
     1    0.006154    0.045684    0.176128   12.870421 v _0836_/X (sky130_fd_sc_hd__and3_2)
                                                         _0598_ (net)
                      0.045684    0.000072   12.870494 v _0842_/C1 (sky130_fd_sc_hd__a211o_2)
     1    0.036636    0.129945    0.366705   13.237199 v _0842_/X (sky130_fd_sc_hd__a211o_2)
                                                         host_output_data[0] (net)
                      0.129946    0.000480   13.237678 v host_output_data[0] (out)
                                             13.237678   data arrival time

                                 50.000000   50.000000   clock clock (rise edge)
                                  0.000000   50.000000   clock network delay (propagated)
                                 -0.250000   49.749996   clock uncertainty
                                  0.000000   49.749996   clock reconvergence pessimism
                                -10.000000   39.749996   output external delay
                                             39.749996   data required time
---------------------------------------------------------------------------------------------
                                             39.749996   data required time
                                            -13.237678   data arrival time
---------------------------------------------------------------------------------------------
                                             26.512318   slack (MET)




===========================================================================
report_checks --slack_max -0.01
============================================================================
======================= nom_tt_025C_1v80 Corner ===================================

No paths found.


===========================================================================
 report_check_types -max_slew -max_cap -max_fanout -violators
============================================================================
======================= nom_tt_025C_1v80 Corner ===================================

max slew

Pin                                        Limit        Slew       Slack
------------------------------------------------------------------------
_1683_/CLK                              0.750000    3.218655   -2.468655 (VIOLATED)
_1779_/CLK                              0.750000    3.218657   -2.468657 (VIOLATED)
_1684_/CLK                              0.750000    3.218654   -2.468654 (VIOLATED)
_1715_/CLK                              0.750000    3.218655   -2.468655 (VIOLATED)
_1716_/CLK                              0.750000    3.218654   -2.468654 (VIOLATED)
_1780_/CLK                              0.750000    3.218656   -2.468656 (VIOLATED)
_1811_/CLK                              0.750000    3.218657   -2.468657 (VIOLATED)
_1685_/CLK                              0.750000    3.218651   -2.468651 (VIOLATED)
_1717_/CLK                              0.750000    3.218650   -2.468650 (VIOLATED)
_1781_/CLK                              0.750000    3.218652   -2.468652 (VIOLATED)
_1812_/CLK                              0.750000    3.218652   -2.468652 (VIOLATED)
_1727_/CLK                              0.750000    3.218646   -2.468646 (VIOLATED)
_1728_/CLK                              0.750000    3.218646   -2.468646 (VIOLATED)
_1887_/CLK                              0.750000    3.218647   -2.468647 (VIOLATED)
_1919_/CLK                              0.750000    3.218647   -2.468647 (VIOLATED)
_1854_/CLK                              0.750000    3.218642   -2.468642 (VIOLATED)
_1855_/CLK                              0.750000    3.218642   -2.468642 (VIOLATED)
_1888_/CLK                              0.750000    3.218635   -2.468635 (VIOLATED)
_1920_/CLK                              0.750000    3.218634   -2.468634 (VIOLATED)
_1676_/CLK                              0.750000    3.218628   -2.468628 (VIOLATED)
_1708_/CLK                              0.750000    3.218626   -2.468627 (VIOLATED)
_1772_/CLK                              0.750000    3.218628   -2.468628 (VIOLATED)
_1813_/CLK                              0.750000    3.218629   -2.468629 (VIOLATED)
_1856_/CLK                              0.750000    3.218631   -2.468631 (VIOLATED)
_1751_/CLK                              0.750000    3.218622   -2.468622 (VIOLATED)
_1879_/CLK                              0.750000    3.218623   -2.468623 (VIOLATED)
_1883_/CLK                              0.750000    3.218624   -2.468624 (VIOLATED)
_1911_/CLK                              0.750000    3.218625   -2.468625 (VIOLATED)
_1680_/CLK                              0.750000    3.218615   -2.468615 (VIOLATED)
_1776_/CLK                              0.750000    3.218616   -2.468616 (VIOLATED)
_1778_/CLK                              0.750000    3.218616   -2.468616 (VIOLATED)
_1682_/CLK                              0.750000    3.218613   -2.468613 (VIOLATED)
_1712_/CLK                              0.750000    3.218615   -2.468615 (VIOLATED)
_1782_/CLK                              0.750000    3.218615   -2.468615 (VIOLATED)
_1804_/CLK                              0.750000    3.218617   -2.468617 (VIOLATED)
_1808_/CLK                              0.750000    3.218616   -2.468616 (VIOLATED)
_1810_/CLK                              0.750000    3.218615   -2.468615 (VIOLATED)
_1814_/CLK                              0.750000    3.218614   -2.468614 (VIOLATED)
_1686_/CLK                              0.750000    3.218611   -2.468612 (VIOLATED)
_1714_/CLK                              0.750000    3.218613   -2.468613 (VIOLATED)
_1916_/CLK                              0.750000    3.218612   -2.468612 (VIOLATED)
_1918_/CLK                              0.750000    3.218613   -2.468613 (VIOLATED)
_1673_/CLK                              0.750000    3.218607   -2.468607 (VIOLATED)
_1705_/CLK                              0.750000    3.218606   -2.468606 (VIOLATED)
_1718_/CLK                              0.750000    3.218608   -2.468608 (VIOLATED)
_1769_/CLK                              0.750000    3.218608   -2.468609 (VIOLATED)
_1801_/CLK                              0.750000    3.218608   -2.468608 (VIOLATED)
_1847_/CLK                              0.750000    3.218610   -2.468610 (VIOLATED)
_1852_/CLK                              0.750000    3.218611   -2.468611 (VIOLATED)
_1890_/CLK                              0.750000    3.218605   -2.468605 (VIOLATED)
_1917_/CLK                              0.750000    3.218606   -2.468607 (VIOLATED)
_1851_/CLK                              0.750000    3.218598   -2.468598 (VIOLATED)
_1921_/CLK                              0.750000    3.218599   -2.468599 (VIOLATED)
_1858_/CLK                              0.750000    3.218596   -2.468596 (VIOLATED)
_1730_/CLK                              0.750000    3.218593   -2.468592 (VIOLATED)
_1859_/CLK                              0.750000    3.218587   -2.468587 (VIOLATED)
_1732_/CLK                              0.750000    3.218581   -2.468581 (VIOLATED)
_1749_/CLK                              0.750000    3.218581   -2.468581 (VIOLATED)
_1892_/CLK                              0.750000    3.218582   -2.468582 (VIOLATED)
_1922_/CLK                              0.750000    3.218582   -2.468582 (VIOLATED)
_1783_/CLK                              0.750000    3.218578   -2.468578 (VIOLATED)
_1687_/CLK                              0.750000    3.218575   -2.468575 (VIOLATED)
_1688_/CLK                              0.750000    3.218575   -2.468575 (VIOLATED)
_1719_/CLK                              0.750000    3.218575   -2.468575 (VIOLATED)
_1726_/CLK                              0.750000    3.218576   -2.468576 (VIOLATED)
_1784_/CLK                              0.750000    3.218577   -2.468577 (VIOLATED)
_1815_/CLK                              0.750000    3.218578   -2.468578 (VIOLATED)
_1816_/CLK                              0.750000    3.218577   -2.468577 (VIOLATED)
_1885_/CLK                              0.750000    3.218576   -2.468576 (VIOLATED)
_1886_/CLK                              0.750000    3.218576   -2.468576 (VIOLATED)
_1891_/CLK                              0.750000    3.218576   -2.468576 (VIOLATED)
_1689_/CLK                              0.750000    3.218572   -2.468573 (VIOLATED)
_1720_/CLK                              0.750000    3.218573   -2.468573 (VIOLATED)
_1721_/CLK                              0.750000    3.218572   -2.468572 (VIOLATED)
_1725_/CLK                              0.750000    3.218574   -2.468573 (VIOLATED)
_1785_/CLK                              0.750000    3.218574   -2.468573 (VIOLATED)
_1817_/CLK                              0.750000    3.218573   -2.468573 (VIOLATED)
_1853_/CLK                              0.750000    3.218575   -2.468575 (VIOLATED)
_1723_/CLK                              0.750000    3.218569   -2.468569 (VIOLATED)
_1889_/CLK                              0.750000    3.218571   -2.468571 (VIOLATED)
_1729_/CLK                              0.750000    3.218565   -2.468565 (VIOLATED)
_1748_/CLK                              0.750000    3.218565   -2.468565 (VIOLATED)
_1857_/CLK                              0.750000    3.218565   -2.468565 (VIOLATED)
_1861_/CLK                              0.750000    3.218565   -2.468565 (VIOLATED)
_1876_/CLK                              0.750000    3.218565   -2.468565 (VIOLATED)
_1915_/CLK                              0.750000    3.218567   -2.468567 (VIOLATED)
_1923_/CLK                              0.750000    3.218568   -2.468568 (VIOLATED)
_1924_/CLK                              0.750000    3.218569   -2.468569 (VIOLATED)
_1731_/CLK                              0.750000    3.218561   -2.468561 (VIOLATED)
_1845_/CLK                              0.750000    3.218563   -2.468563 (VIOLATED)
_1733_/CLK                              0.750000    3.218558   -2.468557 (VIOLATED)
_1829_/CLK                              0.750000    3.218558   -2.468558 (VIOLATED)
_1860_/CLK                              0.750000    3.218559   -2.468559 (VIOLATED)
_1874_/CLK                              0.750000    3.218561   -2.468560 (VIOLATED)
_1877_/CLK                              0.750000    3.218560   -2.468560 (VIOLATED)
_1908_/CLK                              0.750000    3.218561   -2.468561 (VIOLATED)
_1893_/CLK                              0.750000    3.218558   -2.468558 (VIOLATED)
_1746_/CLK                              0.750000    3.218554   -2.468554 (VIOLATED)
_1767_/CLK                              0.750000    3.218555   -2.468555 (VIOLATED)
_1844_/CLK                              0.750000    3.218556   -2.468556 (VIOLATED)
_1864_/CLK                              0.750000    3.218549   -2.468549 (VIOLATED)
_1906_/CLK                              0.750000    3.218548   -2.468549 (VIOLATED)
_1674_/CLK                              0.750000    3.218546   -2.468546 (VIOLATED)
_1799_/CLK                              0.750000    3.218541   -2.468541 (VIOLATED)
_1909_/CLK                              0.750000    3.218541   -2.468541 (VIOLATED)
_1662_/CLK                              0.750000    3.218538   -2.468538 (VIOLATED)
_1694_/CLK                              0.750000    3.218539   -2.468539 (VIOLATED)
_1706_/CLK                              0.750000    3.218539   -2.468539 (VIOLATED)
_1681_/CLK                              0.750000    3.218526   -2.468525 (VIOLATED)
_1713_/CLK                              0.750000    3.218525   -2.468525 (VIOLATED)
_1724_/CLK                              0.750000    3.218525   -2.468525 (VIOLATED)
_1770_/CLK                              0.750000    3.218524   -2.468524 (VIOLATED)
_1802_/CLK                              0.750000    3.218525   -2.468525 (VIOLATED)
_1846_/CLK                              0.750000    3.218525   -2.468525 (VIOLATED)
_1882_/CLK                              0.750000    3.218523   -2.468523 (VIOLATED)
_1884_/CLK                              0.750000    3.218524   -2.468524 (VIOLATED)
_1658_/CLK                              0.750000    3.218520   -2.468520 (VIOLATED)
_1754_/CLK                              0.750000    3.218522   -2.468522 (VIOLATED)
_1755_/CLK                              0.750000    3.218522   -2.468522 (VIOLATED)
_1757_/CLK                              0.750000    3.218522   -2.468522 (VIOLATED)
_1758_/CLK                              0.750000    3.218524   -2.468524 (VIOLATED)
_1786_/CLK                              0.750000    3.218522   -2.468522 (VIOLATED)
_1661_/CLK                              0.750000    3.218519   -2.468519 (VIOLATED)
_1690_/CLK                              0.750000    3.218520   -2.468520 (VIOLATED)
_1722_/CLK                              0.750000    3.218521   -2.468521 (VIOLATED)
_1789_/CLK                              0.750000    3.218522   -2.468521 (VIOLATED)
_1850_/CLK                              0.750000    3.218523   -2.468523 (VIOLATED)
_1840_/CLK                              0.750000    3.218521   -2.468521 (VIOLATED)
_1659_/CLK                              0.750000    3.218516   -2.468516 (VIOLATED)
_1753_/CLK                              0.750000    3.218518   -2.468518 (VIOLATED)
_1849_/CLK                              0.750000    3.218519   -2.468519 (VIOLATED)
_1881_/CLK                              0.750000    3.218518   -2.468518 (VIOLATED)
_1914_/CLK                              0.750000    3.218518   -2.468518 (VIOLATED)
_1677_/CLK                              0.750000    3.218514   -2.468514 (VIOLATED)
_1691_/CLK                              0.750000    3.218515   -2.468515 (VIOLATED)
_1693_/CLK                              0.750000    3.218516   -2.468516 (VIOLATED)
_1709_/CLK                              0.750000    3.218514   -2.468514 (VIOLATED)
_1848_/CLK                              0.750000    3.218515   -2.468515 (VIOLATED)
_1862_/CLK                              0.750000    3.218515   -2.468515 (VIOLATED)
_1675_/CLK                              0.750000    3.218511   -2.468511 (VIOLATED)
_1707_/CLK                              0.750000    3.218510   -2.468510 (VIOLATED)
_1830_/CLK                              0.750000    3.218512   -2.468512 (VIOLATED)
_1669_/CLK                              0.750000    3.218506   -2.468506 (VIOLATED)
_1701_/CLK                              0.750000    3.218504   -2.468504 (VIOLATED)
_1670_/CLK                              0.750000    3.218500   -2.468500 (VIOLATED)
_1790_/CLK                              0.750000    3.218501   -2.468502 (VIOLATED)
_1832_/CLK                              0.750000    3.218502   -2.468502 (VIOLATED)
_1841_/CLK                              0.750000    3.218503   -2.468503 (VIOLATED)
_1896_/CLK                              0.750000    3.218498   -2.468498 (VIOLATED)
_1671_/CLK                              0.750000    3.218495   -2.468495 (VIOLATED)
_1702_/CLK                              0.750000    3.218497   -2.468498 (VIOLATED)
_1703_/CLK                              0.750000    3.218494   -2.468494 (VIOLATED)
_1736_/CLK                              0.750000    3.218493   -2.468493 (VIOLATED)
_1842_/CLK                              0.750000    3.218496   -2.468496 (VIOLATED)
_1843_/CLK                              0.750000    3.218496   -2.468496 (VIOLATED)
_1865_/CLK                              0.750000    3.218487   -2.468486 (VIOLATED)
_1905_/CLK                              0.750000    3.218488   -2.468488 (VIOLATED)
_1667_/CLK                              0.750000    3.218484   -2.468484 (VIOLATED)
_1833_/CLK                              0.750000    3.218479   -2.468479 (VIOLATED)
_1838_/CLK                              0.750000    3.218469   -2.468469 (VIOLATED)
_1699_/CLK                              0.750000    3.218464   -2.468465 (VIOLATED)
_1902_/CLK                              0.750000    3.218451   -2.468451 (VIOLATED)
_1903_/CLK                              0.750000    3.218451   -2.468450 (VIOLATED)
_1679_/CLK                              0.750000    3.218442   -2.468442 (VIOLATED)
_1711_/CLK                              0.750000    3.218441   -2.468441 (VIOLATED)
_1774_/CLK                              0.750000    3.218441   -2.468441 (VIOLATED)
_1775_/CLK                              0.750000    3.218442   -2.468442 (VIOLATED)
_1777_/CLK                              0.750000    3.218443   -2.468443 (VIOLATED)
_1806_/CLK                              0.750000    3.218441   -2.468441 (VIOLATED)
_1807_/CLK                              0.750000    3.218442   -2.468442 (VIOLATED)
_1809_/CLK                              0.750000    3.218443   -2.468443 (VIOLATED)
_1672_/CLK                              0.750000    3.218438   -2.468438 (VIOLATED)
_1678_/CLK                              0.750000    3.218440   -2.468440 (VIOLATED)
_1704_/CLK                              0.750000    3.218439   -2.468439 (VIOLATED)
_1710_/CLK                              0.750000    3.218438   -2.468438 (VIOLATED)
_1839_/CLK                              0.750000    3.218439   -2.468439 (VIOLATED)
_1871_/CLK                              0.750000    3.218439   -2.468439 (VIOLATED)
_1837_/CLK                              0.750000    3.218429   -2.468429 (VIOLATED)
_1912_/CLK                              0.750000    3.218431   -2.468431 (VIOLATED)
_1913_/CLK                              0.750000    3.218433   -2.468433 (VIOLATED)
_1880_/CLK                              0.750000    3.218427   -2.468427 (VIOLATED)
_1668_/CLK                              0.750000    3.218423   -2.468423 (VIOLATED)
_1743_/CLK                              0.750000    3.218423   -2.468423 (VIOLATED)
_1752_/CLK                              0.750000    3.218422   -2.468422 (VIOLATED)
_1878_/CLK                              0.750000    3.218421   -2.468421 (VIOLATED)
_1750_/CLK                              0.750000    3.218417   -2.468417 (VIOLATED)
_1771_/CLK                              0.750000    3.218419   -2.468419 (VIOLATED)
_1773_/CLK                              0.750000    3.218419   -2.468419 (VIOLATED)
_1803_/CLK                              0.750000    3.218419   -2.468418 (VIOLATED)
_1805_/CLK                              0.750000    3.218419   -2.468419 (VIOLATED)
_1765_/CLK                              0.750000    3.218412   -2.468413 (VIOLATED)
_1872_/CLK                              0.750000    3.218413   -2.468413 (VIOLATED)
_1700_/CLK                              0.750000    3.218410   -2.468410 (VIOLATED)
_1904_/CLK                              0.750000    3.218409   -2.468409 (VIOLATED)
_1910_/CLK                              0.750000    3.218409   -2.468410 (VIOLATED)
_1744_/CLK                              0.750000    3.218406   -2.468405 (VIOLATED)
_1766_/CLK                              0.750000    3.218401   -2.468401 (VIOLATED)
_1797_/CLK                              0.750000    3.218402   -2.468402 (VIOLATED)
_1798_/CLK                              0.750000    3.218401   -2.468402 (VIOLATED)
_1745_/CLK                              0.750000    3.218398   -2.468398 (VIOLATED)
_1869_/CLK                              0.750000    3.218398   -2.468398 (VIOLATED)
_1870_/CLK                              0.750000    3.218392   -2.468392 (VIOLATED)
_1873_/CLK                              0.750000    3.218392   -2.468392 (VIOLATED)
_1742_/CLK                              0.750000    3.218388   -2.468388 (VIOLATED)
_1907_/CLK                              0.750000    3.218385   -2.468385 (VIOLATED)
_1747_/CLK                              0.750000    3.218379   -2.468379 (VIOLATED)
_1763_/CLK                              0.750000    3.218378   -2.468378 (VIOLATED)
_1768_/CLK                              0.750000    3.218377   -2.468377 (VIOLATED)
_1795_/CLK                              0.750000    3.218378   -2.468378 (VIOLATED)
_1800_/CLK                              0.750000    3.218377   -2.468378 (VIOLATED)
_1741_/CLK                              0.750000    3.218372   -2.468372 (VIOLATED)
_1875_/CLK                              0.750000    3.218374   -2.468374 (VIOLATED)
_1834_/CLK                              0.750000    3.218367   -2.468367 (VIOLATED)
_1836_/CLK                              0.750000    3.218367   -2.468367 (VIOLATED)
_1796_/CLK                              0.750000    3.218355   -2.468355 (VIOLATED)
_1764_/CLK                              0.750000    3.218350   -2.468350 (VIOLATED)
_1666_/CLK                              0.750000    3.218346   -2.468347 (VIOLATED)
_1698_/CLK                              0.750000    3.218329   -2.468330 (VIOLATED)
_1794_/CLK                              0.750000    3.218325   -2.468325 (VIOLATED)
_1901_/CLK                              0.750000    3.218325   -2.468325 (VIOLATED)
_1762_/CLK                              0.750000    3.218312   -2.468312 (VIOLATED)
_1761_/CLK                              0.750000    3.218279   -2.468279 (VIOLATED)
_1664_/CLK                              0.750000    3.218268   -2.468268 (VIOLATED)
_1737_/CLK                              0.750000    3.218269   -2.468269 (VIOLATED)
_1897_/CLK                              0.750000    3.218268   -2.468268 (VIOLATED)
_1663_/CLK                              0.750000    3.218265   -2.468265 (VIOLATED)
_1695_/CLK                              0.750000    3.218266   -2.468266 (VIOLATED)
_1696_/CLK                              0.750000    3.218267   -2.468267 (VIOLATED)
_1835_/CLK                              0.750000    3.218267   -2.468267 (VIOLATED)
_1660_/CLK                              0.750000    3.218262   -2.468262 (VIOLATED)
_1665_/CLK                              0.750000    3.218264   -2.468263 (VIOLATED)
_1692_/CLK                              0.750000    3.218262   -2.468262 (VIOLATED)
_1697_/CLK                              0.750000    3.218261   -2.468262 (VIOLATED)
_1756_/CLK                              0.750000    3.218261   -2.468260 (VIOLATED)
_1787_/CLK                              0.750000    3.218263   -2.468262 (VIOLATED)
_1788_/CLK                              0.750000    3.218263   -2.468262 (VIOLATED)
_1818_/CLK                              0.750000    3.218260   -2.468259 (VIOLATED)
_1819_/CLK                              0.750000    3.218259   -2.468259 (VIOLATED)
_1820_/CLK                              0.750000    3.218259   -2.468259 (VIOLATED)
_1863_/CLK                              0.750000    3.218261   -2.468260 (VIOLATED)
_1894_/CLK                              0.750000    3.218261   -2.468261 (VIOLATED)
_1821_/CLK                              0.750000    3.218257   -2.468257 (VIOLATED)
_1822_/CLK                              0.750000    3.218255   -2.468255 (VIOLATED)
_1793_/CLK                              0.750000    3.218251   -2.468251 (VIOLATED)
_1823_/CLK                              0.750000    3.218253   -2.468253 (VIOLATED)
_1828_/CLK                              0.750000    3.218251   -2.468251 (VIOLATED)
_1734_/CLK                              0.750000    3.218247   -2.468247 (VIOLATED)
_1735_/CLK                              0.750000    3.218246   -2.468246 (VIOLATED)
_1825_/CLK                              0.750000    3.218247   -2.468247 (VIOLATED)
_1831_/CLK                              0.750000    3.218247   -2.468247 (VIOLATED)
_1895_/CLK                              0.750000    3.218247   -2.468247 (VIOLATED)
_1739_/CLK                              0.750000    3.218242   -2.468242 (VIOLATED)
_1824_/CLK                              0.750000    3.218244   -2.468244 (VIOLATED)
_1826_/CLK                              0.750000    3.218244   -2.468244 (VIOLATED)
_1827_/CLK                              0.750000    3.218245   -2.468245 (VIOLATED)
_1867_/CLK                              0.750000    3.218243   -2.468243 (VIOLATED)
_1760_/CLK                              0.750000    3.218237   -2.468237 (VIOLATED)
_1792_/CLK                              0.750000    3.218237   -2.468237 (VIOLATED)
_1899_/CLK                              0.750000    3.218234   -2.468234 (VIOLATED)
_1759_/CLK                              0.750000    3.218230   -2.468230 (VIOLATED)
_1791_/CLK                              0.750000    3.218230   -2.468230 (VIOLATED)
_1738_/CLK                              0.750000    3.218224   -2.468224 (VIOLATED)
_1868_/CLK                              0.750000    3.218223   -2.468224 (VIOLATED)
_1866_/CLK                              0.750000    3.218219   -2.468220 (VIOLATED)
_1898_/CLK                              0.750000    3.218219   -2.468220 (VIOLATED)
_1740_/CLK                              0.750000    3.218213   -2.468213 (VIOLATED)
_1900_/CLK                              0.750000    3.218211   -2.468211 (VIOLATED)
clock                                   0.750000    3.218113   -2.468113 (VIOLATED)
_1482_/A2                               0.750000    2.294994   -1.544994 (VIOLATED)
_1483_/A2                               0.750000    2.294995   -1.544995 (VIOLATED)
_1484_/A2                               0.750000    2.294995   -1.544995 (VIOLATED)
_1485_/A2                               0.750000    2.294995   -1.544994 (VIOLATED)
_1486_/A2                               0.750000    2.294993   -1.544993 (VIOLATED)
_1487_/A2                               0.750000    2.294994   -1.544994 (VIOLATED)
_1491_/A2                               0.750000    2.294993   -1.544993 (VIOLATED)
_1492_/A2                               0.750000    2.294992   -1.544993 (VIOLATED)
_1463_/B                                0.750000    2.294991   -1.544991 (VIOLATED)
_1473_/A2                               0.750000    2.294991   -1.544991 (VIOLATED)
_1475_/A2                               0.750000    2.294991   -1.544991 (VIOLATED)
_1476_/A2                               0.750000    2.294991   -1.544991 (VIOLATED)
_1477_/A2                               0.750000    2.294991   -1.544991 (VIOLATED)
_1479_/A2                               0.750000    2.294992   -1.544992 (VIOLATED)
_1480_/A2                               0.750000    2.294992   -1.544992 (VIOLATED)
_1481_/A2                               0.750000    2.294991   -1.544991 (VIOLATED)
_1489_/A2                               0.750000    2.294991   -1.544991 (VIOLATED)
_1490_/A2                               0.750000    2.294991   -1.544991 (VIOLATED)
_1462_/Y                                0.750000    2.294988   -1.544988 (VIOLATED)
_1464_/A2                               0.750000    2.294988   -1.544988 (VIOLATED)
_1465_/A2                               0.750000    2.294988   -1.544988 (VIOLATED)
_1466_/A2                               0.750000    2.294988   -1.544988 (VIOLATED)
_1467_/A2                               0.750000    2.294988   -1.544988 (VIOLATED)
_1468_/A2                               0.750000    2.294988   -1.544988 (VIOLATED)
_1469_/A2                               0.750000    2.294988   -1.544988 (VIOLATED)
_1470_/A2                               0.750000    2.294988   -1.544988 (VIOLATED)
_1471_/A2                               0.750000    2.294988   -1.544988 (VIOLATED)
_1472_/A2                               0.750000    2.294988   -1.544988 (VIOLATED)
_1474_/A2                               0.750000    2.294988   -1.544988 (VIOLATED)
_1478_/A2                               0.750000    2.294988   -1.544988 (VIOLATED)
_1488_/A2                               0.750000    2.294988   -1.544988 (VIOLATED)
_1493_/A2                               0.750000    2.294988   -1.544988 (VIOLATED)
_1494_/A2                               0.750000    2.294988   -1.544988 (VIOLATED)
_1495_/A2                               0.750000    2.294988   -1.544988 (VIOLATED)
_1111_/A2                               0.750000    2.181179   -1.431179 (VIOLATED)
_1113_/A2                               0.750000    2.181179   -1.431179 (VIOLATED)
_1101_/A2                               0.750000    2.181177   -1.431177 (VIOLATED)
_1099_/A2                               0.750000    2.181175   -1.431175 (VIOLATED)
_1102_/A2                               0.750000    2.181176   -1.431176 (VIOLATED)
_1106_/A2                               0.750000    2.181177   -1.431177 (VIOLATED)
_1107_/A2                               0.750000    2.181178   -1.431177 (VIOLATED)
_1109_/A2                               0.750000    2.181178   -1.431178 (VIOLATED)
_1110_/A2                               0.750000    2.181179   -1.431179 (VIOLATED)
_1104_/A2                               0.750000    2.181175   -1.431175 (VIOLATED)
_1108_/A2                               0.750000    2.181175   -1.431175 (VIOLATED)
_1112_/A2                               0.750000    2.181175   -1.431175 (VIOLATED)
_1117_/A2                               0.750000    2.181175   -1.431175 (VIOLATED)
_1089_/B                                0.750000    2.181173   -1.431173 (VIOLATED)
_1094_/A2                               0.750000    2.181173   -1.431173 (VIOLATED)
_1103_/A2                               0.750000    2.181173   -1.431173 (VIOLATED)
_1105_/A2                               0.750000    2.181172   -1.431172 (VIOLATED)
_1114_/A2                               0.750000    2.181173   -1.431173 (VIOLATED)
_1115_/A2                               0.750000    2.181174   -1.431174 (VIOLATED)
_1116_/A2                               0.750000    2.181174   -1.431174 (VIOLATED)
_1118_/A2                               0.750000    2.181173   -1.431173 (VIOLATED)
_1119_/A2                               0.750000    2.181172   -1.431172 (VIOLATED)
_1087_/Y                                0.750000    2.181169   -1.431169 (VIOLATED)
_1090_/A2                               0.750000    2.181169   -1.431169 (VIOLATED)
_1091_/A2                               0.750000    2.181169   -1.431169 (VIOLATED)
_1092_/A2                               0.750000    2.181169   -1.431169 (VIOLATED)
_1093_/A2                               0.750000    2.181169   -1.431169 (VIOLATED)
_1095_/A2                               0.750000    2.181169   -1.431169 (VIOLATED)
_1096_/A2                               0.750000    2.181169   -1.431169 (VIOLATED)
_1097_/A2                               0.750000    2.181169   -1.431169 (VIOLATED)
_1098_/A2                               0.750000    2.181169   -1.431169 (VIOLATED)
_1100_/A2                               0.750000    2.181169   -1.431169 (VIOLATED)
_1120_/A2                               0.750000    2.181169   -1.431169 (VIOLATED)
_1121_/A2                               0.750000    2.181169   -1.431169 (VIOLATED)
_1281_/B                                0.750000    2.058250   -1.308251 (VIOLATED)
_1282_/A2                               0.750000    2.058251   -1.308251 (VIOLATED)
_1297_/B                                0.750000    2.058251   -1.308251 (VIOLATED)
_1298_/A2                               0.750000    2.058251   -1.308251 (VIOLATED)
_1299_/B                                0.750000    2.058251   -1.308251 (VIOLATED)
_1300_/A2                               0.750000    2.058251   -1.308251 (VIOLATED)
_1289_/B                                0.750000    2.058250   -1.308250 (VIOLATED)
_1290_/A2                               0.750000    2.058250   -1.308250 (VIOLATED)
_1285_/B                                0.750000    2.058248   -1.308248 (VIOLATED)
_1286_/A2                               0.750000    2.058248   -1.308248 (VIOLATED)
_1287_/B                                0.750000    2.058247   -1.308247 (VIOLATED)
_1288_/A2                               0.750000    2.058247   -1.308247 (VIOLATED)
_1291_/B                                0.750000    2.058249   -1.308249 (VIOLATED)
_1292_/A2                               0.750000    2.058249   -1.308249 (VIOLATED)
_1279_/B                                0.750000    2.058245   -1.308245 (VIOLATED)
_1280_/A2                               0.750000    2.058245   -1.308245 (VIOLATED)
_1283_/B                                0.750000    2.058245   -1.308245 (VIOLATED)
_1284_/A2                               0.750000    2.058245   -1.308245 (VIOLATED)
_1263_/B                                0.750000    2.058244   -1.308244 (VIOLATED)
_1267_/B                                0.750000    2.058245   -1.308245 (VIOLATED)
_1268_/A2                               0.750000    2.058245   -1.308245 (VIOLATED)
_1264_/A2                               0.750000    2.058244   -1.308243 (VIOLATED)
_1269_/B                                0.750000    2.058244   -1.308244 (VIOLATED)
_1270_/A2                               0.750000    2.058244   -1.308244 (VIOLATED)
_1273_/B                                0.750000    2.058243   -1.308243 (VIOLATED)
_1274_/A2                               0.750000    2.058243   -1.308243 (VIOLATED)
_1277_/B                                0.750000    2.058242   -1.308242 (VIOLATED)
_1278_/A2                               0.750000    2.058242   -1.308242 (VIOLATED)
_1261_/B                                0.750000    2.058240   -1.308240 (VIOLATED)
_1262_/A2                               0.750000    2.058240   -1.308240 (VIOLATED)
_1265_/B                                0.750000    2.058241   -1.308241 (VIOLATED)
_1266_/A2                               0.750000    2.058241   -1.308241 (VIOLATED)
_1275_/B                                0.750000    2.058240   -1.308240 (VIOLATED)
_1276_/A2                               0.750000    2.058240   -1.308240 (VIOLATED)
_1293_/B                                0.750000    2.058240   -1.308241 (VIOLATED)
_1294_/A2                               0.750000    2.058240   -1.308241 (VIOLATED)
_1295_/B                                0.750000    2.058241   -1.308241 (VIOLATED)
_1296_/A2                               0.750000    2.058241   -1.308241 (VIOLATED)
_1301_/B                                0.750000    2.058240   -1.308240 (VIOLATED)
_1302_/A2                               0.750000    2.058240   -1.308240 (VIOLATED)
_1303_/B                                0.750000    2.058239   -1.308239 (VIOLATED)
_1304_/A2                               0.750000    2.058239   -1.308239 (VIOLATED)
_1305_/B                                0.750000    2.058239   -1.308239 (VIOLATED)
_1306_/A2                               0.750000    2.058239   -1.308239 (VIOLATED)
_1245_/B                                0.750000    2.058237   -1.308237 (VIOLATED)
_1259_/B                                0.750000    2.058238   -1.308238 (VIOLATED)
_1246_/A2                               0.750000    2.058237   -1.308237 (VIOLATED)
_1260_/A2                               0.750000    2.058238   -1.308238 (VIOLATED)
_1307_/B                                0.750000    2.058238   -1.308238 (VIOLATED)
_1308_/A2                               0.750000    2.058238   -1.308238 (VIOLATED)
_1247_/B                                0.750000    2.058236   -1.308236 (VIOLATED)
_1248_/A2                               0.750000    2.058236   -1.308236 (VIOLATED)
_1249_/B                                0.750000    2.058235   -1.308235 (VIOLATED)
_1250_/A2                               0.750000    2.058235   -1.308235 (VIOLATED)
_1251_/B                                0.750000    2.058237   -1.308237 (VIOLATED)
_1252_/A2                               0.750000    2.058237   -1.308237 (VIOLATED)
_1253_/B                                0.750000    2.058235   -1.308235 (VIOLATED)
_1254_/A2                               0.750000    2.058235   -1.308235 (VIOLATED)
_1271_/B                                0.750000    2.058236   -1.308236 (VIOLATED)
_1272_/A2                               0.750000    2.058236   -1.308236 (VIOLATED)
_1244_/Y                                0.750000    2.058233   -1.308233 (VIOLATED)
_1255_/B                                0.750000    2.058233   -1.308233 (VIOLATED)
_1256_/A2                               0.750000    2.058233   -1.308233 (VIOLATED)
_1257_/B                                0.750000    2.058233   -1.308233 (VIOLATED)
_1258_/A2                               0.750000    2.058233   -1.308233 (VIOLATED)
_0908_/A2                               0.750000    2.052203   -1.302203 (VIOLATED)
_0911_/A2                               0.750000    2.052203   -1.302203 (VIOLATED)
_0945_/A2                               0.750000    2.052204   -1.302204 (VIOLATED)
_0952_/A2                               0.750000    2.052203   -1.302203 (VIOLATED)
_0956_/A2                               0.750000    2.052204   -1.302204 (VIOLATED)
_0959_/A2                               0.750000    2.052204   -1.302204 (VIOLATED)
_0963_/A2                               0.750000    2.052204   -1.302204 (VIOLATED)
_0966_/A2                               0.750000    2.052204   -1.302204 (VIOLATED)
_0970_/A2                               0.750000    2.052204   -1.302204 (VIOLATED)
_0973_/A2                               0.750000    2.052204   -1.302204 (VIOLATED)
_0980_/A2                               0.750000    2.052203   -1.302203 (VIOLATED)
_0985_/A2                               0.750000    2.052204   -1.302204 (VIOLATED)
_1002_/A2                               0.750000    2.052204   -1.302204 (VIOLATED)
_1007_/A2                               0.750000    2.052203   -1.302203 (VIOLATED)
_0825_/Y                                0.750000    2.052201   -1.302201 (VIOLATED)
_0828_/A2                               0.750000    2.052201   -1.302201 (VIOLATED)
_0835_/A2                               0.750000    2.052201   -1.302201 (VIOLATED)
_0845_/A2                               0.750000    2.052201   -1.302201 (VIOLATED)
_0850_/A2                               0.750000    2.052201   -1.302201 (VIOLATED)
_0856_/A2                               0.750000    2.052201   -1.302201 (VIOLATED)
_0859_/A2                               0.750000    2.052201   -1.302201 (VIOLATED)
_0863_/A2                               0.750000    2.052201   -1.302201 (VIOLATED)
_0866_/A2                               0.750000    2.052201   -1.302201 (VIOLATED)
_0872_/A2                               0.750000    2.052201   -1.302201 (VIOLATED)
_0876_/A2                               0.750000    2.052201   -1.302201 (VIOLATED)
_0878_/A2                               0.750000    2.052201   -1.302201 (VIOLATED)
_0883_/A2                               0.750000    2.052201   -1.302201 (VIOLATED)
_0885_/A2                               0.750000    2.052201   -1.302201 (VIOLATED)
_0889_/A2                               0.750000    2.052201   -1.302201 (VIOLATED)
_0892_/A2                               0.750000    2.052201   -1.302201 (VIOLATED)
_0897_/A2                               0.750000    2.052201   -1.302201 (VIOLATED)
_0899_/A2                               0.750000    2.052201   -1.302201 (VIOLATED)
_0905_/A2                               0.750000    2.052201   -1.302201 (VIOLATED)
_0917_/A2                               0.750000    2.052201   -1.302201 (VIOLATED)
_0921_/A2                               0.750000    2.052201   -1.302201 (VIOLATED)
_0923_/A2                               0.750000    2.052201   -1.302201 (VIOLATED)
_0928_/A2                               0.750000    2.052201   -1.302201 (VIOLATED)
_0932_/A2                               0.750000    2.052201   -1.302201 (VIOLATED)
_0935_/A2                               0.750000    2.052201   -1.302201 (VIOLATED)
_0941_/A2                               0.750000    2.052201   -1.302201 (VIOLATED)
_0949_/A2                               0.750000    2.052201   -1.302201 (VIOLATED)
_0978_/A2                               0.750000    2.052201   -1.302201 (VIOLATED)
_0991_/A2                               0.750000    2.052201   -1.302201 (VIOLATED)
_0995_/A2                               0.750000    2.052201   -1.302201 (VIOLATED)
_0997_/A2                               0.750000    2.052201   -1.302201 (VIOLATED)
_1012_/A2                               0.750000    2.052201   -1.302201 (VIOLATED)
_1014_/A2                               0.750000    2.052201   -1.302201 (VIOLATED)
_1019_/A2                               0.750000    2.052201   -1.302201 (VIOLATED)
_1021_/A2                               0.750000    2.052201   -1.302201 (VIOLATED)
_1026_/A2                               0.750000    2.052201   -1.302201 (VIOLATED)
_1030_/A2                               0.750000    2.052201   -1.302201 (VIOLATED)
_1033_/A2                               0.750000    2.052201   -1.302201 (VIOLATED)
_0901_/A                                0.750000    1.887047   -1.137047 (VIOLATED)
_0913_/A                                0.750000    1.887048   -1.137048 (VIOLATED)
_0918_/C1                               0.750000    1.887048   -1.137048 (VIOLATED)
_0947_/C1                               0.750000    1.887048   -1.137048 (VIOLATED)
_0961_/A                                0.750000    1.887048   -1.137048 (VIOLATED)
_0930_/C1                               0.750000    1.887047   -1.137047 (VIOLATED)
_0887_/A                                0.750000    1.887044   -1.137044 (VIOLATED)
_0894_/A                                0.750000    1.887045   -1.137045 (VIOLATED)
_0906_/C1                               0.750000    1.887046   -1.137046 (VIOLATED)
_0954_/A                                0.750000    1.887043   -1.137043 (VIOLATED)
_0968_/A                                0.750000    1.887045   -1.137045 (VIOLATED)
_0975_/A                                0.750000    1.887044   -1.137044 (VIOLATED)
_0982_/A                                0.750000    1.887044   -1.137044 (VIOLATED)
_0987_/C1                               0.750000    1.887044   -1.137044 (VIOLATED)
_1009_/C1                               0.750000    1.887043   -1.137043 (VIOLATED)
_0873_/C1                               0.750000    1.887042   -1.137042 (VIOLATED)
_0880_/A                                0.750000    1.887041   -1.137041 (VIOLATED)
_0925_/A                                0.750000    1.887041   -1.137041 (VIOLATED)
_0942_/C1                               0.750000    1.887042   -1.137042 (VIOLATED)
_0999_/A                                0.750000    1.887041   -1.137041 (VIOLATED)
_1004_/C1                               0.750000    1.887042   -1.137042 (VIOLATED)
_0992_/C1                               0.750000    1.887039   -1.137040 (VIOLATED)
_0937_/A                                0.750000    1.887038   -1.137038 (VIOLATED)
_1016_/A                                0.750000    1.887039   -1.137039 (VIOLATED)
_1023_/A                                0.750000    1.887038   -1.137038 (VIOLATED)
_1028_/C1                               0.750000    1.887038   -1.137038 (VIOLATED)
_0832_/Y                                0.750000    1.887035   -1.137035 (VIOLATED)
_0836_/B                                0.750000    1.887035   -1.137035 (VIOLATED)
_0841_/A_N                              0.750000    1.887035   -1.137035 (VIOLATED)
_0847_/C1                               0.750000    1.887035   -1.137035 (VIOLATED)
_0854_/A1                               0.750000    1.887035   -1.137035 (VIOLATED)
_0861_/A1                               0.750000    1.887035   -1.137035 (VIOLATED)
_0868_/A1                               0.750000    1.887035   -1.137035 (VIOLATED)
_1035_/A                                0.750000    1.887035   -1.137035 (VIOLATED)
_0881_/S                                0.750000    1.530335   -0.780335 (VIOLATED)
_0884_/S                                0.750000    1.530335   -0.780335 (VIOLATED)
_0891_/S                                0.750000    1.530334   -0.780334 (VIOLATED)
_0903_/S                                0.750000    1.530334   -0.780334 (VIOLATED)
_0869_/S1                               0.750000    1.530333   -0.780333 (VIOLATED)
_0870_/S                                0.750000    1.530331   -0.780331 (VIOLATED)
_0877_/S                                0.750000    1.530328   -0.780328 (VIOLATED)
_0888_/S                                0.750000    1.530328   -0.780328 (VIOLATED)
_0874_/S                                0.750000    1.530323   -0.780323 (VIOLATED)
_0902_/S1                               0.750000    1.530317   -0.780317 (VIOLATED)
_0862_/S                                0.750000    1.530313   -0.780313 (VIOLATED)
_0865_/S                                0.750000    1.530306   -0.780306 (VIOLATED)
_0922_/S                                0.750000    1.530294   -0.780294 (VIOLATED)
_0919_/S                                0.750000    1.530283   -0.780283 (VIOLATED)
_1024_/S1                               0.750000    1.530251   -0.780251 (VIOLATED)
_0898_/S                                0.750000    1.530247   -0.780247 (VIOLATED)
_0927_/S                                0.750000    1.530248   -0.780248 (VIOLATED)
_0907_/S                                0.750000    1.530244   -0.780244 (VIOLATED)
_0915_/S                                0.750000    1.530245   -0.780245 (VIOLATED)
_0910_/S                                0.750000    1.530242   -0.780242 (VIOLATED)
_0944_/S                                0.750000    1.530237   -0.780237 (VIOLATED)
_0895_/S                                0.750000    1.530232   -0.780232 (VIOLATED)
_0926_/S1                               0.750000    1.530232   -0.780232 (VIOLATED)
_0958_/S                                0.750000    1.530232   -0.780232 (VIOLATED)
_0914_/S1                               0.750000    1.530230   -0.780230 (VIOLATED)
_0943_/S1                               0.750000    1.530225   -0.780225 (VIOLATED)
_0955_/S                                0.750000    1.530225   -0.780225 (VIOLATED)
_0825_/A                                0.750000    1.530221   -0.780221 (VIOLATED)
_0849_/S                                0.750000    1.530222   -0.780222 (VIOLATED)
_0826_/B                                0.750000    1.530221   -0.780221 (VIOLATED)
_0846_/S1                               0.750000    1.530221   -0.780221 (VIOLATED)
_0855_/S                                0.750000    1.530221   -0.780221 (VIOLATED)
_1010_/S                                0.750000    1.530220   -0.780220 (VIOLATED)
_0824_/S                                0.750000    1.530217   -0.780217 (VIOLATED)
_1029_/S                                0.750000    1.530216   -0.780216 (VIOLATED)
_0838_/A                                0.750000    1.530208   -0.780208 (VIOLATED)
_0852_/S0                               0.750000    1.530207   -0.780207 (VIOLATED)
_0843_/S                                0.750000    1.530205   -0.780205 (VIOLATED)
_1017_/S                                0.750000    1.530204   -0.780204 (VIOLATED)
_0858_/S                                0.750000    1.530203   -0.780203 (VIOLATED)
_0833_/S                                0.750000    1.530200   -0.780200 (VIOLATED)
_0962_/S                                0.750000    1.530200   -0.780200 (VIOLATED)
_1032_/S                                0.750000    1.530195   -0.780195 (VIOLATED)
_1025_/S                                0.750000    1.530191   -0.780191 (VIOLATED)
_1020_/S                                0.750000    1.530186   -0.780186 (VIOLATED)
_0969_/S                                0.750000    1.530183   -0.780183 (VIOLATED)
_0934_/S                                0.750000    1.530181   -0.780181 (VIOLATED)
_0988_/S1                               0.750000    1.530181   -0.780181 (VIOLATED)
_1013_/S                                0.750000    1.530173   -0.780173 (VIOLATED)
_0989_/S                                0.750000    1.530167   -0.780167 (VIOLATED)
_0983_/S1                               0.750000    1.530159   -0.780159 (VIOLATED)
_0939_/S                                0.750000    1.530156   -0.780156 (VIOLATED)
_0938_/S1                               0.750000    1.530154   -0.780154 (VIOLATED)
_0931_/S                                0.750000    1.530152   -0.780152 (VIOLATED)
_0976_/S                                0.750000    1.530149   -0.780149 (VIOLATED)
_0948_/S                                0.750000    1.530144   -0.780144 (VIOLATED)
_0993_/S                                0.750000    1.530135   -0.780135 (VIOLATED)
_1005_/S1                               0.750000    1.530117   -0.780117 (VIOLATED)
_1000_/S1                               0.750000    1.530094   -0.780094 (VIOLATED)
_0965_/S                                0.750000    1.530053   -0.780053 (VIOLATED)
_0972_/S                                0.750000    1.530052   -0.780052 (VIOLATED)
_0984_/S                                0.750000    1.530051   -0.780051 (VIOLATED)
_0979_/S                                0.750000    1.530049   -0.780049 (VIOLATED)
_0951_/S                                0.750000    1.530046   -0.780046 (VIOLATED)
_1006_/S                                0.750000    1.530042   -0.780042 (VIOLATED)
_1001_/S                                0.750000    1.530034   -0.780034 (VIOLATED)
_0996_/S                                0.750000    1.529987   -0.779987 (VIOLATED)
host_output_addr[0]                     0.750000    1.529950   -0.779950 (VIOLATED)
_1475_/B1                               0.750000    1.456204   -0.706204 (VIOLATED)
_1469_/B1                               0.750000    1.456203   -0.706203 (VIOLATED)
_1471_/B1                               0.750000    1.456203   -0.706203 (VIOLATED)
_1473_/B1                               0.750000    1.456203   -0.706203 (VIOLATED)
_1476_/B1                               0.750000    1.456203   -0.706203 (VIOLATED)
_1481_/B1                               0.750000    1.456204   -0.706204 (VIOLATED)
_1478_/B1                               0.750000    1.456203   -0.706203 (VIOLATED)
_1463_/Y                                0.750000    1.456201   -0.706201 (VIOLATED)
_1464_/B1                               0.750000    1.456201   -0.706201 (VIOLATED)
_1465_/B1                               0.750000    1.456201   -0.706201 (VIOLATED)
_1466_/B1                               0.750000    1.456201   -0.706201 (VIOLATED)
_1467_/B1                               0.750000    1.456201   -0.706201 (VIOLATED)
_1468_/B1                               0.750000    1.456201   -0.706201 (VIOLATED)
_1470_/B1                               0.750000    1.456201   -0.706201 (VIOLATED)
_1472_/B1                               0.750000    1.456201   -0.706201 (VIOLATED)
_1474_/B1                               0.750000    1.456201   -0.706201 (VIOLATED)
_1477_/B1                               0.750000    1.456201   -0.706201 (VIOLATED)
_1479_/B1                               0.750000    1.456201   -0.706201 (VIOLATED)
_1480_/B1                               0.750000    1.456201   -0.706201 (VIOLATED)
_1482_/B1                               0.750000    1.456201   -0.706201 (VIOLATED)
_1483_/B1                               0.750000    1.456201   -0.706201 (VIOLATED)
_1484_/B1                               0.750000    1.456201   -0.706201 (VIOLATED)
_1485_/B1                               0.750000    1.456201   -0.706201 (VIOLATED)
_1486_/B1                               0.750000    1.456201   -0.706201 (VIOLATED)
_1487_/B1                               0.750000    1.456201   -0.706201 (VIOLATED)
_1488_/B1                               0.750000    1.456201   -0.706201 (VIOLATED)
_1489_/B1                               0.750000    1.456201   -0.706201 (VIOLATED)
_1490_/B1                               0.750000    1.456201   -0.706201 (VIOLATED)
_1491_/B1                               0.750000    1.456201   -0.706201 (VIOLATED)
_1492_/B1                               0.750000    1.456201   -0.706201 (VIOLATED)
_1493_/B1                               0.750000    1.456201   -0.706201 (VIOLATED)
_1494_/B1                               0.750000    1.456201   -0.706201 (VIOLATED)
_1495_/B1                               0.750000    1.456201   -0.706201 (VIOLATED)
_1125_/B1                               0.750000    1.393289   -0.643289 (VIOLATED)
_1127_/B1                               0.750000    1.393289   -0.643289 (VIOLATED)
_1177_/A2                               0.750000    1.393290   -0.643290 (VIOLATED)
_1173_/A2                               0.750000    1.393288   -0.643288 (VIOLATED)
_1167_/A2                               0.750000    1.393287   -0.643287 (VIOLATED)
_1169_/A2                               0.750000    1.393287   -0.643287 (VIOLATED)
_1126_/B1                               0.750000    1.393286   -0.643286 (VIOLATED)
_1129_/B1                               0.750000    1.393285   -0.643285 (VIOLATED)
_1130_/B1                               0.750000    1.393285   -0.643285 (VIOLATED)
_1131_/B1                               0.750000    1.393285   -0.643285 (VIOLATED)
_1128_/B1                               0.750000    1.393284   -0.643284 (VIOLATED)
_1132_/B1                               0.750000    1.393282   -0.643282 (VIOLATED)
_1133_/B1                               0.750000    1.393282   -0.643282 (VIOLATED)
_1134_/B1                               0.750000    1.393282   -0.643282 (VIOLATED)
_1159_/A2                               0.750000    1.393282   -0.643282 (VIOLATED)
_1163_/A2                               0.750000    1.393282   -0.643282 (VIOLATED)
_1171_/A2                               0.750000    1.393282   -0.643282 (VIOLATED)
_1175_/A2                               0.750000    1.393282   -0.643282 (VIOLATED)
_1155_/A2                               0.750000    1.393281   -0.643281 (VIOLATED)
_1161_/A2                               0.750000    1.393282   -0.643282 (VIOLATED)
_1165_/A2                               0.750000    1.393281   -0.643281 (VIOLATED)
_1135_/B1                               0.750000    1.393280   -0.643280 (VIOLATED)
_1137_/A2                               0.750000    1.393278   -0.643278 (VIOLATED)
_1157_/A2                               0.750000    1.393279   -0.643279 (VIOLATED)
_1153_/A2                               0.750000    1.393278   -0.643278 (VIOLATED)
_1151_/A2                               0.750000    1.393277   -0.643277 (VIOLATED)
_1124_/Y                                0.750000    1.393275   -0.643275 (VIOLATED)
_1139_/A2                               0.750000    1.393275   -0.643275 (VIOLATED)
_1141_/A2                               0.750000    1.393275   -0.643275 (VIOLATED)
_1143_/A2                               0.750000    1.393275   -0.643275 (VIOLATED)
_1145_/A2                               0.750000    1.393275   -0.643275 (VIOLATED)
_1147_/A2                               0.750000    1.393275   -0.643275 (VIOLATED)
_1149_/A2                               0.750000    1.393275   -0.643275 (VIOLATED)
_1074_/B1                               0.750000    1.387258   -0.637258 (VIOLATED)
_1075_/B1                               0.750000    1.387258   -0.637258 (VIOLATED)
_1076_/B1                               0.750000    1.387259   -0.637259 (VIOLATED)
_1077_/B1                               0.750000    1.387259   -0.637259 (VIOLATED)
_1065_/B1                               0.750000    1.387256   -0.637256 (VIOLATED)
_1071_/B1                               0.750000    1.387256   -0.637256 (VIOLATED)
_1073_/B1                               0.750000    1.387257   -0.637257 (VIOLATED)
_1066_/B1                               0.750000    1.387255   -0.637255 (VIOLATED)
_1059_/B1                               0.750000    1.387254   -0.637254 (VIOLATED)
_1061_/B1                               0.750000    1.387254   -0.637254 (VIOLATED)
_1062_/B1                               0.750000    1.387254   -0.637254 (VIOLATED)
_1063_/B1                               0.750000    1.387254   -0.637254 (VIOLATED)
_1072_/B1                               0.750000    1.387255   -0.637255 (VIOLATED)
_1064_/B1                               0.750000    1.387254   -0.637254 (VIOLATED)
_1068_/B1                               0.750000    1.387254   -0.637254 (VIOLATED)
_1079_/B1                               0.750000    1.387254   -0.637254 (VIOLATED)
_1080_/B1                               0.750000    1.387254   -0.637254 (VIOLATED)
_1081_/B1                               0.750000    1.387255   -0.637255 (VIOLATED)
_1054_/B1                               0.750000    1.387253   -0.637253 (VIOLATED)
_1055_/B1                               0.750000    1.387253   -0.637253 (VIOLATED)
_1056_/B1                               0.750000    1.387253   -0.637253 (VIOLATED)
_1057_/B1                               0.750000    1.387253   -0.637253 (VIOLATED)
_1069_/B1                               0.750000    1.387253   -0.637253 (VIOLATED)
_1078_/B1                               0.750000    1.387253   -0.637253 (VIOLATED)
_1082_/B1                               0.750000    1.387253   -0.637253 (VIOLATED)
_1083_/B1                               0.750000    1.387252   -0.637253 (VIOLATED)
_1084_/B1                               0.750000    1.387252   -0.637252 (VIOLATED)
_1085_/B1                               0.750000    1.387252   -0.637253 (VIOLATED)
_1053_/Y                                0.750000    1.387251   -0.637251 (VIOLATED)
_1058_/B1                               0.750000    1.387251   -0.637251 (VIOLATED)
_1060_/B1                               0.750000    1.387251   -0.637251 (VIOLATED)
_1067_/B1                               0.750000    1.387251   -0.637251 (VIOLATED)
_1070_/B1                               0.750000    1.387251   -0.637251 (VIOLATED)
_1108_/B1                               0.750000    1.363988   -0.613988 (VIOLATED)
_1112_/B1                               0.750000    1.363989   -0.613989 (VIOLATED)
_1113_/B1                               0.750000    1.363989   -0.613989 (VIOLATED)
_1110_/B1                               0.750000    1.363988   -0.613988 (VIOLATED)
_1111_/B1                               0.750000    1.363988   -0.613988 (VIOLATED)
_1117_/B1                               0.750000    1.363988   -0.613988 (VIOLATED)
_1101_/B1                               0.750000    1.363986   -0.613986 (VIOLATED)
_1107_/B1                               0.750000    1.363987   -0.613987 (VIOLATED)
_1109_/B1                               0.750000    1.363987   -0.613987 (VIOLATED)
_1115_/B1                               0.750000    1.363987   -0.613987 (VIOLATED)
_1116_/B1                               0.750000    1.363987   -0.613987 (VIOLATED)
_1102_/B1                               0.750000    1.363986   -0.613986 (VIOLATED)
_1106_/B1                               0.750000    1.363986   -0.613986 (VIOLATED)
_1099_/B1                               0.750000    1.363985   -0.613985 (VIOLATED)
_1114_/B1                               0.750000    1.363985   -0.613985 (VIOLATED)
_1118_/B1                               0.750000    1.363985   -0.613985 (VIOLATED)
_1100_/B1                               0.750000    1.363984   -0.613984 (VIOLATED)
_1104_/B1                               0.750000    1.363984   -0.613984 (VIOLATED)
_1105_/B1                               0.750000    1.363984   -0.613984 (VIOLATED)
_1119_/B1                               0.750000    1.363984   -0.613984 (VIOLATED)
_1090_/B1                               0.750000    1.363983   -0.613983 (VIOLATED)
_1091_/B1                               0.750000    1.363983   -0.613983 (VIOLATED)
_1092_/B1                               0.750000    1.363983   -0.613983 (VIOLATED)
_1093_/B1                               0.750000    1.363983   -0.613983 (VIOLATED)
_1095_/B1                               0.750000    1.363983   -0.613983 (VIOLATED)
_1096_/B1                               0.750000    1.363983   -0.613983 (VIOLATED)
_1097_/B1                               0.750000    1.363983   -0.613983 (VIOLATED)
_1098_/B1                               0.750000    1.363984   -0.613984 (VIOLATED)
_1120_/B1                               0.750000    1.363983   -0.613983 (VIOLATED)
_1089_/Y                                0.750000    1.363981   -0.613981 (VIOLATED)
_1094_/B1                               0.750000    1.363981   -0.613981 (VIOLATED)
_1103_/B1                               0.750000    1.363981   -0.613981 (VIOLATED)
_1121_/B1                               0.750000    1.363981   -0.613981 (VIOLATED)
_0882_/B2                               0.750000    1.332615   -0.582615 (VIOLATED)
_0886_/A1                               0.750000    1.332615   -0.582615 (VIOLATED)
_0869_/S0                               0.750000    1.332612   -0.582612 (VIOLATED)
_0871_/A                                0.750000    1.332612   -0.582612 (VIOLATED)
_0889_/B2                               0.750000    1.332612   -0.582612 (VIOLATED)
_0875_/B2                               0.750000    1.332611   -0.582611 (VIOLATED)
_0879_/A1                               0.750000    1.332610   -0.582610 (VIOLATED)
_0902_/S0                               0.750000    1.332608   -0.582608 (VIOLATED)
_0864_/A1                               0.750000    1.332605   -0.582605 (VIOLATED)
_0924_/A1                               0.750000    1.332601   -0.582601 (VIOLATED)
_0866_/B2                               0.750000    1.332599   -0.582599 (VIOLATED)
_0893_/A1                               0.750000    1.332597   -0.582597 (VIOLATED)
_0904_/A                                0.750000    1.332597   -0.582597 (VIOLATED)
_0926_/S0                               0.750000    1.332597   -0.582597 (VIOLATED)
_0929_/A1                               0.750000    1.332596   -0.582596 (VIOLATED)
_0825_/B                                0.750000    1.332594   -0.582594 (VIOLATED)
_0896_/B2                               0.750000    1.332594   -0.582594 (VIOLATED)
_0900_/A1                               0.750000    1.332594   -0.582594 (VIOLATED)
_0914_/S0                               0.750000    1.332591   -0.582591 (VIOLATED)
_0916_/A                                0.750000    1.332590   -0.582590 (VIOLATED)
_0857_/A1                               0.750000    1.332589   -0.582589 (VIOLATED)
_1030_/B2                               0.750000    1.332589   -0.582589 (VIOLATED)
_0826_/A_N                              0.750000    1.332588   -0.582588 (VIOLATED)
_0908_/B2                               0.750000    1.332588   -0.582588 (VIOLATED)
_0912_/A1                               0.750000    1.332586   -0.582586 (VIOLATED)
_0920_/B2                               0.750000    1.332582   -0.582582 (VIOLATED)
_0932_/B2                               0.750000    1.332582   -0.582582 (VIOLATED)
_0943_/S0                               0.750000    1.332582   -0.582582 (VIOLATED)
_0946_/A1                               0.750000    1.332580   -0.582580 (VIOLATED)
_1024_/S0                               0.750000    1.332578   -0.582578 (VIOLATED)
_0956_/B2                               0.750000    1.332575   -0.582575 (VIOLATED)
_0960_/A1                               0.750000    1.332574   -0.582574 (VIOLATED)
_0963_/B2                               0.750000    1.332565   -0.582565 (VIOLATED)
_0838_/B                                0.750000    1.332554   -0.582554 (VIOLATED)
_0851_/A1                               0.750000    1.332555   -0.582555 (VIOLATED)
_0846_/S0                               0.750000    1.332554   -0.582554 (VIOLATED)
_0844_/A                                0.750000    1.332553   -0.582553 (VIOLATED)
_0852_/S1                               0.750000    1.332554   -0.582554 (VIOLATED)
_0970_/B2                               0.750000    1.332553   -0.582553 (VIOLATED)
_0859_/B2                               0.750000    1.332551   -0.582551 (VIOLATED)
_1011_/B2                               0.750000    1.332552   -0.582552 (VIOLATED)
_0829_/A1                               0.750000    1.332549   -0.582549 (VIOLATED)
_0834_/B2                               0.750000    1.332548   -0.582548 (VIOLATED)
_0967_/A1                               0.750000    1.332547   -0.582547 (VIOLATED)
_0974_/A1                               0.750000    1.332546   -0.582546 (VIOLATED)
_1034_/A1                               0.750000    1.332543   -0.582543 (VIOLATED)
_1027_/A1                               0.750000    1.332540   -0.582540 (VIOLATED)
_1018_/B2                               0.750000    1.332538   -0.582538 (VIOLATED)
_0988_/S0                               0.750000    1.332536   -0.582536 (VIOLATED)
_1022_/A1                               0.750000    1.332536   -0.582536 (VIOLATED)
_0986_/A1                               0.750000    1.332535   -0.582535 (VIOLATED)
_0936_/A1                               0.750000    1.332534   -0.582534 (VIOLATED)
_1015_/A1                               0.750000    1.332529   -0.582529 (VIOLATED)
_0938_/S0                               0.750000    1.332526   -0.582526 (VIOLATED)
_0940_/A                                0.750000    1.332527   -0.582527 (VIOLATED)
_0981_/A1                               0.750000    1.332527   -0.582527 (VIOLATED)
_0990_/A                                0.750000    1.332526   -0.582526 (VIOLATED)
_0977_/B2                               0.750000    1.332524   -0.582524 (VIOLATED)
_0949_/B2                               0.750000    1.332523   -0.582523 (VIOLATED)
_0983_/S0                               0.750000    1.332523   -0.582523 (VIOLATED)
_0953_/A1                               0.750000    1.332520   -0.582520 (VIOLATED)
_1005_/S0                               0.750000    1.332518   -0.582519 (VIOLATED)
_0994_/B2                               0.750000    1.332513   -0.582513 (VIOLATED)
_1008_/A1                               0.750000    1.332510   -0.582510 (VIOLATED)
_1000_/S0                               0.750000    1.332500   -0.582500 (VIOLATED)
_1003_/A1                               0.750000    1.332498   -0.582498 (VIOLATED)
_0998_/A1                               0.750000    1.332490   -0.582490 (VIOLATED)
host_output_addr[1]                     0.750000    1.332474   -0.582474 (VIOLATED)
_0957_/A2                               0.750000    1.011768   -0.261768 (VIOLATED)
_0964_/A2                               0.750000    1.011768   -0.261768 (VIOLATED)
_0959_/B1                               0.750000    1.011768   -0.261768 (VIOLATED)
_0945_/B1                               0.750000    1.011767   -0.261767 (VIOLATED)
_0909_/A2                               0.750000    1.011767   -0.261767 (VIOLATED)
_0911_/B1                               0.750000    1.011767   -0.261767 (VIOLATED)
_0917_/B1                               0.750000    1.011766   -0.261766 (VIOLATED)
_0966_/B1                               0.750000    1.011765   -0.261766 (VIOLATED)
_0971_/A2                               0.750000    1.011765   -0.261765 (VIOLATED)
_0973_/B1                               0.750000    1.011765   -0.261765 (VIOLATED)
_0882_/A2                               0.750000    1.011765   -0.261765 (VIOLATED)
_0885_/B1                               0.750000    1.011765   -0.261765 (VIOLATED)
_0985_/B1                               0.750000    1.011765   -0.261765 (VIOLATED)
_0997_/B1                               0.750000    1.011765   -0.261765 (VIOLATED)
_1002_/B1                               0.750000    1.011765   -0.261765 (VIOLATED)
_0890_/A2                               0.750000    1.011764   -0.261764 (VIOLATED)
_0892_/B1                               0.750000    1.011764   -0.261764 (VIOLATED)
_0899_/B1                               0.750000    1.011765   -0.261765 (VIOLATED)
_0896_/A2                               0.750000    1.011764   -0.261764 (VIOLATED)
_1007_/B1                               0.750000    1.011764   -0.261764 (VIOLATED)
_0905_/B1                               0.750000    1.011764   -0.261764 (VIOLATED)
_0952_/B1                               0.750000    1.011764   -0.261764 (VIOLATED)
_0980_/B1                               0.750000    1.011764   -0.261764 (VIOLATED)
_0928_/B1                               0.750000    1.011763   -0.261763 (VIOLATED)
_0950_/A2                               0.750000    1.011763   -0.261763 (VIOLATED)
_0977_/A2                               0.750000    1.011760   -0.261760 (VIOLATED)
_0941_/B1                               0.750000    1.011759   -0.261759 (VIOLATED)
_0923_/B1                               0.750000    1.011758   -0.261758 (VIOLATED)
_0991_/B1                               0.750000    1.011758   -0.261758 (VIOLATED)
_0994_/A2                               0.750000    1.011758   -0.261758 (VIOLATED)
_0920_/A2                               0.750000    1.011757   -0.261758 (VIOLATED)
_0933_/A2                               0.750000    1.011758   -0.261758 (VIOLATED)
_0935_/B1                               0.750000    1.011757   -0.261758 (VIOLATED)
_1014_/B1                               0.750000    1.011758   -0.261758 (VIOLATED)
_1021_/B1                               0.750000    1.011757   -0.261757 (VIOLATED)
_0826_/X                                0.750000    1.011756   -0.261756 (VIOLATED)
_0827_/A                                0.750000    1.011756   -0.261756 (VIOLATED)
_0828_/B1                               0.750000    1.011756   -0.261756 (VIOLATED)
_0834_/A2                               0.750000    1.011756   -0.261756 (VIOLATED)
_0845_/B1                               0.750000    1.011756   -0.261756 (VIOLATED)
_0850_/B1                               0.750000    1.011756   -0.261756 (VIOLATED)
_0856_/B1                               0.750000    1.011756   -0.261756 (VIOLATED)
_0860_/A2                               0.750000    1.011756   -0.261756 (VIOLATED)
_0863_/B1                               0.750000    1.011756   -0.261756 (VIOLATED)
_0867_/A2                               0.750000    1.011756   -0.261756 (VIOLATED)
_0872_/B1                               0.750000    1.011756   -0.261756 (VIOLATED)
_0875_/A2                               0.750000    1.011756   -0.261756 (VIOLATED)
_0878_/B1                               0.750000    1.011756   -0.261756 (VIOLATED)
_1011_/A2                               0.750000    1.011756   -0.261756 (VIOLATED)
_1018_/A2                               0.750000    1.011756   -0.261756 (VIOLATED)
_1026_/B1                               0.750000    1.011756   -0.261756 (VIOLATED)
_1031_/A2                               0.750000    1.011756   -0.261756 (VIOLATED)
_1033_/B1                               0.750000    1.011756   -0.261756 (VIOLATED)
_1220_/B                                0.750000    0.988061   -0.238061 (VIOLATED)
_1221_/A2                               0.750000    0.988061   -0.238061 (VIOLATED)
_1222_/B                                0.750000    0.988060   -0.238060 (VIOLATED)
_1223_/A2                               0.750000    0.988060   -0.238060 (VIOLATED)
_1226_/B                                0.750000    0.988059   -0.238059 (VIOLATED)
_1227_/A2                               0.750000    0.988058   -0.238058 (VIOLATED)
_1224_/B                                0.750000    0.988056   -0.238056 (VIOLATED)
_1225_/A2                               0.750000    0.988056   -0.238056 (VIOLATED)
_1216_/B                                0.750000    0.988051   -0.238051 (VIOLATED)
_1217_/A2                               0.750000    0.988050   -0.238050 (VIOLATED)
_1234_/B                                0.750000    0.988046   -0.238046 (VIOLATED)
_1235_/A2                               0.750000    0.988046   -0.238046 (VIOLATED)
_1232_/B                                0.750000    0.988040   -0.238040 (VIOLATED)
_1233_/A2                               0.750000    0.988039   -0.238039 (VIOLATED)
_1230_/B                                0.750000    0.988031   -0.238031 (VIOLATED)
_1231_/A2                               0.750000    0.988030   -0.238030 (VIOLATED)
_1228_/B                                0.750000    0.988014   -0.238014 (VIOLATED)
_1229_/A2                               0.750000    0.988013   -0.238013 (VIOLATED)
_1236_/B                                0.750000    0.988010   -0.238010 (VIOLATED)
_1237_/A2                               0.750000    0.988009   -0.238009 (VIOLATED)
_1210_/B                                0.750000    0.988006   -0.238006 (VIOLATED)
_1211_/A2                               0.750000    0.988005   -0.238005 (VIOLATED)
_1238_/B                                0.750000    0.988001   -0.238002 (VIOLATED)
_1239_/A2                               0.750000    0.988001   -0.238001 (VIOLATED)
_1241_/A2                               0.750000    0.987997   -0.237997 (VIOLATED)
_1240_/B                                0.750000    0.987996   -0.237996 (VIOLATED)
_1218_/B                                0.750000    0.987991   -0.237991 (VIOLATED)
_1219_/A2                               0.750000    0.987991   -0.237991 (VIOLATED)
_1242_/B                                0.750000    0.987991   -0.237991 (VIOLATED)
_1214_/B                                0.750000    0.987990   -0.237991 (VIOLATED)
_1215_/A2                               0.750000    0.987990   -0.237990 (VIOLATED)
_1243_/A2                               0.750000    0.987991   -0.237991 (VIOLATED)
_1202_/B                                0.750000    0.987990   -0.237990 (VIOLATED)
_1203_/A2                               0.750000    0.987989   -0.237990 (VIOLATED)
_1204_/B                                0.750000    0.987988   -0.237988 (VIOLATED)
_1205_/A2                               0.750000    0.987988   -0.237988 (VIOLATED)
_1198_/B                                0.750000    0.987987   -0.237987 (VIOLATED)
_1199_/A2                               0.750000    0.987987   -0.237987 (VIOLATED)
_1180_/B                                0.750000    0.987986   -0.237986 (VIOLATED)
_1181_/A2                               0.750000    0.987986   -0.237986 (VIOLATED)
_1208_/B                                0.750000    0.987984   -0.237984 (VIOLATED)
_1209_/A2                               0.750000    0.987984   -0.237984 (VIOLATED)
_1186_/B                                0.750000    0.987980   -0.237980 (VIOLATED)
_1194_/B                                0.750000    0.987980   -0.237980 (VIOLATED)
_1195_/A2                               0.750000    0.987980   -0.237980 (VIOLATED)
_1196_/B                                0.750000    0.987980   -0.237980 (VIOLATED)
_1197_/A2                               0.750000    0.987980   -0.237980 (VIOLATED)
_1200_/B                                0.750000    0.987980   -0.237980 (VIOLATED)
_1201_/A2                               0.750000    0.987980   -0.237980 (VIOLATED)
_1187_/A2                               0.750000    0.987979   -0.237979 (VIOLATED)
_1182_/B                                0.750000    0.987976   -0.237976 (VIOLATED)
_1183_/A2                               0.750000    0.987976   -0.237976 (VIOLATED)
_1184_/B                                0.750000    0.987972   -0.237972 (VIOLATED)
_1185_/A2                               0.750000    0.987972   -0.237972 (VIOLATED)
_1212_/B                                0.750000    0.987968   -0.237968 (VIOLATED)
_1213_/A2                               0.750000    0.987968   -0.237968 (VIOLATED)
_1206_/B                                0.750000    0.987967   -0.237967 (VIOLATED)
_1207_/A2                               0.750000    0.987967   -0.237967 (VIOLATED)
_1188_/B                                0.750000    0.987967   -0.237967 (VIOLATED)
_1189_/A2                               0.750000    0.987967   -0.237967 (VIOLATED)
_1190_/B                                0.750000    0.987964   -0.237964 (VIOLATED)
_1191_/A2                               0.750000    0.987964   -0.237964 (VIOLATED)
_1192_/B                                0.750000    0.987964   -0.237964 (VIOLATED)
_1193_/A2                               0.750000    0.987964   -0.237964 (VIOLATED)
_1179_/X                                0.750000    0.987962   -0.237962 (VIOLATED)
_1194_/A                                0.750000    0.931075   -0.181075 (VIOLATED)
_1259_/A                                0.750000    0.931075   -0.181075 (VIOLATED)
_1196_/A                                0.750000    0.931074   -0.181074 (VIOLATED)
_1261_/A                                0.750000    0.931073   -0.181073 (VIOLATED)
_1200_/A                                0.750000    0.931072   -0.181072 (VIOLATED)
_1265_/A                                0.750000    0.931072   -0.181072 (VIOLATED)
_1208_/A                                0.750000    0.931069   -0.181069 (VIOLATED)
_1273_/A                                0.750000    0.931067   -0.181067 (VIOLATED)
_1190_/A                                0.750000    0.931065   -0.181065 (VIOLATED)
_1255_/A                                0.750000    0.931065   -0.181065 (VIOLATED)
_1263_/A                                0.750000    0.931065   -0.181065 (VIOLATED)
_1192_/A                                0.750000    0.931064   -0.181064 (VIOLATED)
_1257_/A                                0.750000    0.931064   -0.181064 (VIOLATED)
_1198_/A                                0.750000    0.931063   -0.181063 (VIOLATED)
_1309_/B1                               0.750000    0.931062   -0.181062 (VIOLATED)
_1122_/B1                               0.750000    0.931060   -0.181060 (VIOLATED)
_1204_/A                                0.750000    0.931059   -0.181059 (VIOLATED)
_1037_/B                                0.750000    0.931058   -0.181058 (VIOLATED)
_1041_/A                                0.750000    0.931057   -0.181057 (VIOLATED)
_1049_/A                                0.750000    0.931057   -0.181057 (VIOLATED)
_1269_/A                                0.750000    0.931058   -0.181058 (VIOLATED)
_1267_/A                                0.750000    0.931054   -0.181054 (VIOLATED)
_1202_/A                                0.750000    0.931052   -0.181052 (VIOLATED)
_1253_/A                                0.750000    0.931049   -0.181049 (VIOLATED)
_1188_/A                                0.750000    0.931049   -0.181049 (VIOLATED)
_1279_/A                                0.750000    0.931049   -0.181049 (VIOLATED)
_1271_/A                                0.750000    0.931048   -0.181048 (VIOLATED)
_1053_/A                                0.750000    0.931048   -0.181048 (VIOLATED)
_1463_/A                                0.750000    0.931048   -0.181048 (VIOLATED)
_1206_/A                                0.750000    0.931047   -0.181047 (VIOLATED)
_1214_/A                                0.750000    0.931045   -0.181045 (VIOLATED)
_1089_/A                                0.750000    0.931044   -0.181044 (VIOLATED)
_1283_/A                                0.750000    0.931040   -0.181040 (VIOLATED)
_0822_/A                                0.750000    0.931040   -0.181040 (VIOLATED)
_1218_/A                                0.750000    0.931037   -0.181037 (VIOLATED)
_1285_/A                                0.750000    0.931009   -0.181009 (VIOLATED)
_1184_/A                                0.750000    0.931008   -0.181008 (VIOLATED)
_1249_/A                                0.750000    0.931007   -0.181007 (VIOLATED)
_1247_/A                                0.750000    0.931007   -0.181007 (VIOLATED)
_1182_/A                                0.750000    0.931006   -0.181006 (VIOLATED)
_1186_/A                                0.750000    0.931006   -0.181006 (VIOLATED)
_1220_/A                                0.750000    0.931005   -0.181005 (VIOLATED)
_1251_/A                                0.750000    0.931005   -0.181005 (VIOLATED)
_1245_/A                                0.750000    0.931004   -0.181004 (VIOLATED)
_1180_/A                                0.750000    0.931003   -0.181003 (VIOLATED)
_1212_/A                                0.750000    0.931001   -0.181001 (VIOLATED)
_1277_/A                                0.750000    0.931001   -0.181001 (VIOLATED)
_1287_/A                                0.750000    0.930999   -0.180999 (VIOLATED)
_1307_/A                                0.750000    0.930997   -0.180997 (VIOLATED)
_1242_/A                                0.750000    0.930996   -0.180996 (VIOLATED)
_1222_/A                                0.750000    0.930993   -0.180993 (VIOLATED)
_1305_/A                                0.750000    0.930989   -0.180989 (VIOLATED)
_1291_/A                                0.750000    0.930988   -0.180988 (VIOLATED)
_1240_/A                                0.750000    0.930987   -0.180987 (VIOLATED)
_1226_/A                                0.750000    0.930984   -0.180984 (VIOLATED)
_1303_/A                                0.750000    0.930980   -0.180980 (VIOLATED)
_1238_/A                                0.750000    0.930979   -0.180979 (VIOLATED)
_1289_/A                                0.750000    0.930976   -0.180976 (VIOLATED)
_1224_/A                                0.750000    0.930976   -0.180976 (VIOLATED)
_1210_/A                                0.750000    0.930972   -0.180972 (VIOLATED)
_1275_/A                                0.750000    0.930972   -0.180972 (VIOLATED)
_1281_/A                                0.750000    0.930968   -0.180968 (VIOLATED)
_1236_/A                                0.750000    0.930965   -0.180965 (VIOLATED)
_1301_/A                                0.750000    0.930963   -0.180963 (VIOLATED)
_1216_/A                                0.750000    0.930963   -0.180963 (VIOLATED)
_1299_/A                                0.750000    0.930958   -0.180958 (VIOLATED)
_1293_/A                                0.750000    0.930957   -0.180957 (VIOLATED)
_1228_/A                                0.750000    0.930956   -0.180956 (VIOLATED)
_1234_/A                                0.750000    0.930954   -0.180954 (VIOLATED)
_1297_/A                                0.750000    0.930949   -0.180949 (VIOLATED)
_1232_/A                                0.750000    0.930945   -0.180945 (VIOLATED)
_1295_/A                                0.750000    0.930939   -0.180939 (VIOLATED)
_1230_/A                                0.750000    0.930937   -0.180937 (VIOLATED)
reset                                   0.750000    0.930928   -0.180928 (VIOLATED)
_1596_/S                                0.750000    0.876411   -0.126411 (VIOLATED)
_1601_/S                                0.750000    0.876411   -0.126411 (VIOLATED)
_1606_/S                                0.750000    0.876410   -0.126410 (VIOLATED)
_1616_/S                                0.750000    0.876407   -0.126407 (VIOLATED)
_1636_/S                                0.750000    0.876405   -0.126405 (VIOLATED)
_1591_/S                                0.750000    0.876405   -0.126405 (VIOLATED)
_1611_/S                                0.750000    0.876401   -0.126401 (VIOLATED)
_1641_/S                                0.750000    0.876399   -0.126399 (VIOLATED)
_1581_/S                                0.750000    0.876399   -0.126399 (VIOLATED)
_1576_/S                                0.750000    0.876397   -0.126397 (VIOLATED)
_1631_/S                                0.750000    0.876395   -0.126395 (VIOLATED)
_1626_/S                                0.750000    0.876395   -0.126395 (VIOLATED)
_1566_/S                                0.750000    0.876395   -0.126395 (VIOLATED)
_1621_/S                                0.750000    0.876394   -0.126394 (VIOLATED)
_1646_/S                                0.750000    0.876393   -0.126393 (VIOLATED)
_1656_/S                                0.750000    0.876392   -0.126392 (VIOLATED)
_1651_/S                                0.750000    0.876392   -0.126392 (VIOLATED)
_1501_/S                                0.750000    0.876391   -0.126391 (VIOLATED)
_1556_/S                                0.750000    0.876391   -0.126391 (VIOLATED)
_1586_/S                                0.750000    0.876391   -0.126391 (VIOLATED)
_1561_/S                                0.750000    0.876390   -0.126390 (VIOLATED)
_1546_/S                                0.750000    0.876390   -0.126390 (VIOLATED)
_1571_/S                                0.750000    0.876389   -0.126389 (VIOLATED)
_1541_/S                                0.750000    0.876388   -0.126388 (VIOLATED)
_1516_/S                                0.750000    0.876388   -0.126388 (VIOLATED)
_1551_/S                                0.750000    0.876387   -0.126387 (VIOLATED)
_1496_/X                                0.750000    0.876384   -0.126384 (VIOLATED)
_1497_/B                                0.750000    0.876384   -0.126384 (VIOLATED)
_1506_/S                                0.750000    0.876384   -0.126384 (VIOLATED)
_1511_/S                                0.750000    0.876384   -0.126384 (VIOLATED)
_1521_/S                                0.750000    0.876384   -0.126384 (VIOLATED)
_1526_/S                                0.750000    0.876384   -0.126384 (VIOLATED)
_1531_/S                                0.750000    0.876384   -0.126384 (VIOLATED)
_1536_/S                                0.750000    0.876384   -0.126384 (VIOLATED)
_1174_/A2                               0.750000    0.859557   -0.109557 (VIOLATED)
_1170_/A2                               0.750000    0.859557   -0.109557 (VIOLATED)
_1585_/A                                0.750000    0.859557   -0.109557 (VIOLATED)
_1555_/A                                0.750000    0.859556   -0.109556 (VIOLATED)
_1158_/A2                               0.750000    0.859555   -0.109555 (VIOLATED)
_1160_/A2                               0.750000    0.859554   -0.109554 (VIOLATED)
_1154_/A2                               0.750000    0.859553   -0.109553 (VIOLATED)
_1164_/A2                               0.750000    0.859553   -0.109553 (VIOLATED)
_1560_/A                                0.750000    0.859551   -0.109551 (VIOLATED)
_1545_/A                                0.750000    0.859551   -0.109551 (VIOLATED)
_1570_/A                                0.750000    0.859550   -0.109550 (VIOLATED)
_1152_/A2                               0.750000    0.859547   -0.109547 (VIOLATED)
_1540_/A                                0.750000    0.859546   -0.109546 (VIOLATED)
_1156_/A2                               0.750000    0.859544   -0.109544 (VIOLATED)
_1595_/A                                0.750000    0.859542   -0.109543 (VIOLATED)
_1550_/A                                0.750000    0.859542   -0.109542 (VIOLATED)
_1176_/A2                               0.750000    0.859542   -0.109542 (VIOLATED)
_1600_/A                                0.750000    0.859542   -0.109542 (VIOLATED)
_1605_/A                                0.750000    0.859542   -0.109542 (VIOLATED)
_1615_/A                                0.750000    0.859541   -0.109541 (VIOLATED)
_1635_/A                                0.750000    0.859540   -0.109540 (VIOLATED)
_1590_/A                                0.750000    0.859540   -0.109540 (VIOLATED)
_1150_/A2                               0.750000    0.859539   -0.109539 (VIOLATED)
_1172_/A2                               0.750000    0.859539   -0.109539 (VIOLATED)
_1146_/A2                               0.750000    0.859539   -0.109539 (VIOLATED)
_1535_/A                                0.750000    0.859539   -0.109539 (VIOLATED)
_1525_/A                                0.750000    0.859539   -0.109539 (VIOLATED)
_1530_/A                                0.750000    0.859538   -0.109538 (VIOLATED)
_1610_/A                                0.750000    0.859538   -0.109538 (VIOLATED)
_1148_/A2                               0.750000    0.859538   -0.109538 (VIOLATED)
_1347_/A                                0.750000    0.859538   -0.109538 (VIOLATED)
_1520_/A                                0.750000    0.859537   -0.109537 (VIOLATED)
_1168_/A2                               0.750000    0.859537   -0.109537 (VIOLATED)
_1580_/A                                0.750000    0.859537   -0.109537 (VIOLATED)
_1144_/A2                               0.750000    0.859537   -0.109537 (VIOLATED)
_1166_/A2                               0.750000    0.859537   -0.109537 (VIOLATED)
_1575_/A                                0.750000    0.859536   -0.109536 (VIOLATED)
_1142_/A2                               0.750000    0.859535   -0.109535 (VIOLATED)
_1162_/A2                               0.750000    0.859535   -0.109535 (VIOLATED)
_1565_/A                                0.750000    0.859535   -0.109535 (VIOLATED)
_0823_/Y                                0.750000    0.859533   -0.109533 (VIOLATED)
_1136_/A2                               0.750000    0.859533   -0.109533 (VIOLATED)
_1138_/A2                               0.750000    0.859533   -0.109533 (VIOLATED)
_1140_/A2                               0.750000    0.859533   -0.109533 (VIOLATED)
_1336_/A0                               0.750000    0.859533   -0.109533 (VIOLATED)
_1341_/A1                               0.750000    0.859533   -0.109533 (VIOLATED)
_1344_/A1                               0.750000    0.859533   -0.109533 (VIOLATED)
_1461_/A2                               0.750000    0.859533   -0.109533 (VIOLATED)
_1500_/A                                0.750000    0.859533   -0.109533 (VIOLATED)
_1505_/A                                0.750000    0.859533   -0.109533 (VIOLATED)
_1510_/A                                0.750000    0.859533   -0.109533 (VIOLATED)
_1515_/A                                0.750000    0.859533   -0.109533 (VIOLATED)
_1620_/A                                0.750000    0.859533   -0.109533 (VIOLATED)
_1625_/A                                0.750000    0.859533   -0.109533 (VIOLATED)
_1630_/A                                0.750000    0.859533   -0.109533 (VIOLATED)
_1640_/A                                0.750000    0.859533   -0.109533 (VIOLATED)
_1645_/A                                0.750000    0.859533   -0.109533 (VIOLATED)
_1650_/A                                0.750000    0.859533   -0.109533 (VIOLATED)
_1655_/A                                0.750000    0.859533   -0.109533 (VIOLATED)
_1818_/D                                0.750000    0.859533   -0.109533 (VIOLATED)

max fanout

Pin                                   Limit Fanout  Slack
---------------------------------------------------------
clock                                     8    267   -259 (VIOLATED)
reset                                     8     73    -65 (VIOLATED)
host_output_addr[0]                       8     67    -59 (VIOLATED)
host_output_addr[1]                       8     67    -59 (VIOLATED)
_1179_/X                                  8     64    -56 (VIOLATED)
_1244_/Y                                  8     64    -56 (VIOLATED)
_0823_/Y                                  8     59    -51 (VIOLATED)
_0826_/X                                  8     52    -44 (VIOLATED)
_0825_/Y                                  8     51    -43 (VIOLATED)
_1335_/X                                  8     39    -31 (VIOLATED)
host_output_addr[2]                       8     34    -26 (VIOLATED)
_0832_/Y                                  8     33    -25 (VIOLATED)
_1048_/X                                  8     33    -25 (VIOLATED)
_1087_/Y                                  8     33    -25 (VIOLATED)
_1123_/X                                  8     33    -25 (VIOLATED)
_1462_/Y                                  8     33    -25 (VIOLATED)
_1496_/X                                  8     33    -25 (VIOLATED)
_0818_/Y                                  8     32    -24 (VIOLATED)
_1053_/Y                                  8     32    -24 (VIOLATED)
_1089_/Y                                  8     32    -24 (VIOLATED)
_1124_/Y                                  8     32    -24 (VIOLATED)
_1463_/Y                                  8     32    -24 (VIOLATED)
_1497_/X                                  8     32    -24 (VIOLATED)
_1332_/X                                  8     29    -21 (VIOLATED)
_1348_/Y                                  8     23    -15 (VIOLATED)
_1828_/Q                                  8     12     -4 (VIOLATED)
host_input_addr[1]                        8     11     -3 (VIOLATED)
host_input_addr[2]                        8     11     -3 (VIOLATED)
_1364_/X                                  8     10     -2 (VIOLATED)
_1309_/Y                                  8      9        (VIOLATED)

max capacitance

Pin                                        Limit         Cap       Slack
------------------------------------------------------------------------
clock                                   0.200000    0.723727   -0.523727 (VIOLATED)
host_output_addr[0]                     0.200000    0.342942   -0.142942 (VIOLATED)
host_output_addr[1]                     0.200000    0.298600   -0.098600 (VIOLATED)
_0825_/Y                                0.141917    0.199551   -0.057634 (VIOLATED)
_1244_/Y                                0.141917    0.199521   -0.057604 (VIOLATED)
_1462_/Y                                0.093394    0.147674   -0.054280 (VIOLATED)
_1087_/Y                                0.093394    0.140071   -0.046677 (VIOLATED)
_0832_/Y                                0.092478    0.120785   -0.028307 (VIOLATED)
_0826_/X                                0.200000    0.210044   -0.010044 (VIOLATED)
reset                                   0.200000    0.207971   -0.007971 (VIOLATED)



===========================================================================
report_parasitic_annotation -report_unannotated
============================================================================
Found 0 unannotated drivers.
Found 0 partially unannotated drivers.

===========================================================================
max slew violation count 1041
Writing metric design__max_slew_violation__count__corner:nom_tt_025C_1v80: 1041
max fanout violation count 30
Writing metric design__max_fanout_violation__count__corner:nom_tt_025C_1v80: 30
max cap violation count 10
Writing metric design__max_cap_violation__count__corner:nom_tt_025C_1v80: 10
============================================================================

===========================================================================
check_setup -verbose -unconstrained_endpoints -multiple_clock -no_clock -no_input_delay -loops -generated_clocks
===========================================================================
