
===========================================================================
report_checks -unconstrained
===========================================================================
======================= nom_tt_025C_1v80 Corner ===================================

Startpoint: wb_rst_i (input port clocked by wb_clk_i)
Endpoint: _1521_ (recovery check against rising-edge clock wb_clk_i)
Path Group: asynchronous
Path Type: max

Fanout         Cap        Slew       Delay        Time   Description
---------------------------------------------------------------------------------------------
                                  0.000000    0.000000   clock wb_clk_i (rise edge)
                                  0.000000    0.000000   clock network delay (propagated)
                                  5.000000    5.000000 v input external delay
   239    1.320997    2.870498    2.177483    7.177483 v wb_rst_i (in)
                                                         wb_rst_i (net)
                      2.874494    0.000000    7.177483 v _1287_/A (sky130_fd_sc_hd__inv_2)
     1    0.003741    0.307447    0.424833    7.602316 ^ _1287_/Y (sky130_fd_sc_hd__inv_2)
                                                         _0089_ (net)
                      0.307447    0.000003    7.602319 ^ _1521_/RESET_B (sky130_fd_sc_hd__dfrtp_2)
                                              7.602319   data arrival time

                                 25.000000   25.000000   clock wb_clk_i (rise edge)
                                  0.000000   25.000000   clock source latency
   234    0.793221    3.525135    2.428941   27.428940 ^ wb_clk_i (in)
                                                         wb_clk_i (net)
                      3.525318    0.000000   27.428940 ^ _1521_/CLK (sky130_fd_sc_hd__dfrtp_2)
                                 -0.250000   27.178940   clock uncertainty
                                  0.000000   27.178940   clock reconvergence pessimism
                                  0.681661   27.860601   library recovery time
                                             27.860601   data required time
---------------------------------------------------------------------------------------------
                                             27.860601   data required time
                                             -7.602319   data arrival time
---------------------------------------------------------------------------------------------
                                             20.258284   slack (MET)


Startpoint: wb_rst_i (input port clocked by wb_clk_i)
Endpoint: io_oeb[8] (output port clocked by wb_clk_i)
Path Group: wb_clk_i
Path Type: max

Fanout         Cap        Slew       Delay        Time   Description
---------------------------------------------------------------------------------------------
                                  0.000000    0.000000   clock wb_clk_i (rise edge)
                                  0.000000    0.000000   clock network delay (propagated)
                                  5.000000    5.000000 ^ input external delay
   239    1.400643    6.221673    4.339838    9.339838 ^ wb_rst_i (in)
                                                         wb_rst_i (net)
                      6.224716    0.000000    9.339838 ^ _1810_/A (sky130_fd_sc_hd__buf_2)
     1    0.034902    0.222911    0.780116   10.119953 ^ _1810_/X (sky130_fd_sc_hd__buf_2)
                                                         io_oeb[8] (net)
                      0.222911    0.000334   10.120287 ^ io_oeb[8] (out)
                                             10.120287   data arrival time

                                 25.000000   25.000000   clock wb_clk_i (rise edge)
                                  0.000000   25.000000   clock network delay (propagated)
                                 -0.250000   24.750000   clock uncertainty
                                  0.000000   24.750000   clock reconvergence pessimism
                                 -5.000000   19.750000   output external delay
                                             19.750000   data required time
---------------------------------------------------------------------------------------------
                                             19.750000   data required time
                                            -10.120287   data arrival time
---------------------------------------------------------------------------------------------
                                              9.629712   slack (MET)




===========================================================================
report_checks --slack_max -0.01
============================================================================
======================= nom_tt_025C_1v80 Corner ===================================

No paths found.


===========================================================================
 report_check_types -max_slew -max_cap -max_fanout -violators
============================================================================
======================= nom_tt_025C_1v80 Corner ===================================

max slew

Pin                                        Limit        Slew       Slack
------------------------------------------------------------------------
_1829_/A                                0.750000    6.224758   -5.474758 (VIOLATED)
_1804_/A                                0.750000    6.224742   -5.474742 (VIOLATED)
_1802_/A                                0.750000    6.224728   -5.474728 (VIOLATED)
_1831_/A                                0.750000    6.224730   -5.474730 (VIOLATED)
_1809_/A                                0.750000    6.224718   -5.474718 (VIOLATED)
_1823_/A                                0.750000    6.224722   -5.474722 (VIOLATED)
_1836_/A                                0.750000    6.224727   -5.474727 (VIOLATED)
_1810_/A                                0.750000    6.224716   -5.474716 (VIOLATED)
_1828_/A                                0.750000    6.224720   -5.474720 (VIOLATED)
_1826_/A                                0.750000    6.224713   -5.474713 (VIOLATED)
_1815_/A                                0.750000    6.224704   -5.474703 (VIOLATED)
_1819_/A                                0.750000    6.224707   -5.474707 (VIOLATED)
_1832_/A                                0.750000    6.224710   -5.474710 (VIOLATED)
_1803_/A                                0.750000    6.224689   -5.474689 (VIOLATED)
_1806_/A                                0.750000    6.224693   -5.474693 (VIOLATED)
_1814_/A                                0.750000    6.224697   -5.474697 (VIOLATED)
_1821_/A                                0.750000    6.224685   -5.474685 (VIOLATED)
_1805_/A                                0.750000    6.224676   -5.474676 (VIOLATED)
_1807_/A                                0.750000    6.224671   -5.474671 (VIOLATED)
_1812_/A                                0.750000    6.224661   -5.474661 (VIOLATED)
_1817_/A                                0.750000    6.224666   -5.474666 (VIOLATED)
_1808_/A                                0.750000    6.224656   -5.474656 (VIOLATED)
_1818_/A                                0.750000    6.224653   -5.474653 (VIOLATED)
_1834_/A                                0.750000    6.224651   -5.474651 (VIOLATED)
_1811_/A                                0.750000    6.224645   -5.474645 (VIOLATED)
_1820_/A                                0.750000    6.224645   -5.474645 (VIOLATED)
_1822_/A                                0.750000    6.224649   -5.474649 (VIOLATED)
_1824_/A                                0.750000    6.224650   -5.474650 (VIOLATED)
_1825_/A                                0.750000    6.224648   -5.474648 (VIOLATED)
_1827_/A                                0.750000    6.224646   -5.474646 (VIOLATED)
_1830_/A                                0.750000    6.224644   -5.474644 (VIOLATED)
_1837_/A                                0.750000    6.224646   -5.474646 (VIOLATED)
_1839_/A                                0.750000    6.224651   -5.474651 (VIOLATED)
_1334_/A                                0.750000    6.224296   -5.474296 (VIOLATED)
_1293_/A                                0.750000    6.224261   -5.474261 (VIOLATED)
_1261_/A                                0.750000    6.224222   -5.474222 (VIOLATED)
_1336_/A                                0.750000    6.224216   -5.474216 (VIOLATED)
_1333_/A                                0.750000    6.224182   -5.474182 (VIOLATED)
_1262_/A                                0.750000    6.224164   -5.474164 (VIOLATED)
_1294_/A                                0.750000    6.224153   -5.474153 (VIOLATED)
_1335_/A                                0.750000    6.224130   -5.474130 (VIOLATED)
_1228_/A                                0.750000    6.224123   -5.474123 (VIOLATED)
_1396_/A                                0.750000    6.224121   -5.474121 (VIOLATED)
_1397_/A                                0.750000    6.224030   -5.474030 (VIOLATED)
_1229_/A                                0.750000    6.224010   -5.474010 (VIOLATED)
_1320_/A                                0.750000    6.223867   -5.473867 (VIOLATED)
_1326_/A                                0.750000    6.223863   -5.473862 (VIOLATED)
_1328_/A                                0.750000    6.223861   -5.473861 (VIOLATED)
_1330_/A                                0.750000    6.223856   -5.473856 (VIOLATED)
_1332_/A                                0.750000    6.223859   -5.473859 (VIOLATED)
_1327_/A                                0.750000    6.223844   -5.473844 (VIOLATED)
_1329_/A                                0.750000    6.223848   -5.473848 (VIOLATED)
_1291_/A                                0.750000    6.223832   -5.473832 (VIOLATED)
_1292_/A                                0.750000    6.223828   -5.473828 (VIOLATED)
_1331_/A                                0.750000    6.223830   -5.473830 (VIOLATED)
_1324_/A                                0.750000    6.223824   -5.473824 (VIOLATED)
_1813_/A                                0.750000    6.223827   -5.473827 (VIOLATED)
_1260_/A                                0.750000    6.223821   -5.473821 (VIOLATED)
_1833_/A                                0.750000    6.223825   -5.473825 (VIOLATED)
_1838_/A                                0.750000    6.223823   -5.473823 (VIOLATED)
_1289_/A                                0.750000    6.223817   -5.473817 (VIOLATED)
_1325_/A                                0.750000    6.223821   -5.473821 (VIOLATED)
_1395_/A                                0.750000    6.223816   -5.473816 (VIOLATED)
_1257_/A                                0.750000    6.223805   -5.473805 (VIOLATED)
_1259_/A                                0.750000    6.223806   -5.473806 (VIOLATED)
_1288_/A                                0.750000    6.223811   -5.473811 (VIOLATED)
_1290_/A                                0.750000    6.223805   -5.473804 (VIOLATED)
_1323_/A                                0.750000    6.223810   -5.473810 (VIOLATED)
_1394_/A                                0.750000    6.223807   -5.473807 (VIOLATED)
_1225_/A                                0.750000    6.223790   -5.473790 (VIOLATED)
_1256_/A                                0.750000    6.223795   -5.473795 (VIOLATED)
_1258_/A                                0.750000    6.223798   -5.473798 (VIOLATED)
_1287_/A                                0.750000    6.223798   -5.473798 (VIOLATED)
_1321_/A                                0.750000    6.223800   -5.473800 (VIOLATED)
_1816_/A                                0.750000    6.223800   -5.473800 (VIOLATED)
_1835_/A                                0.750000    6.223799   -5.473799 (VIOLATED)
_1255_/A                                0.750000    6.223787   -5.473787 (VIOLATED)
_1393_/A                                0.750000    6.223788   -5.473788 (VIOLATED)
_1224_/A                                0.750000    6.223772   -5.473772 (VIOLATED)
_1254_/A                                0.750000    6.223748   -5.473748 (VIOLATED)
_1392_/A                                0.750000    6.223726   -5.473726 (VIOLATED)
_1317_/A                                0.750000    6.223715   -5.473714 (VIOLATED)
_1223_/A                                0.750000    6.223701   -5.473701 (VIOLATED)
_1226_/A                                0.750000    6.223661   -5.473661 (VIOLATED)
_1227_/A                                0.750000    6.223663   -5.473662 (VIOLATED)
_1322_/A                                0.750000    6.223659   -5.473659 (VIOLATED)
_1319_/A                                0.750000    6.223651   -5.473651 (VIOLATED)
_1379_/A                                0.750000    6.223629   -5.473629 (VIOLATED)
_1221_/A                                0.750000    6.223588   -5.473588 (VIOLATED)
_1222_/A                                0.750000    6.223589   -5.473589 (VIOLATED)
_1390_/A                                0.750000    6.223576   -5.473576 (VIOLATED)
_1286_/A                                0.750000    6.223562   -5.473562 (VIOLATED)
_1253_/A                                0.750000    6.223554   -5.473554 (VIOLATED)
_1283_/A                                0.750000    6.223555   -5.473555 (VIOLATED)
_1284_/A                                0.750000    6.223560   -5.473560 (VIOLATED)
_1285_/A                                0.750000    6.223547   -5.473547 (VIOLATED)
_1391_/A                                0.750000    6.223553   -5.473553 (VIOLATED)
_1380_/A                                0.750000    6.223516   -5.473516 (VIOLATED)
_1316_/A                                0.750000    6.223452   -5.473452 (VIOLATED)
_1315_/A                                0.750000    6.223294   -5.473294 (VIOLATED)
_1387_/A                                0.750000    6.223236   -5.473235 (VIOLATED)
_1388_/A                                0.750000    6.223238   -5.473238 (VIOLATED)
_1389_/A                                0.750000    6.223233   -5.473233 (VIOLATED)
_1381_/A                                0.750000    6.223227   -5.473227 (VIOLATED)
_1338_/A                                0.750000    6.223217   -5.473217 (VIOLATED)
_1382_/A                                0.750000    6.223213   -5.473213 (VIOLATED)
_1398_/A                                0.750000    6.223199   -5.473199 (VIOLATED)
_1383_/A                                0.750000    6.223189   -5.473189 (VIOLATED)
_0673_/A                                0.750000    6.223181   -5.473181 (VIOLATED)
_1318_/A                                0.750000    6.223166   -5.473166 (VIOLATED)
_1219_/A                                0.750000    6.223143   -5.473143 (VIOLATED)
_1220_/A                                0.750000    6.223117   -5.473117 (VIOLATED)
_1282_/A                                0.750000    6.223109   -5.473109 (VIOLATED)
_1377_/A                                0.750000    6.223094   -5.473094 (VIOLATED)
_1250_/A                                0.750000    6.223074   -5.473074 (VIOLATED)
_1378_/A                                0.750000    6.223061   -5.473061 (VIOLATED)
_1314_/A                                0.750000    6.223027   -5.473027 (VIOLATED)
_1375_/A                                0.750000    6.223018   -5.473018 (VIOLATED)
_1384_/A                                0.750000    6.222690   -5.472690 (VIOLATED)
_1385_/A                                0.750000    6.222694   -5.472694 (VIOLATED)
_1386_/A                                0.750000    6.222696   -5.472696 (VIOLATED)
_1230_/A                                0.750000    6.222686   -5.472685 (VIOLATED)
_1252_/A                                0.750000    6.222679   -5.472679 (VIOLATED)
_1251_/A                                0.750000    6.222670   -5.472670 (VIOLATED)
_1218_/A                                0.750000    6.222661   -5.472661 (VIOLATED)
_1217_/A                                0.750000    6.222644   -5.472644 (VIOLATED)
_1248_/A                                0.750000    6.222627   -5.472627 (VIOLATED)
_1281_/A                                0.750000    6.222622   -5.472622 (VIOLATED)
_1249_/A                                0.750000    6.222613   -5.472613 (VIOLATED)
_1373_/A                                0.750000    6.222609   -5.472609 (VIOLATED)
_1376_/A                                0.750000    6.222611   -5.472611 (VIOLATED)
_1313_/A                                0.750000    6.222583   -5.472583 (VIOLATED)
_1312_/A                                0.750000    6.222434   -5.472434 (VIOLATED)
_1371_/A                                0.750000    6.222346   -5.472346 (VIOLATED)
_1341_/A                                0.750000    6.222310   -5.472310 (VIOLATED)
_1342_/A                                0.750000    6.222311   -5.472311 (VIOLATED)
_1344_/A                                0.750000    6.222311   -5.472311 (VIOLATED)
_1297_/A                                0.750000    6.222304   -5.472304 (VIOLATED)
_1264_/A                                0.750000    6.222299   -5.472298 (VIOLATED)
_1200_/A                                0.750000    6.222291   -5.472291 (VIOLATED)
_1296_/A                                0.750000    6.222296   -5.472296 (VIOLATED)
_1201_/A                                0.750000    6.222289   -5.472289 (VIOLATED)
_1339_/A                                0.750000    6.222292   -5.472292 (VIOLATED)
_1232_/A                                0.750000    6.222279   -5.472279 (VIOLATED)
_1233_/A                                0.750000    6.222270   -5.472270 (VIOLATED)
_1202_/A                                0.750000    6.222260   -5.472260 (VIOLATED)
_1203_/A                                0.750000    6.222259   -5.472259 (VIOLATED)
_1265_/A                                0.750000    6.222263   -5.472263 (VIOLATED)
_1266_/A                                0.750000    6.222262   -5.472262 (VIOLATED)
_1298_/A                                0.750000    6.222263   -5.472263 (VIOLATED)
_1204_/A                                0.750000    6.222251   -5.472251 (VIOLATED)
_1234_/A                                0.750000    6.222256   -5.472256 (VIOLATED)
_1205_/A                                0.750000    6.222228   -5.472227 (VIOLATED)
_1343_/A                                0.750000    6.222221   -5.472221 (VIOLATED)
_1345_/A                                0.750000    6.222221   -5.472221 (VIOLATED)
_1299_/A                                0.750000    6.222215   -5.472215 (VIOLATED)
_1346_/A                                0.750000    6.222219   -5.472219 (VIOLATED)
_1199_/A                                0.750000    6.222210   -5.472210 (VIOLATED)
_1267_/A                                0.750000    6.222209   -5.472209 (VIOLATED)
_1206_/A                                0.750000    6.222202   -5.472202 (VIOLATED)
_1231_/A                                0.750000    6.222206   -5.472206 (VIOLATED)
_1337_/A                                0.750000    6.222209   -5.472209 (VIOLATED)
_1340_/A                                0.750000    6.222211   -5.472211 (VIOLATED)
_1235_/A                                0.750000    6.222203   -5.472203 (VIOLATED)
_1207_/A                                0.750000    6.222194   -5.472194 (VIOLATED)
_1236_/A                                0.750000    6.222195   -5.472194 (VIOLATED)
_1369_/A                                0.750000    6.222194   -5.472194 (VIOLATED)
_1237_/A                                0.750000    6.222186   -5.472186 (VIOLATED)
_1238_/A                                0.750000    6.222175   -5.472175 (VIOLATED)
_1208_/A                                0.750000    6.222164   -5.472164 (VIOLATED)
_1239_/A                                0.750000    6.222161   -5.472161 (VIOLATED)
_1240_/A                                0.750000    6.222144   -5.472143 (VIOLATED)
_1209_/A                                0.750000    6.222125   -5.472125 (VIOLATED)
_1216_/A                                0.750000    6.222110   -5.472110 (VIOLATED)
_1263_/A                                0.750000    6.222112   -5.472112 (VIOLATED)
_1295_/A                                0.750000    6.222114   -5.472114 (VIOLATED)
_1214_/A                                0.750000    6.222101   -5.472101 (VIOLATED)
_1215_/A                                0.750000    6.222106   -5.472106 (VIOLATED)
_1347_/A                                0.750000    6.222098   -5.472098 (VIOLATED)
_1348_/A                                0.750000    6.222099   -5.472099 (VIOLATED)
_1213_/A                                0.750000    6.222093   -5.472093 (VIOLATED)
_1300_/A                                0.750000    6.222092   -5.472092 (VIOLATED)
_1350_/A                                0.750000    6.222096   -5.472096 (VIOLATED)
_1245_/A                                0.750000    6.222087   -5.472087 (VIOLATED)
_1268_/A                                0.750000    6.222088   -5.472088 (VIOLATED)
_1269_/A                                0.750000    6.222080   -5.472080 (VIOLATED)
_1280_/A                                0.750000    6.222085   -5.472085 (VIOLATED)
_1301_/A                                0.750000    6.222084   -5.472084 (VIOLATED)
_1311_/A                                0.750000    6.222084   -5.472084 (VIOLATED)
_1210_/A                                0.750000    6.222066   -5.472066 (VIOLATED)
_1270_/A                                0.750000    6.222071   -5.472071 (VIOLATED)
_1302_/A                                0.750000    6.222064   -5.472064 (VIOLATED)
_1349_/A                                0.750000    6.222067   -5.472067 (VIOLATED)
_1351_/A                                0.750000    6.222064   -5.472064 (VIOLATED)
_1352_/A                                0.750000    6.222068   -5.472068 (VIOLATED)
_1271_/A                                0.750000    6.222061   -5.472061 (VIOLATED)
_1354_/A                                0.750000    6.222065   -5.472065 (VIOLATED)
_1303_/A                                0.750000    6.222057   -5.472057 (VIOLATED)
_1272_/A                                0.750000    6.222048   -5.472048 (VIOLATED)
_1304_/A                                0.750000    6.222047   -5.472047 (VIOLATED)
_1353_/A                                0.750000    6.222047   -5.472047 (VIOLATED)
_1367_/A                                0.750000    6.222051   -5.472051 (VIOLATED)
_1355_/A                                0.750000    6.222045   -5.472045 (VIOLATED)
_1356_/A                                0.750000    6.222048   -5.472048 (VIOLATED)
_1305_/A                                0.750000    6.222038   -5.472038 (VIOLATED)
_1357_/A                                0.750000    6.222042   -5.472042 (VIOLATED)
_1273_/A                                0.750000    6.222031   -5.472031 (VIOLATED)
_1211_/A                                0.750000    6.222018   -5.472018 (VIOLATED)
_1306_/A                                0.750000    6.222022   -5.472022 (VIOLATED)
_1274_/A                                0.750000    6.222005   -5.472005 (VIOLATED)
_1275_/A                                0.750000    6.221987   -5.471987 (VIOLATED)
_1212_/A                                0.750000    6.221963   -5.471963 (VIOLATED)
_1241_/A                                0.750000    6.221963   -5.471963 (VIOLATED)
_1246_/A                                0.750000    6.221968   -5.471968 (VIOLATED)
_1247_/A                                0.750000    6.221970   -5.471970 (VIOLATED)
_1372_/A                                0.750000    6.221966   -5.471966 (VIOLATED)
_1374_/A                                0.750000    6.221969   -5.471969 (VIOLATED)
_1370_/A                                0.750000    6.221960   -5.471960 (VIOLATED)
_1244_/A                                0.750000    6.221954   -5.471954 (VIOLATED)
_1242_/A                                0.750000    6.221941   -5.471941 (VIOLATED)
_1243_/A                                0.750000    6.221941   -5.471941 (VIOLATED)
_1279_/A                                0.750000    6.221944   -5.471944 (VIOLATED)
_1276_/A                                0.750000    6.221921   -5.471921 (VIOLATED)
_1278_/A                                0.750000    6.221899   -5.471899 (VIOLATED)
_1368_/A                                0.750000    6.221882   -5.471882 (VIOLATED)
_1358_/A                                0.750000    6.221863   -5.471863 (VIOLATED)
_1307_/A                                0.750000    6.221856   -5.471856 (VIOLATED)
_1359_/A                                0.750000    6.221858   -5.471858 (VIOLATED)
_1360_/A                                0.750000    6.221862   -5.471862 (VIOLATED)
_1362_/A                                0.750000    6.221859   -5.471859 (VIOLATED)
_1361_/A                                0.750000    6.221852   -5.471851 (VIOLATED)
_1308_/A                                0.750000    6.221846   -5.471846 (VIOLATED)
_1364_/A                                0.750000    6.221849   -5.471849 (VIOLATED)
_1363_/A                                0.750000    6.221841   -5.471841 (VIOLATED)
_1366_/A                                0.750000    6.221836   -5.471836 (VIOLATED)
_1277_/A                                0.750000    6.221782   -5.471782 (VIOLATED)
_1310_/A                                0.750000    6.221781   -5.471781 (VIOLATED)
_1365_/A                                0.750000    6.221762   -5.471761 (VIOLATED)
_1309_/A                                0.750000    6.221725   -5.471725 (VIOLATED)
wb_rst_i                                0.750000    6.221673   -5.471673 (VIOLATED)
_1527_/CLK                              0.750000    3.525556   -2.775556 (VIOLATED)
_1429_/CLK                              0.750000    3.525552   -2.775552 (VIOLATED)
_1495_/CLK                              0.750000    3.525554   -2.775554 (VIOLATED)
_1496_/CLK                              0.750000    3.525552   -2.775551 (VIOLATED)
_1528_/CLK                              0.750000    3.525554   -2.775554 (VIOLATED)
_1567_/CLK                              0.750000    3.525556   -2.775556 (VIOLATED)
_1568_/CLK                              0.750000    3.525557   -2.775557 (VIOLATED)
_1570_/CLK                              0.750000    3.525556   -2.775556 (VIOLATED)
_1569_/CLK                              0.750000    3.525553   -2.775553 (VIOLATED)
_1630_/CLK                              0.750000    3.525548   -2.775548 (VIOLATED)
_1430_/CLK                              0.750000    3.525543   -2.775542 (VIOLATED)
_1463_/CLK                              0.750000    3.525538   -2.775538 (VIOLATED)
_1621_/CLK                              0.750000    3.525540   -2.775540 (VIOLATED)
_1622_/CLK                              0.750000    3.525541   -2.775541 (VIOLATED)
_1631_/CLK                              0.750000    3.525543   -2.775543 (VIOLATED)
_1615_/CLK                              0.750000    3.525537   -2.775537 (VIOLATED)
_1623_/CLK                              0.750000    3.525539   -2.775539 (VIOLATED)
_1572_/CLK                              0.750000    3.525533   -2.775534 (VIOLATED)
_1616_/CLK                              0.750000    3.525532   -2.775532 (VIOLATED)
_1554_/CLK                              0.750000    3.525527   -2.775527 (VIOLATED)
_1617_/CLK                              0.750000    3.525527   -2.775527 (VIOLATED)
_1632_/CLK                              0.750000    3.525524   -2.775524 (VIOLATED)
_1399_/CLK                              0.750000    3.525521   -2.775521 (VIOLATED)
_1464_/CLK                              0.750000    3.525515   -2.775515 (VIOLATED)
_1552_/CLK                              0.750000    3.525516   -2.775516 (VIOLATED)
_1420_/CLK                              0.750000    3.525506   -2.775506 (VIOLATED)
_1551_/CLK                              0.750000    3.525509   -2.775509 (VIOLATED)
_1421_/CLK                              0.750000    3.525493   -2.775493 (VIOLATED)
_1493_/CLK                              0.750000    3.525470   -2.775470 (VIOLATED)
_1494_/CLK                              0.750000    3.525471   -2.775471 (VIOLATED)
_1611_/CLK                              0.750000    3.525473   -2.775473 (VIOLATED)
_1628_/CLK                              0.750000    3.525470   -2.775470 (VIOLATED)
_1629_/CLK                              0.750000    3.525471   -2.775471 (VIOLATED)
_1427_/CLK                              0.750000    3.525466   -2.775466 (VIOLATED)
_1428_/CLK                              0.750000    3.525468   -2.775467 (VIOLATED)
_1556_/CLK                              0.750000    3.525462   -2.775463 (VIOLATED)
_1451_/CLK                              0.750000    3.525457   -2.775457 (VIOLATED)
_1553_/CLK                              0.750000    3.525459   -2.775459 (VIOLATED)
_1613_/CLK                              0.750000    3.525454   -2.775454 (VIOLATED)
_1422_/CLK                              0.750000    3.525446   -2.775446 (VIOLATED)
_1423_/CLK                              0.750000    3.525446   -2.775447 (VIOLATED)
_1461_/CLK                              0.750000    3.525447   -2.775447 (VIOLATED)
_1612_/CLK                              0.750000    3.525446   -2.775446 (VIOLATED)
_1614_/CLK                              0.750000    3.525448   -2.775448 (VIOLATED)
_1550_/CLK                              0.750000    3.525442   -2.775442 (VIOLATED)
_1624_/CLK                              0.750000    3.525445   -2.775445 (VIOLATED)
_1484_/CLK                              0.750000    3.525436   -2.775436 (VIOLATED)
_1549_/CLK                              0.750000    3.525435   -2.775435 (VIOLATED)
_1548_/CLK                              0.750000    3.525424   -2.775424 (VIOLATED)
_1431_/CLK                              0.750000    3.525419   -2.775419 (VIOLATED)
_1453_/CLK                              0.750000    3.525416   -2.775416 (VIOLATED)
_1469_/CLK                              0.750000    3.525417   -2.775416 (VIOLATED)
_1471_/CLK                              0.750000    3.525418   -2.775418 (VIOLATED)
_1477_/CLK                              0.750000    3.525418   -2.775418 (VIOLATED)
_1582_/CLK                              0.750000    3.525418   -2.775418 (VIOLATED)
_1618_/CLK                              0.750000    3.525420   -2.775420 (VIOLATED)
_1619_/CLK                              0.750000    3.525422   -2.775422 (VIOLATED)
_1620_/CLK                              0.750000    3.525423   -2.775423 (VIOLATED)
_1452_/CLK                              0.750000    3.525413   -2.775412 (VIOLATED)
_1470_/CLK                              0.750000    3.525415   -2.775415 (VIOLATED)
_1534_/CLK                              0.750000    3.525413   -2.775413 (VIOLATED)
_1581_/CLK                              0.750000    3.525415   -2.775415 (VIOLATED)
_1609_/CLK                              0.750000    3.525417   -2.775417 (VIOLATED)
_1584_/CLK                              0.750000    3.525414   -2.775414 (VIOLATED)
_1419_/CLK                              0.750000    3.525409   -2.775409 (VIOLATED)
_1502_/CLK                              0.750000    3.525408   -2.775409 (VIOLATED)
_1418_/CLK                              0.750000    3.525404   -2.775404 (VIOLATED)
_1462_/CLK                              0.750000    3.525404   -2.775404 (VIOLATED)
_1526_/CLK                              0.750000    3.525406   -2.775406 (VIOLATED)
_1533_/CLK                              0.750000    3.525407   -2.775407 (VIOLATED)
_1566_/CLK                              0.750000    3.525406   -2.775406 (VIOLATED)
_1525_/CLK                              0.750000    3.525403   -2.775403 (VIOLATED)
_1561_/CLK                              0.750000    3.525403   -2.775403 (VIOLATED)
_1563_/CLK                              0.750000    3.525405   -2.775405 (VIOLATED)
_1564_/CLK                              0.750000    3.525404   -2.775404 (VIOLATED)
_1565_/CLK                              0.750000    3.525406   -2.775406 (VIOLATED)
_1450_/CLK                              0.750000    3.525399   -2.775399 (VIOLATED)
_1503_/CLK                              0.750000    3.525400   -2.775400 (VIOLATED)
_1558_/CLK                              0.750000    3.525399   -2.775399 (VIOLATED)
_1583_/CLK                              0.750000    3.525395   -2.775396 (VIOLATED)
_1586_/CLK                              0.750000    3.525396   -2.775396 (VIOLATED)
_1466_/CLK                              0.750000    3.525392   -2.775392 (VIOLATED)
_1467_/CLK                              0.750000    3.525391   -2.775391 (VIOLATED)
_1472_/CLK                              0.750000    3.525393   -2.775393 (VIOLATED)
_1473_/CLK                              0.750000    3.525391   -2.775391 (VIOLATED)
_1504_/CLK                              0.750000    3.525392   -2.775392 (VIOLATED)
_1524_/CLK                              0.750000    3.525392   -2.775393 (VIOLATED)
_1535_/CLK                              0.750000    3.525394   -2.775395 (VIOLATED)
_1557_/CLK                              0.750000    3.525395   -2.775395 (VIOLATED)
_1560_/CLK                              0.750000    3.525396   -2.775396 (VIOLATED)
_1562_/CLK                              0.750000    3.525396   -2.775396 (VIOLATED)
_1498_/CLK                              0.750000    3.525389   -2.775389 (VIOLATED)
_1499_/CLK                              0.750000    3.525388   -2.775388 (VIOLATED)
_1530_/CLK                              0.750000    3.525390   -2.775390 (VIOLATED)
_1531_/CLK                              0.750000    3.525391   -2.775391 (VIOLATED)
_1536_/CLK                              0.750000    3.525392   -2.775392 (VIOLATED)
_1575_/CLK                              0.750000    3.525392   -2.775392 (VIOLATED)
_1576_/CLK                              0.750000    3.525393   -2.775393 (VIOLATED)
_1577_/CLK                              0.750000    3.525393   -2.775393 (VIOLATED)
_1578_/CLK                              0.750000    3.525392   -2.775393 (VIOLATED)
_1585_/CLK                              0.750000    3.525392   -2.775393 (VIOLATED)
_1588_/CLK                              0.750000    3.525393   -2.775393 (VIOLATED)
_1610_/CLK                              0.750000    3.525393   -2.775393 (VIOLATED)
_1500_/CLK                              0.750000    3.525385   -2.775385 (VIOLATED)
_1532_/CLK                              0.750000    3.525386   -2.775386 (VIOLATED)
_1555_/CLK                              0.750000    3.525386   -2.775386 (VIOLATED)
_1403_/CLK                              0.750000    3.525382   -2.775382 (VIOLATED)
_1404_/CLK                              0.750000    3.525384   -2.775384 (VIOLATED)
_1483_/CLK                              0.750000    3.525382   -2.775382 (VIOLATED)
_1492_/CLK                              0.750000    3.525384   -2.775384 (VIOLATED)
_1505_/CLK                              0.750000    3.525383   -2.775383 (VIOLATED)
_1401_/CLK                              0.750000    3.525377   -2.775377 (VIOLATED)
_1402_/CLK                              0.750000    3.525376   -2.775376 (VIOLATED)
_1573_/CLK                              0.750000    3.525378   -2.775377 (VIOLATED)
_1425_/CLK                              0.750000    3.525374   -2.775374 (VIOLATED)
_1426_/CLK                              0.750000    3.525375   -2.775375 (VIOLATED)
_1433_/CLK                              0.750000    3.525375   -2.775375 (VIOLATED)
_1627_/CLK                              0.750000    3.525376   -2.775376 (VIOLATED)
_1434_/CLK                              0.750000    3.525373   -2.775373 (VIOLATED)
_1435_/CLK                              0.750000    3.525370   -2.775370 (VIOLATED)
_1468_/CLK                              0.750000    3.525371   -2.775371 (VIOLATED)
_1474_/CLK                              0.750000    3.525369   -2.775369 (VIOLATED)
_1537_/CLK                              0.750000    3.525370   -2.775370 (VIOLATED)
_1579_/CLK                              0.750000    3.525373   -2.775373 (VIOLATED)
_1580_/CLK                              0.750000    3.525372   -2.775372 (VIOLATED)
_1436_/CLK                              0.750000    3.525366   -2.775366 (VIOLATED)
_1460_/CLK                              0.750000    3.525366   -2.775366 (VIOLATED)
_1490_/CLK                              0.750000    3.525367   -2.775367 (VIOLATED)
_1501_/CLK                              0.750000    3.525368   -2.775368 (VIOLATED)
_1506_/CLK                              0.750000    3.525365   -2.775365 (VIOLATED)
_1437_/CLK                              0.750000    3.525362   -2.775362 (VIOLATED)
_1438_/CLK                              0.750000    3.525358   -2.775359 (VIOLATED)
_1626_/CLK                              0.750000    3.525357   -2.775357 (VIOLATED)
_1424_/CLK                              0.750000    3.525352   -2.775352 (VIOLATED)
_1439_/CLK                              0.750000    3.525354   -2.775354 (VIOLATED)
_1449_/CLK                              0.750000    3.525354   -2.775354 (VIOLATED)
_1547_/CLK                              0.750000    3.525352   -2.775352 (VIOLATED)
_1607_/CLK                              0.750000    3.525354   -2.775354 (VIOLATED)
_1440_/CLK                              0.750000    3.525349   -2.775349 (VIOLATED)
_1405_/CLK                              0.750000    3.525345   -2.775345 (VIOLATED)
_1408_/CLK                              0.750000    3.525348   -2.775347 (VIOLATED)
_1406_/CLK                              0.750000    3.525345   -2.775344 (VIOLATED)
_1407_/CLK                              0.750000    3.525343   -2.775344 (VIOLATED)
_1475_/CLK                              0.750000    3.525346   -2.775346 (VIOLATED)
_1459_/CLK                              0.750000    3.525343   -2.775343 (VIOLATED)
_1507_/CLK                              0.750000    3.525346   -2.775346 (VIOLATED)
_1476_/CLK                              0.750000    3.525341   -2.775341 (VIOLATED)
_1491_/CLK                              0.750000    3.525341   -2.775341 (VIOLATED)
_1522_/CLK                              0.750000    3.525343   -2.775344 (VIOLATED)
_1523_/CLK                              0.750000    3.525343   -2.775344 (VIOLATED)
_1559_/CLK                              0.750000    3.525344   -2.775344 (VIOLATED)
_1625_/CLK                              0.750000    3.525340   -2.775340 (VIOLATED)
_1458_/CLK                              0.750000    3.525335   -2.775335 (VIOLATED)
_1489_/CLK                              0.750000    3.525338   -2.775338 (VIOLATED)
_1409_/CLK                              0.750000    3.525330   -2.775330 (VIOLATED)
_1538_/CLK                              0.750000    3.525331   -2.775331 (VIOLATED)
_1587_/CLK                              0.750000    3.525334   -2.775334 (VIOLATED)
_1589_/CLK                              0.750000    3.525333   -2.775333 (VIOLATED)
_1590_/CLK                              0.750000    3.525334   -2.775334 (VIOLATED)
_1487_/CLK                              0.750000    3.525328   -2.775328 (VIOLATED)
_1488_/CLK                              0.750000    3.525331   -2.775331 (VIOLATED)
_1539_/CLK                              0.750000    3.525329   -2.775329 (VIOLATED)
_1591_/CLK                              0.750000    3.525329   -2.775329 (VIOLATED)
_1592_/CLK                              0.750000    3.525329   -2.775329 (VIOLATED)
_1594_/CLK                              0.750000    3.525328   -2.775328 (VIOLATED)
_1515_/CLK                              0.750000    3.525325   -2.775325 (VIOLATED)
_1400_/CLK                              0.750000    3.525322   -2.775322 (VIOLATED)
_1540_/CLK                              0.750000    3.525325   -2.775325 (VIOLATED)
_1432_/CLK                              0.750000    3.525320   -2.775321 (VIOLATED)
_1571_/CLK                              0.750000    3.525322   -2.775322 (VIOLATED)
_1574_/CLK                              0.750000    3.525322   -2.775322 (VIOLATED)
_1416_/CLK                              0.750000    3.525316   -2.775316 (VIOLATED)
_1417_/CLK                              0.750000    3.525318   -2.775318 (VIOLATED)
_1441_/CLK                              0.750000    3.525316   -2.775316 (VIOLATED)
_1456_/CLK                              0.750000    3.525317   -2.775317 (VIOLATED)
_1457_/CLK                              0.750000    3.525316   -2.775316 (VIOLATED)
_1465_/CLK                              0.750000    3.525318   -2.775318 (VIOLATED)
_1497_/CLK                              0.750000    3.525319   -2.775319 (VIOLATED)
_1508_/CLK                              0.750000    3.525320   -2.775320 (VIOLATED)
_1521_/CLK                              0.750000    3.525318   -2.775318 (VIOLATED)
_1529_/CLK                              0.750000    3.525320   -2.775320 (VIOLATED)
_1410_/CLK                              0.750000    3.525313   -2.775313 (VIOLATED)
_1415_/CLK                              0.750000    3.525311   -2.775311 (VIOLATED)
_1518_/CLK                              0.750000    3.525313   -2.775313 (VIOLATED)
_1520_/CLK                              0.750000    3.525315   -2.775315 (VIOLATED)
_1517_/CLK                              0.750000    3.525309   -2.775309 (VIOLATED)
_1414_/CLK                              0.750000    3.525304   -2.775304 (VIOLATED)
_1519_/CLK                              0.750000    3.525305   -2.775305 (VIOLATED)
_1446_/CLK                              0.750000    3.525299   -2.775299 (VIOLATED)
_1411_/CLK                              0.750000    3.525295   -2.775295 (VIOLATED)
_1541_/CLK                              0.750000    3.525298   -2.775298 (VIOLATED)
_1593_/CLK                              0.750000    3.525298   -2.775298 (VIOLATED)
_1596_/CLK                              0.750000    3.525299   -2.775299 (VIOLATED)
_1413_/CLK                              0.750000    3.525294   -2.775294 (VIOLATED)
_1447_/CLK                              0.750000    3.525296   -2.775296 (VIOLATED)
_1448_/CLK                              0.750000    3.525297   -2.775297 (VIOLATED)
_1509_/CLK                              0.750000    3.525294   -2.775294 (VIOLATED)
_1606_/CLK                              0.750000    3.525296   -2.775296 (VIOLATED)
_1608_/CLK                              0.750000    3.525297   -2.775297 (VIOLATED)
_1455_/CLK                              0.750000    3.525290   -2.775290 (VIOLATED)
_1546_/CLK                              0.750000    3.525291   -2.775292 (VIOLATED)
_1485_/CLK                              0.750000    3.525287   -2.775287 (VIOLATED)
_1486_/CLK                              0.750000    3.525287   -2.775287 (VIOLATED)
_1412_/CLK                              0.750000    3.525280   -2.775280 (VIOLATED)
_1605_/CLK                              0.750000    3.525275   -2.775276 (VIOLATED)
_1442_/CLK                              0.750000    3.525271   -2.775271 (VIOLATED)
_1516_/CLK                              0.750000    3.525267   -2.775267 (VIOLATED)
_1443_/CLK                              0.750000    3.525257   -2.775257 (VIOLATED)
_1445_/CLK                              0.750000    3.525249   -2.775249 (VIOLATED)
_1444_/CLK                              0.750000    3.525245   -2.775245 (VIOLATED)
_1603_/CLK                              0.750000    3.525247   -2.775247 (VIOLATED)
_1604_/CLK                              0.750000    3.525249   -2.775249 (VIOLATED)
_1510_/CLK                              0.750000    3.525239   -2.775240 (VIOLATED)
_1514_/CLK                              0.750000    3.525225   -2.775225 (VIOLATED)
_1545_/CLK                              0.750000    3.525224   -2.775225 (VIOLATED)
_1482_/CLK                              0.750000    3.525220   -2.775220 (VIOLATED)
_1601_/CLK                              0.750000    3.525219   -2.775219 (VIOLATED)
_1602_/CLK                              0.750000    3.525214   -2.775214 (VIOLATED)
_1513_/CLK                              0.750000    3.525200   -2.775200 (VIOLATED)
_1512_/CLK                              0.750000    3.525190   -2.775190 (VIOLATED)
_1542_/CLK                              0.750000    3.525191   -2.775191 (VIOLATED)
_1595_/CLK                              0.750000    3.525191   -2.775191 (VIOLATED)
_1597_/CLK                              0.750000    3.525190   -2.775190 (VIOLATED)
_1598_/CLK                              0.750000    3.525191   -2.775191 (VIOLATED)
_1481_/CLK                              0.750000    3.525187   -2.775186 (VIOLATED)
_1600_/CLK                              0.750000    3.525189   -2.775189 (VIOLATED)
_1454_/CLK                              0.750000    3.525177   -2.775177 (VIOLATED)
_1480_/CLK                              0.750000    3.525170   -2.775170 (VIOLATED)
_1478_/CLK                              0.750000    3.525165   -2.775166 (VIOLATED)
_1511_/CLK                              0.750000    3.525165   -2.775166 (VIOLATED)
_1544_/CLK                              0.750000    3.525166   -2.775166 (VIOLATED)
_1599_/CLK                              0.750000    3.525158   -2.775158 (VIOLATED)
_1479_/CLK                              0.750000    3.525144   -2.775144 (VIOLATED)
_1543_/CLK                              0.750000    3.525143   -2.775143 (VIOLATED)
wb_clk_i                                0.750000    3.525135   -2.775135 (VIOLATED)
_0750_/A                                0.750000    2.367389   -1.617389 (VIOLATED)
_0768_/A1                               0.750000    2.367390   -1.617390 (VIOLATED)
_0770_/A1                               0.750000    2.367389   -1.617389 (VIOLATED)
_0826_/S                                0.750000    2.367387   -1.617387 (VIOLATED)
_0827_/S                                0.750000    2.367383   -1.617383 (VIOLATED)
_0857_/S                                0.750000    2.367378   -1.617378 (VIOLATED)
_0858_/S                                0.750000    2.367375   -1.617375 (VIOLATED)
_0824_/S                                0.750000    2.367367   -1.617367 (VIOLATED)
_0825_/S                                0.750000    2.367368   -1.617368 (VIOLATED)
_0859_/S                                0.750000    2.367367   -1.617367 (VIOLATED)
_0856_/S                                0.750000    2.367364   -1.617364 (VIOLATED)
_0823_/S                                0.750000    2.367360   -1.617360 (VIOLATED)
_0855_/S                                0.750000    2.367353   -1.617353 (VIOLATED)
_0822_/S                                0.750000    2.367339   -1.617339 (VIOLATED)
_0854_/S                                0.750000    2.367335   -1.617335 (VIOLATED)
_0821_/S                                0.750000    2.367319   -1.617319 (VIOLATED)
_0853_/S                                0.750000    2.367317   -1.617317 (VIOLATED)
_0852_/S                                0.750000    2.367299   -1.617299 (VIOLATED)
_0820_/S                                0.750000    2.367292   -1.617292 (VIOLATED)
_0752_/A                                0.750000    2.367290   -1.617290 (VIOLATED)
_0766_/A1                               0.750000    2.367287   -1.617287 (VIOLATED)
_0764_/A                                0.750000    2.367283   -1.617283 (VIOLATED)
_0762_/A1                               0.750000    2.367279   -1.617279 (VIOLATED)
_0760_/A1                               0.750000    2.367273   -1.617273 (VIOLATED)
_0851_/S                                0.750000    2.367275   -1.617275 (VIOLATED)
_0758_/A1                               0.750000    2.367269   -1.617269 (VIOLATED)
_0796_/A                                0.750000    2.367263   -1.617263 (VIOLATED)
_0806_/A1                               0.750000    2.367256   -1.617256 (VIOLATED)
_0808_/A                                0.750000    2.367256   -1.617256 (VIOLATED)
_0810_/A1                               0.750000    2.367255   -1.617255 (VIOLATED)
_0756_/A1                               0.750000    2.367252   -1.617252 (VIOLATED)
_0850_/S                                0.750000    2.367253   -1.617253 (VIOLATED)
_0754_/A                                0.750000    2.367250   -1.617250 (VIOLATED)
_0812_/A1                               0.750000    2.367251   -1.617251 (VIOLATED)
_0814_/A1                               0.750000    2.367248   -1.617248 (VIOLATED)
_1068_/A1                               0.750000    2.367245   -1.617245 (VIOLATED)
_0681_/S                                0.750000    2.367243   -1.617242 (VIOLATED)
_0818_/S                                0.750000    2.367244   -1.617244 (VIOLATED)
_0819_/S                                0.750000    2.367245   -1.617245 (VIOLATED)
_0679_/S                                0.750000    2.367232   -1.617232 (VIOLATED)
_0680_/S                                0.750000    2.367233   -1.617233 (VIOLATED)
_0682_/S                                0.750000    2.367233   -1.617233 (VIOLATED)
_0845_/S                                0.750000    2.367233   -1.617233 (VIOLATED)
_0817_/S                                0.750000    2.367230   -1.617230 (VIOLATED)
_0844_/S                                0.750000    2.367230   -1.617230 (VIOLATED)
_0843_/S                                0.750000    2.367227   -1.617227 (VIOLATED)
_0846_/S                                0.750000    2.367224   -1.617224 (VIOLATED)
_0678_/S                                0.750000    2.367222   -1.617222 (VIOLATED)
_0798_/A1                               0.750000    2.367220   -1.617220 (VIOLATED)
_0800_/A1                               0.750000    2.367220   -1.617220 (VIOLATED)
_0802_/A                                0.750000    2.367220   -1.617220 (VIOLATED)
_0804_/A                                0.750000    2.367221   -1.617221 (VIOLATED)
_0848_/S                                0.750000    2.367220   -1.617220 (VIOLATED)
_0847_/S                                0.750000    2.367218   -1.617218 (VIOLATED)
_0849_/S                                0.750000    2.367219   -1.617219 (VIOLATED)
_0677_/S                                0.750000    2.367216   -1.617216 (VIOLATED)
_0841_/S                                0.750000    2.367212   -1.617212 (VIOLATED)
_0842_/S                                0.750000    2.367213   -1.617213 (VIOLATED)
_0816_/S                                0.750000    2.367205   -1.617205 (VIOLATED)
_0676_/S                                0.750000    2.367201   -1.617201 (VIOLATED)
_0794_/A1                               0.750000    2.367192   -1.617192 (VIOLATED)
_0838_/S                                0.750000    2.367190   -1.617190 (VIOLATED)
_0840_/S                                0.750000    2.367191   -1.617191 (VIOLATED)
_0675_/S                                0.750000    2.367182   -1.617182 (VIOLATED)
_0772_/A1                               0.750000    2.367184   -1.617184 (VIOLATED)
_0774_/A1                               0.750000    2.367183   -1.617183 (VIOLATED)
_0776_/A                                0.750000    2.367182   -1.617182 (VIOLATED)
_0778_/A1                               0.750000    2.367179   -1.617179 (VIOLATED)
_0828_/S                                0.750000    2.367180   -1.617180 (VIOLATED)
_0829_/S                                0.750000    2.367179   -1.617179 (VIOLATED)
_0860_/S                                0.750000    2.367179   -1.617179 (VIOLATED)
_0780_/A                                0.750000    2.367177   -1.617177 (VIOLATED)
_0839_/S                                0.750000    2.367176   -1.617176 (VIOLATED)
_0861_/S                                0.750000    2.367177   -1.617177 (VIOLATED)
_0862_/S                                0.750000    2.367176   -1.617176 (VIOLATED)
_0782_/A1                               0.750000    2.367173   -1.617173 (VIOLATED)
_0784_/A                                0.750000    2.367172   -1.617172 (VIOLATED)
_0830_/S                                0.750000    2.367173   -1.617173 (VIOLATED)
_0831_/S                                0.750000    2.367172   -1.617172 (VIOLATED)
_0863_/S                                0.750000    2.367173   -1.617173 (VIOLATED)
_0832_/S                                0.750000    2.367171   -1.617171 (VIOLATED)
_0870_/S                                0.750000    2.367171   -1.617171 (VIOLATED)
_0833_/S                                0.750000    2.367168   -1.617168 (VIOLATED)
_0864_/S                                0.750000    2.367169   -1.617169 (VIOLATED)
_0834_/S                                0.750000    2.367164   -1.617164 (VIOLATED)
_0865_/S                                0.750000    2.367164   -1.617164 (VIOLATED)
_0786_/A1                               0.750000    2.367162   -1.617162 (VIOLATED)
_0788_/A1                               0.750000    2.367161   -1.617161 (VIOLATED)
_0790_/A1                               0.750000    2.367160   -1.617160 (VIOLATED)
_0835_/S                                0.750000    2.367158   -1.617158 (VIOLATED)
_0866_/S                                0.750000    2.367158   -1.617158 (VIOLATED)
_0674_/S                                0.750000    2.367155   -1.617155 (VIOLATED)
_0792_/A1                               0.750000    2.367152   -1.617152 (VIOLATED)
_0836_/S                                0.750000    2.367151   -1.617151 (VIOLATED)
_0837_/S                                0.750000    2.367153   -1.617153 (VIOLATED)
_0869_/S                                0.750000    2.367153   -1.617153 (VIOLATED)
_0867_/S                                0.750000    2.367150   -1.617150 (VIOLATED)
_0868_/S                                0.750000    2.367136   -1.617136 (VIOLATED)
_0873_/B1                               0.750000    2.367096   -1.617096 (VIOLATED)
_0877_/A                                0.750000    2.367095   -1.617095 (VIOLATED)
_0880_/B                                0.750000    2.367096   -1.617096 (VIOLATED)
_0882_/B1                               0.750000    2.367097   -1.617097 (VIOLATED)
_0885_/B1                               0.750000    2.367097   -1.617097 (VIOLATED)
_0887_/B1                               0.750000    2.367079   -1.617079 (VIOLATED)
_0751_/A                                0.750000    2.367068   -1.617068 (VIOLATED)
_0892_/B1                               0.750000    2.367068   -1.617068 (VIOLATED)
_1623_/Q                                0.750000    2.367068   -1.617068 (VIOLATED)
_0797_/A2                               0.750000    1.564614   -0.814614 (VIOLATED)
_0798_/B2                               0.750000    1.564613   -0.814613 (VIOLATED)
_0800_/B2                               0.750000    1.564612   -0.814612 (VIOLATED)
_0803_/A2                               0.750000    1.564609   -0.814609 (VIOLATED)
_0805_/A2                               0.750000    1.564600   -0.814601 (VIOLATED)
_0806_/B2                               0.750000    1.564597   -0.814597 (VIOLATED)
_0809_/A2                               0.750000    1.564597   -0.814597 (VIOLATED)
_0810_/B2                               0.750000    1.564591   -0.814591 (VIOLATED)
_0812_/B2                               0.750000    1.564581   -0.814581 (VIOLATED)
_0814_/B2                               0.750000    1.564575   -0.814575 (VIOLATED)
_0753_/A2                               0.750000    1.564568   -0.814568 (VIOLATED)
_0755_/A2                               0.750000    1.564568   -0.814568 (VIOLATED)
_0756_/B2                               0.750000    1.564557   -0.814557 (VIOLATED)
_0758_/B2                               0.750000    1.564535   -0.814535 (VIOLATED)
_0760_/B2                               0.750000    1.564534   -0.814534 (VIOLATED)
_0762_/B2                               0.750000    1.564528   -0.814528 (VIOLATED)
_0765_/A2                               0.750000    1.564517   -0.814517 (VIOLATED)
_0788_/B2                               0.750000    1.564513   -0.814513 (VIOLATED)
_0790_/B2                               0.750000    1.564513   -0.814513 (VIOLATED)
_0792_/B2                               0.750000    1.564513   -0.814514 (VIOLATED)
_0766_/B2                               0.750000    1.564511   -0.814511 (VIOLATED)
_0785_/A2                               0.750000    1.564511   -0.814511 (VIOLATED)
_0786_/B2                               0.750000    1.564512   -0.814512 (VIOLATED)
_0782_/B2                               0.750000    1.564510   -0.814510 (VIOLATED)
_0781_/A2                               0.750000    1.564509   -0.814509 (VIOLATED)
_0794_/B2                               0.750000    1.564508   -0.814508 (VIOLATED)
_0778_/B2                               0.750000    1.564506   -0.814506 (VIOLATED)
_0777_/A2                               0.750000    1.564504   -0.814504 (VIOLATED)
_0750_/Y                                0.750000    1.564143   -0.814143 (VIOLATED)
_0768_/B2                               0.750000    1.564143   -0.814143 (VIOLATED)
_0770_/B2                               0.750000    1.564143   -0.814143 (VIOLATED)
_0772_/B2                               0.750000    1.564143   -0.814143 (VIOLATED)
_0774_/B2                               0.750000    1.564143   -0.814143 (VIOLATED)
_0914_/A2                               0.750000    1.555525   -0.805525 (VIOLATED)
_0915_/B                                0.750000    1.555525   -0.805525 (VIOLATED)
_0989_/A2                               0.750000    1.555519   -0.805519 (VIOLATED)
_0990_/B                                0.750000    1.555519   -0.805519 (VIOLATED)
_0938_/A2                               0.750000    1.555505   -0.805505 (VIOLATED)
_0939_/B                                0.750000    1.555504   -0.805504 (VIOLATED)
_0985_/A2                               0.750000    1.555486   -0.805486 (VIOLATED)
_0986_/B                                0.750000    1.555484   -0.805484 (VIOLATED)
_0906_/A2                               0.750000    1.555463   -0.805463 (VIOLATED)
_0907_/B                                0.750000    1.555460   -0.805460 (VIOLATED)
_0930_/A2                               0.750000    1.555427   -0.805427 (VIOLATED)
_0931_/B                                0.750000    1.555425   -0.805425 (VIOLATED)
_1017_/A2                               0.750000    1.555369   -0.805369 (VIOLATED)
_1018_/B                                0.750000    1.555365   -0.805365 (VIOLATED)
_0993_/A2                               0.750000    1.555316   -0.805316 (VIOLATED)
_0994_/B                                0.750000    1.555316   -0.805316 (VIOLATED)
_0934_/A2                               0.750000    1.555304   -0.805304 (VIOLATED)
_0935_/B                                0.750000    1.555304   -0.805304 (VIOLATED)
_0910_/A2                               0.750000    1.555293   -0.805293 (VIOLATED)
_0911_/B                                0.750000    1.555290   -0.805290 (VIOLATED)
_0997_/A2                               0.750000    1.555287   -0.805288 (VIOLATED)
_0998_/B                                0.750000    1.555287   -0.805287 (VIOLATED)
_0918_/A2                               0.750000    1.555257   -0.805257 (VIOLATED)
_0919_/B                                0.750000    1.555255   -0.805255 (VIOLATED)
_0942_/A2                               0.750000    1.555228   -0.805228 (VIOLATED)
_0943_/B                                0.750000    1.555228   -0.805228 (VIOLATED)
_1009_/A2                               0.750000    1.555202   -0.805202 (VIOLATED)
_1010_/B                                0.750000    1.555200   -0.805200 (VIOLATED)
_0955_/B                                0.750000    1.555165   -0.805165 (VIOLATED)
_0954_/A2                               0.750000    1.555161   -0.805161 (VIOLATED)
_1005_/A2                               0.750000    1.555116   -0.805116 (VIOLATED)
_1006_/B                                0.750000    1.555113   -0.805113 (VIOLATED)
_0959_/B                                0.750000    1.555099   -0.805099 (VIOLATED)
_0958_/A2                               0.750000    1.555095   -0.805095 (VIOLATED)
_0967_/B                                0.750000    1.555030   -0.805030 (VIOLATED)
_0966_/A2                               0.750000    1.555026   -0.805026 (VIOLATED)
_0970_/A2                               0.750000    1.555007   -0.805007 (VIOLATED)
_0971_/B                                0.750000    1.555004   -0.805004 (VIOLATED)
_1013_/A2                               0.750000    1.554883   -0.804883 (VIOLATED)
_1014_/B                                0.750000    1.554883   -0.804883 (VIOLATED)
_1001_/A2                               0.750000    1.554839   -0.804839 (VIOLATED)
_1002_/B                                0.750000    1.554839   -0.804839 (VIOLATED)
_0978_/B                                0.750000    1.554792   -0.804792 (VIOLATED)
_0979_/A2                               0.750000    1.554790   -0.804790 (VIOLATED)
_0926_/A2                               0.750000    1.554783   -0.804783 (VIOLATED)
_0927_/B                                0.750000    1.554783   -0.804783 (VIOLATED)
_0946_/A2                               0.750000    1.554780   -0.804780 (VIOLATED)
_0947_/B                                0.750000    1.554780   -0.804780 (VIOLATED)
_0974_/A2                               0.750000    1.554772   -0.804772 (VIOLATED)
_0975_/B                                0.750000    1.554770   -0.804770 (VIOLATED)
_0950_/A2                               0.750000    1.554766   -0.804766 (VIOLATED)
_0951_/B                                0.750000    1.554766   -0.804766 (VIOLATED)
_0981_/A2                               0.750000    1.554764   -0.804764 (VIOLATED)
_0982_/B                                0.750000    1.554764   -0.804764 (VIOLATED)
_0894_/A2                               0.750000    1.554762   -0.804762 (VIOLATED)
_0895_/B                                0.750000    1.554762   -0.804762 (VIOLATED)
_0962_/A2                               0.750000    1.554760   -0.804761 (VIOLATED)
_0963_/B                                0.750000    1.554761   -0.804761 (VIOLATED)
_0902_/A2                               0.750000    1.554747   -0.804747 (VIOLATED)
_0903_/B                                0.750000    1.554747   -0.804747 (VIOLATED)
_1074_/B2                               0.750000    1.554739   -0.804739 (VIOLATED)
_0898_/A2                               0.750000    1.554735   -0.804735 (VIOLATED)
_0899_/B                                0.750000    1.554735   -0.804735 (VIOLATED)
_0922_/A2                               0.750000    1.554734   -0.804734 (VIOLATED)
_0923_/B                                0.750000    1.554734   -0.804734 (VIOLATED)
_0814_/B1                               0.750000    1.554726   -0.804726 (VIOLATED)
_1487_/Q                                0.750000    1.554726   -0.804726 (VIOLATED)
_0769_/A2                               0.750000    1.552448   -0.802448 (VIOLATED)
_0771_/A2                               0.750000    1.552446   -0.802446 (VIOLATED)
_0773_/A2                               0.750000    1.552443   -0.802443 (VIOLATED)
_0775_/A2                               0.750000    1.552440   -0.802440 (VIOLATED)
_0779_/A2                               0.750000    1.552429   -0.802429 (VIOLATED)
_0783_/A2                               0.750000    1.552417   -0.802417 (VIOLATED)
_0787_/A2                               0.750000    1.552405   -0.802405 (VIOLATED)
_0789_/A2                               0.750000    1.552397   -0.802397 (VIOLATED)
_0767_/A2                               0.750000    1.552391   -0.802391 (VIOLATED)
_0763_/A2                               0.750000    1.552388   -0.802388 (VIOLATED)
_0791_/A2                               0.750000    1.552389   -0.802389 (VIOLATED)
_0761_/A2                               0.750000    1.552386   -0.802386 (VIOLATED)
_0759_/A2                               0.750000    1.552383   -0.802383 (VIOLATED)
_0793_/A2                               0.750000    1.552379   -0.802380 (VIOLATED)
_0795_/A2                               0.750000    1.552361   -0.802361 (VIOLATED)
_0757_/A2                               0.750000    1.552308   -0.802308 (VIOLATED)
_0753_/B1                               0.750000    1.552307   -0.802307 (VIOLATED)
_0815_/A2                               0.750000    1.552307   -0.802307 (VIOLATED)
_0813_/A2                               0.750000    1.552305   -0.802305 (VIOLATED)
_0811_/A2                               0.750000    1.552302   -0.802302 (VIOLATED)
_0807_/A2                               0.750000    1.552301   -0.802301 (VIOLATED)
_0874_/A                                0.750000    1.552299   -0.802299 (VIOLATED)
_0801_/A2                               0.750000    1.552287   -0.802287 (VIOLATED)
_0799_/A2                               0.750000    1.552285   -0.802285 (VIOLATED)
_0751_/Y                                0.750000    1.551927   -0.801927 (VIOLATED)
_1137_/B1                               0.750000    1.360807   -0.610807 (VIOLATED)
_1148_/C1                               0.750000    1.360807   -0.610807 (VIOLATED)
_1154_/A2                               0.750000    1.360807   -0.610807 (VIOLATED)
_1158_/A2                               0.750000    1.360806   -0.610806 (VIOLATED)
_1172_/C1                               0.750000    1.360803   -0.610804 (VIOLATED)
_1176_/C1                               0.750000    1.360803   -0.610803 (VIOLATED)
_1058_/Y                                0.750000    1.360799   -0.610799 (VIOLATED)
_1060_/B                                0.750000    1.360799   -0.610799 (VIOLATED)
_1074_/C1                               0.750000    1.360799   -0.610799 (VIOLATED)
_1164_/C1                               0.750000    1.360799   -0.610799 (VIOLATED)
_1170_/A2                               0.750000    1.360799   -0.610799 (VIOLATED)
_1182_/A2                               0.750000    1.360799   -0.610799 (VIOLATED)
_1184_/C1                               0.750000    1.360799   -0.610799 (VIOLATED)
_1190_/A2                               0.750000    1.360799   -0.610799 (VIOLATED)
_1194_/A2                               0.750000    1.360799   -0.610799 (VIOLATED)
_1198_/B2                               0.750000    1.360799   -0.610799 (VIOLATED)
_0730_/S                                0.750000    1.127668   -0.377668 (VIOLATED)
_0729_/S                                0.750000    1.127665   -0.377665 (VIOLATED)
_0728_/S                                0.750000    1.127659   -0.377659 (VIOLATED)
_0727_/S                                0.750000    1.127653   -0.377653 (VIOLATED)
_0726_/S                                0.750000    1.127641   -0.377641 (VIOLATED)
_0725_/S                                0.750000    1.127628   -0.377628 (VIOLATED)
_0724_/S                                0.750000    1.127612   -0.377612 (VIOLATED)
_0723_/S                                0.750000    1.127597   -0.377597 (VIOLATED)
_0722_/S                                0.750000    1.127581   -0.377581 (VIOLATED)
_0721_/S                                0.750000    1.127565   -0.377565 (VIOLATED)
_1161_/A2                               0.750000    1.127549   -0.377549 (VIOLATED)
_0720_/S                                0.750000    1.127536   -0.377536 (VIOLATED)
_0719_/S                                0.750000    1.127471   -0.377472 (VIOLATED)
_0738_/S                                0.750000    1.127465   -0.377465 (VIOLATED)
_0734_/S                                0.750000    1.127464   -0.377464 (VIOLATED)
_0740_/S                                0.750000    1.127464   -0.377464 (VIOLATED)
_0735_/S                                0.750000    1.127463   -0.377463 (VIOLATED)
_0739_/S                                0.750000    1.127463   -0.377463 (VIOLATED)
_0731_/S                                0.750000    1.127462   -0.377462 (VIOLATED)
_0736_/S                                0.750000    1.127461   -0.377461 (VIOLATED)
_0718_/S                                0.750000    1.127460   -0.377460 (VIOLATED)
_0732_/S                                0.750000    1.127460   -0.377460 (VIOLATED)
_0741_/S                                0.750000    1.127459   -0.377459 (VIOLATED)
_0737_/S                                0.750000    1.127457   -0.377457 (VIOLATED)
_0733_/S                                0.750000    1.127451   -0.377451 (VIOLATED)
_0742_/S                                0.750000    1.127451   -0.377451 (VIOLATED)
_1081_/A2                               0.750000    1.127448   -0.377448 (VIOLATED)
_0743_/S                                0.750000    1.127443   -0.377443 (VIOLATED)
_1076_/C1                               0.750000    1.127442   -0.377442 (VIOLATED)
_0715_/S                                0.750000    1.127438   -0.377438 (VIOLATED)
_0717_/S                                0.750000    1.127439   -0.377439 (VIOLATED)
_0712_/S                                0.750000    1.127435   -0.377435 (VIOLATED)
_0716_/S                                0.750000    1.127435   -0.377435 (VIOLATED)
_0713_/S                                0.750000    1.127430   -0.377430 (VIOLATED)
_0714_/S                                0.750000    1.127425   -0.377425 (VIOLATED)
_0711_/X                                0.750000    1.127423   -0.377423 (VIOLATED)
_1168_/B1                               0.750000    0.863464   -0.113464 (VIOLATED)
_1156_/B1                               0.750000    0.863463   -0.113463 (VIOLATED)
_1152_/B1                               0.750000    0.863463   -0.113463 (VIOLATED)
_1180_/B1                               0.750000    0.863459   -0.113459 (VIOLATED)
_1192_/B1                               0.750000    0.863457   -0.113457 (VIOLATED)
_1195_/B1                               0.750000    0.863457   -0.113457 (VIOLATED)
_1188_/B1                               0.750000    0.863457   -0.113457 (VIOLATED)
_1071_/Y                                0.750000    0.863454   -0.113454 (VIOLATED)
_0797_/B1                               0.750000    0.803102   -0.053102 (VIOLATED)
_0803_/B1                               0.750000    0.803099   -0.053099 (VIOLATED)
_0805_/B1                               0.750000    0.803094   -0.053094 (VIOLATED)
_0809_/B1                               0.750000    0.803092   -0.053092 (VIOLATED)
_0755_/B1                               0.750000    0.802812   -0.052812 (VIOLATED)
_0752_/Y                                0.750000    0.802809   -0.052809 (VIOLATED)
_0765_/B1                               0.750000    0.802809   -0.052809 (VIOLATED)
_0777_/B1                               0.750000    0.802809   -0.052809 (VIOLATED)
_0781_/B1                               0.750000    0.802809   -0.052809 (VIOLATED)
_0785_/B1                               0.750000    0.802809   -0.052809 (VIOLATED)

max fanout

Pin                                   Limit Fanout  Slack
---------------------------------------------------------
wb_rst_i                                 10    239   -229 (VIOLATED)
wb_clk_i                                 10    234   -224 (VIOLATED)
_1623_/Q                                 10    106    -96 (VIOLATED)
_1487_/Q                                 10     66    -56 (VIOLATED)
_0711_/X                                 10     35    -25 (VIOLATED)
_0750_/Y                                 10     32    -22 (VIOLATED)
_0751_/Y                                 10     24    -14 (VIOLATED)
_1059_/X                                 10     24    -14 (VIOLATED)
_1066_/X                                 10     22    -12 (VIOLATED)
_1067_/X                                 10     22    -12 (VIOLATED)
_0744_/X                                 10     20    -10 (VIOLATED)
_1063_/X                                 10     18     -8 (VIOLATED)
_0746_/Y                                 10     16     -6 (VIOLATED)
_0699_/Y                                 10     15     -5 (VIOLATED)
_1058_/Y                                 10     15     -5 (VIOLATED)

max capacitance

Pin                                        Limit         Cap       Slack
------------------------------------------------------------------------
wb_rst_i                                0.200000    1.400643   -1.200643 (VIOLATED)
wb_clk_i                                0.200000    0.793221   -0.593221 (VIOLATED)
_1623_/Q                                0.200000    0.514871   -0.314871 (VIOLATED)
_1487_/Q                                0.200000    0.337296   -0.137296 (VIOLATED)
_0711_/X                                0.200000    0.225441   -0.025441 (VIOLATED)
_0750_/Y                                0.141917    0.150049   -0.008132 (VIOLATED)
_0751_/Y                                0.141917    0.148701   -0.006784 (VIOLATED)



===========================================================================
report_parasitic_annotation -report_unannotated
============================================================================
Found 467 unannotated drivers.
 io_in[0]
 io_in[10]
 io_in[11]
 io_in[12]
 io_in[13]
 io_in[14]
 io_in[15]
 io_in[16]
 io_in[17]
 io_in[18]
 io_in[19]
 io_in[1]
 io_in[20]
 io_in[21]
 io_in[22]
 io_in[23]
 io_in[24]
 io_in[25]
 io_in[26]
 io_in[27]
 io_in[28]
 io_in[29]
 io_in[2]
 io_in[30]
 io_in[31]
 io_in[32]
 io_in[33]
 io_in[34]
 io_in[35]
 io_in[36]
 io_in[37]
 io_in[3]
 io_in[4]
 io_in[5]
 io_in[6]
 io_in[7]
 io_in[8]
 io_in[9]
 la_data_in[0]
 la_data_in[100]
 la_data_in[101]
 la_data_in[102]
 la_data_in[103]
 la_data_in[104]
 la_data_in[105]
 la_data_in[106]
 la_data_in[107]
 la_data_in[108]
 la_data_in[109]
 la_data_in[10]
 la_data_in[110]
 la_data_in[111]
 la_data_in[112]
 la_data_in[113]
 la_data_in[114]
 la_data_in[115]
 la_data_in[116]
 la_data_in[117]
 la_data_in[118]
 la_data_in[119]
 la_data_in[11]
 la_data_in[120]
 la_data_in[121]
 la_data_in[122]
 la_data_in[123]
 la_data_in[124]
 la_data_in[125]
 la_data_in[126]
 la_data_in[127]
 la_data_in[12]
 la_data_in[13]
 la_data_in[14]
 la_data_in[15]
 la_data_in[16]
 la_data_in[17]
 la_data_in[18]
 la_data_in[19]
 la_data_in[1]
 la_data_in[20]
 la_data_in[21]
 la_data_in[22]
 la_data_in[23]
 la_data_in[24]
 la_data_in[25]
 la_data_in[26]
 la_data_in[27]
 la_data_in[28]
 la_data_in[29]
 la_data_in[2]
 la_data_in[30]
 la_data_in[31]
 la_data_in[32]
 la_data_in[33]
 la_data_in[34]
 la_data_in[35]
 la_data_in[36]
 la_data_in[37]
 la_data_in[38]
 la_data_in[39]
 la_data_in[3]
 la_data_in[40]
 la_data_in[41]
 la_data_in[42]
 la_data_in[43]
 la_data_in[44]
 la_data_in[45]
 la_data_in[46]
 la_data_in[47]
 la_data_in[48]
 la_data_in[49]
 la_data_in[4]
 la_data_in[50]
 la_data_in[51]
 la_data_in[52]
 la_data_in[53]
 la_data_in[54]
 la_data_in[55]
 la_data_in[56]
 la_data_in[57]
 la_data_in[58]
 la_data_in[59]
 la_data_in[5]
 la_data_in[60]
 la_data_in[61]
 la_data_in[62]
 la_data_in[63]
 la_data_in[64]
 la_data_in[65]
 la_data_in[66]
 la_data_in[67]
 la_data_in[68]
 la_data_in[69]
 la_data_in[6]
 la_data_in[70]
 la_data_in[71]
 la_data_in[72]
 la_data_in[73]
 la_data_in[74]
 la_data_in[75]
 la_data_in[76]
 la_data_in[77]
 la_data_in[78]
 la_data_in[79]
 la_data_in[7]
 la_data_in[80]
 la_data_in[81]
 la_data_in[82]
 la_data_in[83]
 la_data_in[84]
 la_data_in[85]
 la_data_in[86]
 la_data_in[87]
 la_data_in[88]
 la_data_in[89]
 la_data_in[8]
 la_data_in[90]
 la_data_in[91]
 la_data_in[92]
 la_data_in[93]
 la_data_in[94]
 la_data_in[95]
 la_data_in[96]
 la_data_in[97]
 la_data_in[98]
 la_data_in[99]
 la_data_in[9]
 la_oenb[0]
 la_oenb[100]
 la_oenb[101]
 la_oenb[102]
 la_oenb[103]
 la_oenb[104]
 la_oenb[105]
 la_oenb[106]
 la_oenb[107]
 la_oenb[108]
 la_oenb[109]
 la_oenb[10]
 la_oenb[110]
 la_oenb[111]
 la_oenb[112]
 la_oenb[113]
 la_oenb[114]
 la_oenb[115]
 la_oenb[116]
 la_oenb[117]
 la_oenb[118]
 la_oenb[119]
 la_oenb[11]
 la_oenb[120]
 la_oenb[121]
 la_oenb[122]
 la_oenb[123]
 la_oenb[124]
 la_oenb[125]
 la_oenb[126]
 la_oenb[127]
 la_oenb[12]
 la_oenb[13]
 la_oenb[14]
 la_oenb[15]
 la_oenb[16]
 la_oenb[17]
 la_oenb[18]
 la_oenb[19]
 la_oenb[1]
 la_oenb[20]
 la_oenb[21]
 la_oenb[22]
 la_oenb[23]
 la_oenb[24]
 la_oenb[25]
 la_oenb[26]
 la_oenb[27]
 la_oenb[28]
 la_oenb[29]
 la_oenb[2]
 la_oenb[30]
 la_oenb[31]
 la_oenb[32]
 la_oenb[33]
 la_oenb[34]
 la_oenb[35]
 la_oenb[36]
 la_oenb[37]
 la_oenb[38]
 la_oenb[39]
 la_oenb[3]
 la_oenb[40]
 la_oenb[41]
 la_oenb[42]
 la_oenb[43]
 la_oenb[44]
 la_oenb[45]
 la_oenb[46]
 la_oenb[47]
 la_oenb[48]
 la_oenb[49]
 la_oenb[4]
 la_oenb[50]
 la_oenb[51]
 la_oenb[52]
 la_oenb[53]
 la_oenb[54]
 la_oenb[55]
 la_oenb[56]
 la_oenb[57]
 la_oenb[58]
 la_oenb[59]
 la_oenb[5]
 la_oenb[60]
 la_oenb[61]
 la_oenb[62]
 la_oenb[63]
 la_oenb[64]
 la_oenb[65]
 la_oenb[66]
 la_oenb[67]
 la_oenb[68]
 la_oenb[69]
 la_oenb[6]
 la_oenb[70]
 la_oenb[71]
 la_oenb[72]
 la_oenb[73]
 la_oenb[74]
 la_oenb[75]
 la_oenb[76]
 la_oenb[77]
 la_oenb[78]
 la_oenb[79]
 la_oenb[7]
 la_oenb[80]
 la_oenb[81]
 la_oenb[82]
 la_oenb[83]
 la_oenb[84]
 la_oenb[85]
 la_oenb[86]
 la_oenb[87]
 la_oenb[88]
 la_oenb[89]
 la_oenb[8]
 la_oenb[90]
 la_oenb[91]
 la_oenb[92]
 la_oenb[93]
 la_oenb[94]
 la_oenb[95]
 la_oenb[96]
 la_oenb[97]
 la_oenb[98]
 la_oenb[99]
 la_oenb[9]
 wbs_sel_i[0]
 wbs_sel_i[1]
 wbs_sel_i[2]
 wbs_sel_i[3]
 _1633_/HI
 _1634_/HI
 _1635_/HI
 _1636_/HI
 _1637_/HI
 _1638_/HI
 _1639_/HI
 _1640_/HI
 _1641_/HI
 _1642_/HI
 _1643_/HI
 _1644_/HI
 _1645_/HI
 _1646_/HI
 _1647_/HI
 _1648_/HI
 _1649_/HI
 _1650_/HI
 _1651_/HI
 _1652_/HI
 _1653_/HI
 _1654_/HI
 _1655_/HI
 _1656_/HI
 _1657_/HI
 _1658_/HI
 _1659_/HI
 _1660_/HI
 _1661_/HI
 _1662_/HI
 _1663_/HI
 _1664_/HI
 _1665_/HI
 _1666_/HI
 _1667_/HI
 _1668_/HI
 _1669_/HI
 _1670_/HI
 _1671_/HI
 _1672_/HI
 _1673_/HI
 _1674_/HI
 _1675_/HI
 _1676_/HI
 _1677_/HI
 _1678_/HI
 _1679_/HI
 _1680_/HI
 _1681_/HI
 _1682_/HI
 _1683_/HI
 _1684_/HI
 _1685_/HI
 _1686_/HI
 _1687_/HI
 _1688_/HI
 _1689_/HI
 _1690_/HI
 _1691_/HI
 _1692_/HI
 _1693_/HI
 _1694_/HI
 _1695_/HI
 _1696_/HI
 _1697_/HI
 _1698_/HI
 _1699_/HI
 _1700_/HI
 _1701_/HI
 _1702_/HI
 _1703_/HI
 _1704_/HI
 _1705_/HI
 _1706_/HI
 _1707_/HI
 _1708_/HI
 _1709_/HI
 _1710_/HI
 _1711_/HI
 _1712_/HI
 _1713_/HI
 _1714_/HI
 _1715_/HI
 _1716_/HI
 _1717_/HI
 _1718_/HI
 _1719_/HI
 _1720_/HI
 _1721_/HI
 _1722_/HI
 _1723_/HI
 _1724_/HI
 _1725_/HI
 _1726_/HI
 _1727_/HI
 _1728_/HI
 _1729_/HI
 _1730_/HI
 _1731_/HI
 _1732_/HI
 _1733_/HI
 _1734_/HI
 _1735_/HI
 _1736_/HI
 _1737_/HI
 _1738_/HI
 _1739_/HI
 _1740_/HI
 _1741_/HI
 _1742_/HI
 _1743_/HI
 _1744_/HI
 _1745_/HI
 _1746_/HI
 _1747_/HI
 _1748_/HI
 _1749_/HI
 _1750_/HI
 _1751_/HI
 _1752_/HI
 _1753_/HI
 _1754_/HI
 _1755_/HI
 _1756_/HI
 _1757_/HI
 _1758_/HI
 _1759_/HI
 _1760_/HI
 _1761_/HI
 _1762_/HI
 _1763_/HI
 _1764_/HI
 _1765_/HI
 _1766_/HI
 _1767_/HI
 _1768_/HI
 _1769_/HI
 _1770_/HI
 _1771_/HI
 _1772_/HI
 _1773_/HI
 _1774_/HI
 _1775_/HI
 _1776_/HI
 _1777_/HI
 _1778_/HI
 _1779_/HI
 _1780_/HI
 _1781_/HI
 _1782_/HI
 _1783_/HI
 _1784_/HI
 _1785_/HI
 _1786_/HI
 _1787_/HI
 _1788_/HI
 _1789_/HI
 _1790_/HI
 _1791_/HI
 _1792_/HI
 _1793_/HI
 _1794_/HI
 _1795_/HI
 _1796_/HI
 _1797_/HI
 _1798_/HI
 _1799_/HI
 _1800_/HI
 _1801_/HI
Found 0 partially unannotated drivers.

===========================================================================
max slew violation count 777
Writing metric design__max_slew_violation__count__corner:nom_tt_025C_1v80: 777
max fanout violation count 15
Writing metric design__max_fanout_violation__count__corner:nom_tt_025C_1v80: 15
max cap violation count 7
Writing metric design__max_cap_violation__count__corner:nom_tt_025C_1v80: 7
============================================================================

===========================================================================
check_setup -verbose -unconstrained_endpoints -multiple_clock -no_clock -no_input_delay -loops -generated_clocks
===========================================================================
Warning: There are 169 unconstrained endpoints.
  io_out[0]
  io_out[10]
  io_out[11]
  io_out[12]
  io_out[13]
  io_out[14]
  io_out[15]
  io_out[16]
  io_out[17]
  io_out[18]
  io_out[19]
  io_out[1]
  io_out[20]
  io_out[21]
  io_out[22]
  io_out[23]
  io_out[24]
  io_out[25]
  io_out[26]
  io_out[27]
  io_out[28]
  io_out[29]
  io_out[2]
  io_out[30]
  io_out[31]
  io_out[32]
  io_out[33]
  io_out[34]
  io_out[35]
  io_out[36]
  io_out[37]
  io_out[3]
  io_out[4]
  io_out[5]
  io_out[6]
  io_out[7]
  io_out[8]
  io_out[9]
  irq[0]
  irq[1]
  irq[2]
  la_data_out[0]
  la_data_out[100]
  la_data_out[101]
  la_data_out[102]
  la_data_out[103]
  la_data_out[104]
  la_data_out[105]
  la_data_out[106]
  la_data_out[107]
  la_data_out[108]
  la_data_out[109]
  la_data_out[10]
  la_data_out[110]
  la_data_out[111]
  la_data_out[112]
  la_data_out[113]
  la_data_out[114]
  la_data_out[115]
  la_data_out[116]
  la_data_out[117]
  la_data_out[118]
  la_data_out[119]
  la_data_out[11]
  la_data_out[120]
  la_data_out[121]
  la_data_out[122]
  la_data_out[123]
  la_data_out[124]
  la_data_out[125]
  la_data_out[126]
  la_data_out[127]
  la_data_out[12]
  la_data_out[13]
  la_data_out[14]
  la_data_out[15]
  la_data_out[16]
  la_data_out[17]
  la_data_out[18]
  la_data_out[19]
  la_data_out[1]
  la_data_out[20]
  la_data_out[21]
  la_data_out[22]
  la_data_out[23]
  la_data_out[24]
  la_data_out[25]
  la_data_out[26]
  la_data_out[27]
  la_data_out[28]
  la_data_out[29]
  la_data_out[2]
  la_data_out[30]
  la_data_out[31]
  la_data_out[32]
  la_data_out[33]
  la_data_out[34]
  la_data_out[35]
  la_data_out[36]
  la_data_out[37]
  la_data_out[38]
  la_data_out[39]
  la_data_out[3]
  la_data_out[40]
  la_data_out[41]
  la_data_out[42]
  la_data_out[43]
  la_data_out[44]
  la_data_out[45]
  la_data_out[46]
  la_data_out[47]
  la_data_out[48]
  la_data_out[49]
  la_data_out[4]
  la_data_out[50]
  la_data_out[51]
  la_data_out[52]
  la_data_out[53]
  la_data_out[54]
  la_data_out[55]
  la_data_out[56]
  la_data_out[57]
  la_data_out[58]
  la_data_out[59]
  la_data_out[5]
  la_data_out[60]
  la_data_out[61]
  la_data_out[62]
  la_data_out[63]
  la_data_out[64]
  la_data_out[65]
  la_data_out[66]
  la_data_out[67]
  la_data_out[68]
  la_data_out[69]
  la_data_out[6]
  la_data_out[70]
  la_data_out[71]
  la_data_out[72]
  la_data_out[73]
  la_data_out[74]
  la_data_out[75]
  la_data_out[76]
  la_data_out[77]
  la_data_out[78]
  la_data_out[79]
  la_data_out[7]
  la_data_out[80]
  la_data_out[81]
  la_data_out[82]
  la_data_out[83]
  la_data_out[84]
  la_data_out[85]
  la_data_out[86]
  la_data_out[87]
  la_data_out[88]
  la_data_out[89]
  la_data_out[8]
  la_data_out[90]
  la_data_out[91]
  la_data_out[92]
  la_data_out[93]
  la_data_out[94]
  la_data_out[95]
  la_data_out[96]
  la_data_out[97]
  la_data_out[98]
  la_data_out[99]
  la_data_out[9]
