Clock: wb_clk_i
Sources: wb_clk_i 
Generated: no
Virtual: yes
Propagated: no
Period: 25.000000

===========================================================================
report_clock_properties
============================================================================
Clock                   Period          Waveform
----------------------------------------------------
wb_clk_i             25.000000    0.000000 12.500000

===========================================================================
report_clock_latency
============================================================================
Clock wb_clk_i
rise -> rise
    min     max
0.000000 0.000000 source latency
2.412243         network latency _1543_/CLK
        2.439832 network latency _1568_/CLK
---------------
2.412243 2.439832 latency
        0.027589 skew

fall -> fall
    min     max
0.000000 0.000000 source latency
1.213754         network latency _1543_/CLK
        1.240048 network latency _1568_/CLK
---------------
1.213754 1.240048 latency
        0.026294 skew



===========================================================================
report_clock_min_period
============================================================================
wb_clk_i period_min = 4.03 fmax = 247.98
