Clock: wb_clk_i
Sources: wb_clk_i 
Generated: no
Virtual: yes
Propagated: no
Period: 25.000000

===========================================================================
report_clock_properties
============================================================================
Clock                   Period          Waveform
----------------------------------------------------
wb_clk_i             25.000000    0.000000 12.500000

===========================================================================
report_clock_latency
============================================================================
Clock wb_clk_i
rise -> rise
    min     max
0.000000 0.000000 source latency
0.646682         network latency _1616_/CLK
        0.664001 network latency _1560_/CLK
---------------
0.646682 0.664001 latency
        0.017318 skew

fall -> fall
    min     max
0.000000 0.000000 source latency
0.578741         network latency _1616_/CLK
        0.592686 network latency _1560_/CLK
---------------
0.578741 0.592686 latency
        0.013944 skew



===========================================================================
report_clock_min_period
============================================================================
wb_clk_i period_min = 2.42 fmax = 413.86
