Clock: clock
Sources: clock 
Generated: no
Virtual: no
Propagated: no
Period: 50.000000

===========================================================================
report_clock_properties
============================================================================
Clock                   Period          Waveform
----------------------------------------------------
clock                50.000000    0.000000 25.000000

===========================================================================
report_clock_latency
============================================================================
Clock clock
rise -> rise
    min     max
0.000000 0.000000 source latency
1.217831         network latency _1658_/CLK
        1.217831 network latency _1658_/CLK
---------------
1.217831 1.217831 latency
        0.000000 skew

fall -> fall
    min     max
0.000000 0.000000 source latency
0.517296         network latency _1658_/CLK
        0.517296 network latency _1658_/CLK
---------------
0.517296 0.517296 latency
        0.000000 skew



===========================================================================
report_clock_min_period
============================================================================
clock period_min = 2.09 fmax = 479.52
