Reading OpenROAD database at '/home/george-sleen/Documents/projects/sailbot-hackathon/asic-flow/runs/RUN_2026-03-21_17-10-55/41-openroad-repairantennas/1-openroad-diodeinsertion/yolo26n_top.odb'…
Reading library file at '/home/george-sleen/.ciel/ciel/sky130/versions/0fe599b2afb6708d281543108caf8310912f54af/sky130A/libs.ref/sky130_fd_sc_hd/lib/sky130_fd_sc_hd__tt_025C_1v80.lib'…
Reading design constraints file at '/nix/store/3j7sk634lffssphph2cw5y1zqr0www5z-python3-3.11.9-env/lib/python3.11/site-packages/librelane/scripts/base.sdc'…
[INFO] Using clock clock…
[INFO] Setting output delay to: 10
[INFO] Setting input delay to: 10
[INFO] Setting load to: 0.033442
[INFO] Setting clock uncertainty to: 0.25
[INFO] Setting clock transition to: 0.1499999999999999944488848768742172978818416595458984375
[INFO] Setting timing derate to: 5%
[INFO ORD-0030] Using 8 thread(s).
[INFO DRT-0149] Reading tech and libs.
[WARNING DRT-0349] LEF58_ENCLOSURE with no CUTCLASS is not supported. Skipping for layer mcon
[WARNING DRT-0349] LEF58_ENCLOSURE with no CUTCLASS is not supported. Skipping for layer mcon
[WARNING DRT-0349] LEF58_ENCLOSURE with no CUTCLASS is not supported. Skipping for layer via
[WARNING DRT-0349] LEF58_ENCLOSURE with no CUTCLASS is not supported. Skipping for layer via
[WARNING DRT-0349] LEF58_ENCLOSURE with no CUTCLASS is not supported. Skipping for layer via2
[WARNING DRT-0349] LEF58_ENCLOSURE with no CUTCLASS is not supported. Skipping for layer via2
[WARNING DRT-0349] LEF58_ENCLOSURE with no CUTCLASS is not supported. Skipping for layer via3
[WARNING DRT-0349] LEF58_ENCLOSURE with no CUTCLASS is not supported. Skipping for layer via3
[WARNING DRT-0349] LEF58_ENCLOSURE with no CUTCLASS is not supported. Skipping for layer via4
[WARNING DRT-0349] LEF58_ENCLOSURE with no CUTCLASS is not supported. Skipping for layer via4

Units:                1000
Number of layers:     13
Number of macros:     441
Number of vias:       29
Number of viarulegen: 25

[INFO DRT-0150] Reading design.

Design:                   yolo26n_top
Die area:                 ( 0 0 ) ( 250000 250000 )
Number of track patterns: 12
Number of DEF vias:       0
Number of components:     2401
Number of terminals:      109
Number of snets:          2
Number of nets:           1658

[INFO DRT-0167] List of default vias:
  Layer via
    default via: M1M2_PR
  Layer via2
    default via: M2M3_PR
  Layer via3
    default via: M3M4_PR
  Layer via4
    default via: M4M5_PR
[INFO DRT-0162] Library cell analysis.
[INFO DRT-0163] Instance analysis.
[INFO DRT-0164] Number of unique instances = 177.
[INFO DRT-0168] Init region query.
[INFO DRT-0024]   Complete FR_MASTERSLICE.
[INFO DRT-0024]   Complete licon.
[INFO DRT-0024]   Complete li1.
[INFO DRT-0024]   Complete mcon.
[INFO DRT-0024]   Complete met1.
[INFO DRT-0024]   Complete via.
[INFO DRT-0024]   Complete met2.
[INFO DRT-0024]   Complete via2.
[INFO DRT-0024]   Complete met3.
[INFO DRT-0024]   Complete via3.
[INFO DRT-0024]   Complete met4.
[INFO DRT-0024]   Complete via4.
[INFO DRT-0024]   Complete met5.
[INFO DRT-0033] FR_MASTERSLICE shape region query size = 0.
[INFO DRT-0033] licon shape region query size = 0.
[INFO DRT-0033] li1 shape region query size = 66094.
[INFO DRT-0033] mcon shape region query size = 0.
[INFO DRT-0033] met1 shape region query size = 7338.
[INFO DRT-0033] via shape region query size = 770.
[INFO DRT-0033] met2 shape region query size = 501.
[INFO DRT-0033] via2 shape region query size = 616.
[INFO DRT-0033] met3 shape region query size = 530.
[INFO DRT-0033] via3 shape region query size = 616.
[INFO DRT-0033] met4 shape region query size = 170.
[INFO DRT-0033] via4 shape region query size = 8.
[INFO DRT-0033] met5 shape region query size = 16.
[INFO DRT-0165] Start pin access.
[INFO DRT-0078]   Complete 617 pins.
[INFO DRT-0079]   Complete 100 unique inst patterns.
[INFO DRT-0081]   Complete 171 unique inst patterns.
[INFO DRT-0084]   Complete 1082 groups.
#scanned instances     = 2401
#unique  instances     = 177
#stdCellGenAp          = 4701
#stdCellValidPlanarAp  = 0
#stdCellValidViaAp     = 3715
#stdCellPinNoAp        = 0
#stdCellPinCnt         = 5410
#instTermValidViaApCnt = 0
#macroGenAp            = 0
#macroValidPlanarAp    = 0
#macroValidViaAp       = 0
#macroNoAp             = 0
[INFO DRT-0166] Complete pin access.
[INFO DRT-0267] cpu time = 00:00:56, elapsed time = 00:00:07, memory = 151.63 (MB), peak = 150.87 (MB)

[INFO DRT-0157] Number of guides:     12189

[INFO DRT-0169] Post process guides.
[INFO DRT-0176] GCELLGRID X 0 DO 36 STEP 6900 ;
[INFO DRT-0177] GCELLGRID Y 0 DO 36 STEP 6900 ;
[INFO DRT-0028]   Complete FR_MASTERSLICE.
[INFO DRT-0028]   Complete licon.
[INFO DRT-0028]   Complete li1.
[INFO DRT-0028]   Complete mcon.
[INFO DRT-0028]   Complete met1.
[INFO DRT-0028]   Complete via.
[INFO DRT-0028]   Complete met2.
[INFO DRT-0028]   Complete via2.
[INFO DRT-0028]   Complete met3.
[INFO DRT-0028]   Complete via3.
[INFO DRT-0028]   Complete met4.
[INFO DRT-0028]   Complete via4.
[INFO DRT-0028]   Complete met5.
[INFO DRT-0178] Init guide query.
[INFO DRT-0035]   Complete FR_MASTERSLICE (guide).
[INFO DRT-0035]   Complete licon (guide).
[INFO DRT-0035]   Complete li1 (guide).
[INFO DRT-0035]   Complete mcon (guide).
[INFO DRT-0035]   Complete met1 (guide).
[INFO DRT-0035]   Complete via (guide).
[INFO DRT-0035]   Complete met2 (guide).
[INFO DRT-0035]   Complete via2 (guide).
[INFO DRT-0035]   Complete met3 (guide).
[INFO DRT-0035]   Complete via3 (guide).
[INFO DRT-0035]   Complete met4 (guide).
[INFO DRT-0035]   Complete via4 (guide).
[INFO DRT-0035]   Complete met5 (guide).
[INFO DRT-0036] FR_MASTERSLICE guide region query size = 0.
[INFO DRT-0036] licon guide region query size = 0.
[INFO DRT-0036] li1 guide region query size = 4317.
[INFO DRT-0036] mcon guide region query size = 0.
[INFO DRT-0036] met1 guide region query size = 3342.
[INFO DRT-0036] via guide region query size = 0.
[INFO DRT-0036] met2 guide region query size = 1814.
[INFO DRT-0036] via2 guide region query size = 0.
[INFO DRT-0036] met3 guide region query size = 135.
[INFO DRT-0036] via3 guide region query size = 0.
[INFO DRT-0036] met4 guide region query size = 19.
[INFO DRT-0036] via4 guide region query size = 0.
[INFO DRT-0036] met5 guide region query size = 0.
[INFO DRT-0179] Init gr pin query.
[INFO DRT-0245] skipped writing guide updates to database.
[INFO DRT-0185] Post process initialize RPin region query.
[INFO DRT-0181] Start track assignment.
[INFO DRT-0184] Done with 6150 vertical wires in 1 frboxes and 3477 horizontal wires in 1 frboxes.
[INFO DRT-0186] Done with 482 vertical wires in 1 frboxes and 1043 horizontal wires in 1 frboxes.
[INFO DRT-0182] Complete track assignment.
[INFO DRT-0267] cpu time = 00:00:05, elapsed time = 00:00:01, memory = 176.41 (MB), peak = 184.62 (MB)
[INFO DRT-0187] Start routing data preparation.
[INFO DRT-0267] cpu time = 00:00:00, elapsed time = 00:00:00, memory = 178.13 (MB), peak = 184.62 (MB)
[INFO DRT-0194] Start detail routing.
[INFO DRT-0195] Start 0th optimization iteration.
    Completing 10% with 0 violations.
    elapsed time = 00:00:00, memory = 245.22 (MB).
    Completing 20% with 0 violations.
    elapsed time = 00:00:02, memory = 240.42 (MB).
    Completing 30% with 88 violations.
    elapsed time = 00:00:02, memory = 221.86 (MB).
    Completing 40% with 88 violations.
    elapsed time = 00:00:04, memory = 330.03 (MB).
    Completing 50% with 88 violations.
    elapsed time = 00:00:05, memory = 289.19 (MB).
    Completing 60% with 232 violations.
    elapsed time = 00:00:05, memory = 332.94 (MB).
    Completing 70% with 232 violations.
    elapsed time = 00:00:10, memory = 349.75 (MB).
    Completing 80% with 356 violations.
    elapsed time = 00:00:10, memory = 328.39 (MB).
    Completing 90% with 356 violations.
    elapsed time = 00:00:13, memory = 409.55 (MB).
    Completing 100% with 540 violations.
    elapsed time = 00:00:14, memory = 386.11 (MB).
[INFO DRT-0199]   Number of violations = 670.
Viol/Layer         li1   met1   met2   met3
Metal Spacing       12    123     18      6
Min Hole             0      1      0      0
Recheck              0     89     41      0
Short                0    355     25      0
[INFO DRT-0267] cpu time = 00:00:49, elapsed time = 00:00:15, memory = 709.83 (MB), peak = 709.11 (MB)
Total wire length = 51827 um.
Total wire length on LAYER li1 = 0 um.
Total wire length on LAYER met1 = 24679 um.
Total wire length on LAYER met2 = 23531 um.
Total wire length on LAYER met3 = 2723 um.
Total wire length on LAYER met4 = 892 um.
Total wire length on LAYER met5 = 0 um.
Total number of vias = 11497.
Up-via summary (total 11497):

------------------------
 FR_MASTERSLICE        0
            li1     5420
           met1     5852
           met2      192
           met3       33
           met4        0
------------------------
                   11497


[INFO DRT-0195] Start 1st optimization iteration.
    Completing 10% with 670 violations.
    elapsed time = 00:00:00, memory = 741.84 (MB).
    Completing 20% with 670 violations.
    elapsed time = 00:00:02, memory = 754.38 (MB).
    Completing 30% with 602 violations.
    elapsed time = 00:00:03, memory = 774.86 (MB).
    Completing 40% with 602 violations.
    elapsed time = 00:00:04, memory = 807.95 (MB).
    Completing 50% with 602 violations.
    elapsed time = 00:00:06, memory = 786.31 (MB).
    Completing 60% with 490 violations.
    elapsed time = 00:00:06, memory = 795.36 (MB).
    Completing 70% with 490 violations.
    elapsed time = 00:00:11, memory = 812.95 (MB).
    Completing 80% with 378 violations.
    elapsed time = 00:00:12, memory = 812.95 (MB).
    Completing 90% with 378 violations.
    elapsed time = 00:00:13, memory = 812.95 (MB).
    Completing 100% with 264 violations.
    elapsed time = 00:00:16, memory = 814.93 (MB).
[INFO DRT-0199]   Number of violations = 264.
Viol/Layer        met1   met2
Metal Spacing       55      6
Short              203      0
[INFO DRT-0267] cpu time = 00:00:46, elapsed time = 00:00:16, memory = 817.93 (MB), peak = 817.04 (MB)
Total wire length = 51489 um.
Total wire length on LAYER li1 = 0 um.
Total wire length on LAYER met1 = 24431 um.
Total wire length on LAYER met2 = 23355 um.
Total wire length on LAYER met3 = 2822 um.
Total wire length on LAYER met4 = 880 um.
Total wire length on LAYER met5 = 0 um.
Total number of vias = 11401.
Up-via summary (total 11401):

------------------------
 FR_MASTERSLICE        0
            li1     5417
           met1     5753
           met2      199
           met3       32
           met4        0
------------------------
                   11401


[INFO DRT-0195] Start 2nd optimization iteration.
    Completing 10% with 264 violations.
    elapsed time = 00:00:00, memory = 817.93 (MB).
    Completing 20% with 264 violations.
    elapsed time = 00:00:03, memory = 821.01 (MB).
    Completing 30% with 244 violations.
    elapsed time = 00:00:04, memory = 821.01 (MB).
    Completing 40% with 244 violations.
    elapsed time = 00:00:04, memory = 821.01 (MB).
    Completing 50% with 244 violations.
    elapsed time = 00:00:09, memory = 822.62 (MB).
    Completing 60% with 251 violations.
    elapsed time = 00:00:09, memory = 822.62 (MB).
    Completing 70% with 251 violations.
    elapsed time = 00:00:11, memory = 822.62 (MB).
    Completing 80% with 218 violations.
    elapsed time = 00:00:11, memory = 822.62 (MB).
    Completing 90% with 218 violations.
    elapsed time = 00:00:11, memory = 822.62 (MB).
    Completing 100% with 200 violations.
    elapsed time = 00:00:14, memory = 822.62 (MB).
[INFO DRT-0199]   Number of violations = 200.
Viol/Layer        met1   met2
Metal Spacing       31      7
Short              159      3
[INFO DRT-0267] cpu time = 00:00:41, elapsed time = 00:00:14, memory = 822.62 (MB), peak = 821.79 (MB)
Total wire length = 51416 um.
Total wire length on LAYER li1 = 0 um.
Total wire length on LAYER met1 = 24330 um.
Total wire length on LAYER met2 = 23337 um.
Total wire length on LAYER met3 = 2859 um.
Total wire length on LAYER met4 = 889 um.
Total wire length on LAYER met5 = 0 um.
Total number of vias = 11369.
Up-via summary (total 11369):

------------------------
 FR_MASTERSLICE        0
            li1     5417
           met1     5722
           met2      197
           met3       33
           met4        0
------------------------
                   11369


[INFO DRT-0195] Start 3rd optimization iteration.
    Completing 10% with 200 violations.
    elapsed time = 00:00:00, memory = 822.62 (MB).
    Completing 20% with 200 violations.
    elapsed time = 00:00:00, memory = 822.62 (MB).
    Completing 30% with 168 violations.
    elapsed time = 00:00:01, memory = 822.62 (MB).
    Completing 40% with 168 violations.
    elapsed time = 00:00:02, memory = 838.90 (MB).
    Completing 50% with 168 violations.
    elapsed time = 00:00:11, memory = 838.90 (MB).
    Completing 60% with 118 violations.
    elapsed time = 00:00:11, memory = 838.90 (MB).
    Completing 70% with 118 violations.
    elapsed time = 00:00:12, memory = 864.79 (MB).
    Completing 80% with 80 violations.
    elapsed time = 00:00:13, memory = 838.90 (MB).
    Completing 90% with 80 violations.
    elapsed time = 00:00:14, memory = 838.90 (MB).
    Completing 100% with 5 violations.
    elapsed time = 00:00:17, memory = 838.90 (MB).
[INFO DRT-0199]   Number of violations = 5.
Viol/Layer        met1
Metal Spacing        1
Short                4
[INFO DRT-0267] cpu time = 00:00:38, elapsed time = 00:00:17, memory = 838.90 (MB), peak = 863.92 (MB)
Total wire length = 51406 um.
Total wire length on LAYER li1 = 0 um.
Total wire length on LAYER met1 = 23561 um.
Total wire length on LAYER met2 = 23425 um.
Total wire length on LAYER met3 = 3530 um.
Total wire length on LAYER met4 = 890 um.
Total wire length on LAYER met5 = 0 um.
Total number of vias = 11533.
Up-via summary (total 11533):

------------------------
 FR_MASTERSLICE        0
            li1     5417
           met1     5791
           met2      292
           met3       33
           met4        0
------------------------
                   11533


[INFO DRT-0195] Start 4th optimization iteration.
    Completing 10% with 5 violations.
    elapsed time = 00:00:00, memory = 838.90 (MB).
    Completing 20% with 5 violations.
    elapsed time = 00:00:00, memory = 838.90 (MB).
    Completing 30% with 5 violations.
    elapsed time = 00:00:00, memory = 838.90 (MB).
    Completing 40% with 5 violations.
    elapsed time = 00:00:00, memory = 838.90 (MB).
    Completing 50% with 5 violations.
    elapsed time = 00:00:01, memory = 838.90 (MB).
    Completing 60% with 0 violations.
    elapsed time = 00:00:01, memory = 838.90 (MB).
    Completing 70% with 0 violations.
    elapsed time = 00:00:01, memory = 838.90 (MB).
    Completing 80% with 0 violations.
    elapsed time = 00:00:01, memory = 838.90 (MB).
    Completing 90% with 0 violations.
    elapsed time = 00:00:01, memory = 838.90 (MB).
    Completing 100% with 0 violations.
    elapsed time = 00:00:01, memory = 838.90 (MB).
[INFO DRT-0199]   Number of violations = 0.
[INFO DRT-0267] cpu time = 00:00:03, elapsed time = 00:00:01, memory = 838.90 (MB), peak = 863.92 (MB)
Total wire length = 51410 um.
Total wire length on LAYER li1 = 0 um.
Total wire length on LAYER met1 = 23555 um.
Total wire length on LAYER met2 = 23424 um.
Total wire length on LAYER met3 = 3540 um.
Total wire length on LAYER met4 = 890 um.
Total wire length on LAYER met5 = 0 um.
Total number of vias = 11537.
Up-via summary (total 11537):

------------------------
 FR_MASTERSLICE        0
            li1     5417
           met1     5789
           met2      298
           met3       33
           met4        0
------------------------
                   11537


[INFO DRT-0198] Complete detail routing.
Total wire length = 51410 um.
Total wire length on LAYER li1 = 0 um.
Total wire length on LAYER met1 = 23555 um.
Total wire length on LAYER met2 = 23424 um.
Total wire length on LAYER met3 = 3540 um.
Total wire length on LAYER met4 = 890 um.
Total wire length on LAYER met5 = 0 um.
Total number of vias = 11537.
Up-via summary (total 11537):

------------------------
 FR_MASTERSLICE        0
            li1     5417
           met1     5789
           met2      298
           met3       33
           met4        0
------------------------
                   11537


[INFO DRT-0267] cpu time = 00:03:00, elapsed time = 00:01:05, memory = 838.90 (MB), peak = 863.92 (MB)

[INFO DRT-0180] Post processing.
Setting global connections for newly added cells…
[INFO] Setting global connections...
Updating metrics…
Cell type report:                       Count       Area
  Fill cell                               152     570.55
  Tap cell                                624     780.75
  Antenna cell                              7      17.52
  Clock buffer                             44     636.86
  Timing Repair Buffer                    443    3206.83
  Inverter                                  9      33.78
  Clock inverter                           19     187.68
  Sequential cell                         267    5345.13
  Multi-Input combinational cell          836    7116.83
  Total                                  2401   17895.91
Writing OpenROAD database to '/home/george-sleen/Documents/projects/sailbot-hackathon/asic-flow/runs/RUN_2026-03-21_17-10-55/44-openroad-detailedrouting/yolo26n_top.odb'…
Writing netlist to '/home/george-sleen/Documents/projects/sailbot-hackathon/asic-flow/runs/RUN_2026-03-21_17-10-55/44-openroad-detailedrouting/yolo26n_top.nl.v'…
Writing powered netlist to '/home/george-sleen/Documents/projects/sailbot-hackathon/asic-flow/runs/RUN_2026-03-21_17-10-55/44-openroad-detailedrouting/yolo26n_top.pnl.v'…
Writing layout to '/home/george-sleen/Documents/projects/sailbot-hackathon/asic-flow/runs/RUN_2026-03-21_17-10-55/44-openroad-detailedrouting/yolo26n_top.def'…
Writing timing constraints to '/home/george-sleen/Documents/projects/sailbot-hackathon/asic-flow/runs/RUN_2026-03-21_17-10-55/44-openroad-detailedrouting/yolo26n_top.sdc'…
