
===========================================================================
report_checks -unconstrained
===========================================================================
======================= max_tt_025C_1v80 Corner ===================================

Startpoint: host_output_addr[0] (input port clocked by clock)
Endpoint: host_output_data[0] (output port clocked by clock)
Path Group: clock
Path Type: max

Fanout         Cap        Slew       Delay        Time   Description
---------------------------------------------------------------------------------------------
                                  0.000000    0.000000   clock clock (rise edge)
                                  0.000000    0.000000   clock network delay (propagated)
                                 10.000000   10.000000 ^ input external delay
     1    0.004347    0.026454    0.015813   10.015814 ^ host_output_addr[0] (in)
                                                         host_output_addr[0] (net)
                      0.026456    0.000000   10.015814 ^ input55/A (sky130_fd_sc_hd__clkbuf_1)
     1    0.005534    0.074376    0.095845   10.111658 ^ input55/X (sky130_fd_sc_hd__clkbuf_1)
                                                         net55 (net)
                      0.074377    0.000393   10.112051 ^ fanout273/A (sky130_fd_sc_hd__buf_2)
     6    0.052623    0.256551    0.267477   10.379528 ^ fanout273/X (sky130_fd_sc_hd__buf_2)
                                                         net273 (net)
                      0.256627    0.003681   10.383209 ^ fanout267/A (sky130_fd_sc_hd__buf_2)
     6    0.045460    0.223726    0.296182   10.679391 ^ fanout267/X (sky130_fd_sc_hd__buf_2)
                                                         net267 (net)
                      0.223748    0.001902   10.681293 ^ fanout264/A (sky130_fd_sc_hd__clkbuf_4)
     8    0.059592    0.183308    0.295408   10.976702 ^ fanout264/X (sky130_fd_sc_hd__clkbuf_4)
                                                         net264 (net)
                      0.183324    0.001440   10.978142 ^ fanout263/A (sky130_fd_sc_hd__clkbuf_4)
     8    0.047906    0.151569    0.259059   11.237201 ^ fanout263/X (sky130_fd_sc_hd__clkbuf_4)
                                                         net263 (net)
                      0.152151    0.007156   11.244357 ^ _0825_/A (sky130_fd_sc_hd__nor2_1)
     2    0.011747    0.086977    0.106319   11.350676 v _0825_/Y (sky130_fd_sc_hd__nor2_1)
                                                         _0587_ (net)
                      0.086978    0.000427   11.351103 v fanout225/A (sky130_fd_sc_hd__clkbuf_2)
     6    0.039033    0.149261    0.218862   11.569964 v fanout225/X (sky130_fd_sc_hd__clkbuf_2)
                                                         net225 (net)
                      0.149271    0.001329   11.571294 v fanout222/A (sky130_fd_sc_hd__buf_2)
     8    0.050184    0.122038    0.249583   11.820877 v fanout222/X (sky130_fd_sc_hd__buf_2)
                                                         net222 (net)
                      0.122454    0.005403   11.826280 v _0828_/A2 (sky130_fd_sc_hd__a221o_1)
     1    0.002784    0.051809    0.366491   12.192771 v _0828_/X (sky130_fd_sc_hd__a221o_1)
                                                         _0590_ (net)
                      0.051809    0.000194   12.192965 v _0829_/B1 (sky130_fd_sc_hd__a21o_1)
     1    0.003667    0.037042    0.154952   12.347917 v _0829_/X (sky130_fd_sc_hd__a21o_1)
                                                         _0591_ (net)
                      0.037042    0.000239   12.348156 v _0836_/A (sky130_fd_sc_hd__and3_1)
     1    0.011572    0.073566    0.174641   12.522797 v _0836_/X (sky130_fd_sc_hd__and3_1)
                                                         _0598_ (net)
                      0.073578    0.000949   12.523746 v _0842_/C1 (sky130_fd_sc_hd__a211o_1)
     1    0.005675    0.060949    0.248021   12.771767 v _0842_/X (sky130_fd_sc_hd__a211o_1)
                                                         net75 (net)
                      0.060950    0.000328   12.772094 v output75/A (sky130_fd_sc_hd__clkbuf_4)
     1    0.036031    0.082803    0.191281   12.963375 v output75/X (sky130_fd_sc_hd__clkbuf_4)
                                                         host_output_data[0] (net)
                      0.082881    0.002289   12.965664 v host_output_data[0] (out)
                                             12.965664   data arrival time

                                 50.000000   50.000000   clock clock (rise edge)
                                  0.000000   50.000000   clock network delay (propagated)
                                 -0.250000   49.749996   clock uncertainty
                                  0.000000   49.749996   clock reconvergence pessimism
                                -10.000000   39.749996   output external delay
                                             39.749996   data required time
---------------------------------------------------------------------------------------------
                                             39.749996   data required time
                                            -12.965664   data arrival time
---------------------------------------------------------------------------------------------
                                             26.784332   slack (MET)




===========================================================================
report_checks --slack_max -0.01
============================================================================
======================= max_tt_025C_1v80 Corner ===================================

No paths found.


===========================================================================
 report_check_types -max_slew -max_cap -max_fanout -violators
============================================================================
======================= max_tt_025C_1v80 Corner ===================================

max fanout

Pin                                   Limit Fanout  Slack
---------------------------------------------------------
clkbuf_leaf_8_clock/X                     8     16     -8 (VIOLATED)
clkbuf_leaf_13_clock/X                    8     12     -4 (VIOLATED)
clkbuf_leaf_16_clock/X                    8     12     -4 (VIOLATED)
clkbuf_leaf_19_clock/X                    8     12     -4 (VIOLATED)
clkbuf_leaf_5_clock/X                     8     12     -4 (VIOLATED)
clkbuf_leaf_15_clock/X                    8     11     -3 (VIOLATED)
clkbuf_leaf_23_clock/X                    8     11     -3 (VIOLATED)
clkbuf_leaf_24_clock/X                    8     11     -3 (VIOLATED)
clkbuf_leaf_25_clock/X                    8     11     -3 (VIOLATED)
clkbuf_leaf_26_clock/X                    8     11     -3 (VIOLATED)
clkbuf_leaf_27_clock/X                    8     11     -3 (VIOLATED)
clkbuf_leaf_11_clock/X                    8     10     -2 (VIOLATED)
clkbuf_leaf_12_clock/X                    8     10     -2 (VIOLATED)
clkbuf_leaf_18_clock/X                    8     10     -2 (VIOLATED)
clkbuf_leaf_22_clock/X                    8     10     -2 (VIOLATED)
clkbuf_leaf_28_clock/X                    8     10     -2 (VIOLATED)
clkbuf_leaf_6_clock/X                     8     10     -2 (VIOLATED)
clkbuf_leaf_9_clock/X                     8     10     -2 (VIOLATED)
clkbuf_leaf_21_clock/X                    8      9        (VIOLATED)
clkbuf_leaf_2_clock/X                     8      9        (VIOLATED)
clkbuf_leaf_4_clock/X                     8      9        (VIOLATED)
clkbuf_leaf_7_clock/X                     8      9        (VIOLATED)



===========================================================================
report_parasitic_annotation -report_unannotated
============================================================================
Found 28 unannotated drivers.
 clkload0/X
 clkload1/X
 clkload10/Y
 clkload11/Y
 clkload12/Y
 clkload13/Y
 clkload14/Y
 clkload15/Y
 clkload16/Y
 clkload17/Y
 clkload18/Y
 clkload19/Y
 clkload2/Y
 clkload20/X
 clkload21/Y
 clkload22/Y
 clkload23/Y
 clkload24/Y
 clkload25/X
 clkload26/Y
 clkload27/X
 clkload3/Y
 clkload4/X
 clkload5/X
 clkload6/X
 clkload7/X
 clkload8/Y
 clkload9/Y
Found 0 partially unannotated drivers.

===========================================================================
max slew violation count 0
max fanout violation count 22
max cap violation count 0
============================================================================

===========================================================================
check_setup -verbose -unconstrained_endpoints -multiple_clock -no_clock -no_input_delay -loops -generated_clocks
===========================================================================
