Clock: clock
Sources: clock 
Generated: no
Virtual: yes
Propagated: no
Period: 50.000000

===========================================================================
report_clock_properties
============================================================================
Clock                   Period          Waveform
----------------------------------------------------
clock                50.000000    0.000000 25.000000

===========================================================================
report_clock_latency
============================================================================
Clock clock
rise -> rise
    min     max
0.000000 0.000000 source latency
0.668786         network latency _1779_/CLK
        0.708052 network latency _1671_/CLK
---------------
0.668786 0.708052 latency
        0.039266 skew

fall -> fall
    min     max
0.000000 0.000000 source latency
0.593717         network latency _1779_/CLK
        0.621526 network latency _1671_/CLK
---------------
0.593717 0.621526 latency
        0.027809 skew



===========================================================================
report_clock_min_period
============================================================================
clock period_min = 3.68 fmax = 271.93
