Clock: wb_clk_i
Sources: wb_clk_i 
Generated: no
Virtual: yes
Propagated: no
Period: 25.000000

===========================================================================
report_clock_properties
============================================================================
Clock                   Period          Waveform
----------------------------------------------------
wb_clk_i             25.000000    0.000000 12.500000

===========================================================================
report_clock_latency
============================================================================
Clock wb_clk_i
rise -> rise
    min     max
0.000000 0.000000 source latency
0.660236         network latency _1616_/CLK
        0.680663 network latency _1406_/CLK
---------------
0.660236 0.680663 latency
        0.020427 skew

fall -> fall
    min     max
0.000000 0.000000 source latency
0.589913         network latency _1616_/CLK
        0.606646 network latency _1406_/CLK
---------------
0.589913 0.606646 latency
        0.016733 skew



===========================================================================
report_clock_min_period
============================================================================
wb_clk_i period_min = 2.53 fmax = 394.96
